2025-09-08 01:31:25,594 - INFO - Iniciando migração de fornecedores às 2025-09-08 01:31:25.594849
2025-09-08 01:31:25,594 - INFO - Estabelecendo conexões com os bancos de dados...
2025-09-08 01:31:26,180 - INFO - Iniciando limpeza das tabelas...
2025-09-08 01:31:26,206 - INFO - Limpando tabela notas_fiscais_entrada...
2025-09-08 01:31:26,309 - INFO - Tabela notas_fiscais_entrada limpa com sucesso
2025-09-08 01:31:26,309 - INFO - Limpando tabela lotes...
2025-09-08 01:31:26,391 - INFO - Tabela lotes limpa com sucesso
2025-09-08 01:31:26,391 - INFO - Limpando tabela fornecedores...
2025-09-08 01:31:26,540 - INFO - Tabela fornecedores limpa com sucesso
2025-09-08 01:31:26,660 - INFO - Limpeza de tabelas concluída com sucesso
2025-09-08 01:31:26,676 - ERROR - Erro ao criar tabela fornecedores: ERRO:  coluna "tipo" não existe

2025-09-08 01:31:26,676 - ERROR - Erro durante a migração: ERRO:  coluna "tipo" não existe

2025-09-08 01:36:32,541 - INFO - Iniciando migração de fornecedores às 2025-09-08 01:36:32.541517
2025-09-08 01:36:32,541 - INFO - Estabelecendo conexões com os bancos de dados...
2025-09-08 01:36:33,090 - INFO - Iniciando limpeza das tabelas...
2025-09-08 01:36:33,090 - INFO - Limpando tabela notas_fiscais_entrada...
2025-09-08 01:36:33,174 - INFO - Tabela notas_fiscais_entrada limpa com sucesso
2025-09-08 01:36:33,189 - INFO - Limpando tabela lotes...
2025-09-08 01:36:33,243 - INFO - Tabela lotes limpa com sucesso
2025-09-08 01:36:33,243 - INFO - Limpando tabela fornecedores...
2025-09-08 01:36:33,373 - INFO - Tabela fornecedores limpa com sucesso
2025-09-08 01:36:33,458 - INFO - Limpeza de tabelas concluída com sucesso
2025-09-08 01:36:33,472 - INFO - Estrutura da tabela fornecedores verificada/criada com sucesso
2025-09-08 01:36:33,472 - INFO - Consultando dados do Access...
2025-09-08 01:36:33,479 - ERROR - Erro durante a migração: ('07002', '[07002] [Microsoft][Driver ODBC Microsoft Access] Parâmetros insuficientes. Eram esperados 3. (-3010) (SQLExecDirectW)')
2025-09-08 01:37:11,615 - INFO - Iniciando migração de fornecedores às 2025-09-08 01:37:11.615101
2025-09-08 01:37:11,615 - INFO - Estabelecendo conexões com os bancos de dados...
2025-09-08 01:37:12,010 - INFO - Iniciando limpeza das tabelas...
2025-09-08 01:37:12,026 - INFO - Limpando tabela notas_fiscais_entrada...
2025-09-08 01:37:12,108 - INFO - Tabela notas_fiscais_entrada limpa com sucesso
2025-09-08 01:37:12,110 - INFO - Limpando tabela lotes...
2025-09-08 01:37:12,162 - INFO - Tabela lotes limpa com sucesso
2025-09-08 01:37:12,162 - INFO - Limpando tabela fornecedores...
2025-09-08 01:37:12,301 - INFO - Tabela fornecedores limpa com sucesso
2025-09-08 01:37:12,369 - INFO - Limpeza de tabelas concluída com sucesso
2025-09-08 01:37:12,376 - INFO - Estrutura da tabela fornecedores verificada/criada com sucesso
2025-09-08 01:37:12,376 - INFO - Consultando dados do Access...
2025-09-08 01:37:12,383 - INFO - Colunas disponíveis na tabela Fornecedores: ['codigo', 'nome', 'endereco', 'bairro', 'cidade', 'uf', 'cep', 'fone', 'fax', 'cgc', 'cgf', 'contato', 'datacadastro', 'celular', 'email', 'especificacao', 'tipo', 'IBGE']
2025-09-08 01:37:12,387 - INFO - Iniciando migração dos registros...
2025-09-08 01:37:12,499 - INFO - Migrados 100 fornecedores...
2025-09-08 01:37:12,572 - INFO - Migrados 200 fornecedores...
2025-09-08 01:37:12,651 - INFO - Migrados 300 fornecedores...
2025-09-08 01:37:12,736 - INFO - Migrados 400 fornecedores...
2025-09-08 01:37:12,817 - INFO - Migrados 500 fornecedores...
2025-09-08 01:37:12,892 - INFO - Migrados 600 fornecedores...
2025-09-08 01:37:12,916 - WARNING - Fornecedor 1063 ignorado: nome vazio
2025-09-08 01:37:12,953 - WARNING - Fornecedor 1111 ignorado: nome vazio
2025-09-08 01:37:12,955 - WARNING - Fornecedor 1115 ignorado: nome vazio
2025-09-08 01:37:12,974 - INFO - Migrados 700 fornecedores...
2025-09-08 01:37:13,061 - INFO - 
        Migração concluída em 0:00:01.446446:
        - Total de fornecedores migrados: 796
        - Total de erros: 0
        
2025-09-08 01:37:53,497 - INFO - Iniciando migração de fornecedores às 2025-09-08 01:37:53.497458
2025-09-08 01:37:53,498 - INFO - Estabelecendo conexões com os bancos de dados...
2025-09-08 01:37:53,898 - INFO - Iniciando limpeza das tabelas...
2025-09-08 01:37:53,908 - INFO - Limpando tabela notas_fiscais_entrada...
2025-09-08 01:37:53,991 - INFO - Tabela notas_fiscais_entrada limpa com sucesso
2025-09-08 01:37:53,992 - INFO - Limpando tabela lotes...
2025-09-08 01:37:54,043 - INFO - Tabela lotes limpa com sucesso
2025-09-08 01:37:54,045 - INFO - Limpando tabela fornecedores...
2025-09-08 01:37:54,198 - INFO - Tabela fornecedores limpa com sucesso
2025-09-08 01:37:54,276 - INFO - Limpeza de tabelas concluída com sucesso
2025-09-08 01:37:54,276 - INFO - Estrutura da tabela fornecedores verificada/criada com sucesso
2025-09-08 01:37:54,276 - INFO - Consultando dados do Access...
2025-09-08 01:37:54,276 - INFO - Colunas disponíveis na tabela Fornecedores: ['codigo', 'nome', 'endereco', 'bairro', 'cidade', 'uf', 'cep', 'fone', 'fax', 'cgc', 'cgf', 'contato', 'datacadastro', 'celular', 'email', 'especificacao', 'tipo', 'IBGE']
2025-09-08 01:37:54,292 - INFO - Iniciando migração dos registros...
2025-09-08 01:37:54,396 - INFO - Migrados 100 fornecedores...
2025-09-08 01:37:54,478 - INFO - Migrados 200 fornecedores...
2025-09-08 01:37:54,542 - INFO - Migrados 300 fornecedores...
2025-09-08 01:37:54,632 - INFO - Migrados 400 fornecedores...
2025-09-08 01:37:54,710 - INFO - Migrados 500 fornecedores...
2025-09-08 01:37:54,778 - INFO - Migrados 600 fornecedores...
2025-09-08 01:37:54,807 - WARNING - Fornecedor 1063 ignorado: nome vazio
2025-09-08 01:37:54,835 - WARNING - Fornecedor 1111 ignorado: nome vazio
2025-09-08 01:37:54,848 - WARNING - Fornecedor 1115 ignorado: nome vazio
2025-09-08 01:37:54,864 - INFO - Migrados 700 fornecedores...
2025-09-08 01:37:54,946 - INFO - 
        Migração concluída em 0:00:01.448586:
        - Total de fornecedores migrados: 796
        - Total de erros: 0
        
2025-09-09 03:58:07,319 - INFO - Iniciando migração de fornecedores às 2025-09-09 03:58:07.319893
2025-09-09 03:58:07,320 - INFO - Estabelecendo conexões com os bancos de dados...
2025-09-09 03:58:08,476 - INFO - Iniciando limpeza das tabelas...
2025-09-09 03:58:08,493 - INFO - Limpando tabela notas_fiscais_entrada...
2025-09-09 03:58:08,647 - INFO - Tabela notas_fiscais_entrada limpa com sucesso
2025-09-09 03:58:08,650 - INFO - Limpando tabela lotes...
2025-09-09 03:58:08,737 - INFO - Tabela lotes limpa com sucesso
2025-09-09 03:58:08,739 - INFO - Limpando tabela fornecedores...
2025-09-09 03:58:08,940 - INFO - Tabela fornecedores limpa com sucesso
2025-09-09 03:58:09,130 - INFO - Limpeza de tabelas concluída com sucesso
2025-09-09 03:58:09,135 - INFO - Estrutura da tabela fornecedores verificada/criada com sucesso
2025-09-09 03:58:09,136 - INFO - Consultando dados do Access...
2025-09-09 03:58:09,168 - INFO - Colunas disponíveis na tabela Fornecedores: ['codigo', 'nome', 'endereco', 'bairro', 'cidade', 'uf', 'cep', 'fone', 'fax', 'cgc', 'cgf', 'contato', 'datacadastro', 'celular', 'email', 'especificacao', 'tipo', 'IBGE']
2025-09-09 03:58:09,175 - INFO - Iniciando migração dos registros...
2025-09-09 03:58:09,343 - INFO - Migrados 100 fornecedores...
2025-09-09 03:58:09,478 - INFO - Migrados 200 fornecedores...
2025-09-09 03:58:09,595 - INFO - Migrados 300 fornecedores...
2025-09-09 03:58:09,710 - INFO - Migrados 400 fornecedores...
2025-09-09 03:58:09,823 - INFO - Migrados 500 fornecedores...
2025-09-09 03:58:09,933 - INFO - Migrados 600 fornecedores...
2025-09-09 03:58:09,971 - WARNING - Fornecedor 1063 ignorado: nome vazio
2025-09-09 03:58:10,029 - WARNING - Fornecedor 1111 ignorado: nome vazio
2025-09-09 03:58:10,034 - WARNING - Fornecedor 1115 ignorado: nome vazio
2025-09-09 03:58:10,071 - INFO - Migrados 700 fornecedores...
2025-09-09 03:58:10,224 - INFO - 
        Migração concluída em 0:00:02.903458:
        - Total de fornecedores migrados: 796
        - Total de erros: 0
        
