2025-08-30 08:39:58,468 - INFO - Iniciando migração de grupos às 2025-08-30 08:39:58.468945
2025-08-30 08:39:58,469 - INFO - Estabelecendo conexões com os bancos de dados...
2025-08-30 08:39:58,840 - INFO - Iniciando limpeza das tabelas...
2025-08-30 08:39:58,843 - ERROR - Erro durante processo de limpeza: ERRO:  permissão negada ao definir parâmetro "session_replication_role"

2025-08-30 08:39:58,844 - ERROR - Erro durante a migração: ERRO:  permissão negada ao definir parâmetro "session_replication_role"

2025-08-30 08:42:23,223 - INFO - Iniciando migração de grupos às 2025-08-30 08:42:23.223893
2025-08-30 08:42:23,225 - INFO - Estabelecendo conexões com os bancos de dados...
2025-08-30 08:42:23,575 - INFO - Iniciando limpeza das tabelas...
2025-08-30 08:42:23,575 - INFO - Limpando tabela produtos...
2025-08-30 08:42:23,675 - INFO - Tabela produtos limpa com sucesso
2025-08-30 08:42:23,675 - INFO - Limpando tabela grupos...
2025-08-30 08:42:23,675 - INFO - Tabela grupos limpa com sucesso
2025-08-30 08:42:23,752 - INFO - Limpeza de tabelas concluída com sucesso
2025-08-30 08:42:23,759 - INFO - Estrutura da tabela grupos verificada/criada com sucesso
2025-08-30 08:42:23,759 - INFO - Consultando dados do Access...
2025-08-30 08:42:23,798 - INFO - Iniciando migração dos registros...
2025-08-30 08:42:23,829 - INFO - 
        Migração concluída em 0:00:00.605915:
        - Total de grupos migrados: 18
        - Total de erros: 0
        
