2025-09-08 22:17:14,883 - INFO - Tipos de movimentação carregados:
2025-09-08 22:17:14,883 - INFO - - Entrada: ENT - Entrada de Estoque
2025-09-08 22:17:14,884 - INFO - - Saída: SAI - Saída de Estoque
2025-09-08 22:17:14,884 - INFO - === INICIANDO MIGRAÇÃO DE MOVIMENTAÇÕES (EXTRATOS) ===
2025-09-08 22:17:15,595 - INFO - Extraindo dados da tabela NotasFiscais (movimentações)...
2025-09-08 22:17:18,447 - INFO - Extraídos 111113 registros da tabela NotasFiscais
2025-09-08 22:17:18,447 - INFO - Colunas: ['Chave', 'Produto', 'Documento', 'Data', 'Horario', 'Unitario', 'Quantidade', 'Movimentacao', 'Historico', 'OPERADOR']
2025-09-08 22:17:18,600 - INFO - Dados extraídos: 111113 registros
2025-09-08 22:17:18,601 - INFO - === AMOSTRA DOS DADOS ===
2025-09-08 22:17:18,601 - INFO - Colunas disponíveis: ['Chave', 'Produto', 'Documento', 'Data', 'Horario', 'Unitario', 'Quantidade', 'Movimentacao', 'Historico', 'OPERADOR']
2025-09-08 22:17:18,602 - INFO - Primeiros 3 registros:
2025-09-08 22:17:18,603 - INFO - Registro 1: {'Chave': np.int64(1), 'Produto': np.int64(3051), 'Documento': '000000', 'Data': datetime.datetime(2006, 7, 3, 0, 0), 'Horario': Timestamp('1899-12-30 12:31:49'), 'Unitario': np.float64(260.76), 'Quantidade': np.float64(1.0), 'Movimentacao': 'ENTRADA', 'Historico': 'SALDO INICIAL', 'OPERADOR': 'MURILO'}
2025-09-08 22:17:18,604 - INFO - Registro 2: {'Chave': np.int64(2), 'Produto': np.int64(3051), 'Documento': '1', 'Data': datetime.datetime(2006, 7, 3, 0, 0), 'Horario': Timestamp('1899-12-30 12:33:57'), 'Unitario': np.float64(400.0), 'Quantidade': np.float64(1.0), 'Movimentacao': 'SAIDA', 'Historico': 'NF VENDA GER.:1', 'OPERADOR': 'MURILO'}
2025-09-08 22:17:18,605 - INFO - Registro 3: {'Chave': np.int64(3), 'Produto': np.int64(3326), 'Documento': '000000', 'Data': datetime.datetime(2006, 7, 4, 0, 0), 'Horario': Timestamp('1899-12-30 14:42:04'), 'Unitario': np.float64(456.43), 'Quantidade': np.float64(1.0), 'Movimentacao': 'ENTRADA', 'Historico': 'SALDO INICIAL', 'OPERADOR': 'IVONNE'}
2025-09-08 22:17:18,605 - INFO - Iniciando importação para PostgreSQL...
2025-09-08 22:17:23,511 - INFO - Produto criado: Produto 433 (código: 433)
2025-09-08 22:17:23,624 - INFO - Produto criado: Produto 2190 (código: 2190)
2025-09-08 22:17:23,648 - INFO - Produto criado: Produto 2850 (código: 2850)
2025-09-08 22:17:23,655 - INFO - Produto criado: Produto 2855 (código: 2855)
2025-09-08 22:17:23,692 - INFO - Produto criado: Produto 3183 (código: 3183)
2025-09-08 22:17:23,698 - INFO - Produto criado: Produto 2863 (código: 2863)
2025-09-08 22:17:23,704 - INFO - Produto criado: Produto 3193 (código: 3193)
2025-09-08 22:17:24,719 - INFO - Produto criado: Produto 2007 (código: 2007)
2025-09-08 22:17:24,935 - INFO - Produto criado: Produto 2416 (código: 2416)
2025-09-08 22:17:26,018 - INFO - Produto criado: Produto 3346 (código: 3346)
2025-09-08 22:17:27,979 - INFO - Importados 1000 registros...
2025-09-08 22:17:28,043 - INFO - Produto criado: Produto 3551 (código: 3551)
2025-09-08 22:17:29,473 - INFO - Produto criado: Produto 3611 (código: 3611)
2025-09-08 22:17:29,739 - INFO - Produto criado: Produto 3358 (código: 3358)
2025-09-08 22:17:31,669 - INFO - Produto criado: Produto 3626 (código: 3626)
2025-09-08 22:17:32,118 - INFO - Importados 2000 registros...
2025-09-08 22:17:33,710 - INFO - Produto criado: Produto 3642 (código: 3642)
2025-09-08 22:17:35,652 - INFO - Produto criado: Produto 3658 (código: 3658)
2025-09-08 22:17:35,652 - INFO - Produto criado: Produto 3657 (código: 3657)
2025-09-08 22:17:36,152 - INFO - Importados 3000 registros...
2025-09-08 22:17:38,746 - INFO - Produto criado: Produto 3677 (código: 3677)
2025-09-08 22:17:40,108 - INFO - Produto criado: Produto 3684 (código: 3684)
2025-09-08 22:17:40,333 - INFO - Importados 4000 registros...
2025-09-08 22:17:40,716 - INFO - Produto criado: Produto 3686 (código: 3686)
2025-09-08 22:17:42,231 - INFO - Produto criado: Produto 3694 (código: 3694)
2025-09-08 22:17:42,244 - INFO - Produto criado: Produto 3695 (código: 3695)
2025-09-08 22:17:44,430 - INFO - Importados 5000 registros...
2025-09-08 22:17:46,349 - INFO - Produto criado: Produto 3706 (código: 3706)
2025-09-08 22:17:48,575 - INFO - Importados 6000 registros...
2025-09-08 22:17:49,011 - INFO - Produto criado: Produto 3711 (código: 3711)
2025-09-08 22:17:51,597 - INFO - Produto criado: Produto 3721 (código: 3721)
2025-09-08 22:17:52,709 - INFO - Importados 7000 registros...
2025-09-08 22:17:55,305 - INFO - Produto criado: Produto 3734 (código: 3734)
2025-09-08 22:17:56,777 - INFO - Importados 8000 registros...
2025-09-08 22:18:00,768 - INFO - Importados 9000 registros...
2025-09-08 22:18:01,694 - INFO - Produto criado: Produto 3749 (código: 3749)
2025-09-08 22:18:04,786 - INFO - Importados 10000 registros...
2025-09-08 22:18:06,509 - INFO - Produto criado: Produto 3767 (código: 3767)
2025-09-08 22:18:08,013 - INFO - Produto criado: Produto 3786 (código: 3786)
2025-09-08 22:18:09,027 - INFO - Importados 11000 registros...
2025-09-08 22:18:11,370 - INFO - Produto criado: Produto 3792 (código: 3792)
2025-09-08 22:18:13,058 - INFO - Importados 12000 registros...
2025-09-08 22:18:17,570 - INFO - Importados 13000 registros...
2025-09-08 22:18:21,677 - INFO - Importados 14000 registros...
2025-09-08 22:18:25,756 - INFO - Importados 15000 registros...
2025-09-08 22:18:26,611 - INFO - Produto criado: Produto 3828 (código: 3828)
2025-09-08 22:18:30,066 - INFO - Importados 16000 registros...
2025-09-08 22:18:34,161 - INFO - Importados 17000 registros...
2025-09-08 22:18:38,360 - INFO - Importados 18000 registros...
2025-09-08 22:18:42,509 - INFO - Importados 19000 registros...
2025-09-08 22:18:43,868 - INFO - Produto criado: Produto 3876 (código: 3876)
2025-09-08 22:18:46,187 - INFO - Produto criado: Produto 3888 (código: 3888)
2025-09-08 22:18:46,535 - INFO - Produto criado: Produto 3890 (código: 3890)
2025-09-08 22:18:46,697 - INFO - Importados 20000 registros...
2025-09-08 22:18:49,456 - INFO - Produto criado: Produto 3898 (código: 3898)
2025-09-08 22:18:50,749 - INFO - Importados 21000 registros...
2025-09-08 22:18:54,880 - INFO - Importados 22000 registros...
2025-09-08 22:18:58,985 - INFO - Importados 23000 registros...
2025-09-08 22:19:01,995 - INFO - Produto criado: Produto 3938 (código: 3938)
2025-09-08 22:19:03,204 - INFO - Produto criado: Produto 3939 (código: 3939)
2025-09-08 22:19:03,641 - INFO - Importados 24000 registros...
2025-09-08 22:19:04,338 - INFO - Produto criado: Produto 3946 (código: 3946)
2025-09-08 22:19:06,458 - INFO - Produto criado: Produto 3952 (código: 3952)
2025-09-08 22:19:09,139 - INFO - Importados 25000 registros...
2025-09-08 22:19:14,423 - INFO - Importados 26000 registros...
2025-09-08 22:19:20,018 - INFO - Importados 27000 registros...
2025-09-08 22:19:26,525 - INFO - Importados 28000 registros...
2025-09-08 22:19:30,925 - INFO - Produto criado: Produto 4038 (código: 4038)
2025-09-08 22:19:31,291 - INFO - Importados 29000 registros...
2025-09-08 22:19:35,878 - INFO - Importados 30000 registros...
2025-09-08 22:19:40,792 - INFO - Importados 31000 registros...
2025-09-08 22:19:45,242 - INFO - Importados 32000 registros...
2025-09-08 22:19:46,357 - INFO - Produto criado: Produto 4089 (código: 4089)
2025-09-08 22:19:49,476 - INFO - Importados 33000 registros...
2025-09-08 22:19:53,639 - INFO - Importados 34000 registros...
2025-09-08 22:19:57,502 - INFO - Produto criado: Produto 4135 (código: 4135)
2025-09-08 22:19:57,678 - INFO - Importados 35000 registros...
2025-09-08 22:20:01,846 - INFO - Importados 36000 registros...
2025-09-08 22:20:05,881 - INFO - Importados 37000 registros...
2025-09-08 22:20:10,164 - INFO - Importados 38000 registros...
2025-09-08 22:20:11,010 - INFO - Produto criado: Produto 4169 (código: 4169)
2025-09-08 22:20:14,302 - INFO - Importados 39000 registros...
2025-09-08 22:20:19,012 - INFO - Importados 40000 registros...
2025-09-08 22:20:23,327 - INFO - Importados 41000 registros...
2025-09-08 22:20:27,479 - INFO - Importados 42000 registros...
2025-09-08 22:20:31,697 - INFO - Importados 43000 registros...
2025-09-08 22:20:35,626 - INFO - Produto criado: Produto 4249 (código: 4249)
2025-09-08 22:20:35,833 - INFO - Importados 44000 registros...
2025-09-08 22:20:40,115 - INFO - Importados 45000 registros...
2025-09-08 22:20:44,254 - INFO - Importados 46000 registros...
2025-09-08 22:20:48,562 - INFO - Importados 47000 registros...
2025-09-08 22:20:52,944 - INFO - Importados 48000 registros...
2025-09-08 22:20:57,096 - INFO - Importados 49000 registros...
2025-09-08 22:20:58,262 - INFO - Produto criado: Produto 4344 (código: 4344)
2025-09-08 22:21:01,311 - INFO - Importados 50000 registros...
2025-09-08 22:21:05,411 - INFO - Importados 51000 registros...
2025-09-08 22:21:08,507 - INFO - Produto criado: Produto 4379 (código: 4379)
2025-09-08 22:21:09,709 - INFO - Importados 52000 registros...
2025-09-08 22:21:13,812 - INFO - Importados 53000 registros...
2025-09-08 22:21:18,356 - INFO - Importados 54000 registros...
2025-09-08 22:21:22,501 - INFO - Importados 55000 registros...
2025-09-08 22:21:27,014 - INFO - Importados 56000 registros...
2025-09-08 22:21:28,265 - INFO - Produto criado: Produto 4435 (código: 4435)
2025-09-08 22:21:32,080 - INFO - Importados 57000 registros...
2025-09-08 22:21:36,214 - INFO - Importados 58000 registros...
2025-09-08 22:21:37,248 - INFO - Produto criado: Produto 4484 (código: 4484)
2025-09-08 22:21:40,509 - INFO - Importados 59000 registros...
2025-09-08 22:21:43,045 - INFO - Produto criado: Produto 4513 (código: 4513)
2025-09-08 22:21:44,664 - INFO - Importados 60000 registros...
2025-09-08 22:21:48,871 - INFO - Importados 61000 registros...
2025-09-08 22:21:52,997 - INFO - Importados 62000 registros...
2025-09-08 22:21:57,302 - INFO - Importados 63000 registros...
2025-09-08 22:22:01,582 - INFO - Importados 64000 registros...
2025-09-08 22:22:05,684 - INFO - Importados 65000 registros...
2025-09-08 22:22:07,541 - INFO - Produto criado: Produto 4595 (código: 4595)
2025-09-08 22:22:11,985 - INFO - Importados 66000 registros...
2025-09-08 22:22:16,209 - INFO - Importados 67000 registros...
2025-09-08 22:22:20,745 - INFO - Importados 68000 registros...
2025-09-08 22:22:20,988 - INFO - Produto criado: Produto 4651 (código: 4651)
2025-09-08 22:22:21,914 - INFO - Produto criado: Produto 4661 (código: 4661)
2025-09-08 22:22:22,835 - INFO - Produto criado: Produto 4668 (código: 4668)
2025-09-08 22:22:24,868 - INFO - Importados 69000 registros...
2025-09-08 22:22:26,102 - INFO - Produto criado: Produto 4685 (código: 4685)
2025-09-08 22:22:29,003 - INFO - Importados 70000 registros...
2025-09-08 22:22:31,583 - INFO - Produto criado: Produto 4726 (código: 4726)
2025-09-08 22:22:33,269 - INFO - Importados 71000 registros...
2025-09-08 22:22:37,660 - INFO - Importados 72000 registros...
2025-09-08 22:22:41,784 - INFO - Importados 73000 registros...
2025-09-08 22:22:45,937 - INFO - Importados 74000 registros...
2025-09-08 22:22:50,252 - INFO - Importados 75000 registros...
2025-09-08 22:22:52,734 - INFO - Produto criado: Produto 4804 (código: 4804)
2025-09-08 22:22:54,374 - INFO - Importados 76000 registros...
2025-09-08 22:22:58,485 - INFO - Importados 77000 registros...
2025-09-08 22:23:02,682 - INFO - Importados 78000 registros...
2025-09-08 22:23:03,316 - INFO - Produto criado: Produto 4857 (código: 4857)
2025-09-08 22:23:04,167 - INFO - Produto criado: Produto 4870 (código: 4870)
2025-09-08 22:23:06,898 - INFO - Importados 79000 registros...
2025-09-08 22:23:10,962 - INFO - Importados 80000 registros...
2025-09-08 22:23:12,559 - INFO - Produto criado: Produto 4911 (código: 4911)
2025-09-08 22:23:15,090 - INFO - Importados 81000 registros...
2025-09-08 22:23:21,655 - INFO - Importados 82000 registros...
2025-09-08 22:23:25,798 - INFO - Importados 83000 registros...
2025-09-08 22:23:26,663 - INFO - Produto criado: Produto 4980 (código: 4980)
2025-09-08 22:23:30,136 - INFO - Importados 84000 registros...
2025-09-08 22:23:34,273 - INFO - Importados 85000 registros...
2025-09-08 22:23:38,584 - INFO - Importados 86000 registros...
2025-09-08 22:23:42,772 - INFO - Importados 87000 registros...
2025-09-08 22:23:47,052 - INFO - Importados 88000 registros...
2025-09-08 22:23:51,220 - INFO - Importados 89000 registros...
2025-09-08 22:23:55,497 - INFO - Importados 90000 registros...
2025-09-08 22:23:59,868 - INFO - Importados 91000 registros...
2025-09-08 22:24:04,030 - INFO - Importados 92000 registros...
2025-09-08 22:24:08,309 - INFO - Importados 93000 registros...
2025-09-08 22:24:12,542 - INFO - Importados 94000 registros...
2025-09-08 22:24:16,905 - INFO - Importados 95000 registros...
2025-09-08 22:24:21,500 - INFO - Importados 96000 registros...
2025-09-08 22:24:25,700 - INFO - Importados 97000 registros...
2025-09-08 22:24:30,456 - INFO - Importados 98000 registros...
2025-09-08 22:24:34,936 - INFO - Importados 99000 registros...
2025-09-08 22:24:39,463 - INFO - Importados 100000 registros...
2025-09-08 22:24:43,676 - INFO - Importados 101000 registros...
2025-09-08 22:24:47,924 - INFO - Importados 102000 registros...
2025-09-08 22:24:52,307 - INFO - Importados 103000 registros...
2025-09-08 22:24:56,441 - INFO - Importados 104000 registros...
2025-09-08 22:24:59,121 - INFO - Produto criado: Produto 6013 (código: 6013)
2025-09-08 22:25:00,679 - INFO - Importados 105000 registros...
2025-09-08 22:25:04,841 - INFO - Importados 106000 registros...
2025-09-08 22:25:09,208 - INFO - Importados 107000 registros...
2025-09-08 22:25:13,425 - INFO - Importados 108000 registros...
2025-09-08 22:25:18,008 - INFO - Importados 109000 registros...
2025-09-08 22:25:18,250 - INFO - Produto criado: Produto 6291 (código: 6291)
2025-09-08 22:25:19,571 - INFO - Produto criado: Produto 6319 (código: 6319)
2025-09-08 22:25:22,286 - INFO - Importados 110000 registros...
2025-09-08 22:25:26,333 - INFO - Importados 111000 registros...
2025-09-08 22:25:26,828 - INFO - === RELATÓRIO FINAL ===
2025-09-08 22:25:26,829 - INFO - Total de registros processados: 111113
2025-09-08 22:25:26,829 - INFO - Registros importados: 111104
2025-09-08 22:25:26,829 - INFO - Registros pulados (já existiam): 9
2025-09-08 22:25:26,829 - INFO - Registros com erro: 0
2025-09-09 04:16:10,745 - INFO - Tipos de movimentação carregados:
2025-09-09 04:16:10,750 - INFO - - Entrada: ENT - Entrada de Estoque
2025-09-09 04:16:10,751 - INFO - - Saída: SAI - Saída de Estoque
2025-09-09 04:16:10,751 - INFO - === INICIANDO MIGRAÇÃO DE MOVIMENTAÇÕES (EXTRATOS) ===
2025-09-09 04:16:11,094 - INFO - Extraindo dados da tabela NotasFiscais (movimentações)...
2025-09-09 04:16:14,128 - INFO - Extraídos 111113 registros da tabela NotasFiscais
2025-09-09 04:16:14,129 - INFO - Colunas: ['Chave', 'Produto', 'Documento', 'Data', 'Horario', 'Unitario', 'Quantidade', 'Movimentacao', 'Historico', 'OPERADOR']
2025-09-09 04:16:14,228 - INFO - Dados extraídos: 111113 registros
2025-09-09 04:16:14,228 - INFO - === AMOSTRA DOS DADOS ===
2025-09-09 04:16:14,229 - INFO - Colunas disponíveis: ['Chave', 'Produto', 'Documento', 'Data', 'Horario', 'Unitario', 'Quantidade', 'Movimentacao', 'Historico', 'OPERADOR']
2025-09-09 04:16:14,229 - INFO - Primeiros 3 registros:
2025-09-09 04:16:14,229 - INFO - Registro 1: {'Chave': np.int64(1), 'Produto': np.int64(3051), 'Documento': '000000', 'Data': datetime.datetime(2006, 7, 3, 0, 0), 'Horario': Timestamp('1899-12-30 12:31:49'), 'Unitario': np.float64(260.76), 'Quantidade': np.float64(1.0), 'Movimentacao': 'ENTRADA', 'Historico': 'SALDO INICIAL', 'OPERADOR': 'MURILO'}
2025-09-09 04:16:14,230 - INFO - Registro 2: {'Chave': np.int64(2), 'Produto': np.int64(3051), 'Documento': '1', 'Data': datetime.datetime(2006, 7, 3, 0, 0), 'Horario': Timestamp('1899-12-30 12:33:57'), 'Unitario': np.float64(400.0), 'Quantidade': np.float64(1.0), 'Movimentacao': 'SAIDA', 'Historico': 'NF VENDA GER.:1', 'OPERADOR': 'MURILO'}
2025-09-09 04:16:14,231 - INFO - Registro 3: {'Chave': np.int64(3), 'Produto': np.int64(3326), 'Documento': '000000', 'Data': datetime.datetime(2006, 7, 4, 0, 0), 'Horario': Timestamp('1899-12-30 14:42:04'), 'Unitario': np.float64(456.43), 'Quantidade': np.float64(1.0), 'Movimentacao': 'ENTRADA', 'Historico': 'SALDO INICIAL', 'OPERADOR': 'IVONNE'}
2025-09-09 04:16:14,232 - INFO - Iniciando importação para PostgreSQL...
2025-09-09 04:16:18,567 - INFO - Importados 1000 registros...
2025-09-09 04:16:22,268 - INFO - Importados 2000 registros...
2025-09-09 04:16:27,650 - INFO - Importados 3000 registros...
2025-09-09 04:16:31,583 - INFO - Importados 4000 registros...
2025-09-09 04:16:35,939 - INFO - Importados 5000 registros...
2025-09-09 04:16:41,873 - INFO - Importados 6000 registros...
2025-09-09 04:16:46,821 - INFO - Importados 7000 registros...
2025-09-09 04:16:51,734 - INFO - Importados 8000 registros...
2025-09-09 04:16:56,266 - INFO - Importados 9000 registros...
2025-09-09 04:17:00,924 - INFO - Importados 10000 registros...
2025-09-09 04:17:05,606 - INFO - Importados 11000 registros...
2025-09-09 04:17:10,796 - INFO - Importados 12000 registros...
2025-09-09 04:17:15,405 - INFO - Importados 13000 registros...
2025-09-09 04:17:20,770 - INFO - Importados 14000 registros...
2025-09-09 04:17:26,137 - INFO - Importados 15000 registros...
2025-09-09 04:17:31,007 - INFO - Importados 16000 registros...
2025-09-09 04:17:35,336 - INFO - Importados 17000 registros...
2025-09-09 04:17:40,243 - INFO - Importados 18000 registros...
2025-09-09 04:17:45,179 - INFO - Importados 19000 registros...
2025-09-09 04:17:49,984 - INFO - Importados 20000 registros...
2025-09-09 04:17:54,582 - INFO - Importados 21000 registros...
2025-09-09 04:17:59,689 - INFO - Importados 22000 registros...
2025-09-09 04:18:04,212 - INFO - Importados 23000 registros...
2025-09-09 04:18:09,019 - INFO - Importados 24000 registros...
2025-09-09 04:18:13,687 - INFO - Importados 25000 registros...
2025-09-09 04:18:18,631 - INFO - Importados 26000 registros...
2025-09-09 04:18:23,701 - INFO - Importados 27000 registros...
2025-09-09 04:18:29,158 - INFO - Importados 28000 registros...
2025-09-09 04:18:34,154 - INFO - Importados 29000 registros...
2025-09-09 04:18:39,346 - INFO - Importados 30000 registros...
2025-09-09 04:18:44,501 - INFO - Importados 31000 registros...
2025-09-09 04:18:50,022 - INFO - Importados 32000 registros...
2025-09-09 04:18:55,172 - INFO - Importados 33000 registros...
2025-09-09 04:19:00,411 - INFO - Importados 34000 registros...
2025-09-09 04:19:05,167 - INFO - Importados 35000 registros...
2025-09-09 04:19:10,288 - INFO - Importados 36000 registros...
2025-09-09 04:19:15,766 - INFO - Importados 37000 registros...
2025-09-09 04:19:21,485 - INFO - Importados 38000 registros...
2025-09-09 04:19:28,906 - INFO - Importados 39000 registros...
2025-09-09 04:19:33,964 - INFO - Importados 40000 registros...
2025-09-09 04:19:38,928 - INFO - Importados 41000 registros...
2025-09-09 04:19:43,266 - INFO - Importados 42000 registros...
2025-09-09 04:19:47,507 - INFO - Importados 43000 registros...
2025-09-09 04:19:51,470 - INFO - Importados 44000 registros...
2025-09-09 04:19:55,495 - INFO - Importados 45000 registros...
2025-09-09 04:20:00,087 - INFO - Importados 46000 registros...
2025-09-09 04:20:05,254 - INFO - Importados 47000 registros...
2025-09-09 04:20:10,737 - INFO - Importados 48000 registros...
2025-09-09 04:20:15,502 - INFO - Importados 49000 registros...
2025-09-09 04:20:20,656 - INFO - Importados 50000 registros...
2025-09-09 04:20:25,859 - INFO - Importados 51000 registros...
2025-09-09 04:20:30,754 - INFO - Importados 52000 registros...
2025-09-09 04:20:36,403 - INFO - Importados 53000 registros...
2025-09-09 04:20:41,721 - INFO - Importados 54000 registros...
2025-09-09 04:20:46,634 - INFO - Importados 55000 registros...
2025-09-09 04:20:51,357 - INFO - Importados 56000 registros...
2025-09-09 04:20:55,978 - INFO - Importados 57000 registros...
2025-09-09 04:21:00,794 - INFO - Importados 58000 registros...
2025-09-09 04:21:05,376 - INFO - Importados 59000 registros...
2025-09-09 04:21:10,171 - INFO - Importados 60000 registros...
2025-09-09 04:21:14,915 - INFO - Importados 61000 registros...
2025-09-09 04:21:19,710 - INFO - Importados 62000 registros...
2025-09-09 04:21:25,075 - INFO - Importados 63000 registros...
2025-09-09 04:21:31,368 - INFO - Importados 64000 registros...
2025-09-09 04:21:36,607 - INFO - Importados 65000 registros...
2025-09-09 04:21:42,848 - INFO - Importados 66000 registros...
2025-09-09 04:21:47,019 - INFO - Importados 67000 registros...
2025-09-09 04:21:51,129 - INFO - Importados 68000 registros...
2025-09-09 04:21:56,175 - INFO - Importados 69000 registros...
2025-09-09 04:22:00,736 - INFO - Importados 70000 registros...
2025-09-09 04:22:06,122 - INFO - Importados 71000 registros...
2025-09-09 04:22:11,446 - INFO - Importados 72000 registros...
2025-09-09 04:22:16,378 - INFO - Importados 73000 registros...
2025-09-09 04:22:21,556 - INFO - Importados 74000 registros...
2025-09-09 04:22:28,042 - INFO - Importados 75000 registros...
2025-09-09 04:22:32,857 - INFO - Importados 76000 registros...
2025-09-09 04:22:38,602 - INFO - Importados 77000 registros...
2025-09-09 04:22:44,448 - INFO - Importados 78000 registros...
2025-09-09 04:22:50,042 - INFO - Importados 79000 registros...
2025-09-09 04:22:54,766 - INFO - Importados 80000 registros...
2025-09-09 04:22:59,829 - INFO - Importados 81000 registros...
2025-09-09 04:23:04,442 - INFO - Importados 82000 registros...
2025-09-09 04:23:09,686 - INFO - Importados 83000 registros...
2025-09-09 04:23:14,447 - INFO - Importados 84000 registros...
2025-09-09 04:23:19,565 - INFO - Importados 85000 registros...
2025-09-09 04:23:25,049 - INFO - Importados 86000 registros...
2025-09-09 04:23:30,305 - INFO - Importados 87000 registros...
2025-09-09 04:23:35,022 - INFO - Importados 88000 registros...
2025-09-09 04:23:40,060 - INFO - Importados 89000 registros...
2025-09-09 04:23:45,014 - INFO - Importados 90000 registros...
2025-09-09 04:23:50,740 - INFO - Importados 91000 registros...
2025-09-09 04:23:55,836 - INFO - Importados 92000 registros...
2025-09-09 04:24:00,965 - INFO - Importados 93000 registros...
2025-09-09 04:24:05,551 - INFO - Importados 94000 registros...
2025-09-09 04:24:11,242 - INFO - Importados 95000 registros...
2025-09-09 04:24:16,402 - INFO - Importados 96000 registros...
2025-09-09 04:24:21,811 - INFO - Importados 97000 registros...
2025-09-09 04:24:28,260 - INFO - Importados 98000 registros...
2025-09-09 04:24:33,554 - INFO - Importados 99000 registros...
2025-09-09 04:24:38,824 - INFO - Importados 100000 registros...
2025-09-09 04:24:44,488 - INFO - Importados 101000 registros...
2025-09-09 04:24:50,206 - INFO - Importados 102000 registros...
2025-09-09 04:24:55,119 - INFO - Importados 103000 registros...
2025-09-09 04:25:00,291 - INFO - Importados 104000 registros...
2025-09-09 04:25:04,908 - INFO - Importados 105000 registros...
2025-09-09 04:25:10,137 - INFO - Importados 106000 registros...
2025-09-09 04:25:14,945 - INFO - Importados 107000 registros...
2025-09-09 04:25:20,038 - INFO - Importados 108000 registros...
2025-09-09 04:25:25,397 - INFO - Importados 109000 registros...
2025-09-09 04:25:30,841 - INFO - Importados 110000 registros...
2025-09-09 04:25:34,771 - INFO - Importados 111000 registros...
2025-09-09 04:25:35,193 - INFO - === RELATÓRIO FINAL ===
2025-09-09 04:25:35,193 - INFO - Total de registros processados: 111113
2025-09-09 04:25:35,193 - INFO - Registros importados: 111104
2025-09-09 04:25:35,197 - INFO - Registros pulados (já existiam): 9
2025-09-09 04:25:35,197 - INFO - Registros com erro: 0
2025-09-09 04:51:05,877 - INFO - Tipos de movimentação carregados:
2025-09-09 04:51:05,883 - INFO - - Entrada: ENT - Entrada de Estoque
2025-09-09 04:51:05,884 - INFO - - Saída: SAI - Saída de Estoque
2025-09-09 04:51:05,884 - INFO - === INICIANDO MIGRAÇÃO DE MOVIMENTAÇÕES (EXTRATOS) ===
2025-09-09 04:51:06,237 - INFO - Extraindo dados da tabela NotasFiscais (movimentações)...
2025-09-09 04:51:08,781 - INFO - Extraídos 111113 registros da tabela NotasFiscais
2025-09-09 04:51:08,782 - INFO - Colunas: ['Chave', 'Produto', 'Documento', 'Data', 'Horario', 'Unitario', 'Quantidade', 'Movimentacao', 'Historico', 'OPERADOR']
2025-09-09 04:51:08,879 - INFO - Dados extraídos: 111113 registros
2025-09-09 04:51:08,879 - INFO - === AMOSTRA DOS DADOS ===
2025-09-09 04:51:08,879 - INFO - Colunas disponíveis: ['Chave', 'Produto', 'Documento', 'Data', 'Horario', 'Unitario', 'Quantidade', 'Movimentacao', 'Historico', 'OPERADOR']
2025-09-09 04:51:08,880 - INFO - Primeiros 3 registros:
2025-09-09 04:51:08,880 - INFO - Registro 1: {'Chave': np.int64(1), 'Produto': np.int64(3051), 'Documento': '000000', 'Data': datetime.datetime(2006, 7, 3, 0, 0), 'Horario': Timestamp('1899-12-30 12:31:49'), 'Unitario': np.float64(260.76), 'Quantidade': np.float64(1.0), 'Movimentacao': 'ENTRADA', 'Historico': 'SALDO INICIAL', 'OPERADOR': 'MURILO'}
2025-09-09 04:51:08,881 - INFO - Registro 2: {'Chave': np.int64(2), 'Produto': np.int64(3051), 'Documento': '1', 'Data': datetime.datetime(2006, 7, 3, 0, 0), 'Horario': Timestamp('1899-12-30 12:33:57'), 'Unitario': np.float64(400.0), 'Quantidade': np.float64(1.0), 'Movimentacao': 'SAIDA', 'Historico': 'NF VENDA GER.:1', 'OPERADOR': 'MURILO'}
2025-09-09 04:51:08,882 - INFO - Registro 3: {'Chave': np.int64(3), 'Produto': np.int64(3326), 'Documento': '000000', 'Data': datetime.datetime(2006, 7, 4, 0, 0), 'Horario': Timestamp('1899-12-30 14:42:04'), 'Unitario': np.float64(456.43), 'Quantidade': np.float64(1.0), 'Movimentacao': 'ENTRADA', 'Historico': 'SALDO INICIAL', 'OPERADOR': 'IVONNE'}
2025-09-09 04:51:08,882 - INFO - Iniciando importação para PostgreSQL...
2025-09-09 04:51:17,016 - INFO - Importados 1000 registros...
2025-09-09 04:51:20,996 - INFO - Importados 2000 registros...
2025-09-09 04:51:26,614 - INFO - Importados 3000 registros...
2025-09-09 04:51:31,620 - INFO - Importados 4000 registros...
2025-09-09 04:51:37,353 - INFO - Importados 5000 registros...
2025-09-09 04:51:42,439 - INFO - Importados 6000 registros...
2025-09-09 04:51:47,812 - INFO - Importados 7000 registros...
2025-09-09 04:51:52,985 - INFO - Importados 8000 registros...
2025-09-09 04:51:58,006 - INFO - Importados 9000 registros...
2025-09-09 04:52:03,081 - INFO - Importados 10000 registros...
2025-09-09 04:52:08,105 - INFO - Importados 11000 registros...
2025-09-09 04:52:13,587 - INFO - Importados 12000 registros...
2025-09-09 04:52:18,782 - INFO - Importados 13000 registros...
2025-09-09 04:52:23,976 - INFO - Importados 14000 registros...
2025-09-09 04:52:29,424 - INFO - Importados 15000 registros...
2025-09-09 04:52:34,580 - INFO - Importados 16000 registros...
2025-09-09 04:52:39,577 - INFO - Importados 17000 registros...
2025-09-09 04:52:46,114 - INFO - Importados 18000 registros...
2025-09-09 04:52:51,286 - INFO - Importados 19000 registros...
2025-09-09 04:52:56,982 - INFO - Importados 20000 registros...
2025-09-09 04:53:02,552 - INFO - Importados 21000 registros...
2025-09-09 04:53:07,548 - INFO - Importados 22000 registros...
2025-09-09 04:53:13,172 - INFO - Importados 23000 registros...
2025-09-09 04:53:18,151 - INFO - Importados 24000 registros...
2025-09-09 04:53:23,624 - INFO - Importados 25000 registros...
2025-09-09 04:53:29,109 - INFO - Importados 26000 registros...
2025-09-09 04:53:34,174 - INFO - Importados 27000 registros...
2025-09-09 04:53:39,142 - INFO - Importados 28000 registros...
2025-09-09 04:53:44,595 - INFO - Importados 29000 registros...
2025-09-09 04:53:50,069 - INFO - Importados 30000 registros...
2025-09-09 04:53:55,002 - INFO - Importados 31000 registros...
2025-09-09 04:54:00,585 - INFO - Importados 32000 registros...
2025-09-09 04:54:05,866 - INFO - Importados 33000 registros...
2025-09-09 04:54:10,970 - INFO - Importados 34000 registros...
2025-09-09 04:54:14,861 - INFO - Importados 35000 registros...
2025-09-09 04:54:18,880 - INFO - Importados 36000 registros...
2025-09-09 04:54:23,981 - INFO - Importados 37000 registros...
2025-09-09 04:54:28,328 - INFO - Importados 38000 registros...
2025-09-09 04:54:32,687 - INFO - Importados 39000 registros...
2025-09-09 04:54:36,697 - INFO - Importados 40000 registros...
2025-09-09 04:54:40,663 - INFO - Importados 41000 registros...
2025-09-09 04:54:44,302 - INFO - Importados 42000 registros...
2025-09-09 04:54:48,163 - INFO - Importados 43000 registros...
2025-09-09 04:54:52,161 - INFO - Importados 44000 registros...
2025-09-09 04:54:56,075 - INFO - Importados 45000 registros...
2025-09-09 04:55:00,349 - INFO - Importados 46000 registros...
2025-09-09 04:55:04,063 - INFO - Importados 47000 registros...
2025-09-09 04:55:08,299 - INFO - Importados 48000 registros...
2025-09-09 04:55:14,952 - INFO - Importados 49000 registros...
2025-09-09 04:55:20,866 - INFO - Importados 50000 registros...
2025-09-09 04:55:27,233 - INFO - Importados 51000 registros...
2025-09-09 04:55:32,406 - INFO - Importados 52000 registros...
2025-09-09 04:55:37,232 - INFO - Importados 53000 registros...
2025-09-09 04:55:42,404 - INFO - Importados 54000 registros...
2025-09-09 04:55:47,459 - INFO - Importados 55000 registros...
2025-09-09 04:55:52,994 - INFO - Importados 56000 registros...
2025-09-09 04:55:58,710 - INFO - Importados 57000 registros...
2025-09-09 04:56:04,690 - INFO - Importados 58000 registros...
2025-09-09 04:56:10,870 - INFO - Importados 59000 registros...
2025-09-09 04:56:15,671 - INFO - Importados 60000 registros...
2025-09-09 04:56:19,725 - INFO - Importados 61000 registros...
2025-09-09 04:56:23,939 - INFO - Importados 62000 registros...
2025-09-09 04:56:28,178 - INFO - Importados 63000 registros...
2025-09-09 04:56:32,455 - INFO - Importados 64000 registros...
2025-09-09 04:56:36,324 - INFO - Importados 65000 registros...
2025-09-09 04:56:40,423 - INFO - Importados 66000 registros...
2025-09-09 04:56:45,635 - INFO - Importados 67000 registros...
2025-09-09 04:56:50,534 - INFO - Importados 68000 registros...
2025-09-09 04:56:55,163 - INFO - Importados 69000 registros...
2025-09-09 04:56:59,679 - INFO - Importados 70000 registros...
2025-09-09 04:57:04,201 - INFO - Importados 71000 registros...
2025-09-09 04:57:08,065 - INFO - Importados 72000 registros...
2025-09-09 04:57:12,496 - INFO - Importados 73000 registros...
2025-09-09 04:57:16,408 - INFO - Importados 74000 registros...
2025-09-09 04:57:20,675 - INFO - Importados 75000 registros...
2025-09-09 04:57:25,335 - INFO - Importados 76000 registros...
2025-09-09 04:57:29,478 - INFO - Importados 77000 registros...
2025-09-09 04:57:33,220 - INFO - Importados 78000 registros...
2025-09-09 04:57:36,816 - INFO - Importados 79000 registros...
2025-09-09 04:57:40,964 - INFO - Importados 80000 registros...
2025-09-09 04:57:45,454 - INFO - Importados 81000 registros...
2025-09-09 04:57:50,161 - INFO - Importados 82000 registros...
2025-09-09 04:57:54,313 - INFO - Importados 83000 registros...
2025-09-09 04:57:58,336 - INFO - Importados 84000 registros...
2025-09-09 04:58:02,788 - INFO - Importados 85000 registros...
2025-09-09 04:58:06,468 - INFO - Importados 86000 registros...
2025-09-09 04:58:11,742 - INFO - Importados 87000 registros...
2025-09-09 04:58:15,920 - INFO - Importados 88000 registros...
2025-09-09 04:58:19,689 - INFO - Importados 89000 registros...
2025-09-09 04:58:23,651 - INFO - Importados 90000 registros...
2025-09-09 04:58:27,760 - INFO - Importados 91000 registros...
2025-09-09 04:58:31,672 - INFO - Importados 92000 registros...
2025-09-09 04:58:35,317 - INFO - Importados 93000 registros...
2025-09-09 04:58:39,008 - INFO - Importados 94000 registros...
2025-09-09 04:58:43,357 - INFO - Importados 95000 registros...
2025-09-09 04:58:49,061 - INFO - Importados 96000 registros...
2025-09-09 04:58:54,232 - INFO - Importados 97000 registros...
2025-09-09 04:58:59,398 - INFO - Importados 98000 registros...
2025-09-09 04:59:04,750 - INFO - Importados 99000 registros...
2025-09-09 04:59:09,638 - INFO - Importados 100000 registros...
2025-09-09 04:59:14,933 - INFO - Importados 101000 registros...
2025-09-09 04:59:19,707 - INFO - Importados 102000 registros...
2025-09-09 04:59:24,923 - INFO - Importados 103000 registros...
2025-09-09 04:59:29,699 - INFO - Importados 104000 registros...
2025-09-09 04:59:34,535 - INFO - Importados 105000 registros...
2025-09-09 04:59:42,600 - INFO - Importados 106000 registros...
2025-09-09 04:59:46,861 - INFO - Importados 107000 registros...
2025-09-09 04:59:51,203 - INFO - Importados 108000 registros...
2025-09-09 04:59:55,058 - INFO - Importados 109000 registros...
2025-09-09 04:59:58,728 - INFO - Importados 110000 registros...
2025-09-09 05:00:02,829 - INFO - Importados 111000 registros...
2025-09-09 05:00:03,228 - INFO - === RELATÓRIO FINAL ===
2025-09-09 05:00:03,229 - INFO - Total de registros processados: 111113
2025-09-09 05:00:03,229 - INFO - Registros importados: 111104
2025-09-09 05:00:03,229 - INFO - Registros pulados (já existiam): 9
2025-09-09 05:00:03,229 - INFO - Registros com erro: 0
