2026-02-04 23:09:17,297 - INFO - === INICIANDO MIGRAÇÃO DE MOVIMENTAÇÕES (EXTRATOS) ===
2026-02-04 23:09:17,604 - INFO - Extraindo dados da tabela NotasFiscais (movimentações)...
2026-02-04 23:09:19,741 - INFO - Extraídos 111805 registros da tabela NotasFiscais
2026-02-04 23:09:19,809 - INFO - Dados extraídos: 111805 registros
2026-02-04 23:09:19,809 - INFO - Iniciando importação para PostgreSQL...
2026-02-04 23:09:22,670 - INFO - Importados 1000 registros...
2026-02-04 23:09:25,253 - INFO - Importados 2000 registros...
2026-02-04 23:09:27,790 - INFO - Importados 3000 registros...
2026-02-04 23:09:30,465 - INFO - Importados 4000 registros...
2026-02-04 23:09:33,033 - INFO - Importados 5000 registros...
2026-02-04 23:09:35,348 - INFO - Importados 6000 registros...
2026-02-04 23:09:37,905 - INFO - Importados 7000 registros...
2026-02-04 23:09:40,444 - INFO - Importados 8000 registros...
2026-02-04 23:09:43,899 - INFO - Importados 9000 registros...
2026-02-04 23:09:46,262 - INFO - Importados 10000 registros...
2026-02-04 23:09:48,870 - INFO - Importados 11000 registros...
2026-02-04 23:09:51,356 - INFO - Importados 12000 registros...
2026-02-04 23:09:53,838 - INFO - Importados 13000 registros...
2026-02-04 23:09:56,552 - INFO - Importados 14000 registros...
2026-02-04 23:09:58,953 - INFO - Importados 15000 registros...
2026-02-04 23:10:01,446 - INFO - Importados 16000 registros...
2026-02-04 23:10:03,900 - INFO - Importados 17000 registros...
2026-02-04 23:10:07,102 - INFO - Importados 18000 registros...
2026-02-04 23:10:09,669 - INFO - Importados 19000 registros...
2026-02-04 23:10:12,035 - INFO - Importados 20000 registros...
2026-02-04 23:10:14,430 - INFO - Importados 21000 registros...
2026-02-04 23:10:16,818 - INFO - Importados 22000 registros...
2026-02-04 23:10:19,320 - INFO - Importados 23000 registros...
2026-02-04 23:10:21,749 - INFO - Importados 24000 registros...
2026-02-04 23:10:24,179 - INFO - Importados 25000 registros...
2026-02-04 23:10:26,774 - INFO - Importados 26000 registros...
2026-02-04 23:10:29,150 - INFO - Importados 27000 registros...
2026-02-04 23:10:31,608 - INFO - Importados 28000 registros...
2026-02-04 23:10:33,992 - INFO - Importados 29000 registros...
2026-02-04 23:10:36,408 - INFO - Importados 30000 registros...
2026-02-04 23:10:38,809 - INFO - Importados 31000 registros...
2026-02-04 23:10:41,245 - INFO - Importados 32000 registros...
2026-02-04 23:10:43,633 - INFO - Importados 33000 registros...
2026-02-04 23:10:46,055 - INFO - Importados 34000 registros...
2026-02-04 23:10:48,522 - INFO - Importados 35000 registros...
2026-02-04 23:10:51,013 - INFO - Importados 36000 registros...
2026-02-04 23:10:53,436 - INFO - Importados 37000 registros...
2026-02-04 23:10:55,912 - INFO - Importados 38000 registros...
2026-02-04 23:10:58,389 - INFO - Importados 39000 registros...
2026-02-04 23:11:00,841 - INFO - Importados 40000 registros...
2026-02-04 23:11:03,304 - INFO - Importados 41000 registros...
2026-02-04 23:11:05,732 - INFO - Importados 42000 registros...
2026-02-04 23:11:08,184 - INFO - Importados 43000 registros...
2026-02-04 23:11:10,582 - INFO - Importados 44000 registros...
2026-02-04 23:11:13,029 - INFO - Importados 45000 registros...
2026-02-04 23:11:15,544 - INFO - Importados 46000 registros...
2026-02-04 23:11:18,080 - INFO - Importados 47000 registros...
2026-02-04 23:11:20,567 - INFO - Importados 48000 registros...
2026-02-04 23:11:23,153 - INFO - Importados 49000 registros...
2026-02-04 23:11:25,657 - INFO - Importados 50000 registros...
2026-02-04 23:11:28,141 - INFO - Importados 51000 registros...
2026-02-04 23:11:30,664 - INFO - Importados 52000 registros...
2026-02-04 23:11:33,178 - INFO - Importados 53000 registros...
2026-02-04 23:11:35,693 - INFO - Importados 54000 registros...
2026-02-04 23:11:38,239 - INFO - Importados 55000 registros...
2026-02-04 23:11:40,791 - INFO - Importados 56000 registros...
2026-02-04 23:11:43,290 - INFO - Importados 57000 registros...
2026-02-04 23:11:45,889 - INFO - Importados 58000 registros...
2026-02-04 23:11:49,416 - INFO - Importados 59000 registros...
2026-02-04 23:11:52,120 - INFO - Importados 60000 registros...
2026-02-04 23:11:55,540 - INFO - Importados 61000 registros...
2026-02-04 23:11:58,904 - INFO - Importados 62000 registros...
2026-02-04 23:12:02,265 - INFO - Importados 63000 registros...
2026-02-04 23:12:05,647 - INFO - Importados 64000 registros...
2026-02-04 23:12:08,881 - INFO - Importados 65000 registros...
2026-02-04 23:12:11,917 - INFO - Importados 66000 registros...
2026-02-04 23:12:14,448 - INFO - Importados 67000 registros...
2026-02-04 23:12:16,905 - INFO - Importados 68000 registros...
2026-02-04 23:12:19,385 - INFO - Importados 69000 registros...
2026-02-04 23:12:21,872 - INFO - Importados 70000 registros...
2026-02-04 23:12:24,330 - INFO - Importados 71000 registros...
2026-02-04 23:12:26,808 - INFO - Importados 72000 registros...
2026-02-04 23:12:29,283 - INFO - Importados 73000 registros...
2026-02-04 23:12:31,721 - INFO - Importados 74000 registros...
2026-02-04 23:12:34,243 - INFO - Importados 75000 registros...
2026-02-04 23:12:36,717 - INFO - Importados 76000 registros...
2026-02-04 23:12:39,489 - INFO - Importados 77000 registros...
2026-02-04 23:12:42,399 - INFO - Importados 78000 registros...
2026-02-04 23:12:45,012 - INFO - Importados 79000 registros...
2026-02-04 23:12:47,639 - INFO - Importados 80000 registros...
2026-02-04 23:12:51,289 - INFO - Importados 81000 registros...
2026-02-04 23:12:54,757 - INFO - Importados 82000 registros...
2026-02-04 23:12:58,050 - INFO - Importados 83000 registros...
2026-02-04 23:13:01,418 - INFO - Importados 84000 registros...
2026-02-04 23:13:04,739 - INFO - Importados 85000 registros...
2026-02-04 23:13:08,188 - INFO - Importados 86000 registros...
2026-02-04 23:13:11,581 - INFO - Importados 87000 registros...
2026-02-04 23:13:14,966 - INFO - Importados 88000 registros...
2026-02-04 23:13:18,346 - INFO - Importados 89000 registros...
2026-02-04 23:13:21,663 - INFO - Importados 90000 registros...
2026-02-04 23:13:24,526 - INFO - Importados 91000 registros...
2026-02-04 23:13:26,969 - INFO - Importados 92000 registros...
2026-02-04 23:13:29,568 - INFO - Importados 93000 registros...
2026-02-04 23:13:32,000 - INFO - Importados 94000 registros...
2026-02-04 23:13:35,241 - INFO - Importados 95000 registros...
2026-02-04 23:13:38,387 - INFO - Importados 96000 registros...
2026-02-04 23:13:41,935 - INFO - Importados 97000 registros...
2026-02-04 23:13:45,700 - INFO - Importados 98000 registros...
2026-02-04 23:13:49,943 - INFO - Importados 99000 registros...
2026-02-04 23:13:53,908 - INFO - Importados 100000 registros...
2026-02-04 23:13:57,261 - INFO - Importados 101000 registros...
2026-02-04 23:14:00,329 - INFO - Importados 102000 registros...
2026-02-04 23:14:03,050 - INFO - Importados 103000 registros...
2026-02-04 23:14:06,203 - INFO - Importados 104000 registros...
2026-02-04 23:14:09,344 - INFO - Importados 105000 registros...
2026-02-04 23:14:12,380 - INFO - Importados 106000 registros...
2026-02-04 23:14:15,494 - INFO - Importados 107000 registros...
2026-02-04 23:14:18,401 - INFO - Importados 108000 registros...
2026-02-04 23:14:21,279 - INFO - Importados 109000 registros...
2026-02-04 23:14:23,978 - INFO - Importados 110000 registros...
2026-02-04 23:14:26,116 - INFO - Importados 111000 registros...
2026-02-04 23:14:27,761 - INFO - Importados 111747 registros (final)...
2026-02-04 23:14:27,763 - INFO - === RELATÓRIO FINAL ===
2026-02-04 23:14:27,763 - INFO - Total processados: 111805
2026-02-04 23:14:27,763 - INFO - Importados: 111747
2026-02-04 23:14:27,763 - INFO - Pulados: 0
2026-02-04 23:14:27,764 - INFO - Erros: 58
