2025-08-31 08:32:51,026 - INFO - Iniciando migração de contas a pagar às 2025-08-31 08:32:51.025057
2025-08-31 08:32:51,026 - INFO - Estabelecendo conexões com os bancos de dados...
2025-08-31 08:32:51,424 - INFO - Iniciando limpeza das tabelas...
2025-08-31 08:32:51,433 - INFO - Limpando tabela contas_pagar...
2025-08-31 08:32:51,448 - INFO - Tabela contas_pagar limpa com sucesso
2025-08-31 08:32:51,463 - INFO - Limpeza de tabelas concluída com sucesso
2025-08-31 08:32:51,472 - INFO - Consultando dados do Access...
2025-08-31 08:32:51,540 - INFO - Iniciando migração dos registros...
2025-08-31 08:32:51,720 - INFO - Migradas 100 contas...
2025-08-31 08:32:51,805 - INFO - Migradas 200 contas...
2025-08-31 08:32:51,896 - INFO - Migradas 300 contas...
2025-08-31 08:32:51,978 - INFO - Migradas 400 contas...
2025-08-31 08:32:52,057 - INFO - Migradas 500 contas...
2025-08-31 08:32:52,163 - INFO - Migradas 600 contas...
2025-08-31 08:32:52,307 - INFO - Migradas 700 contas...
2025-08-31 08:32:52,416 - INFO - Migradas 800 contas...
2025-08-31 08:32:52,505 - INFO - Migradas 900 contas...
2025-08-31 08:32:52,602 - INFO - Migradas 1000 contas...
2025-08-31 08:32:52,703 - INFO - Migradas 1100 contas...
2025-08-31 08:32:52,784 - INFO - Migradas 1200 contas...
2025-08-31 08:32:52,867 - INFO - Migradas 1300 contas...
2025-08-31 08:32:52,954 - INFO - Migradas 1400 contas...
2025-08-31 08:32:53,036 - INFO - Migradas 1500 contas...
2025-08-31 08:32:53,119 - INFO - Migradas 1600 contas...
2025-08-31 08:32:53,200 - INFO - Migradas 1700 contas...
2025-08-31 08:32:53,280 - INFO - Migradas 1800 contas...
2025-08-31 08:32:53,361 - INFO - Migradas 1900 contas...
2025-08-31 08:32:53,436 - INFO - Migradas 2000 contas...
2025-08-31 08:32:53,512 - INFO - Migradas 2100 contas...
2025-08-31 08:32:53,597 - INFO - Migradas 2200 contas...
2025-08-31 08:32:53,679 - INFO - Migradas 2300 contas...
2025-08-31 08:32:53,755 - INFO - Migradas 2400 contas...
2025-08-31 08:32:53,844 - INFO - Migradas 2500 contas...
2025-08-31 08:32:53,928 - INFO - Migradas 2600 contas...
2025-08-31 08:32:54,004 - INFO - 
        Migração concluída em 0:00:02.979709:
        - Total de contas migradas: 2699
        - Total de erros: 0
        
2025-08-31 08:32:54,005 - WARNING - 
Contas bancárias não encontradas:
2025-08-31 08:32:54,005 - WARNING - - Conta 1
2025-08-31 08:32:54,005 - WARNING - - Conta 11
2025-08-31 08:32:54,006 - WARNING - - Conta 15
2025-08-31 08:32:54,006 - WARNING - - Conta 16
