2025-01-10 15:59:52,233 - INFO - Iniciando migração de itens de contratos às 2025-01-10 15:59:52.232685
2025-01-10 15:59:52,233 - INFO - Estabelecendo conexões com os bancos de dados...
2025-01-10 15:59:52,771 - INFO - Iniciando limpeza das tabelas...
2025-01-10 15:59:52,779 - INFO - Limpando tabela itens_contrato_locacao...
2025-01-10 15:59:52,784 - INFO - Tabela itens_contrato_locacao limpa com sucesso
2025-01-10 15:59:52,789 - INFO - Limpeza de tabelas concluída com sucesso
2025-01-10 15:59:52,795 - INFO - Consultando dados do Access...
2025-01-10 15:59:52,805 - INFO - Iniciando migração dos itens...
2025-01-10 15:59:52,808 - INFO - 
        Migração concluída em 0:00:00.576272:
        - Total de itens migrados: 0
        - Total de erros: 0
        
2025-01-10 15:59:52,808 - WARNING - 
Contratos não encontrados:
2025-01-10 15:59:52,808 - WARNING - - Contrato C1529
2025-01-10 15:59:52,808 - WARNING - - Contrato C1530
2025-01-10 15:59:52,808 - WARNING - - Contrato C1531
2025-01-10 15:59:52,808 - WARNING - - Contrato C1532
2025-01-10 15:59:52,808 - WARNING - - Contrato C1533
2025-01-10 15:59:52,809 - WARNING - - Contrato C1535
2025-01-10 15:59:52,809 - WARNING - - Contrato C1536
2025-01-10 15:59:52,809 - WARNING - - Contrato C1538
2025-01-10 15:59:52,809 - WARNING - - Contrato C1539
2025-01-10 15:59:52,809 - WARNING - - Contrato C1540
2025-01-10 15:59:52,809 - WARNING - - Contrato C1541
2025-01-10 15:59:52,809 - WARNING - - Contrato C1542
2025-01-10 15:59:52,809 - WARNING - - Contrato C1543
2025-01-10 15:59:52,809 - WARNING - - Contrato C1544
2025-01-10 15:59:52,809 - WARNING - - Contrato C1545
2025-01-10 15:59:52,809 - WARNING - - Contrato C1546
2025-01-10 15:59:52,809 - WARNING - - Contrato C1547
2025-01-10 15:59:52,810 - WARNING - - Contrato C1548
2025-01-10 15:59:52,810 - WARNING - - Contrato C1549
2025-01-10 15:59:52,810 - WARNING - - Contrato C1550
2025-01-10 15:59:52,810 - WARNING - - Contrato C1551
2025-01-10 15:59:52,810 - WARNING - - Contrato C1552
2025-01-10 15:59:52,810 - WARNING - - Contrato C1553
2025-01-10 15:59:52,810 - WARNING - - Contrato C1554
2025-01-10 15:59:52,810 - WARNING - - Contrato C1555
2025-01-10 15:59:52,810 - WARNING - - Contrato C1556
2025-01-10 15:59:52,810 - WARNING - - Contrato C1558
2025-01-10 15:59:52,810 - WARNING - - Contrato C1560
2025-01-10 15:59:52,810 - WARNING - - Contrato C1562
2025-01-10 15:59:52,810 - WARNING - - Contrato C1563
2025-01-10 15:59:52,810 - WARNING - - Contrato C1564
2025-01-10 15:59:52,810 - WARNING - - Contrato C1565
2025-01-10 15:59:52,810 - WARNING - - Contrato C1569
2025-01-10 15:59:52,810 - WARNING - - Contrato C1571
2025-01-10 15:59:52,811 - WARNING - - Contrato C1572
2025-01-10 15:59:52,811 - WARNING - - Contrato C1573
2025-01-10 15:59:52,811 - WARNING - - Contrato C1574
2025-01-10 15:59:52,811 - WARNING - - Contrato C1575
2025-01-10 15:59:52,811 - WARNING - - Contrato C1576
2025-01-10 15:59:52,811 - WARNING - - Contrato C1577
2025-01-10 15:59:52,811 - WARNING - - Contrato C1578
2025-01-10 15:59:52,811 - WARNING - - Contrato C1579
2025-01-10 15:59:52,811 - WARNING - - Contrato C1580
2025-01-10 15:59:52,811 - WARNING - - Contrato C1581
2025-01-10 15:59:52,811 - WARNING - - Contrato C1582
2025-01-10 15:59:52,811 - WARNING - - Contrato C1583
2025-01-10 15:59:52,811 - WARNING - - Contrato C1584
2025-01-10 15:59:52,811 - WARNING - - Contrato C1585
2025-01-10 15:59:52,811 - WARNING - - Contrato C1586
2025-01-10 15:59:52,811 - WARNING - - Contrato C1587
2025-01-10 15:59:52,811 - WARNING - - Contrato C1588
2025-01-10 15:59:52,811 - WARNING - - Contrato C1589
2025-01-10 15:59:52,811 - WARNING - - Contrato C1590
2025-01-10 15:59:52,812 - WARNING - - Contrato C1591
2025-01-10 15:59:52,812 - WARNING - - Contrato C1592
2025-01-10 15:59:52,812 - WARNING - - Contrato C1593
2025-01-10 15:59:52,812 - WARNING - - Contrato C1594
2025-01-10 15:59:52,812 - WARNING - - Contrato C1595
2025-01-10 15:59:52,812 - WARNING - - Contrato C1596
2025-01-10 15:59:52,812 - WARNING - - Contrato C1597
2025-01-10 15:59:52,812 - WARNING - - Contrato C1598
2025-01-10 15:59:52,812 - WARNING - - Contrato C1599
2025-01-10 15:59:52,812 - WARNING - - Contrato C1600
2025-01-10 15:59:52,812 - WARNING - - Contrato C1601
2025-01-10 15:59:52,812 - WARNING - - Contrato C1602
2025-01-10 15:59:52,812 - WARNING - - Contrato C1603
2025-01-10 15:59:52,812 - WARNING - - Contrato C1604
2025-01-10 15:59:52,812 - WARNING - - Contrato C1605
2025-01-10 15:59:52,812 - WARNING - - Contrato C1606
2025-01-13 20:38:43,146 - INFO - Iniciando migração de itens de contratos às 2025-01-13 20:38:43.146350
2025-01-13 20:38:43,147 - INFO - Estabelecendo conexões com os bancos de dados...
2025-01-13 20:38:43,614 - INFO - Iniciando limpeza das tabelas...
2025-01-13 20:38:43,622 - INFO - Limpando tabela itens_contrato_locacao...
2025-01-13 20:38:43,629 - INFO - Tabela itens_contrato_locacao limpa com sucesso
2025-01-13 20:38:43,635 - INFO - Limpeza de tabelas concluída com sucesso
2025-01-13 20:38:43,640 - INFO - Consultando dados do Access...
2025-01-13 20:38:43,651 - INFO - Iniciando migração dos itens...
2025-01-13 20:38:43,653 - INFO - 
        Migração concluída em 0:00:00.507149:
        - Total de itens migrados: 0
        - Total de erros: 0
        
2025-01-13 20:38:43,653 - WARNING - 
Contratos não encontrados:
2025-01-13 20:38:43,653 - WARNING - - Contrato C1529
2025-01-13 20:38:43,653 - WARNING - - Contrato C1530
2025-01-13 20:38:43,653 - WARNING - - Contrato C1531
2025-01-13 20:38:43,653 - WARNING - - Contrato C1532
2025-01-13 20:38:43,653 - WARNING - - Contrato C1533
2025-01-13 20:38:43,653 - WARNING - - Contrato C1535
2025-01-13 20:38:43,653 - WARNING - - Contrato C1536
2025-01-13 20:38:43,653 - WARNING - - Contrato C1538
2025-01-13 20:38:43,653 - WARNING - - Contrato C1539
2025-01-13 20:38:43,653 - WARNING - - Contrato C1540
2025-01-13 20:38:43,653 - WARNING - - Contrato C1541
2025-01-13 20:38:43,653 - WARNING - - Contrato C1542
2025-01-13 20:38:43,654 - WARNING - - Contrato C1543
2025-01-13 20:38:43,654 - WARNING - - Contrato C1544
2025-01-13 20:38:43,654 - WARNING - - Contrato C1545
2025-01-13 20:38:43,654 - WARNING - - Contrato C1546
2025-01-13 20:38:43,654 - WARNING - - Contrato C1547
2025-01-13 20:38:43,654 - WARNING - - Contrato C1548
2025-01-13 20:38:43,654 - WARNING - - Contrato C1549
2025-01-13 20:38:43,654 - WARNING - - Contrato C1550
2025-01-13 20:38:43,654 - WARNING - - Contrato C1551
2025-01-13 20:38:43,654 - WARNING - - Contrato C1552
2025-01-13 20:38:43,654 - WARNING - - Contrato C1553
2025-01-13 20:38:43,654 - WARNING - - Contrato C1554
2025-01-13 20:38:43,654 - WARNING - - Contrato C1555
2025-01-13 20:38:43,654 - WARNING - - Contrato C1556
2025-01-13 20:38:43,654 - WARNING - - Contrato C1558
2025-01-13 20:38:43,654 - WARNING - - Contrato C1560
2025-01-13 20:38:43,654 - WARNING - - Contrato C1562
2025-01-13 20:38:43,655 - WARNING - - Contrato C1563
2025-01-13 20:38:43,655 - WARNING - - Contrato C1564
2025-01-13 20:38:43,655 - WARNING - - Contrato C1565
2025-01-13 20:38:43,655 - WARNING - - Contrato C1569
2025-01-13 20:38:43,655 - WARNING - - Contrato C1571
2025-01-13 20:38:43,655 - WARNING - - Contrato C1572
2025-01-13 20:38:43,655 - WARNING - - Contrato C1573
2025-01-13 20:38:43,655 - WARNING - - Contrato C1574
2025-01-13 20:38:43,655 - WARNING - - Contrato C1575
2025-01-13 20:38:43,655 - WARNING - - Contrato C1576
2025-01-13 20:38:43,655 - WARNING - - Contrato C1577
2025-01-13 20:38:43,655 - WARNING - - Contrato C1578
2025-01-13 20:38:43,655 - WARNING - - Contrato C1579
2025-01-13 20:38:43,655 - WARNING - - Contrato C1580
2025-01-13 20:38:43,655 - WARNING - - Contrato C1581
2025-01-13 20:38:43,655 - WARNING - - Contrato C1582
2025-01-13 20:38:43,655 - WARNING - - Contrato C1583
2025-01-13 20:38:43,655 - WARNING - - Contrato C1584
2025-01-13 20:38:43,656 - WARNING - - Contrato C1585
2025-01-13 20:38:43,656 - WARNING - - Contrato C1586
2025-01-13 20:38:43,656 - WARNING - - Contrato C1587
2025-01-13 20:38:43,656 - WARNING - - Contrato C1588
2025-01-13 20:38:43,656 - WARNING - - Contrato C1589
2025-01-13 20:38:43,656 - WARNING - - Contrato C1590
2025-01-13 20:38:43,656 - WARNING - - Contrato C1591
2025-01-13 20:38:43,656 - WARNING - - Contrato C1592
2025-01-13 20:38:43,656 - WARNING - - Contrato C1593
2025-01-13 20:38:43,656 - WARNING - - Contrato C1594
2025-01-13 20:38:43,656 - WARNING - - Contrato C1595
2025-01-13 20:38:43,656 - WARNING - - Contrato C1596
2025-01-13 20:38:43,656 - WARNING - - Contrato C1597
2025-01-13 20:38:43,656 - WARNING - - Contrato C1598
2025-01-13 20:38:43,656 - WARNING - - Contrato C1599
2025-01-13 20:38:43,656 - WARNING - - Contrato C1600
2025-01-13 20:38:43,656 - WARNING - - Contrato C1601
2025-01-13 20:38:43,657 - WARNING - - Contrato C1602
2025-01-13 20:38:43,657 - WARNING - - Contrato C1603
2025-01-13 20:38:43,657 - WARNING - - Contrato C1604
2025-01-13 20:38:43,657 - WARNING - - Contrato C1605
2025-01-13 20:38:43,657 - WARNING - - Contrato C1606
2025-01-13 20:51:56,809 - INFO - Iniciando migração de itens de contratos às 2025-01-13 20:51:56.809401
2025-01-13 20:51:56,810 - INFO - Estabelecendo conexões com os bancos de dados...
2025-01-13 20:51:57,221 - INFO - Iniciando limpeza das tabelas...
2025-01-13 20:51:57,229 - INFO - Limpando tabela itens_contrato_locacao...
2025-01-13 20:51:57,235 - INFO - Tabela itens_contrato_locacao limpa com sucesso
2025-01-13 20:51:57,242 - INFO - Limpeza de tabelas concluída com sucesso
2025-01-13 20:51:57,246 - INFO - Consultando dados do Access...
2025-01-13 20:51:57,259 - INFO - Iniciando migração dos itens...
2025-01-13 20:51:57,261 - INFO - 
        Migração concluída em 0:00:00.452186:
        - Total de itens migrados: 0
        - Total de erros: 0
        
2025-01-13 20:51:57,261 - WARNING - 
Contratos não encontrados:
2025-01-13 20:51:57,261 - WARNING - - Contrato C1529
2025-01-13 20:51:57,261 - WARNING - - Contrato C1530
2025-01-13 20:51:57,261 - WARNING - - Contrato C1531
2025-01-13 20:51:57,261 - WARNING - - Contrato C1532
2025-01-13 20:51:57,261 - WARNING - - Contrato C1533
2025-01-13 20:51:57,261 - WARNING - - Contrato C1535
2025-01-13 20:51:57,261 - WARNING - - Contrato C1536
2025-01-13 20:51:57,261 - WARNING - - Contrato C1538
2025-01-13 20:51:57,261 - WARNING - - Contrato C1539
2025-01-13 20:51:57,262 - WARNING - - Contrato C1540
2025-01-13 20:51:57,262 - WARNING - - Contrato C1541
2025-01-13 20:51:57,262 - WARNING - - Contrato C1542
2025-01-13 20:51:57,262 - WARNING - - Contrato C1543
2025-01-13 20:51:57,262 - WARNING - - Contrato C1544
2025-01-13 20:51:57,262 - WARNING - - Contrato C1545
2025-01-13 20:51:57,262 - WARNING - - Contrato C1546
2025-01-13 20:51:57,262 - WARNING - - Contrato C1547
2025-01-13 20:51:57,262 - WARNING - - Contrato C1548
2025-01-13 20:51:57,262 - WARNING - - Contrato C1549
2025-01-13 20:51:57,262 - WARNING - - Contrato C1550
2025-01-13 20:51:57,262 - WARNING - - Contrato C1551
2025-01-13 20:51:57,262 - WARNING - - Contrato C1552
2025-01-13 20:51:57,262 - WARNING - - Contrato C1553
2025-01-13 20:51:57,262 - WARNING - - Contrato C1554
2025-01-13 20:51:57,262 - WARNING - - Contrato C1555
2025-01-13 20:51:57,262 - WARNING - - Contrato C1556
2025-01-13 20:51:57,263 - WARNING - - Contrato C1558
2025-01-13 20:51:57,263 - WARNING - - Contrato C1560
2025-01-13 20:51:57,263 - WARNING - - Contrato C1562
2025-01-13 20:51:57,263 - WARNING - - Contrato C1563
2025-01-13 20:51:57,263 - WARNING - - Contrato C1564
2025-01-13 20:51:57,263 - WARNING - - Contrato C1565
2025-01-13 20:51:57,263 - WARNING - - Contrato C1569
2025-01-13 20:51:57,263 - WARNING - - Contrato C1571
2025-01-13 20:51:57,263 - WARNING - - Contrato C1572
2025-01-13 20:51:57,263 - WARNING - - Contrato C1573
2025-01-13 20:51:57,263 - WARNING - - Contrato C1574
2025-01-13 20:51:57,263 - WARNING - - Contrato C1575
2025-01-13 20:51:57,263 - WARNING - - Contrato C1576
2025-01-13 20:51:57,263 - WARNING - - Contrato C1577
2025-01-13 20:51:57,263 - WARNING - - Contrato C1578
2025-01-13 20:51:57,263 - WARNING - - Contrato C1579
2025-01-13 20:51:57,263 - WARNING - - Contrato C1580
2025-01-13 20:51:57,264 - WARNING - - Contrato C1581
2025-01-13 20:51:57,264 - WARNING - - Contrato C1582
2025-01-13 20:51:57,264 - WARNING - - Contrato C1583
2025-01-13 20:51:57,264 - WARNING - - Contrato C1584
2025-01-13 20:51:57,264 - WARNING - - Contrato C1585
2025-01-13 20:51:57,264 - WARNING - - Contrato C1586
2025-01-13 20:51:57,264 - WARNING - - Contrato C1587
2025-01-13 20:51:57,264 - WARNING - - Contrato C1588
2025-01-13 20:51:57,264 - WARNING - - Contrato C1589
2025-01-13 20:51:57,264 - WARNING - - Contrato C1590
2025-01-13 20:51:57,264 - WARNING - - Contrato C1591
2025-01-13 20:51:57,264 - WARNING - - Contrato C1592
2025-01-13 20:51:57,264 - WARNING - - Contrato C1593
2025-01-13 20:51:57,264 - WARNING - - Contrato C1594
2025-01-13 20:51:57,264 - WARNING - - Contrato C1595
2025-01-13 20:51:57,264 - WARNING - - Contrato C1596
2025-01-13 20:51:57,264 - WARNING - - Contrato C1597
2025-01-13 20:51:57,265 - WARNING - - Contrato C1598
2025-01-13 20:51:57,265 - WARNING - - Contrato C1599
2025-01-13 20:51:57,265 - WARNING - - Contrato C1600
2025-01-13 20:51:57,265 - WARNING - - Contrato C1601
2025-01-13 20:51:57,265 - WARNING - - Contrato C1602
2025-01-13 20:51:57,265 - WARNING - - Contrato C1603
2025-01-13 20:51:57,265 - WARNING - - Contrato C1604
2025-01-13 20:51:57,265 - WARNING - - Contrato C1605
2025-01-13 20:51:57,265 - WARNING - - Contrato C1606
2025-01-13 20:55:29,608 - INFO - Iniciando migração de itens de contratos às 2025-01-13 20:55:29.608932
2025-01-13 20:55:29,608 - INFO - Estabelecendo conexões com os bancos de dados...
2025-01-13 20:55:30,057 - INFO - Iniciando limpeza das tabelas...
2025-01-13 20:55:30,067 - INFO - Limpando tabela itens_contrato_locacao...
2025-01-13 20:55:30,073 - INFO - Tabela itens_contrato_locacao limpa com sucesso
2025-01-13 20:55:30,080 - INFO - Limpeza de tabelas concluída com sucesso
2025-01-13 20:55:30,086 - INFO - Consultando dados do Access...
2025-01-13 20:55:30,096 - INFO - Iniciando migração dos itens...
2025-01-13 20:55:30,098 - INFO - 
        Migração concluída em 0:00:00.489190:
        - Total de itens migrados: 0
        - Total de erros: 0
        
2025-01-13 20:55:30,098 - WARNING - 
Contratos não encontrados:
2025-01-13 20:55:30,098 - WARNING - - Contrato C1529
2025-01-13 20:55:30,098 - WARNING - - Contrato C1530
2025-01-13 20:55:30,098 - WARNING - - Contrato C1531
2025-01-13 20:55:30,098 - WARNING - - Contrato C1532
2025-01-13 20:55:30,098 - WARNING - - Contrato C1533
2025-01-13 20:55:30,098 - WARNING - - Contrato C1535
2025-01-13 20:55:30,098 - WARNING - - Contrato C1536
2025-01-13 20:55:30,098 - WARNING - - Contrato C1538
2025-01-13 20:55:30,098 - WARNING - - Contrato C1539
2025-01-13 20:55:30,098 - WARNING - - Contrato C1540
2025-01-13 20:55:30,098 - WARNING - - Contrato C1541
2025-01-13 20:55:30,098 - WARNING - - Contrato C1542
2025-01-13 20:55:30,098 - WARNING - - Contrato C1543
2025-01-13 20:55:30,099 - WARNING - - Contrato C1544
2025-01-13 20:55:30,099 - WARNING - - Contrato C1545
2025-01-13 20:55:30,099 - WARNING - - Contrato C1546
2025-01-13 20:55:30,099 - WARNING - - Contrato C1547
2025-01-13 20:55:30,099 - WARNING - - Contrato C1548
2025-01-13 20:55:30,099 - WARNING - - Contrato C1549
2025-01-13 20:55:30,099 - WARNING - - Contrato C1550
2025-01-13 20:55:30,099 - WARNING - - Contrato C1551
2025-01-13 20:55:30,099 - WARNING - - Contrato C1552
2025-01-13 20:55:30,099 - WARNING - - Contrato C1553
2025-01-13 20:55:30,099 - WARNING - - Contrato C1554
2025-01-13 20:55:30,099 - WARNING - - Contrato C1555
2025-01-13 20:55:30,099 - WARNING - - Contrato C1556
2025-01-13 20:55:30,099 - WARNING - - Contrato C1558
2025-01-13 20:55:30,099 - WARNING - - Contrato C1560
2025-01-13 20:55:30,099 - WARNING - - Contrato C1562
2025-01-13 20:55:30,099 - WARNING - - Contrato C1563
2025-01-13 20:55:30,099 - WARNING - - Contrato C1564
2025-01-13 20:55:30,099 - WARNING - - Contrato C1565
2025-01-13 20:55:30,100 - WARNING - - Contrato C1569
2025-01-13 20:55:30,100 - WARNING - - Contrato C1571
2025-01-13 20:55:30,100 - WARNING - - Contrato C1572
2025-01-13 20:55:30,100 - WARNING - - Contrato C1573
2025-01-13 20:55:30,100 - WARNING - - Contrato C1574
2025-01-13 20:55:30,100 - WARNING - - Contrato C1575
2025-01-13 20:55:30,100 - WARNING - - Contrato C1576
2025-01-13 20:55:30,100 - WARNING - - Contrato C1577
2025-01-13 20:55:30,100 - WARNING - - Contrato C1578
2025-01-13 20:55:30,100 - WARNING - - Contrato C1579
2025-01-13 20:55:30,100 - WARNING - - Contrato C1580
2025-01-13 20:55:30,100 - WARNING - - Contrato C1581
2025-01-13 20:55:30,100 - WARNING - - Contrato C1582
2025-01-13 20:55:30,100 - WARNING - - Contrato C1583
2025-01-13 20:55:30,100 - WARNING - - Contrato C1584
2025-01-13 20:55:30,100 - WARNING - - Contrato C1585
2025-01-13 20:55:30,100 - WARNING - - Contrato C1586
2025-01-13 20:55:30,101 - WARNING - - Contrato C1587
2025-01-13 20:55:30,101 - WARNING - - Contrato C1588
2025-01-13 20:55:30,101 - WARNING - - Contrato C1589
2025-01-13 20:55:30,101 - WARNING - - Contrato C1590
2025-01-13 20:55:30,101 - WARNING - - Contrato C1591
2025-01-13 20:55:30,101 - WARNING - - Contrato C1592
2025-01-13 20:55:30,101 - WARNING - - Contrato C1593
2025-01-13 20:55:30,101 - WARNING - - Contrato C1594
2025-01-13 20:55:30,101 - WARNING - - Contrato C1595
2025-01-13 20:55:30,101 - WARNING - - Contrato C1596
2025-01-13 20:55:30,101 - WARNING - - Contrato C1597
2025-01-13 20:55:30,101 - WARNING - - Contrato C1598
2025-01-13 20:55:30,101 - WARNING - - Contrato C1599
2025-01-13 20:55:30,101 - WARNING - - Contrato C1600
2025-01-13 20:55:30,101 - WARNING - - Contrato C1601
2025-01-13 20:55:30,101 - WARNING - - Contrato C1602
2025-01-13 20:55:30,101 - WARNING - - Contrato C1603
2025-01-13 20:55:30,101 - WARNING - - Contrato C1604
2025-01-13 20:55:30,101 - WARNING - - Contrato C1605
2025-01-13 20:55:30,101 - WARNING - - Contrato C1606
2025-01-13 20:59:17,660 - INFO - Iniciando migração de itens de contratos às 2025-01-13 20:59:17.660118
2025-01-13 20:59:17,660 - INFO - Estabelecendo conexões com os bancos de dados...
2025-01-13 20:59:18,070 - INFO - Iniciando limpeza das tabelas...
2025-01-13 20:59:18,082 - INFO - Limpando tabela itens_contrato_locacao...
2025-01-13 20:59:18,089 - INFO - Tabela itens_contrato_locacao limpa com sucesso
2025-01-13 20:59:18,095 - INFO - Limpeza de tabelas concluída com sucesso
2025-01-13 20:59:18,100 - INFO - Consultando dados do Access...
2025-01-13 20:59:18,111 - INFO - Iniciando migração dos itens...
2025-01-13 20:59:18,114 - INFO - 
        Migração concluída em 0:00:00.453895:
        - Total de itens migrados: 0
        - Total de erros: 0
        
2025-01-13 20:59:18,114 - WARNING - 
Contratos não encontrados:
2025-01-13 20:59:18,114 - WARNING - - Contrato C1529
2025-01-13 20:59:18,114 - WARNING - - Contrato C1530
2025-01-13 20:59:18,114 - WARNING - - Contrato C1531
2025-01-13 20:59:18,114 - WARNING - - Contrato C1532
2025-01-13 20:59:18,114 - WARNING - - Contrato C1533
2025-01-13 20:59:18,114 - WARNING - - Contrato C1535
2025-01-13 20:59:18,114 - WARNING - - Contrato C1536
2025-01-13 20:59:18,115 - WARNING - - Contrato C1538
2025-01-13 20:59:18,115 - WARNING - - Contrato C1539
2025-01-13 20:59:18,115 - WARNING - - Contrato C1540
2025-01-13 20:59:18,115 - WARNING - - Contrato C1541
2025-01-13 20:59:18,115 - WARNING - - Contrato C1542
2025-01-13 20:59:18,115 - WARNING - - Contrato C1543
2025-01-13 20:59:18,115 - WARNING - - Contrato C1544
2025-01-13 20:59:18,115 - WARNING - - Contrato C1545
2025-01-13 20:59:18,115 - WARNING - - Contrato C1546
2025-01-13 20:59:18,115 - WARNING - - Contrato C1547
2025-01-13 20:59:18,115 - WARNING - - Contrato C1548
2025-01-13 20:59:18,115 - WARNING - - Contrato C1549
2025-01-13 20:59:18,115 - WARNING - - Contrato C1550
2025-01-13 20:59:18,115 - WARNING - - Contrato C1551
2025-01-13 20:59:18,115 - WARNING - - Contrato C1552
2025-01-13 20:59:18,116 - WARNING - - Contrato C1553
2025-01-13 20:59:18,116 - WARNING - - Contrato C1554
2025-01-13 20:59:18,116 - WARNING - - Contrato C1555
2025-01-13 20:59:18,116 - WARNING - - Contrato C1556
2025-01-13 20:59:18,116 - WARNING - - Contrato C1558
2025-01-13 20:59:18,116 - WARNING - - Contrato C1560
2025-01-13 20:59:18,116 - WARNING - - Contrato C1562
2025-01-13 20:59:18,116 - WARNING - - Contrato C1563
2025-01-13 20:59:18,116 - WARNING - - Contrato C1564
2025-01-13 20:59:18,116 - WARNING - - Contrato C1565
2025-01-13 20:59:18,116 - WARNING - - Contrato C1569
2025-01-13 20:59:18,116 - WARNING - - Contrato C1571
2025-01-13 20:59:18,116 - WARNING - - Contrato C1572
2025-01-13 20:59:18,116 - WARNING - - Contrato C1573
2025-01-13 20:59:18,117 - WARNING - - Contrato C1574
2025-01-13 20:59:18,117 - WARNING - - Contrato C1575
2025-01-13 20:59:18,117 - WARNING - - Contrato C1576
2025-01-13 20:59:18,117 - WARNING - - Contrato C1577
2025-01-13 20:59:18,117 - WARNING - - Contrato C1578
2025-01-13 20:59:18,117 - WARNING - - Contrato C1579
2025-01-13 20:59:18,117 - WARNING - - Contrato C1580
2025-01-13 20:59:18,117 - WARNING - - Contrato C1581
2025-01-13 20:59:18,117 - WARNING - - Contrato C1582
2025-01-13 20:59:18,117 - WARNING - - Contrato C1583
2025-01-13 20:59:18,117 - WARNING - - Contrato C1584
2025-01-13 20:59:18,117 - WARNING - - Contrato C1585
2025-01-13 20:59:18,117 - WARNING - - Contrato C1586
2025-01-13 20:59:18,117 - WARNING - - Contrato C1587
2025-01-13 20:59:18,117 - WARNING - - Contrato C1588
2025-01-13 20:59:18,117 - WARNING - - Contrato C1589
2025-01-13 20:59:18,117 - WARNING - - Contrato C1590
2025-01-13 20:59:18,117 - WARNING - - Contrato C1591
2025-01-13 20:59:18,117 - WARNING - - Contrato C1592
2025-01-13 20:59:18,118 - WARNING - - Contrato C1593
2025-01-13 20:59:18,118 - WARNING - - Contrato C1594
2025-01-13 20:59:18,118 - WARNING - - Contrato C1595
2025-01-13 20:59:18,118 - WARNING - - Contrato C1596
2025-01-13 20:59:18,118 - WARNING - - Contrato C1597
2025-01-13 20:59:18,118 - WARNING - - Contrato C1598
2025-01-13 20:59:18,118 - WARNING - - Contrato C1599
2025-01-13 20:59:18,118 - WARNING - - Contrato C1600
2025-01-13 20:59:18,118 - WARNING - - Contrato C1601
2025-01-13 20:59:18,118 - WARNING - - Contrato C1602
2025-01-13 20:59:18,118 - WARNING - - Contrato C1603
2025-01-13 20:59:18,118 - WARNING - - Contrato C1604
2025-01-13 20:59:18,118 - WARNING - - Contrato C1605
2025-01-13 20:59:18,118 - WARNING - - Contrato C1606
2025-01-13 21:03:50,284 - INFO - Iniciando migração de itens de contratos às 2025-01-13 21:03:50.284808
2025-01-13 21:03:50,284 - INFO - Estabelecendo conexões com os bancos de dados...
2025-01-13 21:03:50,678 - INFO - Iniciando limpeza das tabelas...
2025-01-13 21:03:50,689 - INFO - Limpando tabela itens_contrato_locacao...
2025-01-13 21:03:50,695 - INFO - Tabela itens_contrato_locacao limpa com sucesso
2025-01-13 21:03:50,702 - INFO - Limpeza de tabelas concluída com sucesso
2025-01-13 21:03:50,706 - INFO - Consultando dados do Access...
2025-01-13 21:03:50,718 - INFO - Iniciando migração dos itens...
2025-01-13 21:03:50,720 - INFO - 
        Migração concluída em 0:00:00.435550:
        - Total de itens migrados: 0
        - Total de erros: 0
        
2025-01-13 21:03:50,720 - WARNING - 
Contratos não encontrados:
2025-01-13 21:03:50,720 - WARNING - - Contrato C1529
2025-01-13 21:03:50,720 - WARNING - - Contrato C1530
2025-01-13 21:03:50,720 - WARNING - - Contrato C1531
2025-01-13 21:03:50,720 - WARNING - - Contrato C1532
2025-01-13 21:03:50,720 - WARNING - - Contrato C1533
2025-01-13 21:03:50,721 - WARNING - - Contrato C1535
2025-01-13 21:03:50,721 - WARNING - - Contrato C1536
2025-01-13 21:03:50,721 - WARNING - - Contrato C1538
2025-01-13 21:03:50,721 - WARNING - - Contrato C1539
2025-01-13 21:03:50,721 - WARNING - - Contrato C1540
2025-01-13 21:03:50,721 - WARNING - - Contrato C1541
2025-01-13 21:03:50,721 - WARNING - - Contrato C1542
2025-01-13 21:03:50,721 - WARNING - - Contrato C1543
2025-01-13 21:03:50,721 - WARNING - - Contrato C1544
2025-01-13 21:03:50,721 - WARNING - - Contrato C1545
2025-01-13 21:03:50,721 - WARNING - - Contrato C1546
2025-01-13 21:03:50,721 - WARNING - - Contrato C1547
2025-01-13 21:03:50,721 - WARNING - - Contrato C1548
2025-01-13 21:03:50,721 - WARNING - - Contrato C1549
2025-01-13 21:03:50,721 - WARNING - - Contrato C1550
2025-01-13 21:03:50,721 - WARNING - - Contrato C1551
2025-01-13 21:03:50,721 - WARNING - - Contrato C1552
2025-01-13 21:03:50,721 - WARNING - - Contrato C1553
2025-01-13 21:03:50,721 - WARNING - - Contrato C1554
2025-01-13 21:03:50,722 - WARNING - - Contrato C1555
2025-01-13 21:03:50,722 - WARNING - - Contrato C1556
2025-01-13 21:03:50,722 - WARNING - - Contrato C1558
2025-01-13 21:03:50,722 - WARNING - - Contrato C1560
2025-01-13 21:03:50,722 - WARNING - - Contrato C1562
2025-01-13 21:03:50,722 - WARNING - - Contrato C1563
2025-01-13 21:03:50,722 - WARNING - - Contrato C1564
2025-01-13 21:03:50,722 - WARNING - - Contrato C1565
2025-01-13 21:03:50,722 - WARNING - - Contrato C1569
2025-01-13 21:03:50,722 - WARNING - - Contrato C1571
2025-01-13 21:03:50,722 - WARNING - - Contrato C1572
2025-01-13 21:03:50,722 - WARNING - - Contrato C1573
2025-01-13 21:03:50,722 - WARNING - - Contrato C1574
2025-01-13 21:03:50,722 - WARNING - - Contrato C1575
2025-01-13 21:03:50,722 - WARNING - - Contrato C1576
2025-01-13 21:03:50,722 - WARNING - - Contrato C1577
2025-01-13 21:03:50,722 - WARNING - - Contrato C1578
2025-01-13 21:03:50,722 - WARNING - - Contrato C1579
2025-01-13 21:03:50,722 - WARNING - - Contrato C1580
2025-01-13 21:03:50,723 - WARNING - - Contrato C1581
2025-01-13 21:03:50,723 - WARNING - - Contrato C1582
2025-01-13 21:03:50,723 - WARNING - - Contrato C1583
2025-01-13 21:03:50,723 - WARNING - - Contrato C1584
2025-01-13 21:03:50,723 - WARNING - - Contrato C1585
2025-01-13 21:03:50,723 - WARNING - - Contrato C1586
2025-01-13 21:03:50,723 - WARNING - - Contrato C1587
2025-01-13 21:03:50,723 - WARNING - - Contrato C1588
2025-01-13 21:03:50,723 - WARNING - - Contrato C1589
2025-01-13 21:03:50,723 - WARNING - - Contrato C1590
2025-01-13 21:03:50,723 - WARNING - - Contrato C1591
2025-01-13 21:03:50,723 - WARNING - - Contrato C1592
2025-01-13 21:03:50,723 - WARNING - - Contrato C1593
2025-01-13 21:03:50,723 - WARNING - - Contrato C1594
2025-01-13 21:03:50,723 - WARNING - - Contrato C1595
2025-01-13 21:03:50,723 - WARNING - - Contrato C1596
2025-01-13 21:03:50,723 - WARNING - - Contrato C1597
2025-01-13 21:03:50,723 - WARNING - - Contrato C1598
2025-01-13 21:03:50,723 - WARNING - - Contrato C1599
2025-01-13 21:03:50,723 - WARNING - - Contrato C1600
2025-01-13 21:03:50,724 - WARNING - - Contrato C1601
2025-01-13 21:03:50,724 - WARNING - - Contrato C1602
2025-01-13 21:03:50,724 - WARNING - - Contrato C1603
2025-01-13 21:03:50,724 - WARNING - - Contrato C1604
2025-01-13 21:03:50,724 - WARNING - - Contrato C1605
2025-01-13 21:03:50,724 - WARNING - - Contrato C1606
2025-01-13 21:07:57,112 - INFO - Iniciando migração de itens de contratos às 2025-01-13 21:07:57.112526
2025-01-13 21:07:57,112 - INFO - Estabelecendo conexões com os bancos de dados...
2025-01-13 21:07:57,504 - INFO - Iniciando limpeza das tabelas...
2025-01-13 21:07:57,512 - INFO - Limpando tabela itens_contrato_locacao...
2025-01-13 21:07:57,518 - INFO - Tabela itens_contrato_locacao limpa com sucesso
2025-01-13 21:07:57,525 - INFO - Limpeza de tabelas concluída com sucesso
2025-01-13 21:07:57,530 - INFO - Consultando dados do Access...
2025-01-13 21:07:57,539 - INFO - Iniciando migração dos itens...
2025-01-13 21:07:57,541 - INFO - 
        Migração concluída em 0:00:00.429340:
        - Total de itens migrados: 0
        - Total de erros: 0
        
2025-01-13 21:07:57,541 - WARNING - 
Contratos não encontrados:
2025-01-13 21:07:57,541 - WARNING - - Contrato C1529
2025-01-13 21:07:57,541 - WARNING - - Contrato C1530
2025-01-13 21:07:57,541 - WARNING - - Contrato C1531
2025-01-13 21:07:57,541 - WARNING - - Contrato C1532
2025-01-13 21:07:57,541 - WARNING - - Contrato C1533
2025-01-13 21:07:57,541 - WARNING - - Contrato C1535
2025-01-13 21:07:57,541 - WARNING - - Contrato C1536
2025-01-13 21:07:57,541 - WARNING - - Contrato C1538
2025-01-13 21:07:57,542 - WARNING - - Contrato C1539
2025-01-13 21:07:57,542 - WARNING - - Contrato C1540
2025-01-13 21:07:57,542 - WARNING - - Contrato C1541
2025-01-13 21:07:57,542 - WARNING - - Contrato C1542
2025-01-13 21:07:57,542 - WARNING - - Contrato C1543
2025-01-13 21:07:57,542 - WARNING - - Contrato C1544
2025-01-13 21:07:57,542 - WARNING - - Contrato C1545
2025-01-13 21:07:57,542 - WARNING - - Contrato C1546
2025-01-13 21:07:57,542 - WARNING - - Contrato C1547
2025-01-13 21:07:57,542 - WARNING - - Contrato C1548
2025-01-13 21:07:57,542 - WARNING - - Contrato C1549
2025-01-13 21:07:57,542 - WARNING - - Contrato C1550
2025-01-13 21:07:57,542 - WARNING - - Contrato C1551
2025-01-13 21:07:57,542 - WARNING - - Contrato C1552
2025-01-13 21:07:57,542 - WARNING - - Contrato C1553
2025-01-13 21:07:57,542 - WARNING - - Contrato C1554
2025-01-13 21:07:57,542 - WARNING - - Contrato C1555
2025-01-13 21:07:57,543 - WARNING - - Contrato C1556
2025-01-13 21:07:57,543 - WARNING - - Contrato C1558
2025-01-13 21:07:57,543 - WARNING - - Contrato C1560
2025-01-13 21:07:57,543 - WARNING - - Contrato C1562
2025-01-13 21:07:57,543 - WARNING - - Contrato C1563
2025-01-13 21:07:57,543 - WARNING - - Contrato C1564
2025-01-13 21:07:57,543 - WARNING - - Contrato C1565
2025-01-13 21:07:57,543 - WARNING - - Contrato C1569
2025-01-13 21:07:57,543 - WARNING - - Contrato C1571
2025-01-13 21:07:57,543 - WARNING - - Contrato C1572
2025-01-13 21:07:57,543 - WARNING - - Contrato C1573
2025-01-13 21:07:57,543 - WARNING - - Contrato C1574
2025-01-13 21:07:57,543 - WARNING - - Contrato C1575
2025-01-13 21:07:57,543 - WARNING - - Contrato C1576
2025-01-13 21:07:57,543 - WARNING - - Contrato C1577
2025-01-13 21:07:57,543 - WARNING - - Contrato C1578
2025-01-13 21:07:57,543 - WARNING - - Contrato C1579
2025-01-13 21:07:57,543 - WARNING - - Contrato C1580
2025-01-13 21:07:57,543 - WARNING - - Contrato C1581
2025-01-13 21:07:57,543 - WARNING - - Contrato C1582
2025-01-13 21:07:57,544 - WARNING - - Contrato C1583
2025-01-13 21:07:57,544 - WARNING - - Contrato C1584
2025-01-13 21:07:57,544 - WARNING - - Contrato C1585
2025-01-13 21:07:57,544 - WARNING - - Contrato C1586
2025-01-13 21:07:57,544 - WARNING - - Contrato C1587
2025-01-13 21:07:57,544 - WARNING - - Contrato C1588
2025-01-13 21:07:57,544 - WARNING - - Contrato C1589
2025-01-13 21:07:57,544 - WARNING - - Contrato C1590
2025-01-13 21:07:57,544 - WARNING - - Contrato C1591
2025-01-13 21:07:57,544 - WARNING - - Contrato C1592
2025-01-13 21:07:57,544 - WARNING - - Contrato C1593
2025-01-13 21:07:57,544 - WARNING - - Contrato C1594
2025-01-13 21:07:57,544 - WARNING - - Contrato C1595
2025-01-13 21:07:57,544 - WARNING - - Contrato C1596
2025-01-13 21:07:57,544 - WARNING - - Contrato C1597
2025-01-13 21:07:57,544 - WARNING - - Contrato C1598
2025-01-13 21:07:57,544 - WARNING - - Contrato C1599
2025-01-13 21:07:57,544 - WARNING - - Contrato C1600
2025-01-13 21:07:57,544 - WARNING - - Contrato C1601
2025-01-13 21:07:57,544 - WARNING - - Contrato C1602
2025-01-13 21:07:57,544 - WARNING - - Contrato C1603
2025-01-13 21:07:57,545 - WARNING - - Contrato C1604
2025-01-13 21:07:57,545 - WARNING - - Contrato C1605
2025-01-13 21:07:57,545 - WARNING - - Contrato C1606
2025-08-30 08:12:40,946 - INFO - Iniciando migração de itens de contratos às 2025-08-30 08:12:40.945129
2025-08-30 08:12:40,946 - INFO - Estabelecendo conexões com os bancos de dados...
2025-08-30 08:12:41,289 - INFO - Iniciando limpeza das tabelas...
2025-08-30 08:12:41,293 - ERROR - Erro durante processo de limpeza: ERRO:  permissão negada ao definir parâmetro "session_replication_role"

2025-08-30 08:12:41,293 - ERROR - Erro durante a migração: ERRO:  permissão negada ao definir parâmetro "session_replication_role"

2025-08-30 08:36:07,274 - INFO - Iniciando migração de itens de contratos às 2025-08-30 08:36:07.274600
2025-08-30 08:36:07,275 - INFO - Estabelecendo conexões com os bancos de dados...
2025-08-30 08:36:07,738 - INFO - Iniciando limpeza das tabelas...
2025-08-30 08:36:07,743 - ERROR - Erro durante processo de limpeza: ERRO:  permissão negada ao definir parâmetro "session_replication_role"

2025-08-30 08:36:07,744 - ERROR - Erro durante a migração: ERRO:  permissão negada ao definir parâmetro "session_replication_role"

2025-08-30 08:43:14,197 - INFO - Iniciando migração de itens de contratos às 2025-08-30 08:43:14.197620
2025-08-30 08:43:14,197 - INFO - Estabelecendo conexões com os bancos de dados...
2025-08-30 08:43:14,762 - INFO - Iniciando limpeza das tabelas...
2025-08-30 08:43:14,769 - INFO - Limpando tabela itens_contrato_locacao...
2025-08-30 08:43:14,778 - INFO - Tabela itens_contrato_locacao limpa com sucesso
2025-08-30 08:43:14,783 - INFO - Limpeza de tabelas concluída com sucesso
2025-08-30 08:43:14,787 - INFO - Consultando dados do Access...
2025-08-30 08:43:14,801 - INFO - Iniciando migração dos itens...
2025-08-30 08:43:14,803 - INFO - 
        Migração concluída em 0:00:00.605907:
        - Total de itens migrados: 0
        - Total de erros: 0
        
2025-08-30 08:43:14,803 - WARNING - 
Contratos não encontrados:
2025-08-30 08:43:14,803 - WARNING - - Contrato C1529
2025-08-30 08:43:14,804 - WARNING - - Contrato C1530
2025-08-30 08:43:14,804 - WARNING - - Contrato C1531
2025-08-30 08:43:14,804 - WARNING - - Contrato C1532
2025-08-30 08:43:14,804 - WARNING - - Contrato C1533
2025-08-30 08:43:14,804 - WARNING - - Contrato C1535
2025-08-30 08:43:14,804 - WARNING - - Contrato C1536
2025-08-30 08:43:14,804 - WARNING - - Contrato C1538
2025-08-30 08:43:14,804 - WARNING - - Contrato C1539
2025-08-30 08:43:14,804 - WARNING - - Contrato C1540
2025-08-30 08:43:14,804 - WARNING - - Contrato C1541
2025-08-30 08:43:14,804 - WARNING - - Contrato C1542
2025-08-30 08:43:14,804 - WARNING - - Contrato C1543
2025-08-30 08:43:14,804 - WARNING - - Contrato C1544
2025-08-30 08:43:14,804 - WARNING - - Contrato C1545
2025-08-30 08:43:14,804 - WARNING - - Contrato C1546
2025-08-30 08:43:14,804 - WARNING - - Contrato C1547
2025-08-30 08:43:14,805 - WARNING - - Contrato C1548
2025-08-30 08:43:14,805 - WARNING - - Contrato C1549
2025-08-30 08:43:14,805 - WARNING - - Contrato C1550
2025-08-30 08:43:14,805 - WARNING - - Contrato C1551
2025-08-30 08:43:14,805 - WARNING - - Contrato C1552
2025-08-30 08:43:14,805 - WARNING - - Contrato C1553
2025-08-30 08:43:14,805 - WARNING - - Contrato C1554
2025-08-30 08:43:14,805 - WARNING - - Contrato C1555
2025-08-30 08:43:14,805 - WARNING - - Contrato C1556
2025-08-30 08:43:14,805 - WARNING - - Contrato C1558
2025-08-30 08:43:14,805 - WARNING - - Contrato C1560
2025-08-30 08:43:14,805 - WARNING - - Contrato C1562
2025-08-30 08:43:14,805 - WARNING - - Contrato C1563
2025-08-30 08:43:14,805 - WARNING - - Contrato C1564
2025-08-30 08:43:14,805 - WARNING - - Contrato C1565
2025-08-30 08:43:14,805 - WARNING - - Contrato C1569
2025-08-30 08:43:14,806 - WARNING - - Contrato C1571
2025-08-30 08:43:14,806 - WARNING - - Contrato C1572
2025-08-30 08:43:14,806 - WARNING - - Contrato C1573
2025-08-30 08:43:14,806 - WARNING - - Contrato C1574
2025-08-30 08:43:14,806 - WARNING - - Contrato C1575
2025-08-30 08:43:14,806 - WARNING - - Contrato C1576
2025-08-30 08:43:14,806 - WARNING - - Contrato C1577
2025-08-30 08:43:14,806 - WARNING - - Contrato C1578
2025-08-30 08:43:14,806 - WARNING - - Contrato C1579
2025-08-30 08:43:14,806 - WARNING - - Contrato C1580
2025-08-30 08:43:14,806 - WARNING - - Contrato C1581
2025-08-30 08:43:14,806 - WARNING - - Contrato C1582
2025-08-30 08:43:14,806 - WARNING - - Contrato C1583
2025-08-30 08:43:14,806 - WARNING - - Contrato C1584
2025-08-30 08:43:14,806 - WARNING - - Contrato C1585
2025-08-30 08:43:14,807 - WARNING - - Contrato C1586
2025-08-30 08:43:14,807 - WARNING - - Contrato C1587
2025-08-30 08:43:14,807 - WARNING - - Contrato C1588
2025-08-30 08:43:14,807 - WARNING - - Contrato C1589
2025-08-30 08:43:14,807 - WARNING - - Contrato C1590
2025-08-30 08:43:14,807 - WARNING - - Contrato C1591
2025-08-30 08:43:14,807 - WARNING - - Contrato C1592
2025-08-30 08:43:14,807 - WARNING - - Contrato C1593
2025-08-30 08:43:14,807 - WARNING - - Contrato C1594
2025-08-30 08:43:14,807 - WARNING - - Contrato C1595
2025-08-30 08:43:14,807 - WARNING - - Contrato C1596
2025-08-30 08:43:14,807 - WARNING - - Contrato C1597
2025-08-30 08:43:14,807 - WARNING - - Contrato C1598
2025-08-30 08:43:14,807 - WARNING - - Contrato C1599
2025-08-30 08:43:14,807 - WARNING - - Contrato C1600
2025-08-30 08:43:14,808 - WARNING - - Contrato C1601
2025-08-30 08:43:14,808 - WARNING - - Contrato C1602
2025-08-30 08:43:14,808 - WARNING - - Contrato C1603
2025-08-30 08:43:14,808 - WARNING - - Contrato C1604
2025-08-30 08:43:14,808 - WARNING - - Contrato C1605
2025-08-30 08:43:14,808 - WARNING - - Contrato C1606
2025-08-30 08:47:58,339 - INFO - Iniciando migração de itens de contratos às 2025-08-30 08:47:58.339362
2025-08-30 08:47:58,339 - INFO - Estabelecendo conexões com os bancos de dados...
2025-08-30 08:47:58,717 - INFO - Iniciando limpeza das tabelas...
2025-08-30 08:47:58,726 - INFO - Limpando tabela itens_contrato_locacao...
2025-08-30 08:47:58,731 - INFO - Tabela itens_contrato_locacao limpa com sucesso
2025-08-30 08:47:58,742 - INFO - Limpeza de tabelas concluída com sucesso
2025-08-30 08:47:58,746 - INFO - Consultando dados do Access...
2025-08-30 08:47:58,755 - INFO - Iniciando migração dos itens...
2025-08-30 08:47:58,757 - INFO - 
        Migração concluída em 0:00:00.416696:
        - Total de itens migrados: 0
        - Total de erros: 0
        
2025-08-30 08:47:58,757 - WARNING - 
Contratos não encontrados:
2025-08-30 08:47:58,757 - WARNING - - Contrato C1529
2025-08-30 08:47:58,757 - WARNING - - Contrato C1530
2025-08-30 08:47:58,757 - WARNING - - Contrato C1531
2025-08-30 08:47:58,757 - WARNING - - Contrato C1532
2025-08-30 08:47:58,757 - WARNING - - Contrato C1533
2025-08-30 08:47:58,757 - WARNING - - Contrato C1535
2025-08-30 08:47:58,757 - WARNING - - Contrato C1536
2025-08-30 08:47:58,757 - WARNING - - Contrato C1538
2025-08-30 08:47:58,757 - WARNING - - Contrato C1539
2025-08-30 08:47:58,757 - WARNING - - Contrato C1540
2025-08-30 08:47:58,757 - WARNING - - Contrato C1541
2025-08-30 08:47:58,757 - WARNING - - Contrato C1542
2025-08-30 08:47:58,757 - WARNING - - Contrato C1543
2025-08-30 08:47:58,757 - WARNING - - Contrato C1544
2025-08-30 08:47:58,757 - WARNING - - Contrato C1545
2025-08-30 08:47:58,757 - WARNING - - Contrato C1546
2025-08-30 08:47:58,757 - WARNING - - Contrato C1547
2025-08-30 08:47:58,757 - WARNING - - Contrato C1548
2025-08-30 08:47:58,758 - WARNING - - Contrato C1549
2025-08-30 08:47:58,758 - WARNING - - Contrato C1550
2025-08-30 08:47:58,758 - WARNING - - Contrato C1551
2025-08-30 08:47:58,758 - WARNING - - Contrato C1552
2025-08-30 08:47:58,758 - WARNING - - Contrato C1553
2025-08-30 08:47:58,758 - WARNING - - Contrato C1554
2025-08-30 08:47:58,758 - WARNING - - Contrato C1555
2025-08-30 08:47:58,758 - WARNING - - Contrato C1556
2025-08-30 08:47:58,758 - WARNING - - Contrato C1558
2025-08-30 08:47:58,758 - WARNING - - Contrato C1560
2025-08-30 08:47:58,758 - WARNING - - Contrato C1562
2025-08-30 08:47:58,758 - WARNING - - Contrato C1563
2025-08-30 08:47:58,758 - WARNING - - Contrato C1564
2025-08-30 08:47:58,758 - WARNING - - Contrato C1565
2025-08-30 08:47:58,758 - WARNING - - Contrato C1569
2025-08-30 08:47:58,758 - WARNING - - Contrato C1571
2025-08-30 08:47:58,758 - WARNING - - Contrato C1572
2025-08-30 08:47:58,758 - WARNING - - Contrato C1573
2025-08-30 08:47:58,758 - WARNING - - Contrato C1574
2025-08-30 08:47:58,758 - WARNING - - Contrato C1575
2025-08-30 08:47:58,759 - WARNING - - Contrato C1576
2025-08-30 08:47:58,759 - WARNING - - Contrato C1577
2025-08-30 08:47:58,759 - WARNING - - Contrato C1578
2025-08-30 08:47:58,759 - WARNING - - Contrato C1579
2025-08-30 08:47:58,759 - WARNING - - Contrato C1580
2025-08-30 08:47:58,759 - WARNING - - Contrato C1581
2025-08-30 08:47:58,759 - WARNING - - Contrato C1582
2025-08-30 08:47:58,759 - WARNING - - Contrato C1583
2025-08-30 08:47:58,759 - WARNING - - Contrato C1584
2025-08-30 08:47:58,759 - WARNING - - Contrato C1585
2025-08-30 08:47:58,759 - WARNING - - Contrato C1586
2025-08-30 08:47:58,759 - WARNING - - Contrato C1587
2025-08-30 08:47:58,759 - WARNING - - Contrato C1588
2025-08-30 08:47:58,759 - WARNING - - Contrato C1589
2025-08-30 08:47:58,759 - WARNING - - Contrato C1590
2025-08-30 08:47:58,759 - WARNING - - Contrato C1591
2025-08-30 08:47:58,759 - WARNING - - Contrato C1592
2025-08-30 08:47:58,759 - WARNING - - Contrato C1593
2025-08-30 08:47:58,759 - WARNING - - Contrato C1594
2025-08-30 08:47:58,760 - WARNING - - Contrato C1595
2025-08-30 08:47:58,760 - WARNING - - Contrato C1596
2025-08-30 08:47:58,760 - WARNING - - Contrato C1597
2025-08-30 08:47:58,760 - WARNING - - Contrato C1598
2025-08-30 08:47:58,760 - WARNING - - Contrato C1599
2025-08-30 08:47:58,760 - WARNING - - Contrato C1600
2025-08-30 08:47:58,760 - WARNING - - Contrato C1601
2025-08-30 08:47:58,760 - WARNING - - Contrato C1602
2025-08-30 08:47:58,760 - WARNING - - Contrato C1603
2025-08-30 08:47:58,760 - WARNING - - Contrato C1604
2025-08-30 08:47:58,760 - WARNING - - Contrato C1605
2025-08-30 08:47:58,760 - WARNING - - Contrato C1606
2025-08-31 07:09:15,231 - INFO - Iniciando migração de itens de contratos às 2025-08-31 07:09:15.231979
2025-08-31 07:09:15,231 - INFO - Estabelecendo conexões com os bancos de dados...
2025-08-31 07:09:15,601 - INFO - Iniciando limpeza das tabelas...
2025-08-31 07:09:15,612 - INFO - Limpando tabela itens_contrato_locacao...
2025-08-31 07:09:15,619 - INFO - Tabela itens_contrato_locacao limpa com sucesso
2025-08-31 07:09:15,626 - INFO - Limpeza de tabelas concluída com sucesso
2025-08-31 07:09:15,631 - INFO - Consultando dados do Access...
2025-08-31 07:09:15,645 - INFO - Iniciando migração dos itens...
2025-08-31 07:09:15,648 - INFO - 
        Migração concluída em 0:00:00.416631:
        - Total de itens migrados: 0
        - Total de erros: 0
        
2025-08-31 07:09:15,648 - WARNING - 
Contratos não encontrados:
2025-08-31 07:09:15,648 - WARNING - - Contrato C1529
2025-08-31 07:09:15,648 - WARNING - - Contrato C1530
2025-08-31 07:09:15,648 - WARNING - - Contrato C1531
2025-08-31 07:09:15,648 - WARNING - - Contrato C1532
2025-08-31 07:09:15,648 - WARNING - - Contrato C1533
2025-08-31 07:09:15,648 - WARNING - - Contrato C1535
2025-08-31 07:09:15,648 - WARNING - - Contrato C1536
2025-08-31 07:09:15,648 - WARNING - - Contrato C1538
2025-08-31 07:09:15,648 - WARNING - - Contrato C1539
2025-08-31 07:09:15,648 - WARNING - - Contrato C1540
2025-08-31 07:09:15,648 - WARNING - - Contrato C1541
2025-08-31 07:09:15,648 - WARNING - - Contrato C1542
2025-08-31 07:09:15,649 - WARNING - - Contrato C1543
2025-08-31 07:09:15,649 - WARNING - - Contrato C1544
2025-08-31 07:09:15,649 - WARNING - - Contrato C1545
2025-08-31 07:09:15,649 - WARNING - - Contrato C1546
2025-08-31 07:09:15,649 - WARNING - - Contrato C1547
2025-08-31 07:09:15,649 - WARNING - - Contrato C1548
2025-08-31 07:09:15,649 - WARNING - - Contrato C1549
2025-08-31 07:09:15,649 - WARNING - - Contrato C1550
2025-08-31 07:09:15,649 - WARNING - - Contrato C1551
2025-08-31 07:09:15,649 - WARNING - - Contrato C1552
2025-08-31 07:09:15,649 - WARNING - - Contrato C1553
2025-08-31 07:09:15,649 - WARNING - - Contrato C1554
2025-08-31 07:09:15,649 - WARNING - - Contrato C1555
2025-08-31 07:09:15,649 - WARNING - - Contrato C1556
2025-08-31 07:09:15,649 - WARNING - - Contrato C1558
2025-08-31 07:09:15,649 - WARNING - - Contrato C1560
2025-08-31 07:09:15,649 - WARNING - - Contrato C1562
2025-08-31 07:09:15,650 - WARNING - - Contrato C1563
2025-08-31 07:09:15,650 - WARNING - - Contrato C1564
2025-08-31 07:09:15,650 - WARNING - - Contrato C1565
2025-08-31 07:09:15,650 - WARNING - - Contrato C1569
2025-08-31 07:09:15,650 - WARNING - - Contrato C1571
2025-08-31 07:09:15,650 - WARNING - - Contrato C1572
2025-08-31 07:09:15,650 - WARNING - - Contrato C1573
2025-08-31 07:09:15,650 - WARNING - - Contrato C1574
2025-08-31 07:09:15,650 - WARNING - - Contrato C1575
2025-08-31 07:09:15,650 - WARNING - - Contrato C1576
2025-08-31 07:09:15,650 - WARNING - - Contrato C1577
2025-08-31 07:09:15,650 - WARNING - - Contrato C1578
2025-08-31 07:09:15,650 - WARNING - - Contrato C1579
2025-08-31 07:09:15,650 - WARNING - - Contrato C1580
2025-08-31 07:09:15,650 - WARNING - - Contrato C1581
2025-08-31 07:09:15,650 - WARNING - - Contrato C1582
2025-08-31 07:09:15,651 - WARNING - - Contrato C1583
2025-08-31 07:09:15,651 - WARNING - - Contrato C1584
2025-08-31 07:09:15,651 - WARNING - - Contrato C1585
2025-08-31 07:09:15,651 - WARNING - - Contrato C1586
2025-08-31 07:09:15,651 - WARNING - - Contrato C1587
2025-08-31 07:09:15,651 - WARNING - - Contrato C1588
2025-08-31 07:09:15,651 - WARNING - - Contrato C1589
2025-08-31 07:09:15,651 - WARNING - - Contrato C1590
2025-08-31 07:09:15,651 - WARNING - - Contrato C1591
2025-08-31 07:09:15,651 - WARNING - - Contrato C1592
2025-08-31 07:09:15,651 - WARNING - - Contrato C1593
2025-08-31 07:09:15,651 - WARNING - - Contrato C1594
2025-08-31 07:09:15,651 - WARNING - - Contrato C1595
2025-08-31 07:09:15,651 - WARNING - - Contrato C1596
2025-08-31 07:09:15,651 - WARNING - - Contrato C1597
2025-08-31 07:09:15,651 - WARNING - - Contrato C1598
2025-08-31 07:09:15,651 - WARNING - - Contrato C1599
2025-08-31 07:09:15,652 - WARNING - - Contrato C1600
2025-08-31 07:09:15,652 - WARNING - - Contrato C1601
2025-08-31 07:09:15,652 - WARNING - - Contrato C1602
2025-08-31 07:09:15,652 - WARNING - - Contrato C1603
2025-08-31 07:09:15,652 - WARNING - - Contrato C1604
2025-08-31 07:09:15,652 - WARNING - - Contrato C1605
2025-08-31 07:09:15,652 - WARNING - - Contrato C1606
2025-08-31 07:09:15,652 - WARNING - - Contrato C1607
2025-08-31 07:09:15,652 - WARNING - - Contrato C1608
2025-08-31 07:09:15,652 - WARNING - - Contrato C1609
2025-08-31 07:09:15,652 - WARNING - - Contrato C1610
2025-08-31 07:09:15,652 - WARNING - - Contrato C1611
2025-08-31 07:09:15,652 - WARNING - - Contrato C1612
2025-08-31 07:09:15,652 - WARNING - - Contrato C1613
2025-08-31 07:09:15,652 - WARNING - - Contrato C1614
2025-08-31 07:09:15,652 - WARNING - - Contrato C1615
2025-08-31 07:09:15,652 - WARNING - - Contrato C1616
2025-08-31 07:09:15,652 - WARNING - - Contrato C1617
2025-08-31 07:09:15,652 - WARNING - - Contrato C1618
2025-08-31 07:09:15,653 - WARNING - - Contrato C1619
2025-08-31 07:09:15,653 - WARNING - - Contrato C1620
2025-08-31 07:09:15,653 - WARNING - - Contrato C1621
2025-08-31 07:09:15,653 - WARNING - - Contrato C1622
2025-08-31 07:09:15,653 - WARNING - - Contrato C1623
2025-08-31 08:25:15,165 - INFO - Iniciando migração de itens de contratos às 2025-08-31 08:25:15.165151
2025-08-31 08:25:15,165 - INFO - Estabelecendo conexões com os bancos de dados...
2025-08-31 08:25:15,615 - INFO - Iniciando limpeza das tabelas...
2025-08-31 08:25:15,615 - INFO - Limpando tabela itens_contrato_locacao...
2025-08-31 08:25:15,632 - INFO - Tabela itens_contrato_locacao limpa com sucesso
2025-08-31 08:25:15,632 - INFO - Limpeza de tabelas concluída com sucesso
2025-08-31 08:25:15,632 - INFO - Consultando dados do Access...
2025-08-31 08:25:15,649 - INFO - Iniciando migração dos itens...
2025-08-31 08:25:15,649 - INFO - 
        Migração concluída em 0:00:00.483906:
        - Total de itens migrados: 0
        - Total de erros: 0
        
2025-08-31 08:25:15,649 - WARNING - 
Contratos não encontrados:
2025-08-31 08:25:15,649 - WARNING - - Contrato C1529
2025-08-31 08:25:15,649 - WARNING - - Contrato C1530
2025-08-31 08:25:15,649 - WARNING - - Contrato C1531
2025-08-31 08:25:15,649 - WARNING - - Contrato C1532
2025-08-31 08:25:15,649 - WARNING - - Contrato C1533
2025-08-31 08:25:15,649 - WARNING - - Contrato C1535
2025-08-31 08:25:15,649 - WARNING - - Contrato C1536
2025-08-31 08:25:15,649 - WARNING - - Contrato C1538
2025-08-31 08:25:15,649 - WARNING - - Contrato C1539
2025-08-31 08:25:15,649 - WARNING - - Contrato C1540
2025-08-31 08:25:15,649 - WARNING - - Contrato C1541
2025-08-31 08:25:15,649 - WARNING - - Contrato C1542
2025-08-31 08:25:15,649 - WARNING - - Contrato C1543
2025-08-31 08:25:15,649 - WARNING - - Contrato C1544
2025-08-31 08:25:15,649 - WARNING - - Contrato C1545
2025-08-31 08:25:15,649 - WARNING - - Contrato C1546
2025-08-31 08:25:15,649 - WARNING - - Contrato C1547
2025-08-31 08:25:15,649 - WARNING - - Contrato C1548
2025-08-31 08:25:15,649 - WARNING - - Contrato C1549
2025-08-31 08:25:15,649 - WARNING - - Contrato C1550
2025-08-31 08:25:15,649 - WARNING - - Contrato C1551
2025-08-31 08:25:15,649 - WARNING - - Contrato C1552
2025-08-31 08:25:15,649 - WARNING - - Contrato C1553
2025-08-31 08:25:15,649 - WARNING - - Contrato C1554
2025-08-31 08:25:15,649 - WARNING - - Contrato C1555
2025-08-31 08:25:15,649 - WARNING - - Contrato C1556
2025-08-31 08:25:15,649 - WARNING - - Contrato C1558
2025-08-31 08:25:15,663 - WARNING - - Contrato C1560
2025-08-31 08:25:15,663 - WARNING - - Contrato C1562
2025-08-31 08:25:15,663 - WARNING - - Contrato C1563
2025-08-31 08:25:15,663 - WARNING - - Contrato C1564
2025-08-31 08:25:15,663 - WARNING - - Contrato C1565
2025-08-31 08:25:15,663 - WARNING - - Contrato C1569
2025-08-31 08:25:15,663 - WARNING - - Contrato C1571
2025-08-31 08:25:15,663 - WARNING - - Contrato C1572
2025-08-31 08:25:15,663 - WARNING - - Contrato C1573
2025-08-31 08:25:15,663 - WARNING - - Contrato C1574
2025-08-31 08:25:15,663 - WARNING - - Contrato C1575
2025-08-31 08:25:15,663 - WARNING - - Contrato C1576
2025-08-31 08:25:15,663 - WARNING - - Contrato C1577
2025-08-31 08:25:15,663 - WARNING - - Contrato C1578
2025-08-31 08:25:15,663 - WARNING - - Contrato C1579
2025-08-31 08:25:15,663 - WARNING - - Contrato C1580
2025-08-31 08:25:15,663 - WARNING - - Contrato C1581
2025-08-31 08:25:15,664 - WARNING - - Contrato C1582
2025-08-31 08:25:15,664 - WARNING - - Contrato C1583
2025-08-31 08:25:15,664 - WARNING - - Contrato C1584
2025-08-31 08:25:15,664 - WARNING - - Contrato C1585
2025-08-31 08:25:15,664 - WARNING - - Contrato C1586
2025-08-31 08:25:15,664 - WARNING - - Contrato C1587
2025-08-31 08:25:15,664 - WARNING - - Contrato C1588
2025-08-31 08:25:15,664 - WARNING - - Contrato C1589
2025-08-31 08:25:15,665 - WARNING - - Contrato C1590
2025-08-31 08:25:15,665 - WARNING - - Contrato C1591
2025-08-31 08:25:15,665 - WARNING - - Contrato C1592
2025-08-31 08:25:15,665 - WARNING - - Contrato C1593
2025-08-31 08:25:15,665 - WARNING - - Contrato C1594
2025-08-31 08:25:15,665 - WARNING - - Contrato C1595
2025-08-31 08:25:15,665 - WARNING - - Contrato C1596
2025-08-31 08:25:15,665 - WARNING - - Contrato C1597
2025-08-31 08:25:15,665 - WARNING - - Contrato C1598
2025-08-31 08:25:15,665 - WARNING - - Contrato C1599
2025-08-31 08:25:15,665 - WARNING - - Contrato C1600
2025-08-31 08:25:15,665 - WARNING - - Contrato C1601
2025-08-31 08:25:15,665 - WARNING - - Contrato C1602
2025-08-31 08:25:15,665 - WARNING - - Contrato C1603
2025-08-31 08:25:15,665 - WARNING - - Contrato C1604
2025-08-31 08:25:15,665 - WARNING - - Contrato C1605
2025-08-31 08:25:15,665 - WARNING - - Contrato C1606
2025-08-31 08:25:15,665 - WARNING - - Contrato C1607
2025-08-31 08:25:15,665 - WARNING - - Contrato C1608
2025-08-31 08:25:15,665 - WARNING - - Contrato C1609
2025-08-31 08:25:15,665 - WARNING - - Contrato C1610
2025-08-31 08:25:15,665 - WARNING - - Contrato C1611
2025-08-31 08:25:15,665 - WARNING - - Contrato C1612
2025-08-31 08:25:15,665 - WARNING - - Contrato C1613
2025-08-31 08:25:15,665 - WARNING - - Contrato C1614
2025-08-31 08:25:15,665 - WARNING - - Contrato C1615
2025-08-31 08:25:15,665 - WARNING - - Contrato C1616
2025-08-31 08:25:15,665 - WARNING - - Contrato C1617
2025-08-31 08:25:15,665 - WARNING - - Contrato C1618
2025-08-31 08:25:15,665 - WARNING - - Contrato C1619
2025-08-31 08:25:15,665 - WARNING - - Contrato C1620
2025-08-31 08:25:15,665 - WARNING - - Contrato C1621
2025-08-31 08:25:15,665 - WARNING - - Contrato C1622
2025-08-31 08:25:15,665 - WARNING - - Contrato C1623
2025-08-31 08:34:45,806 - INFO - Iniciando migração de itens de contratos às 2025-08-31 08:34:45.806241
2025-08-31 08:34:45,807 - INFO - Estabelecendo conexões com os bancos de dados...
2025-08-31 08:34:46,251 - INFO - Iniciando limpeza das tabelas...
2025-08-31 08:34:46,262 - INFO - Limpando tabela itens_contrato_locacao...
2025-08-31 08:34:46,267 - INFO - Tabela itens_contrato_locacao limpa com sucesso
2025-08-31 08:34:46,276 - INFO - Limpeza de tabelas concluída com sucesso
2025-08-31 08:34:46,278 - INFO - Consultando dados do Access...
2025-08-31 08:34:46,278 - INFO - Iniciando migração dos itens...
2025-08-31 08:34:46,278 - INFO - 
        Migração concluída em 0:00:00.472195:
        - Total de itens migrados: 0
        - Total de erros: 0
        
2025-08-31 08:34:46,278 - WARNING - 
Contratos não encontrados:
2025-08-31 08:34:46,278 - WARNING - - Contrato C1529
2025-08-31 08:34:46,293 - WARNING - - Contrato C1530
2025-08-31 08:34:46,293 - WARNING - - Contrato C1531
2025-08-31 08:34:46,293 - WARNING - - Contrato C1532
2025-08-31 08:34:46,293 - WARNING - - Contrato C1533
2025-08-31 08:34:46,294 - WARNING - - Contrato C1535
2025-08-31 08:34:46,294 - WARNING - - Contrato C1536
2025-08-31 08:34:46,294 - WARNING - - Contrato C1538
2025-08-31 08:34:46,294 - WARNING - - Contrato C1539
2025-08-31 08:34:46,294 - WARNING - - Contrato C1540
2025-08-31 08:34:46,295 - WARNING - - Contrato C1541
2025-08-31 08:34:46,295 - WARNING - - Contrato C1542
2025-08-31 08:34:46,295 - WARNING - - Contrato C1543
2025-08-31 08:34:46,295 - WARNING - - Contrato C1544
2025-08-31 08:34:46,295 - WARNING - - Contrato C1545
2025-08-31 08:34:46,295 - WARNING - - Contrato C1546
2025-08-31 08:34:46,295 - WARNING - - Contrato C1547
2025-08-31 08:34:46,295 - WARNING - - Contrato C1548
2025-08-31 08:34:46,295 - WARNING - - Contrato C1549
2025-08-31 08:34:46,295 - WARNING - - Contrato C1550
2025-08-31 08:34:46,295 - WARNING - - Contrato C1551
2025-08-31 08:34:46,295 - WARNING - - Contrato C1552
2025-08-31 08:34:46,295 - WARNING - - Contrato C1553
2025-08-31 08:34:46,295 - WARNING - - Contrato C1554
2025-08-31 08:34:46,295 - WARNING - - Contrato C1555
2025-08-31 08:34:46,295 - WARNING - - Contrato C1556
2025-08-31 08:34:46,295 - WARNING - - Contrato C1558
2025-08-31 08:34:46,295 - WARNING - - Contrato C1560
2025-08-31 08:34:46,295 - WARNING - - Contrato C1562
2025-08-31 08:34:46,295 - WARNING - - Contrato C1563
2025-08-31 08:34:46,295 - WARNING - - Contrato C1564
2025-08-31 08:34:46,295 - WARNING - - Contrato C1565
2025-08-31 08:34:46,295 - WARNING - - Contrato C1569
2025-08-31 08:34:46,295 - WARNING - - Contrato C1571
2025-08-31 08:34:46,295 - WARNING - - Contrato C1572
2025-08-31 08:34:46,295 - WARNING - - Contrato C1573
2025-08-31 08:34:46,295 - WARNING - - Contrato C1574
2025-08-31 08:34:46,295 - WARNING - - Contrato C1575
2025-08-31 08:34:46,295 - WARNING - - Contrato C1576
2025-08-31 08:34:46,295 - WARNING - - Contrato C1577
2025-08-31 08:34:46,295 - WARNING - - Contrato C1578
2025-08-31 08:34:46,295 - WARNING - - Contrato C1579
2025-08-31 08:34:46,295 - WARNING - - Contrato C1580
2025-08-31 08:34:46,295 - WARNING - - Contrato C1581
2025-08-31 08:34:46,295 - WARNING - - Contrato C1582
2025-08-31 08:34:46,295 - WARNING - - Contrato C1583
2025-08-31 08:34:46,295 - WARNING - - Contrato C1584
2025-08-31 08:34:46,295 - WARNING - - Contrato C1585
2025-08-31 08:34:46,295 - WARNING - - Contrato C1586
2025-08-31 08:34:46,295 - WARNING - - Contrato C1587
2025-08-31 08:34:46,295 - WARNING - - Contrato C1588
2025-08-31 08:34:46,295 - WARNING - - Contrato C1589
2025-08-31 08:34:46,295 - WARNING - - Contrato C1590
2025-08-31 08:34:46,295 - WARNING - - Contrato C1591
2025-08-31 08:34:46,295 - WARNING - - Contrato C1592
2025-08-31 08:34:46,295 - WARNING - - Contrato C1593
2025-08-31 08:34:46,295 - WARNING - - Contrato C1594
2025-08-31 08:34:46,295 - WARNING - - Contrato C1595
2025-08-31 08:34:46,295 - WARNING - - Contrato C1596
2025-08-31 08:34:46,295 - WARNING - - Contrato C1597
2025-08-31 08:34:46,295 - WARNING - - Contrato C1598
2025-08-31 08:34:46,295 - WARNING - - Contrato C1599
2025-08-31 08:34:46,295 - WARNING - - Contrato C1600
2025-08-31 08:34:46,295 - WARNING - - Contrato C1601
2025-08-31 08:34:46,295 - WARNING - - Contrato C1602
2025-08-31 08:34:46,295 - WARNING - - Contrato C1603
2025-08-31 08:34:46,295 - WARNING - - Contrato C1604
2025-08-31 08:34:46,295 - WARNING - - Contrato C1605
2025-08-31 08:34:46,295 - WARNING - - Contrato C1606
2025-08-31 08:34:46,295 - WARNING - - Contrato C1607
2025-08-31 08:34:46,295 - WARNING - - Contrato C1608
2025-08-31 08:34:46,295 - WARNING - - Contrato C1609
2025-08-31 08:34:46,295 - WARNING - - Contrato C1610
2025-08-31 08:34:46,295 - WARNING - - Contrato C1611
2025-08-31 08:34:46,295 - WARNING - - Contrato C1612
2025-08-31 08:34:46,295 - WARNING - - Contrato C1613
2025-08-31 08:34:46,295 - WARNING - - Contrato C1614
2025-08-31 08:34:46,295 - WARNING - - Contrato C1615
2025-08-31 08:34:46,295 - WARNING - - Contrato C1616
2025-08-31 08:34:46,295 - WARNING - - Contrato C1617
2025-08-31 08:34:46,295 - WARNING - - Contrato C1618
2025-08-31 08:34:46,295 - WARNING - - Contrato C1619
2025-08-31 08:34:46,295 - WARNING - - Contrato C1620
2025-08-31 08:34:46,295 - WARNING - - Contrato C1621
2025-08-31 08:34:46,295 - WARNING - - Contrato C1622
2025-08-31 08:34:46,295 - WARNING - - Contrato C1623
2025-09-01 00:51:28,398 - INFO - Iniciando migração de itens de contratos às 2025-09-01 00:51:28.383306
2025-09-01 00:51:28,399 - INFO - Estabelecendo conexões com os bancos de dados...
2025-09-01 00:51:29,026 - INFO - Iniciando limpeza das tabelas...
2025-09-01 00:51:29,033 - INFO - Limpando tabela itens_contrato_locacao...
2025-09-01 00:51:29,033 - INFO - Tabela itens_contrato_locacao limpa com sucesso
2025-09-01 00:51:29,050 - INFO - Limpeza de tabelas concluída com sucesso
2025-09-01 00:51:29,050 - INFO - Consultando dados do Access...
2025-09-01 00:51:29,083 - INFO - Iniciando migração dos itens...
2025-09-01 00:51:29,200 - INFO - Migrados 100 itens...
2025-09-01 00:51:29,300 - INFO - Migrados 200 itens...
2025-09-01 00:51:29,300 - INFO - 
        Migração concluída em 0:00:00.916888:
        - Total de itens migrados: 204
        - Total de erros: 0
        
2025-09-02 03:47:23,472 - INFO - Iniciando migração de itens de contratos às 2025-09-02 03:47:23.472332
2025-09-02 03:47:23,473 - INFO - Estabelecendo conexões com os bancos de dados...
2025-09-02 03:47:23,868 - INFO - Iniciando limpeza das tabelas...
2025-09-02 03:47:23,881 - INFO - Limpando tabela itens_contrato_locacao...
2025-09-02 03:47:23,891 - INFO - Tabela itens_contrato_locacao limpa com sucesso
2025-09-02 03:47:23,903 - INFO - Limpeza de tabelas concluída com sucesso
2025-09-02 03:47:23,912 - INFO - Consultando dados do Access...
2025-09-02 03:47:23,925 - INFO - Iniciando migração dos itens...
2025-09-02 03:47:24,012 - INFO - Migrados 100 itens...
2025-09-02 03:47:24,111 - INFO - Migrados 200 itens...
2025-09-02 03:47:24,116 - INFO - 
        Migração concluída em 0:00:00.643930:
        - Total de itens migrados: 204
        - Total de erros: 0
        
2025-09-08 02:02:38,641 - INFO - Iniciando migração de itens de contratos às 2025-09-08 02:02:38.641735
2025-09-08 02:02:38,641 - INFO - Estabelecendo conexões com os bancos de dados...
2025-09-08 02:02:39,019 - INFO - Iniciando limpeza das tabelas...
2025-09-08 02:02:39,028 - INFO - Limpando tabela itens_contrato_locacao...
2025-09-08 02:02:39,034 - INFO - Tabela itens_contrato_locacao limpa com sucesso
2025-09-08 02:02:39,041 - INFO - Limpeza de tabelas concluída com sucesso
2025-09-08 02:02:39,048 - INFO - Consultando dados do Access...
2025-09-08 02:02:39,060 - INFO - Iniciando migração dos itens...
2025-09-08 02:02:39,148 - INFO - Migrados 100 itens...
2025-09-08 02:02:39,218 - INFO - Migrados 200 itens...
2025-09-08 02:02:39,221 - INFO - 
        Migração concluída em 0:00:00.580047:
        - Total de itens migrados: 204
        - Total de erros: 0
        
2025-09-09 04:13:51,557 - INFO - Iniciando migração de itens de contratos às 2025-09-09 04:13:51.557442
2025-09-09 04:13:51,558 - INFO - Estabelecendo conexões com os bancos de dados...
2025-09-09 04:13:52,115 - INFO - Iniciando limpeza das tabelas...
2025-09-09 04:13:52,128 - INFO - Limpando tabela itens_contrato_locacao...
2025-09-09 04:13:52,138 - INFO - Tabela itens_contrato_locacao limpa com sucesso
2025-09-09 04:13:52,154 - INFO - Limpeza de tabelas concluída com sucesso
2025-09-09 04:13:52,164 - INFO - Consultando dados do Access...
2025-09-09 04:13:52,175 - INFO - Iniciando migração dos itens...
2025-09-09 04:13:52,299 - INFO - Migrados 100 itens...
2025-09-09 04:13:52,383 - INFO - Migrados 200 itens...
2025-09-09 04:13:52,388 - INFO - 
        Migração concluída em 0:00:00.830725:
        - Total de itens migrados: 204
        - Total de erros: 0
        
2025-09-09 04:47:08,516 - INFO - Iniciando migração de itens de contratos às 2025-09-09 04:47:08.516842
2025-09-09 04:47:08,516 - INFO - Estabelecendo conexões com os bancos de dados...
2025-09-09 04:47:08,975 - INFO - Iniciando limpeza das tabelas...
2025-09-09 04:47:08,984 - INFO - Limpando tabela itens_contrato_locacao...
2025-09-09 04:47:08,995 - INFO - Tabela itens_contrato_locacao limpa com sucesso
2025-09-09 04:47:09,002 - INFO - Limpeza de tabelas concluída com sucesso
2025-09-09 04:47:09,010 - INFO - Consultando dados do Access...
2025-09-09 04:47:09,022 - INFO - Iniciando migração dos itens...
2025-09-09 04:47:09,117 - INFO - Migrados 100 itens...
2025-09-09 04:47:09,188 - INFO - Migrados 200 itens...
2025-09-09 04:47:09,192 - INFO - 
        Migração concluída em 0:00:00.675439:
        - Total de itens migrados: 204
        - Total de erros: 0
        
