2025-01-10 16:00:00,022 - INFO - Iniciando migração de itens de NFSERV às 2025-01-10 16:00:00.022770
2025-01-10 16:00:00,023 - INFO - Estabelecendo conexões com os bancos de dados...
2025-01-10 16:00:00,521 - INFO - Iniciando limpeza das tabelas...
2025-01-10 16:00:00,531 - INFO - Limpando tabela itens_nf_servico...
2025-01-10 16:00:00,539 - INFO - Tabela itens_nf_servico limpa com sucesso
2025-01-10 16:00:00,548 - INFO - Limpeza de tabelas concluída com sucesso
2025-01-10 16:00:00,553 - INFO - Consultando dados do Access...
2025-01-10 16:00:00,617 - INFO - Iniciando migração dos itens...
2025-01-10 16:00:00,729 - INFO - Migrados 100 itens...
2025-01-10 16:00:00,832 - INFO - Migrados 200 itens...
2025-01-10 16:00:00,930 - INFO - Migrados 300 itens...
2025-01-10 16:00:01,045 - INFO - 
        Migração concluída em 0:00:01.022413:
        - Total de itens migrados: 387
        - Total de erros: 0
        
2025-01-13 20:38:49,317 - INFO - Iniciando migração de itens de NFSERV às 2025-01-13 20:38:49.317256
2025-01-13 20:38:49,318 - INFO - Estabelecendo conexões com os bancos de dados...
2025-01-13 20:38:49,709 - INFO - Iniciando limpeza das tabelas...
2025-01-13 20:38:49,717 - INFO - Limpando tabela itens_nf_servico...
2025-01-13 20:38:49,733 - INFO - Tabela itens_nf_servico limpa com sucesso
2025-01-13 20:38:49,742 - INFO - Limpeza de tabelas concluída com sucesso
2025-01-13 20:38:49,750 - INFO - Consultando dados do Access...
2025-01-13 20:38:49,824 - INFO - Iniciando migração dos itens...
2025-01-13 20:38:49,921 - INFO - Migrados 100 itens...
2025-01-13 20:38:49,993 - INFO - Migrados 200 itens...
2025-01-13 20:38:50,062 - INFO - Migrados 300 itens...
2025-01-13 20:38:50,118 - INFO - 
        Migração concluída em 0:00:00.801316:
        - Total de itens migrados: 387
        - Total de erros: 0
        
2025-01-13 20:52:14,118 - INFO - Iniciando migração de itens de NFSERV às 2025-01-13 20:52:14.118835
2025-01-13 20:52:14,119 - INFO - Estabelecendo conexões com os bancos de dados...
2025-01-13 20:52:14,511 - INFO - Iniciando limpeza das tabelas...
2025-01-13 20:52:14,519 - INFO - Limpando tabela itens_nf_servico...
2025-01-13 20:52:14,527 - INFO - Tabela itens_nf_servico limpa com sucesso
2025-01-13 20:52:14,534 - INFO - Limpeza de tabelas concluída com sucesso
2025-01-13 20:52:14,542 - INFO - Consultando dados do Access...
2025-01-13 20:52:14,603 - INFO - Iniciando migração dos itens...
2025-01-13 20:52:14,693 - INFO - Migrados 100 itens...
2025-01-13 20:52:14,766 - INFO - Migrados 200 itens...
2025-01-13 20:52:14,831 - INFO - Migrados 300 itens...
2025-01-13 20:52:14,897 - INFO - 
        Migração concluída em 0:00:00.778348:
        - Total de itens migrados: 387
        - Total de erros: 0
        
2025-01-13 20:55:38,816 - INFO - Iniciando migração de itens de NFSERV às 2025-01-13 20:55:38.816691
2025-01-13 20:55:38,816 - INFO - Estabelecendo conexões com os bancos de dados...
2025-01-13 20:55:39,204 - INFO - Iniciando limpeza das tabelas...
2025-01-13 20:55:39,213 - INFO - Limpando tabela itens_nf_servico...
2025-01-13 20:55:39,221 - INFO - Tabela itens_nf_servico limpa com sucesso
2025-01-13 20:55:39,228 - INFO - Limpeza de tabelas concluída com sucesso
2025-01-13 20:55:39,237 - INFO - Consultando dados do Access...
2025-01-13 20:55:39,270 - INFO - Iniciando migração dos itens...
2025-01-13 20:55:39,354 - INFO - Migrados 100 itens...
2025-01-13 20:55:39,427 - INFO - Migrados 200 itens...
2025-01-13 20:55:39,496 - INFO - Migrados 300 itens...
2025-01-13 20:55:39,554 - INFO - 
        Migração concluída em 0:00:00.738166:
        - Total de itens migrados: 387
        - Total de erros: 0
        
2025-01-13 20:59:23,976 - INFO - Iniciando migração de itens de NFSERV às 2025-01-13 20:59:23.976216
2025-01-13 20:59:23,976 - INFO - Estabelecendo conexões com os bancos de dados...
2025-01-13 20:59:24,377 - INFO - Iniciando limpeza das tabelas...
2025-01-13 20:59:24,385 - INFO - Limpando tabela itens_nf_servico...
2025-01-13 20:59:24,393 - INFO - Tabela itens_nf_servico limpa com sucesso
2025-01-13 20:59:24,400 - INFO - Limpeza de tabelas concluída com sucesso
2025-01-13 20:59:24,407 - INFO - Consultando dados do Access...
2025-01-13 20:59:24,441 - INFO - Iniciando migração dos itens...
2025-01-13 20:59:24,538 - INFO - Migrados 100 itens...
2025-01-13 20:59:24,610 - INFO - Migrados 200 itens...
2025-01-13 20:59:24,687 - INFO - Migrados 300 itens...
2025-01-13 20:59:24,751 - INFO - 
        Migração concluída em 0:00:00.775043:
        - Total de itens migrados: 387
        - Total de erros: 0
        
2025-01-13 21:03:56,769 - INFO - Iniciando migração de itens de NFSERV às 2025-01-13 21:03:56.769990
2025-01-13 21:03:56,771 - INFO - Estabelecendo conexões com os bancos de dados...
2025-01-13 21:03:57,167 - INFO - Iniciando limpeza das tabelas...
2025-01-13 21:03:57,176 - INFO - Limpando tabela itens_nf_servico...
2025-01-13 21:03:57,184 - INFO - Tabela itens_nf_servico limpa com sucesso
2025-01-13 21:03:57,197 - INFO - Limpeza de tabelas concluída com sucesso
2025-01-13 21:03:57,206 - INFO - Consultando dados do Access...
2025-01-13 21:03:57,264 - INFO - Iniciando migração dos itens...
2025-01-13 21:03:57,352 - INFO - Migrados 100 itens...
2025-01-13 21:03:57,419 - INFO - Migrados 200 itens...
2025-01-13 21:03:57,484 - INFO - Migrados 300 itens...
2025-01-13 21:03:57,538 - INFO - 
        Migração concluída em 0:00:00.768198:
        - Total de itens migrados: 387
        - Total de erros: 0
        
2025-01-13 21:08:04,160 - INFO - Iniciando migração de itens de NFSERV às 2025-01-13 21:08:04.160744
2025-01-13 21:08:04,161 - INFO - Estabelecendo conexões com os bancos de dados...
2025-01-13 21:08:04,598 - INFO - Iniciando limpeza das tabelas...
2025-01-13 21:08:04,609 - INFO - Limpando tabela itens_nf_servico...
2025-01-13 21:08:04,616 - INFO - Tabela itens_nf_servico limpa com sucesso
2025-01-13 21:08:04,625 - INFO - Limpeza de tabelas concluída com sucesso
2025-01-13 21:08:04,633 - INFO - Consultando dados do Access...
2025-01-13 21:08:04,667 - INFO - Iniciando migração dos itens...
2025-01-13 21:08:04,774 - INFO - Migrados 100 itens...
2025-01-13 21:08:04,864 - INFO - Migrados 200 itens...
2025-01-13 21:08:04,943 - INFO - Migrados 300 itens...
2025-01-13 21:08:05,015 - INFO - 
        Migração concluída em 0:00:00.854407:
        - Total de itens migrados: 387
        - Total de erros: 0
        
2025-08-30 08:12:45,893 - INFO - Iniciando migração de itens de NFSERV às 2025-08-30 08:12:45.893207
2025-08-30 08:12:45,894 - INFO - Estabelecendo conexões com os bancos de dados...
2025-08-30 08:12:46,398 - INFO - Iniciando limpeza das tabelas...
2025-08-30 08:12:46,402 - ERROR - Erro durante processo de limpeza: ERRO:  permissão negada ao definir parâmetro "session_replication_role"

2025-08-30 08:12:46,402 - ERROR - Erro durante a migração: ERRO:  permissão negada ao definir parâmetro "session_replication_role"

2025-08-30 08:36:11,465 - INFO - Iniciando migração de itens de NFSERV às 2025-08-30 08:36:11.465654
2025-08-30 08:36:11,465 - INFO - Estabelecendo conexões com os bancos de dados...
2025-08-30 08:36:11,788 - INFO - Iniciando limpeza das tabelas...
2025-08-30 08:36:11,790 - ERROR - Erro durante processo de limpeza: ERRO:  permissão negada ao definir parâmetro "session_replication_role"

2025-08-30 08:36:11,790 - ERROR - Erro durante a migração: ERRO:  permissão negada ao definir parâmetro "session_replication_role"

2025-08-30 08:43:20,767 - INFO - Iniciando migração de itens de NFSERV às 2025-08-30 08:43:20.766518
2025-08-30 08:43:20,767 - INFO - Estabelecendo conexões com os bancos de dados...
2025-08-30 08:43:21,157 - INFO - Iniciando limpeza das tabelas...
2025-08-30 08:43:21,168 - INFO - Limpando tabela itens_nf_servico...
2025-08-30 08:43:21,181 - INFO - Tabela itens_nf_servico limpa com sucesso
2025-08-30 08:43:21,187 - INFO - Limpeza de tabelas concluída com sucesso
2025-08-30 08:43:21,194 - INFO - Consultando dados do Access...
2025-08-30 08:43:21,253 - INFO - Iniciando migração dos itens...
2025-08-30 08:43:21,348 - INFO - Migrados 100 itens...
2025-08-30 08:43:21,415 - INFO - Migrados 200 itens...
2025-08-30 08:43:21,486 - INFO - Migrados 300 itens...
2025-08-30 08:43:21,550 - INFO - 
        Migração concluída em 0:00:00.784154:
        - Total de itens migrados: 387
        - Total de erros: 0
        
2025-08-30 08:48:04,724 - INFO - Iniciando migração de itens de NFSERV às 2025-08-30 08:48:04.724509
2025-08-30 08:48:04,724 - INFO - Estabelecendo conexões com os bancos de dados...
2025-08-30 08:48:05,124 - INFO - Iniciando limpeza das tabelas...
2025-08-30 08:48:05,124 - INFO - Limpando tabela itens_nf_servico...
2025-08-30 08:48:05,141 - INFO - Tabela itens_nf_servico limpa com sucesso
2025-08-30 08:48:05,141 - INFO - Limpeza de tabelas concluída com sucesso
2025-08-30 08:48:05,157 - INFO - Consultando dados do Access...
2025-08-30 08:48:05,191 - INFO - Iniciando migração dos itens...
2025-08-30 08:48:05,346 - INFO - Migrados 100 itens...
2025-08-30 08:48:05,425 - INFO - Migrados 200 itens...
2025-08-30 08:48:05,499 - INFO - Migrados 300 itens...
2025-08-30 08:48:05,643 - INFO - 
        Migração concluída em 0:00:00.918845:
        - Total de itens migrados: 387
        - Total de erros: 0
        
2025-08-31 07:09:22,574 - INFO - Iniciando migração de itens de NFSERV às 2025-08-31 07:09:22.574628
2025-08-31 07:09:22,574 - INFO - Estabelecendo conexões com os bancos de dados...
2025-08-31 07:09:22,954 - INFO - Iniciando limpeza das tabelas...
2025-08-31 07:09:22,960 - INFO - Limpando tabela itens_nf_servico...
2025-08-31 07:09:22,975 - INFO - Tabela itens_nf_servico limpa com sucesso
2025-08-31 07:09:22,983 - INFO - Limpeza de tabelas concluída com sucesso
2025-08-31 07:09:22,993 - INFO - Consultando dados do Access...
2025-08-31 07:09:23,055 - INFO - Iniciando migração dos itens...
2025-08-31 07:09:23,141 - INFO - Migrados 100 itens...
2025-08-31 07:09:23,217 - INFO - Migrados 200 itens...
2025-08-31 07:09:23,324 - INFO - Migrados 300 itens...
2025-08-31 07:09:23,424 - INFO - Migrados 400 itens...
2025-08-31 07:09:23,523 - INFO - Migrados 500 itens...
2025-08-31 07:09:23,589 - INFO - Migrados 600 itens...
2025-08-31 07:09:23,603 - INFO - 
        Migração concluída em 0:00:01.028575:
        - Total de itens migrados: 615
        - Total de erros: 0
        
2025-08-31 08:25:23,314 - INFO - Iniciando migração de itens de NFSERV às 2025-08-31 08:25:23.314868
2025-08-31 08:25:23,314 - INFO - Estabelecendo conexões com os bancos de dados...
2025-08-31 08:25:23,768 - INFO - Iniciando limpeza das tabelas...
2025-08-31 08:25:23,781 - INFO - Limpando tabela itens_nf_servico...
2025-08-31 08:25:23,781 - INFO - Tabela itens_nf_servico limpa com sucesso
2025-08-31 08:25:23,802 - INFO - Limpeza de tabelas concluída com sucesso
2025-08-31 08:25:23,802 - INFO - Consultando dados do Access...
2025-08-31 08:25:23,871 - INFO - Iniciando migração dos itens...
2025-08-31 08:25:23,984 - INFO - Migrados 100 itens...
2025-08-31 08:25:24,067 - INFO - Migrados 200 itens...
2025-08-31 08:25:24,140 - INFO - Migrados 300 itens...
2025-08-31 08:25:24,220 - INFO - Migrados 400 itens...
2025-08-31 08:25:24,296 - INFO - Migrados 500 itens...
2025-08-31 08:25:24,373 - INFO - Migrados 600 itens...
2025-08-31 08:25:24,384 - INFO - 
        Migração concluída em 0:00:01.070066:
        - Total de itens migrados: 615
        - Total de erros: 0
        
2025-08-31 08:34:53,257 - INFO - Iniciando migração de itens de NFSERV às 2025-08-31 08:34:53.257984
2025-08-31 08:34:53,259 - INFO - Estabelecendo conexões com os bancos de dados...
2025-08-31 08:34:53,635 - INFO - Iniciando limpeza das tabelas...
2025-08-31 08:34:53,649 - INFO - Limpando tabela itens_nf_servico...
2025-08-31 08:34:53,657 - INFO - Tabela itens_nf_servico limpa com sucesso
2025-08-31 08:34:53,668 - INFO - Limpeza de tabelas concluída com sucesso
2025-08-31 08:34:53,674 - INFO - Consultando dados do Access...
2025-08-31 08:34:53,740 - INFO - Iniciando migração dos itens...
2025-08-31 08:34:53,882 - INFO - Migrados 100 itens...
2025-08-31 08:34:54,007 - INFO - Migrados 200 itens...
2025-08-31 08:34:54,091 - INFO - Migrados 300 itens...
2025-08-31 08:34:54,166 - INFO - Migrados 400 itens...
2025-08-31 08:34:54,249 - INFO - Migrados 500 itens...
2025-08-31 08:34:54,311 - INFO - Migrados 600 itens...
2025-08-31 08:34:54,321 - INFO - 
        Migração concluída em 0:00:01.063391:
        - Total de itens migrados: 615
        - Total de erros: 0
        
2025-09-01 00:51:38,275 - INFO - Iniciando migração de itens de NFSERV às 2025-09-01 00:51:38.275509
2025-09-01 00:51:38,276 - INFO - Estabelecendo conexões com os bancos de dados...
2025-09-01 00:51:38,769 - INFO - Iniciando limpeza das tabelas...
2025-09-01 00:51:38,781 - INFO - Limpando tabela itens_nf_servico...
2025-09-01 00:51:38,797 - INFO - Tabela itens_nf_servico limpa com sucesso
2025-09-01 00:51:38,807 - INFO - Limpeza de tabelas concluída com sucesso
2025-09-01 00:51:38,821 - INFO - Consultando dados do Access...
2025-09-01 00:51:38,891 - INFO - Iniciando migração dos itens...
2025-09-01 00:51:39,028 - INFO - Migrados 100 itens...
2025-09-01 00:51:39,212 - INFO - Migrados 200 itens...
2025-09-01 00:51:39,292 - INFO - Migrados 300 itens...
2025-09-01 00:51:39,395 - INFO - Migrados 400 itens...
2025-09-01 00:51:39,569 - INFO - Migrados 500 itens...
2025-09-01 00:51:39,681 - INFO - Migrados 600 itens...
2025-09-01 00:51:39,696 - INFO - 
        Migração concluída em 0:00:01.420792:
        - Total de itens migrados: 615
        - Total de erros: 0
        
2025-09-02 03:47:33,013 - INFO - Iniciando migração de itens de NFSERV às 2025-09-02 03:47:33.013154
2025-09-02 03:47:33,013 - INFO - Estabelecendo conexões com os bancos de dados...
2025-09-02 03:47:33,398 - INFO - Iniciando limpeza das tabelas...
2025-09-02 03:47:33,409 - INFO - Limpando tabela itens_nf_servico...
2025-09-02 03:47:33,418 - INFO - Tabela itens_nf_servico limpa com sucesso
2025-09-02 03:47:33,429 - INFO - Limpeza de tabelas concluída com sucesso
2025-09-02 03:47:33,442 - INFO - Consultando dados do Access...
2025-09-02 03:47:33,490 - INFO - Iniciando migração dos itens...
2025-09-02 03:47:33,653 - INFO - Migrados 100 itens...
2025-09-02 03:47:33,829 - INFO - Migrados 200 itens...
2025-09-02 03:47:34,027 - INFO - Migrados 300 itens...
2025-09-02 03:47:34,149 - INFO - Migrados 400 itens...
2025-09-02 03:47:34,237 - INFO - Migrados 500 itens...
2025-09-02 03:47:34,310 - INFO - Migrados 600 itens...
2025-09-02 03:47:34,323 - INFO - 
        Migração concluída em 0:00:01.310591:
        - Total de itens migrados: 615
        - Total de erros: 0
        
2025-09-08 02:02:48,833 - INFO - Iniciando migração de itens de NFSERV às 2025-09-08 02:02:48.833486
2025-09-08 02:02:48,835 - INFO - Estabelecendo conexões com os bancos de dados...
2025-09-08 02:02:49,260 - INFO - Iniciando limpeza das tabelas...
2025-09-08 02:02:49,269 - INFO - Limpando tabela itens_nf_servico...
2025-09-08 02:02:49,277 - INFO - Tabela itens_nf_servico limpa com sucesso
2025-09-08 02:02:49,287 - INFO - Limpeza de tabelas concluída com sucesso
2025-09-08 02:02:49,299 - INFO - Consultando dados do Access...
2025-09-08 02:02:49,342 - INFO - Iniciando migração dos itens...
2025-09-08 02:02:49,518 - INFO - Migrados 100 itens...
2025-09-08 02:02:49,591 - INFO - Migrados 200 itens...
2025-09-08 02:02:49,658 - INFO - Migrados 300 itens...
2025-09-08 02:02:49,733 - INFO - Migrados 400 itens...
2025-09-08 02:02:49,806 - INFO - Migrados 500 itens...
2025-09-08 02:02:49,882 - INFO - Migrados 600 itens...
2025-09-08 02:02:49,893 - INFO - 
        Migração concluída em 0:00:01.059787:
        - Total de itens migrados: 615
        - Total de erros: 0
        
