2025-01-10 15:59:35,752 - INFO - Iniciando migração de fornecedores às 2025-01-10 15:59:35.752509
2025-01-10 15:59:35,753 - INFO - Estabelecendo conexões com os bancos de dados...
2025-01-10 15:59:36,365 - INFO - Iniciando limpeza das tabelas...
2025-01-10 15:59:36,378 - INFO - Limpando tabela notas_fiscais_entrada...
2025-01-10 15:59:36,470 - INFO - Tabela notas_fiscais_entrada limpa com sucesso
2025-01-10 15:59:36,472 - INFO - Limpando tabela lotes...
2025-01-10 15:59:36,524 - INFO - Tabela lotes limpa com sucesso
2025-01-10 15:59:36,526 - INFO - Limpando tabela fornecedores...
2025-01-10 15:59:36,634 - INFO - Tabela fornecedores limpa com sucesso
2025-01-10 15:59:36,731 - INFO - Limpeza de tabelas concluída com sucesso
2025-01-10 15:59:36,746 - INFO - Estrutura da tabela fornecedores verificada/criada com sucesso
2025-01-10 15:59:36,746 - INFO - Consultando dados do Access...
2025-01-10 15:59:36,758 - INFO - Iniciando migração dos registros...
2025-01-10 15:59:36,859 - INFO - Migrados 100 fornecedores...
2025-01-10 15:59:36,944 - INFO - Migrados 200 fornecedores...
2025-01-10 15:59:37,026 - INFO - Migrados 300 fornecedores...
2025-01-10 15:59:37,109 - INFO - Migrados 400 fornecedores...
2025-01-10 15:59:37,198 - INFO - Migrados 500 fornecedores...
2025-01-10 15:59:37,290 - INFO - Migrados 600 fornecedores...
2025-01-10 15:59:37,321 - WARNING - Fornecedor 1063 ignorado: nome vazio
2025-01-10 15:59:37,358 - WARNING - Fornecedor 1111 ignorado: nome vazio
2025-01-10 15:59:37,361 - WARNING - Fornecedor 1115 ignorado: nome vazio
2025-01-10 15:59:37,381 - INFO - Migrados 700 fornecedores...
2025-01-10 15:59:37,437 - INFO - 
        Migração concluída em 0:00:01.685041:
        - Total de fornecedores migrados: 782
        - Total de erros: 0
        
2025-01-13 20:38:27,387 - INFO - Iniciando migração de fornecedores às 2025-01-13 20:38:27.387661
2025-01-13 20:38:27,388 - INFO - Estabelecendo conexões com os bancos de dados...
2025-01-13 20:38:27,827 - INFO - Iniciando limpeza das tabelas...
2025-01-13 20:38:27,838 - INFO - Limpando tabela notas_fiscais_entrada...
2025-01-13 20:38:27,923 - INFO - Tabela notas_fiscais_entrada limpa com sucesso
2025-01-13 20:38:27,924 - INFO - Limpando tabela lotes...
2025-01-13 20:38:27,957 - INFO - Tabela lotes limpa com sucesso
2025-01-13 20:38:27,958 - INFO - Limpando tabela fornecedores...
2025-01-13 20:38:28,077 - INFO - Tabela fornecedores limpa com sucesso
2025-01-13 20:38:28,181 - INFO - Limpeza de tabelas concluída com sucesso
2025-01-13 20:38:28,182 - INFO - Estrutura da tabela fornecedores verificada/criada com sucesso
2025-01-13 20:38:28,182 - INFO - Consultando dados do Access...
2025-01-13 20:38:28,191 - INFO - Iniciando migração dos registros...
2025-01-13 20:38:28,290 - INFO - Migrados 100 fornecedores...
2025-01-13 20:38:28,363 - INFO - Migrados 200 fornecedores...
2025-01-13 20:38:28,434 - INFO - Migrados 300 fornecedores...
2025-01-13 20:38:28,498 - INFO - Migrados 400 fornecedores...
2025-01-13 20:38:28,572 - INFO - Migrados 500 fornecedores...
2025-01-13 20:38:28,640 - INFO - Migrados 600 fornecedores...
2025-01-13 20:38:28,662 - WARNING - Fornecedor 1063 ignorado: nome vazio
2025-01-13 20:38:28,694 - WARNING - Fornecedor 1111 ignorado: nome vazio
2025-01-13 20:38:28,697 - WARNING - Fornecedor 1115 ignorado: nome vazio
2025-01-13 20:38:28,713 - INFO - Migrados 700 fornecedores...
2025-01-13 20:38:28,770 - INFO - 
        Migração concluída em 0:00:01.382632:
        - Total de fornecedores migrados: 782
        - Total de erros: 0
        
2025-01-13 20:51:41,286 - INFO - Iniciando migração de fornecedores às 2025-01-13 20:51:41.286814
2025-01-13 20:51:41,286 - INFO - Estabelecendo conexões com os bancos de dados...
2025-01-13 20:51:41,693 - INFO - Iniciando limpeza das tabelas...
2025-01-13 20:51:41,702 - INFO - Limpando tabela notas_fiscais_entrada...
2025-01-13 20:51:41,767 - INFO - Tabela notas_fiscais_entrada limpa com sucesso
2025-01-13 20:51:41,768 - INFO - Limpando tabela lotes...
2025-01-13 20:51:41,808 - INFO - Tabela lotes limpa com sucesso
2025-01-13 20:51:41,809 - INFO - Limpando tabela fornecedores...
2025-01-13 20:51:41,899 - INFO - Tabela fornecedores limpa com sucesso
2025-01-13 20:51:41,961 - INFO - Limpeza de tabelas concluída com sucesso
2025-01-13 20:51:41,962 - INFO - Estrutura da tabela fornecedores verificada/criada com sucesso
2025-01-13 20:51:41,962 - INFO - Consultando dados do Access...
2025-01-13 20:51:41,973 - INFO - Iniciando migração dos registros...
2025-01-13 20:51:42,064 - INFO - Migrados 100 fornecedores...
2025-01-13 20:51:42,134 - INFO - Migrados 200 fornecedores...
2025-01-13 20:51:42,211 - INFO - Migrados 300 fornecedores...
2025-01-13 20:51:42,280 - INFO - Migrados 400 fornecedores...
2025-01-13 20:51:42,349 - INFO - Migrados 500 fornecedores...
2025-01-13 20:51:42,413 - INFO - Migrados 600 fornecedores...
2025-01-13 20:51:42,433 - WARNING - Fornecedor 1063 ignorado: nome vazio
2025-01-13 20:51:42,461 - WARNING - Fornecedor 1111 ignorado: nome vazio
2025-01-13 20:51:42,464 - WARNING - Fornecedor 1115 ignorado: nome vazio
2025-01-13 20:51:42,479 - INFO - Migrados 700 fornecedores...
2025-01-13 20:51:42,540 - INFO - 
        Migração concluída em 0:00:01.253278:
        - Total de fornecedores migrados: 782
        - Total de erros: 0
        
2025-01-13 20:55:14,444 - INFO - Iniciando migração de fornecedores às 2025-01-13 20:55:14.444202
2025-01-13 20:55:14,444 - INFO - Estabelecendo conexões com os bancos de dados...
2025-01-13 20:55:14,858 - INFO - Iniciando limpeza das tabelas...
2025-01-13 20:55:14,868 - INFO - Limpando tabela notas_fiscais_entrada...
2025-01-13 20:55:14,948 - INFO - Tabela notas_fiscais_entrada limpa com sucesso
2025-01-13 20:55:14,949 - INFO - Limpando tabela lotes...
2025-01-13 20:55:14,983 - INFO - Tabela lotes limpa com sucesso
2025-01-13 20:55:14,984 - INFO - Limpando tabela fornecedores...
2025-01-13 20:55:15,094 - INFO - Tabela fornecedores limpa com sucesso
2025-01-13 20:55:15,169 - INFO - Limpeza de tabelas concluída com sucesso
2025-01-13 20:55:15,170 - INFO - Estrutura da tabela fornecedores verificada/criada com sucesso
2025-01-13 20:55:15,170 - INFO - Consultando dados do Access...
2025-01-13 20:55:15,179 - INFO - Iniciando migração dos registros...
2025-01-13 20:55:15,277 - INFO - Migrados 100 fornecedores...
2025-01-13 20:55:15,348 - INFO - Migrados 200 fornecedores...
2025-01-13 20:55:15,421 - INFO - Migrados 300 fornecedores...
2025-01-13 20:55:15,496 - INFO - Migrados 400 fornecedores...
2025-01-13 20:55:15,569 - INFO - Migrados 500 fornecedores...
2025-01-13 20:55:15,639 - INFO - Migrados 600 fornecedores...
2025-01-13 20:55:15,660 - WARNING - Fornecedor 1063 ignorado: nome vazio
2025-01-13 20:55:15,693 - WARNING - Fornecedor 1111 ignorado: nome vazio
2025-01-13 20:55:15,695 - WARNING - Fornecedor 1115 ignorado: nome vazio
2025-01-13 20:55:15,713 - INFO - Migrados 700 fornecedores...
2025-01-13 20:55:15,782 - INFO - 
        Migração concluída em 0:00:01.338361:
        - Total de fornecedores migrados: 782
        - Total de erros: 0
        
2025-01-13 20:59:01,310 - INFO - Iniciando migração de fornecedores às 2025-01-13 20:59:01.310531
2025-01-13 20:59:01,310 - INFO - Estabelecendo conexões com os bancos de dados...
2025-01-13 20:59:01,715 - INFO - Iniciando limpeza das tabelas...
2025-01-13 20:59:01,723 - INFO - Limpando tabela notas_fiscais_entrada...
2025-01-13 20:59:01,784 - INFO - Tabela notas_fiscais_entrada limpa com sucesso
2025-01-13 20:59:01,786 - INFO - Limpando tabela lotes...
2025-01-13 20:59:01,821 - INFO - Tabela lotes limpa com sucesso
2025-01-13 20:59:01,822 - INFO - Limpando tabela fornecedores...
2025-01-13 20:59:01,904 - INFO - Tabela fornecedores limpa com sucesso
2025-01-13 20:59:01,973 - INFO - Limpeza de tabelas concluída com sucesso
2025-01-13 20:59:01,975 - INFO - Estrutura da tabela fornecedores verificada/criada com sucesso
2025-01-13 20:59:01,975 - INFO - Consultando dados do Access...
2025-01-13 20:59:01,984 - INFO - Iniciando migração dos registros...
2025-01-13 20:59:02,065 - INFO - Migrados 100 fornecedores...
2025-01-13 20:59:02,172 - INFO - Migrados 200 fornecedores...
2025-01-13 20:59:02,239 - INFO - Migrados 300 fornecedores...
2025-01-13 20:59:02,301 - INFO - Migrados 400 fornecedores...
2025-01-13 20:59:02,362 - INFO - Migrados 500 fornecedores...
2025-01-13 20:59:02,422 - INFO - Migrados 600 fornecedores...
2025-01-13 20:59:02,443 - WARNING - Fornecedor 1063 ignorado: nome vazio
2025-01-13 20:59:02,471 - WARNING - Fornecedor 1111 ignorado: nome vazio
2025-01-13 20:59:02,473 - WARNING - Fornecedor 1115 ignorado: nome vazio
2025-01-13 20:59:02,488 - INFO - Migrados 700 fornecedores...
2025-01-13 20:59:02,550 - INFO - 
        Migração concluída em 0:00:01.239946:
        - Total de fornecedores migrados: 782
        - Total de erros: 0
        
2025-01-13 21:03:35,639 - INFO - Iniciando migração de fornecedores às 2025-01-13 21:03:35.639287
2025-01-13 21:03:35,639 - INFO - Estabelecendo conexões com os bancos de dados...
2025-01-13 21:03:36,025 - INFO - Iniciando limpeza das tabelas...
2025-01-13 21:03:36,033 - INFO - Limpando tabela notas_fiscais_entrada...
2025-01-13 21:03:36,095 - INFO - Tabela notas_fiscais_entrada limpa com sucesso
2025-01-13 21:03:36,096 - INFO - Limpando tabela lotes...
2025-01-13 21:03:36,129 - INFO - Tabela lotes limpa com sucesso
2025-01-13 21:03:36,130 - INFO - Limpando tabela fornecedores...
2025-01-13 21:03:36,227 - INFO - Tabela fornecedores limpa com sucesso
2025-01-13 21:03:36,293 - INFO - Limpeza de tabelas concluída com sucesso
2025-01-13 21:03:36,294 - INFO - Estrutura da tabela fornecedores verificada/criada com sucesso
2025-01-13 21:03:36,294 - INFO - Consultando dados do Access...
2025-01-13 21:03:36,305 - INFO - Iniciando migração dos registros...
2025-01-13 21:03:36,391 - INFO - Migrados 100 fornecedores...
2025-01-13 21:03:36,469 - INFO - Migrados 200 fornecedores...
2025-01-13 21:03:36,542 - INFO - Migrados 300 fornecedores...
2025-01-13 21:03:36,615 - INFO - Migrados 400 fornecedores...
2025-01-13 21:03:36,694 - INFO - Migrados 500 fornecedores...
2025-01-13 21:03:36,760 - INFO - Migrados 600 fornecedores...
2025-01-13 21:03:36,781 - WARNING - Fornecedor 1063 ignorado: nome vazio
2025-01-13 21:03:36,810 - WARNING - Fornecedor 1111 ignorado: nome vazio
2025-01-13 21:03:36,812 - WARNING - Fornecedor 1115 ignorado: nome vazio
2025-01-13 21:03:36,825 - INFO - Migrados 700 fornecedores...
2025-01-13 21:03:36,880 - INFO - 
        Migração concluída em 0:00:01.241093:
        - Total de fornecedores migrados: 782
        - Total de erros: 0
        
2025-01-13 21:07:41,843 - INFO - Iniciando migração de fornecedores às 2025-01-13 21:07:41.843498
2025-01-13 21:07:41,843 - INFO - Estabelecendo conexões com os bancos de dados...
2025-01-13 21:07:42,262 - INFO - Iniciando limpeza das tabelas...
2025-01-13 21:07:42,271 - INFO - Limpando tabela notas_fiscais_entrada...
2025-01-13 21:07:42,335 - INFO - Tabela notas_fiscais_entrada limpa com sucesso
2025-01-13 21:07:42,337 - INFO - Limpando tabela lotes...
2025-01-13 21:07:42,377 - INFO - Tabela lotes limpa com sucesso
2025-01-13 21:07:42,377 - INFO - Limpando tabela fornecedores...
2025-01-13 21:07:42,482 - INFO - Tabela fornecedores limpa com sucesso
2025-01-13 21:07:42,570 - INFO - Limpeza de tabelas concluída com sucesso
2025-01-13 21:07:42,572 - INFO - Estrutura da tabela fornecedores verificada/criada com sucesso
2025-01-13 21:07:42,572 - INFO - Consultando dados do Access...
2025-01-13 21:07:42,580 - INFO - Iniciando migração dos registros...
2025-01-13 21:07:42,668 - INFO - Migrados 100 fornecedores...
2025-01-13 21:07:42,733 - INFO - Migrados 200 fornecedores...
2025-01-13 21:07:42,805 - INFO - Migrados 300 fornecedores...
2025-01-13 21:07:42,870 - INFO - Migrados 400 fornecedores...
2025-01-13 21:07:42,942 - INFO - Migrados 500 fornecedores...
2025-01-13 21:07:43,008 - INFO - Migrados 600 fornecedores...
2025-01-13 21:07:43,029 - WARNING - Fornecedor 1063 ignorado: nome vazio
2025-01-13 21:07:43,060 - WARNING - Fornecedor 1111 ignorado: nome vazio
2025-01-13 21:07:43,063 - WARNING - Fornecedor 1115 ignorado: nome vazio
2025-01-13 21:07:43,078 - INFO - Migrados 700 fornecedores...
2025-01-13 21:07:43,135 - INFO - 
        Migração concluída em 0:00:01.292120:
        - Total de fornecedores migrados: 782
        - Total de erros: 0
        
2025-08-30 08:12:37,033 - INFO - Iniciando migração de fornecedores às 2025-08-30 08:12:37.033733
2025-08-30 08:12:37,033 - INFO - Estabelecendo conexões com os bancos de dados...
2025-08-30 08:12:37,490 - INFO - Iniciando limpeza das tabelas...
2025-08-30 08:12:37,493 - ERROR - Erro durante processo de limpeza: ERRO:  permissão negada ao definir parâmetro "session_replication_role"

2025-08-30 08:12:37,493 - ERROR - Erro durante a migração: ERRO:  permissão negada ao definir parâmetro "session_replication_role"

2025-08-30 08:36:03,441 - INFO - Iniciando migração de fornecedores às 2025-08-30 08:36:03.441856
2025-08-30 08:36:03,441 - INFO - Estabelecendo conexões com os bancos de dados...
2025-08-30 08:36:03,783 - INFO - Iniciando limpeza das tabelas...
2025-08-30 08:36:03,786 - ERROR - Erro durante processo de limpeza: ERRO:  permissão negada ao definir parâmetro "session_replication_role"

2025-08-30 08:36:03,786 - ERROR - Erro durante a migração: ERRO:  permissão negada ao definir parâmetro "session_replication_role"

2025-08-30 08:42:58,799 - INFO - Iniciando migração de fornecedores às 2025-08-30 08:42:58.799863
2025-08-30 08:42:58,799 - INFO - Estabelecendo conexões com os bancos de dados...
2025-08-30 08:42:59,116 - INFO - Iniciando limpeza das tabelas...
2025-08-30 08:42:59,123 - INFO - Limpando tabela notas_fiscais_entrada...
2025-08-30 08:42:59,194 - INFO - Tabela notas_fiscais_entrada limpa com sucesso
2025-08-30 08:42:59,195 - INFO - Limpando tabela lotes...
2025-08-30 08:42:59,240 - INFO - Tabela lotes limpa com sucesso
2025-08-30 08:42:59,242 - INFO - Limpando tabela fornecedores...
2025-08-30 08:42:59,355 - INFO - Tabela fornecedores limpa com sucesso
2025-08-30 08:42:59,432 - INFO - Limpeza de tabelas concluída com sucesso
2025-08-30 08:42:59,439 - INFO - Estrutura da tabela fornecedores verificada/criada com sucesso
2025-08-30 08:42:59,439 - INFO - Consultando dados do Access...
2025-08-30 08:42:59,450 - INFO - Iniciando migração dos registros...
2025-08-30 08:42:59,561 - INFO - Migrados 100 fornecedores...
2025-08-30 08:42:59,626 - INFO - Migrados 200 fornecedores...
2025-08-30 08:42:59,692 - INFO - Migrados 300 fornecedores...
2025-08-30 08:42:59,779 - INFO - Migrados 400 fornecedores...
2025-08-30 08:42:59,860 - INFO - Migrados 500 fornecedores...
2025-08-30 08:42:59,926 - INFO - Migrados 600 fornecedores...
2025-08-30 08:42:59,947 - WARNING - Fornecedor 1063 ignorado: nome vazio
2025-08-30 08:42:59,993 - WARNING - Fornecedor 1111 ignorado: nome vazio
2025-08-30 08:42:59,993 - WARNING - Fornecedor 1115 ignorado: nome vazio
2025-08-30 08:43:00,027 - INFO - Migrados 700 fornecedores...
2025-08-30 08:43:00,109 - INFO - 
        Migração concluída em 0:00:01.309817:
        - Total de fornecedores migrados: 782
        - Total de erros: 0
        
2025-08-30 08:47:43,699 - INFO - Iniciando migração de fornecedores às 2025-08-30 08:47:43.699709
2025-08-30 08:47:43,699 - INFO - Estabelecendo conexões com os bancos de dados...
2025-08-30 08:47:44,225 - INFO - Iniciando limpeza das tabelas...
2025-08-30 08:47:44,232 - INFO - Limpando tabela notas_fiscais_entrada...
2025-08-30 08:47:44,292 - INFO - Tabela notas_fiscais_entrada limpa com sucesso
2025-08-30 08:47:44,293 - INFO - Limpando tabela lotes...
2025-08-30 08:47:44,330 - INFO - Tabela lotes limpa com sucesso
2025-08-30 08:47:44,331 - INFO - Limpando tabela fornecedores...
2025-08-30 08:47:44,435 - INFO - Tabela fornecedores limpa com sucesso
2025-08-30 08:47:44,514 - INFO - Limpeza de tabelas concluída com sucesso
2025-08-30 08:47:44,515 - INFO - Estrutura da tabela fornecedores verificada/criada com sucesso
2025-08-30 08:47:44,516 - INFO - Consultando dados do Access...
2025-08-30 08:47:44,524 - INFO - Iniciando migração dos registros...
2025-08-30 08:47:44,643 - INFO - Migrados 100 fornecedores...
2025-08-30 08:47:44,853 - INFO - Migrados 200 fornecedores...
2025-08-30 08:47:44,929 - INFO - Migrados 300 fornecedores...
2025-08-30 08:47:45,017 - INFO - Migrados 400 fornecedores...
2025-08-30 08:47:45,085 - INFO - Migrados 500 fornecedores...
2025-08-30 08:47:45,149 - INFO - Migrados 600 fornecedores...
2025-08-30 08:47:45,169 - WARNING - Fornecedor 1063 ignorado: nome vazio
2025-08-30 08:47:45,198 - WARNING - Fornecedor 1111 ignorado: nome vazio
2025-08-30 08:47:45,200 - WARNING - Fornecedor 1115 ignorado: nome vazio
2025-08-30 08:47:45,214 - INFO - Migrados 700 fornecedores...
2025-08-30 08:47:45,278 - INFO - 
        Migração concluída em 0:00:01.578660:
        - Total de fornecedores migrados: 782
        - Total de erros: 0
        
2025-08-31 07:09:00,190 - INFO - Iniciando migração de fornecedores às 2025-08-31 07:09:00.190204
2025-08-31 07:09:00,191 - INFO - Estabelecendo conexões com os bancos de dados...
2025-08-31 07:09:00,489 - INFO - Iniciando limpeza das tabelas...
2025-08-31 07:09:00,506 - INFO - Limpando tabela notas_fiscais_entrada...
2025-08-31 07:09:00,556 - INFO - Tabela notas_fiscais_entrada limpa com sucesso
2025-08-31 07:09:00,556 - INFO - Limpando tabela lotes...
2025-08-31 07:09:00,606 - INFO - Tabela lotes limpa com sucesso
2025-08-31 07:09:00,606 - INFO - Limpando tabela fornecedores...
2025-08-31 07:09:00,729 - INFO - Tabela fornecedores limpa com sucesso
2025-08-31 07:09:00,805 - INFO - Limpeza de tabelas concluída com sucesso
2025-08-31 07:09:00,806 - INFO - Estrutura da tabela fornecedores verificada/criada com sucesso
2025-08-31 07:09:00,806 - INFO - Consultando dados do Access...
2025-08-31 07:09:00,806 - INFO - Iniciando migração dos registros...
2025-08-31 07:09:00,889 - INFO - Migrados 100 fornecedores...
2025-08-31 07:09:00,973 - INFO - Migrados 200 fornecedores...
2025-08-31 07:09:01,056 - INFO - Migrados 300 fornecedores...
2025-08-31 07:09:01,140 - INFO - Migrados 400 fornecedores...
2025-08-31 07:09:01,206 - INFO - Migrados 500 fornecedores...
2025-08-31 07:09:01,273 - INFO - Migrados 600 fornecedores...
2025-08-31 07:09:01,306 - WARNING - Fornecedor 1063 ignorado: nome vazio
2025-08-31 07:09:01,323 - WARNING - Fornecedor 1111 ignorado: nome vazio
2025-08-31 07:09:01,323 - WARNING - Fornecedor 1115 ignorado: nome vazio
2025-08-31 07:09:01,346 - INFO - Migrados 700 fornecedores...
2025-08-31 07:09:01,423 - INFO - 
        Migração concluída em 0:00:01.233408:
        - Total de fornecedores migrados: 796
        - Total de erros: 0
        
2025-08-31 08:24:58,194 - INFO - Iniciando migração de fornecedores às 2025-08-31 08:24:58.194078
2025-08-31 08:24:58,194 - INFO - Estabelecendo conexões com os bancos de dados...
2025-08-31 08:24:58,528 - INFO - Iniciando limpeza das tabelas...
2025-08-31 08:24:58,536 - INFO - Limpando tabela notas_fiscais_entrada...
2025-08-31 08:24:58,615 - INFO - Tabela notas_fiscais_entrada limpa com sucesso
2025-08-31 08:24:58,616 - INFO - Limpando tabela lotes...
2025-08-31 08:24:58,667 - INFO - Tabela lotes limpa com sucesso
2025-08-31 08:24:58,668 - INFO - Limpando tabela fornecedores...
2025-08-31 08:24:58,785 - INFO - Tabela fornecedores limpa com sucesso
2025-08-31 08:24:58,852 - INFO - Limpeza de tabelas concluída com sucesso
2025-08-31 08:24:58,853 - INFO - Estrutura da tabela fornecedores verificada/criada com sucesso
2025-08-31 08:24:58,854 - INFO - Consultando dados do Access...
2025-08-31 08:24:58,862 - INFO - Iniciando migração dos registros...
2025-08-31 08:24:58,952 - INFO - Migrados 100 fornecedores...
2025-08-31 08:24:59,025 - INFO - Migrados 200 fornecedores...
2025-08-31 08:24:59,104 - INFO - Migrados 300 fornecedores...
2025-08-31 08:24:59,176 - INFO - Migrados 400 fornecedores...
2025-08-31 08:24:59,248 - INFO - Migrados 500 fornecedores...
2025-08-31 08:24:59,328 - INFO - Migrados 600 fornecedores...
2025-08-31 08:24:59,348 - WARNING - Fornecedor 1063 ignorado: nome vazio
2025-08-31 08:24:59,378 - WARNING - Fornecedor 1111 ignorado: nome vazio
2025-08-31 08:24:59,381 - WARNING - Fornecedor 1115 ignorado: nome vazio
2025-08-31 08:24:59,400 - INFO - Migrados 700 fornecedores...
2025-08-31 08:24:59,470 - INFO - 
        Migração concluída em 0:00:01.276536:
        - Total de fornecedores migrados: 796
        - Total de erros: 0
        
2025-08-31 08:34:31,611 - INFO - Iniciando migração de fornecedores às 2025-08-31 08:34:31.611052
2025-08-31 08:34:31,611 - INFO - Estabelecendo conexões com os bancos de dados...
2025-08-31 08:34:31,978 - INFO - Iniciando limpeza das tabelas...
2025-08-31 08:34:31,994 - INFO - Limpando tabela notas_fiscais_entrada...
2025-08-31 08:34:32,045 - INFO - Tabela notas_fiscais_entrada limpa com sucesso
2025-08-31 08:34:32,045 - INFO - Limpando tabela lotes...
2025-08-31 08:34:32,111 - INFO - Tabela lotes limpa com sucesso
2025-08-31 08:34:32,111 - INFO - Limpando tabela fornecedores...
2025-08-31 08:34:32,245 - INFO - Tabela fornecedores limpa com sucesso
2025-08-31 08:34:32,308 - INFO - Limpeza de tabelas concluída com sucesso
2025-08-31 08:34:32,309 - INFO - Estrutura da tabela fornecedores verificada/criada com sucesso
2025-08-31 08:34:32,310 - INFO - Consultando dados do Access...
2025-08-31 08:34:32,317 - INFO - Iniciando migração dos registros...
2025-08-31 08:34:32,479 - INFO - Migrados 100 fornecedores...
2025-08-31 08:34:32,594 - INFO - Migrados 200 fornecedores...
2025-08-31 08:34:32,722 - INFO - Migrados 300 fornecedores...
2025-08-31 08:34:32,820 - INFO - Migrados 400 fornecedores...
2025-08-31 08:34:32,907 - INFO - Migrados 500 fornecedores...
2025-08-31 08:34:32,986 - INFO - Migrados 600 fornecedores...
2025-08-31 08:34:33,007 - WARNING - Fornecedor 1063 ignorado: nome vazio
2025-08-31 08:34:33,037 - WARNING - Fornecedor 1111 ignorado: nome vazio
2025-08-31 08:34:33,039 - WARNING - Fornecedor 1115 ignorado: nome vazio
2025-08-31 08:34:33,054 - INFO - Migrados 700 fornecedores...
2025-08-31 08:34:33,124 - INFO - 
        Migração concluída em 0:00:01.513402:
        - Total de fornecedores migrados: 796
        - Total de erros: 0
        
2025-09-01 00:51:10,650 - INFO - Iniciando migração de fornecedores às 2025-09-01 00:51:10.650760
2025-09-01 00:51:10,650 - INFO - Estabelecendo conexões com os bancos de dados...
2025-09-01 00:51:10,999 - INFO - Iniciando limpeza das tabelas...
2025-09-01 00:51:11,009 - INFO - Limpando tabela notas_fiscais_entrada...
2025-09-01 00:51:11,075 - INFO - Tabela notas_fiscais_entrada limpa com sucesso
2025-09-01 00:51:11,076 - INFO - Limpando tabela lotes...
2025-09-01 00:51:11,130 - INFO - Tabela lotes limpa com sucesso
2025-09-01 00:51:11,132 - INFO - Limpando tabela fornecedores...
2025-09-01 00:51:11,272 - INFO - Tabela fornecedores limpa com sucesso
2025-09-01 00:51:11,351 - INFO - Limpeza de tabelas concluída com sucesso
2025-09-01 00:51:11,353 - INFO - Estrutura da tabela fornecedores verificada/criada com sucesso
2025-09-01 00:51:11,353 - INFO - Consultando dados do Access...
2025-09-01 00:51:11,363 - INFO - Iniciando migração dos registros...
2025-09-01 00:51:11,469 - INFO - Migrados 100 fornecedores...
2025-09-01 00:51:11,552 - INFO - Migrados 200 fornecedores...
2025-09-01 00:51:11,646 - INFO - Migrados 300 fornecedores...
2025-09-01 00:51:11,730 - INFO - Migrados 400 fornecedores...
2025-09-01 00:51:11,817 - INFO - Migrados 500 fornecedores...
2025-09-01 00:51:11,902 - INFO - Migrados 600 fornecedores...
2025-09-01 00:51:11,924 - WARNING - Fornecedor 1063 ignorado: nome vazio
2025-09-01 00:51:11,957 - WARNING - Fornecedor 1111 ignorado: nome vazio
2025-09-01 00:51:11,959 - WARNING - Fornecedor 1115 ignorado: nome vazio
2025-09-01 00:51:11,978 - INFO - Migrados 700 fornecedores...
2025-09-01 00:51:12,057 - INFO - 
        Migração concluída em 0:00:01.406596:
        - Total de fornecedores migrados: 796
        - Total de erros: 0
        
2025-09-02 03:38:34,162 - INFO - Iniciando migração de fornecedores às 2025-09-02 03:38:34.161279
2025-09-02 03:38:34,162 - INFO - Estabelecendo conexões com os bancos de dados...
2025-09-02 03:38:34,555 - INFO - Iniciando limpeza das tabelas...
2025-09-02 03:38:34,565 - INFO - Limpando tabela notas_fiscais_entrada...
2025-09-02 03:38:34,637 - INFO - Tabela notas_fiscais_entrada limpa com sucesso
2025-09-02 03:38:34,638 - INFO - Limpando tabela lotes...
2025-09-02 03:38:34,678 - INFO - Tabela lotes limpa com sucesso
2025-09-02 03:38:34,679 - INFO - Limpando tabela fornecedores...
2025-09-02 03:38:34,788 - INFO - Tabela fornecedores limpa com sucesso
2025-09-02 03:38:34,856 - INFO - Limpeza de tabelas concluída com sucesso
2025-09-02 03:38:34,856 - INFO - Estrutura da tabela fornecedores verificada/criada com sucesso
2025-09-02 03:38:34,856 - INFO - Consultando dados do Access...
2025-09-02 03:38:34,856 - INFO - Iniciando migração dos registros...
2025-09-02 03:38:34,956 - INFO - Migrados 100 fornecedores...
2025-09-02 03:38:35,026 - INFO - Migrados 200 fornecedores...
2025-09-02 03:38:35,105 - INFO - Migrados 300 fornecedores...
2025-09-02 03:38:35,222 - INFO - Migrados 400 fornecedores...
2025-09-02 03:38:35,322 - INFO - Migrados 500 fornecedores...
2025-09-02 03:38:35,390 - INFO - Migrados 600 fornecedores...
2025-09-02 03:38:35,422 - WARNING - Fornecedor 1063 ignorado: nome vazio
2025-09-02 03:38:35,456 - WARNING - Fornecedor 1111 ignorado: nome vazio
2025-09-02 03:38:35,456 - WARNING - Fornecedor 1115 ignorado: nome vazio
2025-09-02 03:38:35,472 - INFO - Migrados 700 fornecedores...
2025-09-02 03:38:35,539 - INFO - 
        Migração concluída em 0:00:01.377766:
        - Total de fornecedores migrados: 796
        - Total de erros: 0
        
2025-09-08 01:54:45,932 - INFO - Iniciando migração de fornecedores às 2025-09-08 01:54:45.932506
2025-09-08 01:54:45,932 - INFO - Estabelecendo conexões com os bancos de dados...
2025-09-08 01:54:46,305 - INFO - Iniciando limpeza das tabelas...
2025-09-08 01:54:46,317 - INFO - Limpando tabela notas_fiscais_entrada...
2025-09-08 01:54:46,379 - INFO - Tabela notas_fiscais_entrada limpa com sucesso
2025-09-08 01:54:46,381 - INFO - Limpando tabela lotes...
2025-09-08 01:54:46,431 - INFO - Tabela lotes limpa com sucesso
2025-09-08 01:54:46,432 - INFO - Limpando tabela fornecedores...
2025-09-08 01:54:46,555 - INFO - Tabela fornecedores limpa com sucesso
2025-09-08 01:54:46,618 - INFO - Limpeza de tabelas concluída com sucesso
2025-09-08 01:54:46,620 - INFO - Estrutura da tabela fornecedores verificada/criada com sucesso
2025-09-08 01:54:46,620 - INFO - Consultando dados do Access...
2025-09-08 01:54:46,627 - INFO - Colunas disponíveis na tabela Fornecedores: ['codigo', 'nome', 'endereco', 'bairro', 'cidade', 'uf', 'cep', 'fone', 'fax', 'cgc', 'cgf', 'contato', 'datacadastro', 'celular', 'email', 'especificacao', 'tipo', 'IBGE']
2025-09-08 01:54:46,632 - INFO - Iniciando migração dos registros...
2025-09-08 01:54:46,730 - INFO - Migrados 100 fornecedores...
2025-09-08 01:54:46,796 - INFO - Migrados 200 fornecedores...
2025-09-08 01:54:46,860 - INFO - Migrados 300 fornecedores...
2025-09-08 01:54:46,920 - INFO - Migrados 400 fornecedores...
2025-09-08 01:54:46,987 - INFO - Migrados 500 fornecedores...
2025-09-08 01:54:47,056 - INFO - Migrados 600 fornecedores...
2025-09-08 01:54:47,081 - WARNING - Fornecedor 1063 ignorado: nome vazio
2025-09-08 01:54:47,109 - WARNING - Fornecedor 1111 ignorado: nome vazio
2025-09-08 01:54:47,113 - WARNING - Fornecedor 1115 ignorado: nome vazio
2025-09-08 01:54:47,125 - INFO - Migrados 700 fornecedores...
2025-09-08 01:54:47,251 - INFO - 
        Migração concluída em 0:00:01.318653:
        - Total de fornecedores migrados: 796
        - Total de erros: 0
        
