2025-01-10 15:59:37,863 - INFO - Iniciando migração de transportadoras às 2025-01-10 15:59:37.862564
2025-01-10 15:59:37,863 - INFO - Estabelecendo conexões com os bancos de dados...
2025-01-10 15:59:38,340 - INFO - Iniciando limpeza das tabelas...
2025-01-10 15:59:38,348 - INFO - Limpando tabela notas_fiscais_entrada...
2025-01-10 15:59:38,411 - INFO - Tabela notas_fiscais_entrada limpa com sucesso
2025-01-10 15:59:38,413 - INFO - Limpando tabela notas_fiscais_saida...
2025-01-10 15:59:38,455 - INFO - Tabela notas_fiscais_saida limpa com sucesso
2025-01-10 15:59:38,456 - INFO - Limpando tabela fretes...
2025-01-10 15:59:38,480 - INFO - Tabela fretes limpa com sucesso
2025-01-10 15:59:38,481 - INFO - Limpando tabela transportadoras...
2025-01-10 15:59:38,592 - INFO - Tabela transportadoras limpa com sucesso
2025-01-10 15:59:38,745 - INFO - Limpeza de tabelas concluída com sucesso
2025-01-10 15:59:38,753 - INFO - Estrutura da tabela transportadoras verificada/criada com sucesso
2025-01-10 15:59:38,753 - INFO - Consultando dados do Access...
2025-01-10 15:59:38,764 - ERROR - Erro durante a migração: ('07002', '[07002] [Microsoft][Driver ODBC Microsoft Access] Parâmetros insuficientes. Eram esperados 2. (-3010) (SQLExecDirectW)')
2025-01-13 20:38:29,203 - INFO - Iniciando migração de transportadoras às 2025-01-13 20:38:29.203588
2025-01-13 20:38:29,204 - INFO - Estabelecendo conexões com os bancos de dados...
2025-01-13 20:38:29,737 - INFO - Iniciando limpeza das tabelas...
2025-01-13 20:38:29,748 - INFO - Limpando tabela notas_fiscais_entrada...
2025-01-13 20:38:29,838 - INFO - Tabela notas_fiscais_entrada limpa com sucesso
2025-01-13 20:38:29,840 - INFO - Limpando tabela notas_fiscais_saida...
2025-01-13 20:38:29,894 - INFO - Tabela notas_fiscais_saida limpa com sucesso
2025-01-13 20:38:29,896 - INFO - Limpando tabela fretes...
2025-01-13 20:38:29,923 - INFO - Tabela fretes limpa com sucesso
2025-01-13 20:38:29,925 - INFO - Limpando tabela transportadoras...
2025-01-13 20:38:30,037 - INFO - Tabela transportadoras limpa com sucesso
2025-01-13 20:38:30,148 - INFO - Limpeza de tabelas concluída com sucesso
2025-01-13 20:38:30,157 - INFO - Estrutura da tabela transportadoras verificada/criada com sucesso
2025-01-13 20:38:30,157 - INFO - Consultando dados do Access...
2025-01-13 20:38:30,168 - ERROR - Erro durante a migração: ('07002', '[07002] [Microsoft][Driver ODBC Microsoft Access] Parâmetros insuficientes. Eram esperados 2. (-3010) (SQLExecDirectW)')
2025-01-13 20:51:42,890 - INFO - Iniciando migração de transportadoras às 2025-01-13 20:51:42.889982
2025-01-13 20:51:42,890 - INFO - Estabelecendo conexões com os bancos de dados...
2025-01-13 20:51:43,277 - INFO - Iniciando limpeza das tabelas...
2025-01-13 20:51:43,287 - INFO - Limpando tabela notas_fiscais_entrada...
2025-01-13 20:51:43,350 - INFO - Tabela notas_fiscais_entrada limpa com sucesso
2025-01-13 20:51:43,350 - INFO - Limpando tabela notas_fiscais_saida...
2025-01-13 20:51:43,390 - INFO - Tabela notas_fiscais_saida limpa com sucesso
2025-01-13 20:51:43,391 - INFO - Limpando tabela fretes...
2025-01-13 20:51:43,410 - INFO - Tabela fretes limpa com sucesso
2025-01-13 20:51:43,413 - INFO - Limpando tabela transportadoras...
2025-01-13 20:51:43,522 - INFO - Tabela transportadoras limpa com sucesso
2025-01-13 20:51:43,637 - INFO - Limpeza de tabelas concluída com sucesso
2025-01-13 20:51:43,651 - INFO - Estrutura da tabela transportadoras verificada/criada com sucesso
2025-01-13 20:51:43,651 - INFO - Consultando dados do Access...
2025-01-13 20:51:43,664 - ERROR - Erro durante a migração: ('07002', '[07002] [Microsoft][Driver ODBC Microsoft Access] Parâmetros insuficientes. Eram esperados 2. (-3010) (SQLExecDirectW)')
2025-01-13 20:55:16,149 - INFO - Iniciando migração de transportadoras às 2025-01-13 20:55:16.149566
2025-01-13 20:55:16,149 - INFO - Estabelecendo conexões com os bancos de dados...
2025-01-13 20:55:16,563 - INFO - Iniciando limpeza das tabelas...
2025-01-13 20:55:16,572 - INFO - Limpando tabela notas_fiscais_entrada...
2025-01-13 20:55:16,635 - INFO - Tabela notas_fiscais_entrada limpa com sucesso
2025-01-13 20:55:16,636 - INFO - Limpando tabela notas_fiscais_saida...
2025-01-13 20:55:16,682 - INFO - Tabela notas_fiscais_saida limpa com sucesso
2025-01-13 20:55:16,683 - INFO - Limpando tabela fretes...
2025-01-13 20:55:16,703 - INFO - Tabela fretes limpa com sucesso
2025-01-13 20:55:16,704 - INFO - Limpando tabela transportadoras...
2025-01-13 20:55:16,797 - INFO - Tabela transportadoras limpa com sucesso
2025-01-13 20:55:16,899 - INFO - Limpeza de tabelas concluída com sucesso
2025-01-13 20:55:16,905 - INFO - Estrutura da tabela transportadoras verificada/criada com sucesso
2025-01-13 20:55:16,906 - INFO - Consultando dados do Access...
2025-01-13 20:55:16,913 - ERROR - Erro durante a migração: ('07002', '[07002] [Microsoft][Driver ODBC Microsoft Access] Parâmetros insuficientes. Eram esperados 2. (-3010) (SQLExecDirectW)')
2025-01-13 20:59:02,901 - INFO - Iniciando migração de transportadoras às 2025-01-13 20:59:02.901033
2025-01-13 20:59:02,901 - INFO - Estabelecendo conexões com os bancos de dados...
2025-01-13 20:59:03,404 - INFO - Iniciando limpeza das tabelas...
2025-01-13 20:59:03,416 - INFO - Limpando tabela notas_fiscais_entrada...
2025-01-13 20:59:03,477 - INFO - Tabela notas_fiscais_entrada limpa com sucesso
2025-01-13 20:59:03,478 - INFO - Limpando tabela notas_fiscais_saida...
2025-01-13 20:59:03,518 - INFO - Tabela notas_fiscais_saida limpa com sucesso
2025-01-13 20:59:03,519 - INFO - Limpando tabela fretes...
2025-01-13 20:59:03,537 - INFO - Tabela fretes limpa com sucesso
2025-01-13 20:59:03,539 - INFO - Limpando tabela transportadoras...
2025-01-13 20:59:03,638 - INFO - Tabela transportadoras limpa com sucesso
2025-01-13 20:59:03,734 - INFO - Limpeza de tabelas concluída com sucesso
2025-01-13 20:59:03,745 - INFO - Estrutura da tabela transportadoras verificada/criada com sucesso
2025-01-13 20:59:03,746 - INFO - Consultando dados do Access...
2025-01-13 20:59:03,754 - ERROR - Erro durante a migração: ('07002', '[07002] [Microsoft][Driver ODBC Microsoft Access] Parâmetros insuficientes. Eram esperados 2. (-3010) (SQLExecDirectW)')
2025-01-13 21:03:37,213 - INFO - Iniciando migração de transportadoras às 2025-01-13 21:03:37.213152
2025-01-13 21:03:37,213 - INFO - Estabelecendo conexões com os bancos de dados...
2025-01-13 21:03:37,598 - INFO - Iniciando limpeza das tabelas...
2025-01-13 21:03:37,607 - INFO - Limpando tabela notas_fiscais_entrada...
2025-01-13 21:03:37,663 - INFO - Tabela notas_fiscais_entrada limpa com sucesso
2025-01-13 21:03:37,664 - INFO - Limpando tabela notas_fiscais_saida...
2025-01-13 21:03:37,700 - INFO - Tabela notas_fiscais_saida limpa com sucesso
2025-01-13 21:03:37,701 - INFO - Limpando tabela fretes...
2025-01-13 21:03:37,718 - INFO - Tabela fretes limpa com sucesso
2025-01-13 21:03:37,719 - INFO - Limpando tabela transportadoras...
2025-01-13 21:03:37,814 - INFO - Tabela transportadoras limpa com sucesso
2025-01-13 21:03:37,912 - INFO - Limpeza de tabelas concluída com sucesso
2025-01-13 21:03:37,922 - INFO - Estrutura da tabela transportadoras verificada/criada com sucesso
2025-01-13 21:03:37,922 - INFO - Consultando dados do Access...
2025-01-13 21:03:37,933 - ERROR - Erro durante a migração: ('07002', '[07002] [Microsoft][Driver ODBC Microsoft Access] Parâmetros insuficientes. Eram esperados 2. (-3010) (SQLExecDirectW)')
2025-01-13 21:07:43,473 - INFO - Iniciando migração de transportadoras às 2025-01-13 21:07:43.473620
2025-01-13 21:07:43,473 - INFO - Estabelecendo conexões com os bancos de dados...
2025-01-13 21:07:43,880 - INFO - Iniciando limpeza das tabelas...
2025-01-13 21:07:43,888 - INFO - Limpando tabela notas_fiscais_entrada...
2025-01-13 21:07:43,945 - INFO - Tabela notas_fiscais_entrada limpa com sucesso
2025-01-13 21:07:43,946 - INFO - Limpando tabela notas_fiscais_saida...
2025-01-13 21:07:43,988 - INFO - Tabela notas_fiscais_saida limpa com sucesso
2025-01-13 21:07:43,990 - INFO - Limpando tabela fretes...
2025-01-13 21:07:44,012 - INFO - Tabela fretes limpa com sucesso
2025-01-13 21:07:44,013 - INFO - Limpando tabela transportadoras...
2025-01-13 21:07:44,101 - INFO - Tabela transportadoras limpa com sucesso
2025-01-13 21:07:44,196 - INFO - Limpeza de tabelas concluída com sucesso
2025-01-13 21:07:44,204 - INFO - Estrutura da tabela transportadoras verificada/criada com sucesso
2025-01-13 21:07:44,204 - INFO - Consultando dados do Access...
2025-01-13 21:07:44,212 - ERROR - Erro durante a migração: ('07002', '[07002] [Microsoft][Driver ODBC Microsoft Access] Parâmetros insuficientes. Eram esperados 2. (-3010) (SQLExecDirectW)')
2025-08-30 08:12:37,770 - INFO - Iniciando migração de transportadoras às 2025-08-30 08:12:37.770351
2025-08-30 08:12:37,771 - INFO - Estabelecendo conexões com os bancos de dados...
2025-08-30 08:12:38,105 - INFO - Iniciando limpeza das tabelas...
2025-08-30 08:12:38,109 - ERROR - Erro durante processo de limpeza: ERRO:  permissão negada ao definir parâmetro "session_replication_role"

2025-08-30 08:12:38,110 - ERROR - Erro durante a migração: ERRO:  permissão negada ao definir parâmetro "session_replication_role"

2025-08-30 08:36:04,033 - INFO - Iniciando migração de transportadoras às 2025-08-30 08:36:04.033921
2025-08-30 08:36:04,033 - INFO - Estabelecendo conexões com os bancos de dados...
2025-08-30 08:36:04,407 - INFO - Iniciando limpeza das tabelas...
2025-08-30 08:36:04,410 - ERROR - Erro durante processo de limpeza: ERRO:  permissão negada ao definir parâmetro "session_replication_role"

2025-08-30 08:36:04,411 - ERROR - Erro durante a migração: ERRO:  permissão negada ao definir parâmetro "session_replication_role"

2025-08-30 08:43:00,427 - INFO - Iniciando migração de transportadoras às 2025-08-30 08:43:00.427101
2025-08-30 08:43:00,427 - INFO - Estabelecendo conexões com os bancos de dados...
2025-08-30 08:43:00,815 - INFO - Iniciando limpeza das tabelas...
2025-08-30 08:43:00,826 - INFO - Limpando tabela notas_fiscais_entrada...
2025-08-30 08:43:00,894 - INFO - Tabela notas_fiscais_entrada limpa com sucesso
2025-08-30 08:43:00,908 - INFO - Limpando tabela notas_fiscais_saida...
2025-08-30 08:43:00,942 - INFO - Tabela notas_fiscais_saida limpa com sucesso
2025-08-30 08:43:00,942 - INFO - Limpando tabela fretes...
2025-08-30 08:43:00,959 - INFO - Tabela fretes limpa com sucesso
2025-08-30 08:43:00,976 - INFO - Limpando tabela transportadoras...
2025-08-30 08:43:01,093 - INFO - Tabela transportadoras limpa com sucesso
2025-08-30 08:43:01,193 - INFO - Limpeza de tabelas concluída com sucesso
2025-08-30 08:43:01,209 - INFO - Estrutura da tabela transportadoras verificada/criada com sucesso
2025-08-30 08:43:01,209 - INFO - Consultando dados do Access...
2025-08-30 08:43:01,229 - ERROR - Erro durante a migração: ('07002', '[07002] [Microsoft][Driver ODBC Microsoft Access] Parâmetros insuficientes. Eram esperados 2. (-3010) (SQLExecDirectW)')
2025-08-30 08:47:45,525 - INFO - Iniciando migração de transportadoras às 2025-08-30 08:47:45.525149
2025-08-30 08:47:45,525 - INFO - Estabelecendo conexões com os bancos de dados...
2025-08-30 08:47:45,890 - INFO - Iniciando limpeza das tabelas...
2025-08-30 08:47:45,898 - INFO - Limpando tabela notas_fiscais_entrada...
2025-08-30 08:47:45,956 - INFO - Tabela notas_fiscais_entrada limpa com sucesso
2025-08-30 08:47:45,956 - INFO - Limpando tabela notas_fiscais_saida...
2025-08-30 08:47:46,007 - INFO - Tabela notas_fiscais_saida limpa com sucesso
2025-08-30 08:47:46,007 - INFO - Limpando tabela fretes...
2025-08-30 08:47:46,023 - INFO - Tabela fretes limpa com sucesso
2025-08-30 08:47:46,023 - INFO - Limpando tabela transportadoras...
2025-08-30 08:47:46,140 - INFO - Tabela transportadoras limpa com sucesso
2025-08-30 08:47:46,260 - INFO - Limpeza de tabelas concluída com sucesso
2025-08-30 08:47:46,261 - INFO - Estrutura da tabela transportadoras verificada/criada com sucesso
2025-08-30 08:47:46,261 - INFO - Consultando dados do Access...
2025-08-30 08:47:46,273 - ERROR - Erro durante a migração: ('07002', '[07002] [Microsoft][Driver ODBC Microsoft Access] Parâmetros insuficientes. Eram esperados 2. (-3010) (SQLExecDirectW)')
2025-08-31 07:09:01,692 - INFO - Iniciando migração de transportadoras às 2025-08-31 07:09:01.692355
2025-08-31 07:09:01,692 - INFO - Estabelecendo conexões com os bancos de dados...
2025-08-31 07:09:02,056 - INFO - Iniciando limpeza das tabelas...
2025-08-31 07:09:02,056 - INFO - Limpando tabela notas_fiscais_entrada...
2025-08-31 07:09:02,139 - INFO - Tabela notas_fiscais_entrada limpa com sucesso
2025-08-31 07:09:02,140 - INFO - Limpando tabela notas_fiscais_saida...
2025-08-31 07:09:02,190 - INFO - Tabela notas_fiscais_saida limpa com sucesso
2025-08-31 07:09:02,190 - INFO - Limpando tabela fretes...
2025-08-31 07:09:02,222 - INFO - Tabela fretes limpa com sucesso
2025-08-31 07:09:02,223 - INFO - Limpando tabela transportadoras...
2025-08-31 07:09:02,345 - INFO - Tabela transportadoras limpa com sucesso
2025-08-31 07:09:02,456 - INFO - Limpeza de tabelas concluída com sucesso
2025-08-31 07:09:02,467 - INFO - Estrutura da tabela transportadoras verificada/criada com sucesso
2025-08-31 07:09:02,468 - INFO - Consultando dados do Access...
2025-08-31 07:09:02,477 - ERROR - Erro durante a migração: ('07002', '[07002] [Microsoft][Driver ODBC Microsoft Access] Parâmetros insuficientes. Eram esperados 2. (-3010) (SQLExecDirectW)')
2025-08-31 08:24:59,749 - INFO - Iniciando migração de transportadoras às 2025-08-31 08:24:59.749617
2025-08-31 08:24:59,750 - INFO - Estabelecendo conexões com os bancos de dados...
2025-08-31 08:25:00,166 - INFO - Iniciando limpeza das tabelas...
2025-08-31 08:25:00,175 - INFO - Limpando tabela notas_fiscais_entrada...
2025-08-31 08:25:00,251 - INFO - Tabela notas_fiscais_entrada limpa com sucesso
2025-08-31 08:25:00,253 - INFO - Limpando tabela notas_fiscais_saida...
2025-08-31 08:25:00,308 - INFO - Tabela notas_fiscais_saida limpa com sucesso
2025-08-31 08:25:00,310 - INFO - Limpando tabela fretes...
2025-08-31 08:25:00,338 - INFO - Tabela fretes limpa com sucesso
2025-08-31 08:25:00,340 - INFO - Limpando tabela transportadoras...
2025-08-31 08:25:00,473 - INFO - Tabela transportadoras limpa com sucesso
2025-08-31 08:25:00,587 - INFO - Limpeza de tabelas concluída com sucesso
2025-08-31 08:25:00,601 - INFO - Estrutura da tabela transportadoras verificada/criada com sucesso
2025-08-31 08:25:00,601 - INFO - Consultando dados do Access...
2025-08-31 08:25:00,611 - ERROR - Erro durante a migração: ('07002', '[07002] [Microsoft][Driver ODBC Microsoft Access] Parâmetros insuficientes. Eram esperados 2. (-3010) (SQLExecDirectW)')
2025-08-31 08:34:33,399 - INFO - Iniciando migração de transportadoras às 2025-08-31 08:34:33.399875
2025-08-31 08:34:33,399 - INFO - Estabelecendo conexões com os bancos de dados...
2025-08-31 08:34:33,777 - INFO - Iniciando limpeza das tabelas...
2025-08-31 08:34:33,784 - INFO - Limpando tabela notas_fiscais_entrada...
2025-08-31 08:34:33,841 - INFO - Tabela notas_fiscais_entrada limpa com sucesso
2025-08-31 08:34:33,842 - INFO - Limpando tabela notas_fiscais_saida...
2025-08-31 08:34:33,879 - INFO - Tabela notas_fiscais_saida limpa com sucesso
2025-08-31 08:34:33,880 - INFO - Limpando tabela fretes...
2025-08-31 08:34:33,895 - INFO - Tabela fretes limpa com sucesso
2025-08-31 08:34:33,897 - INFO - Limpando tabela transportadoras...
2025-08-31 08:34:34,004 - INFO - Tabela transportadoras limpa com sucesso
2025-08-31 08:34:34,100 - INFO - Limpeza de tabelas concluída com sucesso
2025-08-31 08:34:34,115 - INFO - Estrutura da tabela transportadoras verificada/criada com sucesso
2025-08-31 08:34:34,115 - INFO - Consultando dados do Access...
2025-08-31 08:34:34,128 - ERROR - Erro durante a migração: ('07002', '[07002] [Microsoft][Driver ODBC Microsoft Access] Parâmetros insuficientes. Eram esperados 2. (-3010) (SQLExecDirectW)')
2025-09-01 00:51:12,357 - INFO - Iniciando migração de transportadoras às 2025-09-01 00:51:12.357508
2025-09-01 00:51:12,358 - INFO - Estabelecendo conexões com os bancos de dados...
2025-09-01 00:51:12,755 - INFO - Iniciando limpeza das tabelas...
2025-09-01 00:51:12,767 - INFO - Limpando tabela notas_fiscais_entrada...
2025-09-01 00:51:12,818 - INFO - Tabela notas_fiscais_entrada limpa com sucesso
2025-09-01 00:51:12,831 - INFO - Limpando tabela notas_fiscais_saida...
2025-09-01 00:51:12,866 - INFO - Tabela notas_fiscais_saida limpa com sucesso
2025-09-01 00:51:12,866 - INFO - Limpando tabela fretes...
2025-09-01 00:51:12,898 - INFO - Tabela fretes limpa com sucesso
2025-09-01 00:51:12,899 - INFO - Limpando tabela transportadoras...
2025-09-01 00:51:13,014 - INFO - Tabela transportadoras limpa com sucesso
2025-09-01 00:51:13,119 - INFO - Limpeza de tabelas concluída com sucesso
2025-09-01 00:51:13,133 - INFO - Estrutura da tabela transportadoras verificada/criada com sucesso
2025-09-01 00:51:13,133 - INFO - Consultando dados do Access...
2025-09-01 00:51:13,133 - ERROR - Erro durante a migração: ('07002', '[07002] [Microsoft][Driver ODBC Microsoft Access] Parâmetros insuficientes. Eram esperados 2. (-3010) (SQLExecDirectW)')
2025-09-02 03:38:35,855 - INFO - Iniciando migração de transportadoras às 2025-09-02 03:38:35.855620
2025-09-02 03:38:35,855 - INFO - Estabelecendo conexões com os bancos de dados...
2025-09-02 03:38:36,291 - INFO - Iniciando limpeza das tabelas...
2025-09-02 03:38:36,299 - INFO - Limpando tabela notas_fiscais_entrada...
2025-09-02 03:38:36,372 - INFO - Tabela notas_fiscais_entrada limpa com sucesso
2025-09-02 03:38:36,372 - INFO - Limpando tabela notas_fiscais_saida...
2025-09-02 03:38:36,432 - INFO - Tabela notas_fiscais_saida limpa com sucesso
2025-09-02 03:38:36,433 - INFO - Limpando tabela fretes...
2025-09-02 03:38:36,438 - INFO - Tabela fretes limpa com sucesso
2025-09-02 03:38:36,438 - INFO - Limpando tabela transportadoras...
2025-09-02 03:38:36,572 - INFO - Tabela transportadoras limpa com sucesso
2025-09-02 03:38:36,672 - INFO - Limpeza de tabelas concluída com sucesso
2025-09-02 03:38:36,672 - INFO - Estrutura da tabela transportadoras verificada/criada com sucesso
2025-09-02 03:38:36,672 - INFO - Consultando dados do Access...
2025-09-02 03:38:36,691 - ERROR - Erro durante a migração: ('07002', '[07002] [Microsoft][Driver ODBC Microsoft Access] Parâmetros insuficientes. Eram esperados 2. (-3010) (SQLExecDirectW)')
2025-09-08 01:54:47,556 - INFO - Iniciando migração de transportadoras às 2025-09-08 01:54:47.556156
2025-09-08 01:54:47,557 - INFO - Estabelecendo conexões com os bancos de dados...
2025-09-08 01:54:47,943 - INFO - Iniciando limpeza das tabelas...
2025-09-08 01:54:47,951 - INFO - Limpando tabela notas_fiscais_entrada...
2025-09-08 01:54:48,024 - INFO - Tabela notas_fiscais_entrada limpa com sucesso
2025-09-08 01:54:48,025 - INFO - Limpando tabela notas_fiscais_saida...
2025-09-08 01:54:48,070 - INFO - Tabela notas_fiscais_saida limpa com sucesso
2025-09-08 01:54:48,071 - INFO - Limpando tabela fretes...
2025-09-08 01:54:48,089 - INFO - Tabela fretes limpa com sucesso
2025-09-08 01:54:48,091 - INFO - Limpando tabela transportadoras...
2025-09-08 01:54:48,200 - INFO - Tabela transportadoras limpa com sucesso
2025-09-08 01:54:48,294 - INFO - Limpeza de tabelas concluída com sucesso
2025-09-08 01:54:48,303 - INFO - Estrutura da tabela transportadoras verificada/criada com sucesso
2025-09-08 01:54:48,303 - INFO - Consultando dados do Access...
2025-09-08 01:54:48,312 - ERROR - Erro durante a migração: ('07002', '[07002] [Microsoft][Driver ODBC Microsoft Access] Parâmetros insuficientes. Eram esperados 2. (-3010) (SQLExecDirectW)')
