2025-01-10 16:00:04,329 - INFO - Iniciando migração de contas a receber às 2025-01-10 16:00:04.329930
2025-01-10 16:00:04,329 - INFO - Estabelecendo conexões com os bancos de dados...
2025-01-10 16:00:04,814 - INFO - Iniciando limpeza das tabelas...
2025-01-10 16:00:04,822 - INFO - Limpando tabela contas_receber...
2025-01-10 16:00:04,843 - INFO - Tabela contas_receber limpa com sucesso
2025-01-10 16:00:04,860 - INFO - Limpeza de tabelas concluída com sucesso
2025-01-10 16:00:04,869 - INFO - Consultando dados do Access...
2025-01-10 16:00:05,036 - INFO - Iniciando migração dos registros...
2025-01-10 16:00:05,256 - INFO - Migradas 100 contas...
2025-01-10 16:00:05,357 - INFO - Migradas 200 contas...
2025-01-10 16:00:05,477 - INFO - Migradas 300 contas...
2025-01-10 16:00:05,625 - INFO - Migradas 400 contas...
2025-01-10 16:00:05,756 - INFO - Migradas 500 contas...
2025-01-10 16:00:05,889 - INFO - Migradas 600 contas...
2025-01-10 16:00:05,992 - INFO - Migradas 700 contas...
2025-01-10 16:00:06,091 - INFO - Migradas 800 contas...
2025-01-10 16:00:06,194 - INFO - Migradas 900 contas...
2025-01-10 16:00:06,304 - INFO - Migradas 1000 contas...
2025-01-10 16:00:06,405 - INFO - Migradas 1100 contas...
2025-01-10 16:00:06,498 - INFO - Migradas 1200 contas...
2025-01-10 16:00:06,608 - INFO - Migradas 1300 contas...
2025-01-10 16:00:06,677 - INFO - 
        Migração concluída em 0:00:02.347154:
        - Total de contas migradas: 1359
        - Total de erros: 3
        
2025-01-10 16:00:06,677 - WARNING - 
Clientes não encontrados:
2025-01-10 16:00:06,677 - WARNING - - Cliente 5790
2025-01-10 16:00:06,678 - WARNING - - Cliente 6341
2025-01-13 20:38:53,226 - INFO - Iniciando migração de contas a receber às 2025-01-13 20:38:53.226248
2025-01-13 20:38:53,226 - INFO - Estabelecendo conexões com os bancos de dados...
2025-01-13 20:38:53,770 - INFO - Iniciando limpeza das tabelas...
2025-01-13 20:38:53,778 - INFO - Limpando tabela contas_receber...
2025-01-13 20:38:53,798 - INFO - Tabela contas_receber limpa com sucesso
2025-01-13 20:38:53,813 - INFO - Limpeza de tabelas concluída com sucesso
2025-01-13 20:38:53,822 - INFO - Consultando dados do Access...
2025-01-13 20:38:53,980 - INFO - Iniciando migração dos registros...
2025-01-13 20:38:54,143 - INFO - Migradas 100 contas...
2025-01-13 20:38:54,226 - INFO - Migradas 200 contas...
2025-01-13 20:38:54,311 - INFO - Migradas 300 contas...
2025-01-13 20:38:54,445 - INFO - Migradas 400 contas...
2025-01-13 20:38:54,537 - INFO - Migradas 500 contas...
2025-01-13 20:38:54,624 - INFO - Migradas 600 contas...
2025-01-13 20:38:54,712 - INFO - Migradas 700 contas...
2025-01-13 20:38:54,802 - INFO - Migradas 800 contas...
2025-01-13 20:38:54,886 - INFO - Migradas 900 contas...
2025-01-13 20:38:54,968 - INFO - Migradas 1000 contas...
2025-01-13 20:38:55,058 - INFO - Migradas 1100 contas...
2025-01-13 20:38:55,145 - INFO - Migradas 1200 contas...
2025-01-13 20:38:55,232 - INFO - Migradas 1300 contas...
2025-01-13 20:38:55,295 - INFO - 
        Migração concluída em 0:00:02.068735:
        - Total de contas migradas: 1359
        - Total de erros: 3
        
2025-01-13 20:38:55,295 - WARNING - 
Clientes não encontrados:
2025-01-13 20:38:55,295 - WARNING - - Cliente 5790
2025-01-13 20:38:55,295 - WARNING - - Cliente 6341
2025-01-13 20:52:18,395 - INFO - Iniciando migração de contas a receber às 2025-01-13 20:52:18.395822
2025-01-13 20:52:18,396 - INFO - Estabelecendo conexões com os bancos de dados...
2025-01-13 20:52:18,858 - INFO - Iniciando limpeza das tabelas...
2025-01-13 20:52:18,867 - INFO - Limpando tabela contas_receber...
2025-01-13 20:52:18,888 - INFO - Tabela contas_receber limpa com sucesso
2025-01-13 20:52:18,903 - INFO - Limpeza de tabelas concluída com sucesso
2025-01-13 20:52:18,912 - INFO - Consultando dados do Access...
2025-01-13 20:52:19,080 - INFO - Iniciando migração dos registros...
2025-01-13 20:52:19,279 - INFO - Migradas 100 contas...
2025-01-13 20:52:19,377 - INFO - Migradas 200 contas...
2025-01-13 20:52:19,478 - INFO - Migradas 300 contas...
2025-01-13 20:52:19,623 - INFO - Migradas 400 contas...
2025-01-13 20:52:19,716 - INFO - Migradas 500 contas...
2025-01-13 20:52:19,805 - INFO - Migradas 600 contas...
2025-01-13 20:52:19,895 - INFO - Migradas 700 contas...
2025-01-13 20:52:19,984 - INFO - Migradas 800 contas...
2025-01-13 20:52:20,081 - INFO - Migradas 900 contas...
2025-01-13 20:52:20,181 - INFO - Migradas 1000 contas...
2025-01-13 20:52:20,278 - INFO - Migradas 1100 contas...
2025-01-13 20:52:20,382 - INFO - Migradas 1200 contas...
2025-01-13 20:52:20,486 - INFO - Migradas 1300 contas...
2025-01-13 20:52:20,551 - INFO - 
        Migração concluída em 0:00:02.155834:
        - Total de contas migradas: 1359
        - Total de erros: 3
        
2025-01-13 20:52:20,551 - WARNING - 
Clientes não encontrados:
2025-01-13 20:52:20,551 - WARNING - - Cliente 5790
2025-01-13 20:52:20,552 - WARNING - - Cliente 6341
2025-01-13 20:55:42,307 - INFO - Iniciando migração de contas a receber às 2025-01-13 20:55:42.307451
2025-01-13 20:55:42,307 - INFO - Estabelecendo conexões com os bancos de dados...
2025-01-13 20:55:42,708 - INFO - Iniciando limpeza das tabelas...
2025-01-13 20:55:42,717 - INFO - Limpando tabela contas_receber...
2025-01-13 20:55:42,731 - INFO - Tabela contas_receber limpa com sucesso
2025-01-13 20:55:42,746 - INFO - Limpeza de tabelas concluída com sucesso
2025-01-13 20:55:42,755 - INFO - Consultando dados do Access...
2025-01-13 20:55:42,830 - INFO - Iniciando migração dos registros...
2025-01-13 20:55:43,000 - INFO - Migradas 100 contas...
2025-01-13 20:55:43,080 - INFO - Migradas 200 contas...
2025-01-13 20:55:43,158 - INFO - Migradas 300 contas...
2025-01-13 20:55:43,248 - INFO - Migradas 400 contas...
2025-01-13 20:55:43,327 - INFO - Migradas 500 contas...
2025-01-13 20:55:43,404 - INFO - Migradas 600 contas...
2025-01-13 20:55:43,483 - INFO - Migradas 700 contas...
2025-01-13 20:55:43,563 - INFO - Migradas 800 contas...
2025-01-13 20:55:43,649 - INFO - Migradas 900 contas...
2025-01-13 20:55:43,731 - INFO - Migradas 1000 contas...
2025-01-13 20:55:43,813 - INFO - Migradas 1100 contas...
2025-01-13 20:55:43,897 - INFO - Migradas 1200 contas...
2025-01-13 20:55:43,982 - INFO - Migradas 1300 contas...
2025-01-13 20:55:44,036 - INFO - 
        Migração concluída em 0:00:01.729270:
        - Total de contas migradas: 1359
        - Total de erros: 3
        
2025-01-13 20:55:44,036 - WARNING - 
Clientes não encontrados:
2025-01-13 20:55:44,036 - WARNING - - Cliente 5790
2025-01-13 20:55:44,036 - WARNING - - Cliente 6341
2025-01-13 20:59:27,695 - INFO - Iniciando migração de contas a receber às 2025-01-13 20:59:27.695883
2025-01-13 20:59:27,695 - INFO - Estabelecendo conexões com os bancos de dados...
2025-01-13 20:59:28,091 - INFO - Iniciando limpeza das tabelas...
2025-01-13 20:59:28,101 - INFO - Limpando tabela contas_receber...
2025-01-13 20:59:28,121 - INFO - Tabela contas_receber limpa com sucesso
2025-01-13 20:59:28,140 - INFO - Limpeza de tabelas concluída com sucesso
2025-01-13 20:59:28,150 - INFO - Consultando dados do Access...
2025-01-13 20:59:28,225 - INFO - Iniciando migração dos registros...
2025-01-13 20:59:28,403 - INFO - Migradas 100 contas...
2025-01-13 20:59:28,497 - INFO - Migradas 200 contas...
2025-01-13 20:59:28,602 - INFO - Migradas 300 contas...
2025-01-13 20:59:28,756 - INFO - Migradas 400 contas...
2025-01-13 20:59:28,899 - INFO - Migradas 500 contas...
2025-01-13 20:59:29,029 - INFO - Migradas 600 contas...
2025-01-13 20:59:29,133 - INFO - Migradas 700 contas...
2025-01-13 20:59:29,235 - INFO - Migradas 800 contas...
2025-01-13 20:59:29,342 - INFO - Migradas 900 contas...
2025-01-13 20:59:29,438 - INFO - Migradas 1000 contas...
2025-01-13 20:59:29,532 - INFO - Migradas 1100 contas...
2025-01-13 20:59:29,626 - INFO - Migradas 1200 contas...
2025-01-13 20:59:29,722 - INFO - Migradas 1300 contas...
2025-01-13 20:59:29,782 - INFO - 
        Migração concluída em 0:00:02.086974:
        - Total de contas migradas: 1359
        - Total de erros: 3
        
2025-01-13 20:59:29,783 - WARNING - 
Clientes não encontrados:
2025-01-13 20:59:29,783 - WARNING - - Cliente 5790
2025-01-13 20:59:29,783 - WARNING - - Cliente 6341
2025-01-13 21:04:00,464 - INFO - Iniciando migração de contas a receber às 2025-01-13 21:04:00.464308
2025-01-13 21:04:00,464 - INFO - Estabelecendo conexões com os bancos de dados...
2025-01-13 21:04:00,899 - INFO - Iniciando limpeza das tabelas...
2025-01-13 21:04:00,908 - INFO - Limpando tabela contas_receber...
2025-01-13 21:04:00,924 - INFO - Tabela contas_receber limpa com sucesso
2025-01-13 21:04:00,941 - INFO - Limpeza de tabelas concluída com sucesso
2025-01-13 21:04:00,955 - INFO - Consultando dados do Access...
2025-01-13 21:04:01,115 - INFO - Iniciando migração dos registros...
2025-01-13 21:04:01,299 - INFO - Migradas 100 contas...
2025-01-13 21:04:01,399 - INFO - Migradas 200 contas...
2025-01-13 21:04:01,496 - INFO - Migradas 300 contas...
2025-01-13 21:04:01,615 - INFO - Migradas 400 contas...
2025-01-13 21:04:01,713 - INFO - Migradas 500 contas...
2025-01-13 21:04:01,827 - INFO - Migradas 600 contas...
2025-01-13 21:04:01,930 - INFO - Migradas 700 contas...
2025-01-13 21:04:02,037 - INFO - Migradas 800 contas...
2025-01-13 21:04:02,162 - INFO - Migradas 900 contas...
2025-01-13 21:04:02,286 - INFO - Migradas 1000 contas...
2025-01-13 21:04:02,387 - INFO - Migradas 1100 contas...
2025-01-13 21:04:02,497 - INFO - Migradas 1200 contas...
2025-01-13 21:04:02,601 - INFO - Migradas 1300 contas...
2025-01-13 21:04:02,666 - INFO - 
        Migração concluída em 0:00:02.201800:
        - Total de contas migradas: 1359
        - Total de erros: 3
        
2025-01-13 21:04:02,666 - WARNING - 
Clientes não encontrados:
2025-01-13 21:04:02,666 - WARNING - - Cliente 5790
2025-01-13 21:04:02,666 - WARNING - - Cliente 6341
2025-01-13 21:08:08,260 - INFO - Iniciando migração de contas a receber às 2025-01-13 21:08:08.260752
2025-01-13 21:08:08,260 - INFO - Estabelecendo conexões com os bancos de dados...
2025-01-13 21:08:08,697 - INFO - Iniciando limpeza das tabelas...
2025-01-13 21:08:08,706 - INFO - Limpando tabela contas_receber...
2025-01-13 21:08:08,725 - INFO - Tabela contas_receber limpa com sucesso
2025-01-13 21:08:08,741 - INFO - Limpeza de tabelas concluída com sucesso
2025-01-13 21:08:08,751 - INFO - Consultando dados do Access...
2025-01-13 21:08:08,841 - INFO - Iniciando migração dos registros...
2025-01-13 21:08:09,031 - INFO - Migradas 100 contas...
2025-01-13 21:08:09,124 - INFO - Migradas 200 contas...
2025-01-13 21:08:09,223 - INFO - Migradas 300 contas...
2025-01-13 21:08:09,323 - INFO - Migradas 400 contas...
2025-01-13 21:08:09,418 - INFO - Migradas 500 contas...
2025-01-13 21:08:09,527 - INFO - Migradas 600 contas...
2025-01-13 21:08:09,640 - INFO - Migradas 700 contas...
2025-01-13 21:08:09,752 - INFO - Migradas 800 contas...
2025-01-13 21:08:09,858 - INFO - Migradas 900 contas...
2025-01-13 21:08:09,961 - INFO - Migradas 1000 contas...
2025-01-13 21:08:10,063 - INFO - Migradas 1100 contas...
2025-01-13 21:08:10,168 - INFO - Migradas 1200 contas...
2025-01-13 21:08:10,276 - INFO - Migradas 1300 contas...
2025-01-13 21:08:10,344 - INFO - 
        Migração concluída em 0:00:02.083705:
        - Total de contas migradas: 1359
        - Total de erros: 3
        
2025-01-13 21:08:10,344 - WARNING - 
Clientes não encontrados:
2025-01-13 21:08:10,345 - WARNING - - Cliente 5790
2025-01-13 21:08:10,345 - WARNING - - Cliente 6341
2025-08-30 08:12:47,433 - INFO - Iniciando migração de contas a receber às 2025-08-30 08:12:47.432619
2025-08-30 08:12:47,433 - INFO - Estabelecendo conexões com os bancos de dados...
2025-08-30 08:12:47,767 - INFO - Iniciando limpeza das tabelas...
2025-08-30 08:12:47,784 - ERROR - Erro durante processo de limpeza: ERRO:  permissão negada ao definir parâmetro "session_replication_role"

2025-08-30 08:12:47,784 - ERROR - Erro durante a migração: ERRO:  permissão negada ao definir parâmetro "session_replication_role"

2025-08-30 08:36:12,660 - INFO - Iniciando migração de contas a receber às 2025-08-30 08:36:12.660661
2025-08-30 08:36:12,661 - INFO - Estabelecendo conexões com os bancos de dados...
2025-08-30 08:36:13,014 - INFO - Iniciando limpeza das tabelas...
2025-08-30 08:36:13,017 - ERROR - Erro durante processo de limpeza: ERRO:  permissão negada ao definir parâmetro "session_replication_role"

2025-08-30 08:36:13,018 - ERROR - Erro durante a migração: ERRO:  permissão negada ao definir parâmetro "session_replication_role"

2025-08-30 08:43:24,594 - INFO - Iniciando migração de contas a receber às 2025-08-30 08:43:24.594358
2025-08-30 08:43:24,594 - INFO - Estabelecendo conexões com os bancos de dados...
2025-08-30 08:43:25,030 - INFO - Iniciando limpeza das tabelas...
2025-08-30 08:43:25,034 - INFO - Limpando tabela contas_receber...
2025-08-30 08:43:25,044 - INFO - Tabela contas_receber limpa com sucesso
2025-08-30 08:43:25,062 - INFO - Limpeza de tabelas concluída com sucesso
2025-08-30 08:43:25,062 - INFO - Consultando dados do Access...
2025-08-30 08:43:25,244 - INFO - Iniciando migração dos registros...
2025-08-30 08:43:25,394 - INFO - Migradas 100 contas...
2025-08-30 08:43:25,494 - INFO - Migradas 200 contas...
2025-08-30 08:43:25,599 - INFO - Migradas 300 contas...
2025-08-30 08:43:25,689 - INFO - Migradas 400 contas...
2025-08-30 08:43:25,774 - INFO - Migradas 500 contas...
2025-08-30 08:43:25,867 - INFO - Migradas 600 contas...
2025-08-30 08:43:25,989 - INFO - Migradas 700 contas...
2025-08-30 08:43:26,085 - INFO - Migradas 800 contas...
2025-08-30 08:43:26,165 - INFO - Migradas 900 contas...
2025-08-30 08:43:26,248 - INFO - Migradas 1000 contas...
2025-08-30 08:43:26,335 - INFO - Migradas 1100 contas...
2025-08-30 08:43:26,421 - INFO - Migradas 1200 contas...
2025-08-30 08:43:26,535 - INFO - Migradas 1300 contas...
2025-08-30 08:43:26,599 - INFO - 
        Migração concluída em 0:00:02.004657:
        - Total de contas migradas: 1362
        - Total de erros: 0
        
2025-08-30 08:43:26,599 - WARNING - 
Contas bancárias não encontradas:
2025-08-30 08:43:26,599 - WARNING - - Conta 1
2025-08-30 08:43:26,599 - WARNING - - Conta 11
2025-08-30 08:43:26,599 - WARNING - - Conta 16
2025-08-30 08:48:10,677 - INFO - Iniciando migração de contas a receber às 2025-08-30 08:48:10.677296
2025-08-30 08:48:10,677 - INFO - Estabelecendo conexões com os bancos de dados...
2025-08-30 08:48:11,075 - INFO - Iniciando limpeza das tabelas...
2025-08-30 08:48:11,082 - INFO - Limpando tabela contas_receber...
2025-08-30 08:48:11,096 - INFO - Tabela contas_receber limpa com sucesso
2025-08-30 08:48:11,111 - INFO - Limpeza de tabelas concluída com sucesso
2025-08-30 08:48:11,118 - INFO - Consultando dados do Access...
2025-08-30 08:48:11,193 - INFO - Iniciando migração dos registros...
2025-08-30 08:48:11,356 - INFO - Migradas 100 contas...
2025-08-30 08:48:11,445 - INFO - Migradas 200 contas...
2025-08-30 08:48:11,526 - INFO - Migradas 300 contas...
2025-08-30 08:48:11,614 - INFO - Migradas 400 contas...
2025-08-30 08:48:11,693 - INFO - Migradas 500 contas...
2025-08-30 08:48:11,773 - INFO - Migradas 600 contas...
2025-08-30 08:48:11,853 - INFO - Migradas 700 contas...
2025-08-30 08:48:11,942 - INFO - Migradas 800 contas...
2025-08-30 08:48:12,022 - INFO - Migradas 900 contas...
2025-08-30 08:48:12,110 - INFO - Migradas 1000 contas...
2025-08-30 08:48:12,201 - INFO - Migradas 1100 contas...
2025-08-30 08:48:12,284 - INFO - Migradas 1200 contas...
2025-08-30 08:48:12,363 - INFO - Migradas 1300 contas...
2025-08-30 08:48:12,421 - INFO - 
        Migração concluída em 0:00:01.744246:
        - Total de contas migradas: 1362
        - Total de erros: 0
        
2025-08-30 08:48:12,421 - WARNING - 
Contas bancárias não encontradas:
2025-08-30 08:48:12,421 - WARNING - - Conta 1
2025-08-30 08:48:12,422 - WARNING - - Conta 11
2025-08-30 08:48:12,422 - WARNING - - Conta 16
2025-08-31 07:09:27,457 - INFO - Iniciando migração de contas a receber às 2025-08-31 07:09:27.457269
2025-08-31 07:09:27,458 - INFO - Estabelecendo conexões com os bancos de dados...
2025-08-31 07:09:27,836 - INFO - Iniciando limpeza das tabelas...
2025-08-31 07:09:27,844 - INFO - Limpando tabela contas_receber...
2025-08-31 07:09:27,859 - INFO - Tabela contas_receber limpa com sucesso
2025-08-31 07:09:27,870 - INFO - Limpeza de tabelas concluída com sucesso
2025-08-31 07:09:27,880 - INFO - Consultando dados do Access...
2025-08-31 07:09:28,048 - INFO - Iniciando migração dos registros...
2025-08-31 07:09:28,238 - INFO - Migradas 100 contas...
2025-08-31 07:09:28,341 - INFO - Migradas 200 contas...
2025-08-31 07:09:28,422 - INFO - Migradas 300 contas...
2025-08-31 07:09:28,511 - INFO - Migradas 400 contas...
2025-08-31 07:09:28,595 - INFO - Migradas 500 contas...
2025-08-31 07:09:28,679 - INFO - Migradas 600 contas...
2025-08-31 07:09:28,763 - INFO - Migradas 700 contas...
2025-08-31 07:09:28,847 - INFO - Migradas 800 contas...
2025-08-31 07:09:28,929 - INFO - Migradas 900 contas...
2025-08-31 07:09:29,012 - INFO - Migradas 1000 contas...
2025-08-31 07:09:29,089 - INFO - Migradas 1100 contas...
2025-08-31 07:09:29,167 - INFO - Migradas 1200 contas...
2025-08-31 07:09:29,245 - INFO - Migradas 1300 contas...
2025-08-31 07:09:29,336 - INFO - Migradas 1400 contas...
2025-08-31 07:09:29,419 - INFO - Migradas 1500 contas...
2025-08-31 07:09:29,504 - INFO - Migradas 1600 contas...
2025-08-31 07:09:29,592 - INFO - Migradas 1700 contas...
2025-08-31 07:09:29,683 - INFO - Migradas 1800 contas...
2025-08-31 07:09:29,833 - INFO - Migradas 1900 contas...
2025-08-31 07:09:29,847 - INFO - 
        Migração concluída em 0:00:02.390490:
        - Total de contas migradas: 1909
        - Total de erros: 0
        
2025-08-31 07:09:29,847 - WARNING - 
Contas bancárias não encontradas:
2025-08-31 07:09:29,847 - WARNING - - Conta 1
2025-08-31 07:09:29,847 - WARNING - - Conta 11
2025-08-31 07:09:29,847 - WARNING - - Conta 16
2025-08-31 08:25:28,245 - INFO - Iniciando migração de contas a receber às 2025-08-31 08:25:28.245835
2025-08-31 08:25:28,246 - INFO - Estabelecendo conexões com os bancos de dados...
2025-08-31 08:25:28,642 - INFO - Iniciando limpeza das tabelas...
2025-08-31 08:25:28,652 - INFO - Limpando tabela contas_receber...
2025-08-31 08:25:28,669 - INFO - Tabela contas_receber limpa com sucesso
2025-08-31 08:25:28,681 - INFO - Limpeza de tabelas concluída com sucesso
2025-08-31 08:25:28,691 - INFO - Consultando dados do Access...
2025-08-31 08:25:28,866 - INFO - Iniciando migração dos registros...
2025-08-31 08:25:29,118 - INFO - Migradas 100 contas...
2025-08-31 08:25:29,208 - INFO - Migradas 200 contas...
2025-08-31 08:25:29,300 - INFO - Migradas 300 contas...
2025-08-31 08:25:29,392 - INFO - Migradas 400 contas...
2025-08-31 08:25:29,490 - INFO - Migradas 500 contas...
2025-08-31 08:25:29,589 - INFO - Migradas 600 contas...
2025-08-31 08:25:29,683 - INFO - Migradas 700 contas...
2025-08-31 08:25:29,768 - INFO - Migradas 800 contas...
2025-08-31 08:25:29,878 - INFO - Migradas 900 contas...
2025-08-31 08:25:30,004 - INFO - Migradas 1000 contas...
2025-08-31 08:25:30,104 - INFO - Migradas 1100 contas...
2025-08-31 08:25:30,204 - INFO - Migradas 1200 contas...
2025-08-31 08:25:30,301 - INFO - Migradas 1300 contas...
2025-08-31 08:25:30,415 - INFO - Migradas 1400 contas...
2025-08-31 08:25:30,541 - INFO - Migradas 1500 contas...
2025-08-31 08:25:30,654 - INFO - Migradas 1600 contas...
2025-08-31 08:25:30,732 - INFO - Migradas 1700 contas...
2025-08-31 08:25:30,832 - INFO - Migradas 1800 contas...
2025-08-31 08:25:30,921 - INFO - Migradas 1900 contas...
2025-08-31 08:25:30,932 - INFO - 
        Migração concluída em 0:00:02.686446:
        - Total de contas migradas: 1909
        - Total de erros: 0
        
2025-08-31 08:25:30,932 - WARNING - 
Contas bancárias não encontradas:
2025-08-31 08:25:30,932 - WARNING - - Conta 1
2025-08-31 08:25:30,932 - WARNING - - Conta 11
2025-08-31 08:25:30,932 - WARNING - - Conta 16
2025-08-31 08:34:57,883 - INFO - Iniciando migração de contas a receber às 2025-08-31 08:34:57.883502
2025-08-31 08:34:57,884 - INFO - Estabelecendo conexões com os bancos de dados...
2025-08-31 08:34:58,290 - INFO - Iniciando limpeza das tabelas...
2025-08-31 08:34:58,298 - INFO - Limpando tabela contas_receber...
2025-08-31 08:34:58,313 - INFO - Tabela contas_receber limpa com sucesso
2025-08-31 08:34:58,323 - INFO - Limpeza de tabelas concluída com sucesso
2025-08-31 08:34:58,330 - INFO - Consultando dados do Access...
2025-08-31 08:34:58,496 - INFO - Iniciando migração dos registros...
2025-08-31 08:34:58,737 - INFO - Migradas 100 contas...
2025-08-31 08:34:58,819 - INFO - Migradas 200 contas...
2025-08-31 08:34:58,897 - INFO - Migradas 300 contas...
2025-08-31 08:34:58,974 - INFO - Migradas 400 contas...
2025-08-31 08:34:59,062 - INFO - Migradas 500 contas...
2025-08-31 08:34:59,210 - INFO - Migradas 600 contas...
2025-08-31 08:34:59,349 - INFO - Migradas 700 contas...
2025-08-31 08:34:59,445 - INFO - Migradas 800 contas...
2025-08-31 08:34:59,541 - INFO - Migradas 900 contas...
2025-08-31 08:34:59,621 - INFO - Migradas 1000 contas...
2025-08-31 08:34:59,703 - INFO - Migradas 1100 contas...
2025-08-31 08:34:59,807 - INFO - Migradas 1200 contas...
2025-08-31 08:34:59,909 - INFO - Migradas 1300 contas...
2025-08-31 08:34:59,983 - INFO - Migradas 1400 contas...
2025-08-31 08:35:00,101 - INFO - Migradas 1500 contas...
2025-08-31 08:35:00,257 - INFO - Migradas 1600 contas...
2025-08-31 08:35:00,345 - INFO - Migradas 1700 contas...
2025-08-31 08:35:00,447 - INFO - Migradas 1800 contas...
2025-08-31 08:35:00,520 - INFO - Migradas 1900 contas...
2025-08-31 08:35:00,529 - INFO - 
        Migração concluída em 0:00:02.645959:
        - Total de contas migradas: 1909
        - Total de erros: 0
        
2025-08-31 08:35:00,529 - WARNING - 
Contas bancárias não encontradas:
2025-08-31 08:35:00,529 - WARNING - - Conta 1
2025-08-31 08:35:00,529 - WARNING - - Conta 11
2025-08-31 08:35:00,529 - WARNING - - Conta 16
2025-09-01 00:51:44,463 - INFO - Iniciando migração de contas a receber às 2025-09-01 00:51:44.463784
2025-09-01 00:51:44,464 - INFO - Estabelecendo conexões com os bancos de dados...
2025-09-01 00:51:44,918 - INFO - Iniciando limpeza das tabelas...
2025-09-01 00:51:44,918 - INFO - Limpando tabela contas_receber...
2025-09-01 00:51:44,947 - INFO - Tabela contas_receber limpa com sucesso
2025-09-01 00:51:44,950 - INFO - Limpeza de tabelas concluída com sucesso
2025-09-01 00:51:44,968 - INFO - Consultando dados do Access...
2025-09-01 00:51:45,150 - INFO - Iniciando migração dos registros...
2025-09-01 00:51:45,434 - INFO - Migradas 100 contas...
2025-09-01 00:51:45,545 - INFO - Migradas 200 contas...
2025-09-01 00:51:45,657 - INFO - Migradas 300 contas...
2025-09-01 00:51:45,773 - INFO - Migradas 400 contas...
2025-09-01 00:51:45,884 - INFO - Migradas 500 contas...
2025-09-01 00:51:46,001 - INFO - Migradas 600 contas...
2025-09-01 00:51:46,100 - INFO - Migradas 700 contas...
2025-09-01 00:51:46,218 - INFO - Migradas 800 contas...
2025-09-01 00:51:46,336 - INFO - Migradas 900 contas...
2025-09-01 00:51:46,460 - INFO - Migradas 1000 contas...
2025-09-01 00:51:46,568 - INFO - Migradas 1100 contas...
2025-09-01 00:51:46,673 - INFO - Migradas 1200 contas...
2025-09-01 00:51:46,788 - INFO - Migradas 1300 contas...
2025-09-01 00:51:46,911 - INFO - Migradas 1400 contas...
2025-09-01 00:51:47,034 - INFO - Migradas 1500 contas...
2025-09-01 00:51:47,151 - INFO - Migradas 1600 contas...
2025-09-01 00:51:47,273 - INFO - Migradas 1700 contas...
2025-09-01 00:51:47,412 - INFO - Migradas 1800 contas...
2025-09-01 00:51:47,584 - INFO - Migradas 1900 contas...
2025-09-01 00:51:47,584 - INFO - 
        Migração concluída em 0:00:03.120784:
        - Total de contas migradas: 1909
        - Total de erros: 0
        
2025-09-01 00:51:47,584 - WARNING - 
Contas bancárias não encontradas:
2025-09-01 00:51:47,584 - WARNING - - Conta 1
2025-09-01 00:51:47,584 - WARNING - - Conta 11
2025-09-01 00:51:47,584 - WARNING - - Conta 16
2025-09-02 03:47:38,252 - INFO - Iniciando migração de contas a receber às 2025-09-02 03:47:38.252786
2025-09-02 03:47:38,252 - INFO - Estabelecendo conexões com os bancos de dados...
2025-09-02 03:47:38,665 - INFO - Iniciando limpeza das tabelas...
2025-09-02 03:47:38,683 - INFO - Limpando tabela contas_receber...
2025-09-02 03:47:38,701 - INFO - Tabela contas_receber limpa com sucesso
2025-09-02 03:47:38,730 - INFO - Limpeza de tabelas concluída com sucesso
2025-09-02 03:47:38,741 - INFO - Consultando dados do Access...
2025-09-02 03:47:38,835 - INFO - Iniciando migração dos registros...
2025-09-02 03:47:39,063 - INFO - Migradas 100 contas...
2025-09-02 03:47:39,152 - INFO - Migradas 200 contas...
2025-09-02 03:47:39,233 - INFO - Migradas 300 contas...
2025-09-02 03:47:39,321 - INFO - Migradas 400 contas...
2025-09-02 03:47:39,404 - INFO - Migradas 500 contas...
2025-09-02 03:47:39,502 - INFO - Migradas 600 contas...
2025-09-02 03:47:39,616 - INFO - Migradas 700 contas...
2025-09-02 03:47:39,720 - INFO - Migradas 800 contas...
2025-09-02 03:47:39,806 - INFO - Migradas 900 contas...
2025-09-02 03:47:39,907 - INFO - Migradas 1000 contas...
2025-09-02 03:47:39,996 - INFO - Migradas 1100 contas...
2025-09-02 03:47:40,110 - INFO - Migradas 1200 contas...
2025-09-02 03:47:40,236 - INFO - Migradas 1300 contas...
2025-09-02 03:47:40,342 - INFO - Migradas 1400 contas...
2025-09-02 03:47:40,434 - INFO - Migradas 1500 contas...
2025-09-02 03:47:40,524 - INFO - Migradas 1600 contas...
2025-09-02 03:47:40,624 - INFO - Migradas 1700 contas...
2025-09-02 03:47:40,716 - INFO - Migradas 1800 contas...
2025-09-02 03:47:40,852 - INFO - Migradas 1900 contas...
2025-09-02 03:47:40,867 - INFO - 
        Migração concluída em 0:00:02.614496:
        - Total de contas migradas: 1909
        - Total de erros: 0
        
2025-09-02 03:47:40,867 - WARNING - 
Contas bancárias não encontradas:
2025-09-02 03:47:40,867 - WARNING - - Conta 1
2025-09-02 03:47:40,867 - WARNING - - Conta 11
2025-09-02 03:47:40,867 - WARNING - - Conta 16
2025-09-08 02:02:53,432 - INFO - Iniciando migração de contas a receber às 2025-09-08 02:02:53.432654
2025-09-08 02:02:53,432 - INFO - Estabelecendo conexões com os bancos de dados...
2025-09-08 02:02:53,924 - INFO - Iniciando limpeza das tabelas...
2025-09-08 02:02:53,932 - INFO - Limpando tabela contas_receber...
2025-09-08 02:02:53,955 - INFO - Tabela contas_receber limpa com sucesso
2025-09-08 02:02:53,980 - INFO - Limpeza de tabelas concluída com sucesso
2025-09-08 02:02:53,997 - INFO - Consultando dados do Access...
2025-09-08 02:02:54,143 - INFO - Iniciando migração dos registros...
2025-09-08 02:02:54,352 - INFO - Migradas 100 contas...
2025-09-08 02:02:54,471 - INFO - Migradas 200 contas...
2025-09-08 02:02:54,552 - INFO - Migradas 300 contas...
2025-09-08 02:02:54,635 - INFO - Migradas 400 contas...
2025-09-08 02:02:54,718 - INFO - Migradas 500 contas...
2025-09-08 02:02:54,818 - INFO - Migradas 600 contas...
2025-09-08 02:02:54,935 - INFO - Migradas 700 contas...
2025-09-08 02:02:55,052 - INFO - Migradas 800 contas...
2025-09-08 02:02:55,186 - INFO - Migradas 900 contas...
2025-09-08 02:02:55,285 - INFO - Migradas 1000 contas...
2025-09-08 02:02:55,372 - INFO - Migradas 1100 contas...
2025-09-08 02:02:55,452 - INFO - Migradas 1200 contas...
2025-09-08 02:02:55,535 - INFO - Migradas 1300 contas...
2025-09-08 02:02:55,635 - INFO - Migradas 1400 contas...
2025-09-08 02:02:55,719 - INFO - Migradas 1500 contas...
2025-09-08 02:02:55,802 - INFO - Migradas 1600 contas...
2025-09-08 02:02:55,952 - INFO - Migradas 1700 contas...
2025-09-08 02:02:56,052 - INFO - Migradas 1800 contas...
2025-09-08 02:02:56,135 - INFO - Migradas 1900 contas...
2025-09-08 02:02:56,152 - INFO - 
        Migração concluída em 0:00:02.719549:
        - Total de contas migradas: 1909
        - Total de erros: 0
        
2025-09-08 02:02:56,152 - WARNING - 
Contas bancárias não encontradas:
2025-09-08 02:02:56,152 - WARNING - - Conta 1
2025-09-08 02:02:56,152 - WARNING - - Conta 11
2025-09-08 02:02:56,152 - WARNING - - Conta 16
