2025-01-10 16:00:01,403 - INFO - Iniciando migração de contas a pagar às 2025-01-10 16:00:01.403104
2025-01-10 16:00:01,404 - INFO - Estabelecendo conexões com os bancos de dados...
2025-01-10 16:00:01,928 - INFO - Iniciando limpeza das tabelas...
2025-01-10 16:00:01,937 - INFO - Limpando tabela contas_pagar...
2025-01-10 16:00:01,954 - INFO - Tabela contas_pagar limpa com sucesso
2025-01-10 16:00:01,971 - INFO - Limpeza de tabelas concluída com sucesso
2025-01-10 16:00:01,984 - INFO - Consultando dados do Access...
2025-01-10 16:00:02,112 - INFO - Iniciando migração dos registros...
2025-01-10 16:00:02,285 - INFO - Migradas 100 contas...
2025-01-10 16:00:02,361 - INFO - Migradas 200 contas...
2025-01-10 16:00:02,439 - INFO - Migradas 300 contas...
2025-01-10 16:00:02,515 - INFO - Migradas 400 contas...
2025-01-10 16:00:02,588 - INFO - Migradas 500 contas...
2025-01-10 16:00:02,673 - INFO - Migradas 600 contas...
2025-01-10 16:00:02,753 - INFO - Migradas 700 contas...
2025-01-10 16:00:02,847 - INFO - Migradas 800 contas...
2025-01-10 16:00:02,936 - INFO - Migradas 900 contas...
2025-01-10 16:00:03,017 - INFO - Migradas 1000 contas...
2025-01-10 16:00:03,159 - INFO - Migradas 1100 contas...
2025-01-10 16:00:03,289 - INFO - Migradas 1200 contas...
2025-01-10 16:00:03,422 - INFO - Migradas 1300 contas...
2025-01-10 16:00:03,547 - INFO - Migradas 1400 contas...
2025-01-10 16:00:03,618 - INFO - Migradas 1500 contas...
2025-01-10 16:00:03,701 - INFO - Migradas 1600 contas...
2025-01-10 16:00:03,774 - INFO - Migradas 1700 contas...
2025-01-10 16:00:03,843 - INFO - Migradas 1800 contas...
2025-01-10 16:00:03,926 - INFO - Migradas 1900 contas...
2025-01-10 16:00:03,956 - INFO - 
        Migração concluída em 0:00:02.553619:
        - Total de contas migradas: 1940
        - Total de erros: 0
        
2025-01-13 20:38:50,457 - INFO - Iniciando migração de contas a pagar às 2025-01-13 20:38:50.457839
2025-01-13 20:38:50,458 - INFO - Estabelecendo conexões com os bancos de dados...
2025-01-13 20:38:50,879 - INFO - Iniciando limpeza das tabelas...
2025-01-13 20:38:50,888 - INFO - Limpando tabela contas_pagar...
2025-01-13 20:38:50,904 - INFO - Tabela contas_pagar limpa com sucesso
2025-01-13 20:38:50,917 - INFO - Limpeza de tabelas concluída com sucesso
2025-01-13 20:38:50,925 - INFO - Consultando dados do Access...
2025-01-13 20:38:51,042 - INFO - Iniciando migração dos registros...
2025-01-13 20:38:51,246 - INFO - Migradas 100 contas...
2025-01-13 20:38:51,320 - INFO - Migradas 200 contas...
2025-01-13 20:38:51,394 - INFO - Migradas 300 contas...
2025-01-13 20:38:51,474 - INFO - Migradas 400 contas...
2025-01-13 20:38:51,553 - INFO - Migradas 500 contas...
2025-01-13 20:38:51,628 - INFO - Migradas 600 contas...
2025-01-13 20:38:51,707 - INFO - Migradas 700 contas...
2025-01-13 20:38:51,789 - INFO - Migradas 800 contas...
2025-01-13 20:38:51,875 - INFO - Migradas 900 contas...
2025-01-13 20:38:51,975 - INFO - Migradas 1000 contas...
2025-01-13 20:38:52,097 - INFO - Migradas 1100 contas...
2025-01-13 20:38:52,216 - INFO - Migradas 1200 contas...
2025-01-13 20:38:52,348 - INFO - Migradas 1300 contas...
2025-01-13 20:38:52,451 - INFO - Migradas 1400 contas...
2025-01-13 20:38:52,528 - INFO - Migradas 1500 contas...
2025-01-13 20:38:52,611 - INFO - Migradas 1600 contas...
2025-01-13 20:38:52,684 - INFO - Migradas 1700 contas...
2025-01-13 20:38:52,758 - INFO - Migradas 1800 contas...
2025-01-13 20:38:52,835 - INFO - Migradas 1900 contas...
2025-01-13 20:38:52,863 - INFO - 
        Migração concluída em 0:00:02.406075:
        - Total de contas migradas: 1940
        - Total de erros: 0
        
2025-01-13 20:52:15,245 - INFO - Iniciando migração de contas a pagar às 2025-01-13 20:52:15.245390
2025-01-13 20:52:15,246 - INFO - Estabelecendo conexões com os bancos de dados...
2025-01-13 20:52:15,781 - INFO - Iniciando limpeza das tabelas...
2025-01-13 20:52:15,790 - INFO - Limpando tabela contas_pagar...
2025-01-13 20:52:15,806 - INFO - Tabela contas_pagar limpa com sucesso
2025-01-13 20:52:15,823 - INFO - Limpeza de tabelas concluída com sucesso
2025-01-13 20:52:15,833 - INFO - Consultando dados do Access...
2025-01-13 20:52:15,939 - INFO - Iniciando migração dos registros...
2025-01-13 20:52:16,142 - INFO - Migradas 100 contas...
2025-01-13 20:52:16,222 - INFO - Migradas 200 contas...
2025-01-13 20:52:16,303 - INFO - Migradas 300 contas...
2025-01-13 20:52:16,381 - INFO - Migradas 400 contas...
2025-01-13 20:52:16,469 - INFO - Migradas 500 contas...
2025-01-13 20:52:16,569 - INFO - Migradas 600 contas...
2025-01-13 20:52:16,678 - INFO - Migradas 700 contas...
2025-01-13 20:52:16,800 - INFO - Migradas 800 contas...
2025-01-13 20:52:16,945 - INFO - Migradas 900 contas...
2025-01-13 20:52:17,089 - INFO - Migradas 1000 contas...
2025-01-13 20:52:17,223 - INFO - Migradas 1100 contas...
2025-01-13 20:52:17,329 - INFO - Migradas 1200 contas...
2025-01-13 20:52:17,430 - INFO - Migradas 1300 contas...
2025-01-13 20:52:17,510 - INFO - Migradas 1400 contas...
2025-01-13 20:52:17,591 - INFO - Migradas 1500 contas...
2025-01-13 20:52:17,674 - INFO - Migradas 1600 contas...
2025-01-13 20:52:17,764 - INFO - Migradas 1700 contas...
2025-01-13 20:52:17,859 - INFO - Migradas 1800 contas...
2025-01-13 20:52:17,953 - INFO - Migradas 1900 contas...
2025-01-13 20:52:17,993 - INFO - 
        Migração concluída em 0:00:02.748231:
        - Total de contas migradas: 1940
        - Total de erros: 0
        
2025-01-13 20:55:39,886 - INFO - Iniciando migração de contas a pagar às 2025-01-13 20:55:39.886856
2025-01-13 20:55:39,887 - INFO - Estabelecendo conexões com os bancos de dados...
2025-01-13 20:55:40,274 - INFO - Iniciando limpeza das tabelas...
2025-01-13 20:55:40,284 - INFO - Limpando tabela contas_pagar...
2025-01-13 20:55:40,297 - INFO - Tabela contas_pagar limpa com sucesso
2025-01-13 20:55:40,307 - INFO - Limpeza de tabelas concluída com sucesso
2025-01-13 20:55:40,316 - INFO - Consultando dados do Access...
2025-01-13 20:55:40,372 - INFO - Iniciando migração dos registros...
2025-01-13 20:55:40,547 - INFO - Migradas 100 contas...
2025-01-13 20:55:40,618 - INFO - Migradas 200 contas...
2025-01-13 20:55:40,691 - INFO - Migradas 300 contas...
2025-01-13 20:55:40,767 - INFO - Migradas 400 contas...
2025-01-13 20:55:40,835 - INFO - Migradas 500 contas...
2025-01-13 20:55:40,912 - INFO - Migradas 600 contas...
2025-01-13 20:55:40,980 - INFO - Migradas 700 contas...
2025-01-13 20:55:41,048 - INFO - Migradas 800 contas...
2025-01-13 20:55:41,115 - INFO - Migradas 900 contas...
2025-01-13 20:55:41,188 - INFO - Migradas 1000 contas...
2025-01-13 20:55:41,262 - INFO - Migradas 1100 contas...
2025-01-13 20:55:41,339 - INFO - Migradas 1200 contas...
2025-01-13 20:55:41,412 - INFO - Migradas 1300 contas...
2025-01-13 20:55:41,487 - INFO - Migradas 1400 contas...
2025-01-13 20:55:41,563 - INFO - Migradas 1500 contas...
2025-01-13 20:55:41,636 - INFO - Migradas 1600 contas...
2025-01-13 20:55:41,780 - INFO - Migradas 1700 contas...
2025-01-13 20:55:41,861 - INFO - Migradas 1800 contas...
2025-01-13 20:55:41,933 - INFO - Migradas 1900 contas...
2025-01-13 20:55:41,966 - INFO - 
        Migração concluída em 0:00:02.079595:
        - Total de contas migradas: 1940
        - Total de erros: 0
        
2025-01-13 20:59:25,109 - INFO - Iniciando migração de contas a pagar às 2025-01-13 20:59:25.109267
2025-01-13 20:59:25,110 - INFO - Estabelecendo conexões com os bancos de dados...
2025-01-13 20:59:25,579 - INFO - Iniciando limpeza das tabelas...
2025-01-13 20:59:25,588 - INFO - Limpando tabela contas_pagar...
2025-01-13 20:59:25,604 - INFO - Tabela contas_pagar limpa com sucesso
2025-01-13 20:59:25,618 - INFO - Limpeza de tabelas concluída com sucesso
2025-01-13 20:59:25,629 - INFO - Consultando dados do Access...
2025-01-13 20:59:25,700 - INFO - Iniciando migração dos registros...
2025-01-13 20:59:25,849 - INFO - Migradas 100 contas...
2025-01-13 20:59:25,933 - INFO - Migradas 200 contas...
2025-01-13 20:59:26,017 - INFO - Migradas 300 contas...
2025-01-13 20:59:26,094 - INFO - Migradas 400 contas...
2025-01-13 20:59:26,177 - INFO - Migradas 500 contas...
2025-01-13 20:59:26,258 - INFO - Migradas 600 contas...
2025-01-13 20:59:26,341 - INFO - Migradas 700 contas...
2025-01-13 20:59:26,422 - INFO - Migradas 800 contas...
2025-01-13 20:59:26,520 - INFO - Migradas 900 contas...
2025-01-13 20:59:26,602 - INFO - Migradas 1000 contas...
2025-01-13 20:59:26,678 - INFO - Migradas 1100 contas...
2025-01-13 20:59:26,757 - INFO - Migradas 1200 contas...
2025-01-13 20:59:26,832 - INFO - Migradas 1300 contas...
2025-01-13 20:59:26,910 - INFO - Migradas 1400 contas...
2025-01-13 20:59:26,988 - INFO - Migradas 1500 contas...
2025-01-13 20:59:27,069 - INFO - Migradas 1600 contas...
2025-01-13 20:59:27,147 - INFO - Migradas 1700 contas...
2025-01-13 20:59:27,222 - INFO - Migradas 1800 contas...
2025-01-13 20:59:27,299 - INFO - Migradas 1900 contas...
2025-01-13 20:59:27,333 - INFO - 
        Migração concluída em 0:00:02.223487:
        - Total de contas migradas: 1940
        - Total de erros: 0
        
2025-01-13 21:03:57,869 - INFO - Iniciando migração de contas a pagar às 2025-01-13 21:03:57.869358
2025-01-13 21:03:57,870 - INFO - Estabelecendo conexões com os bancos de dados...
2025-01-13 21:03:58,258 - INFO - Iniciando limpeza das tabelas...
2025-01-13 21:03:58,268 - INFO - Limpando tabela contas_pagar...
2025-01-13 21:03:58,282 - INFO - Tabela contas_pagar limpa com sucesso
2025-01-13 21:03:58,294 - INFO - Limpeza de tabelas concluída com sucesso
2025-01-13 21:03:58,303 - INFO - Consultando dados do Access...
2025-01-13 21:03:58,422 - INFO - Iniciando migração dos registros...
2025-01-13 21:03:58,631 - INFO - Migradas 100 contas...
2025-01-13 21:03:58,745 - INFO - Migradas 200 contas...
2025-01-13 21:03:58,824 - INFO - Migradas 300 contas...
2025-01-13 21:03:58,900 - INFO - Migradas 400 contas...
2025-01-13 21:03:58,981 - INFO - Migradas 500 contas...
2025-01-13 21:03:59,063 - INFO - Migradas 600 contas...
2025-01-13 21:03:59,143 - INFO - Migradas 700 contas...
2025-01-13 21:03:59,224 - INFO - Migradas 800 contas...
2025-01-13 21:03:59,304 - INFO - Migradas 900 contas...
2025-01-13 21:03:59,376 - INFO - Migradas 1000 contas...
2025-01-13 21:03:59,447 - INFO - Migradas 1100 contas...
2025-01-13 21:03:59,529 - INFO - Migradas 1200 contas...
2025-01-13 21:03:59,612 - INFO - Migradas 1300 contas...
2025-01-13 21:03:59,687 - INFO - Migradas 1400 contas...
2025-01-13 21:03:59,758 - INFO - Migradas 1500 contas...
2025-01-13 21:03:59,833 - INFO - Migradas 1600 contas...
2025-01-13 21:03:59,905 - INFO - Migradas 1700 contas...
2025-01-13 21:03:59,981 - INFO - Migradas 1800 contas...
2025-01-13 21:04:00,073 - INFO - Migradas 1900 contas...
2025-01-13 21:04:00,107 - INFO - 
        Migração concluída em 0:00:02.238308:
        - Total de contas migradas: 1940
        - Total de erros: 0
        
2025-01-13 21:08:05,359 - INFO - Iniciando migração de contas a pagar às 2025-01-13 21:08:05.359277
2025-01-13 21:08:05,359 - INFO - Estabelecendo conexões com os bancos de dados...
2025-01-13 21:08:05,767 - INFO - Iniciando limpeza das tabelas...
2025-01-13 21:08:05,778 - INFO - Limpando tabela contas_pagar...
2025-01-13 21:08:05,796 - INFO - Tabela contas_pagar limpa com sucesso
2025-01-13 21:08:05,811 - INFO - Limpeza de tabelas concluída com sucesso
2025-01-13 21:08:05,822 - INFO - Consultando dados do Access...
2025-01-13 21:08:05,902 - INFO - Iniciando migração dos registros...
2025-01-13 21:08:06,066 - INFO - Migradas 100 contas...
2025-01-13 21:08:06,172 - INFO - Migradas 200 contas...
2025-01-13 21:08:06,279 - INFO - Migradas 300 contas...
2025-01-13 21:08:06,380 - INFO - Migradas 400 contas...
2025-01-13 21:08:06,485 - INFO - Migradas 500 contas...
2025-01-13 21:08:06,593 - INFO - Migradas 600 contas...
2025-01-13 21:08:06,707 - INFO - Migradas 700 contas...
2025-01-13 21:08:06,799 - INFO - Migradas 800 contas...
2025-01-13 21:08:06,891 - INFO - Migradas 900 contas...
2025-01-13 21:08:06,973 - INFO - Migradas 1000 contas...
2025-01-13 21:08:07,072 - INFO - Migradas 1100 contas...
2025-01-13 21:08:07,160 - INFO - Migradas 1200 contas...
2025-01-13 21:08:07,257 - INFO - Migradas 1300 contas...
2025-01-13 21:08:07,364 - INFO - Migradas 1400 contas...
2025-01-13 21:08:07,471 - INFO - Migradas 1500 contas...
2025-01-13 21:08:07,567 - INFO - Migradas 1600 contas...
2025-01-13 21:08:07,663 - INFO - Migradas 1700 contas...
2025-01-13 21:08:07,761 - INFO - Migradas 1800 contas...
2025-01-13 21:08:07,856 - INFO - Migradas 1900 contas...
2025-01-13 21:08:07,900 - INFO - 
        Migração concluída em 0:00:02.540828:
        - Total de contas migradas: 1940
        - Total de erros: 0
        
2025-08-30 08:12:46,751 - INFO - Iniciando migração de contas a pagar às 2025-08-30 08:12:46.751290
2025-08-30 08:12:46,752 - INFO - Estabelecendo conexões com os bancos de dados...
2025-08-30 08:12:47,143 - INFO - Iniciando limpeza das tabelas...
2025-08-30 08:12:47,146 - ERROR - Erro durante processo de limpeza: ERRO:  permissão negada ao definir parâmetro "session_replication_role"

2025-08-30 08:12:47,147 - ERROR - Erro durante a migração: ERRO:  permissão negada ao definir parâmetro "session_replication_role"

2025-08-30 08:36:12,055 - INFO - Iniciando migração de contas a pagar às 2025-08-30 08:36:12.055489
2025-08-30 08:36:12,055 - INFO - Estabelecendo conexões com os bancos de dados...
2025-08-30 08:36:12,392 - INFO - Iniciando limpeza das tabelas...
2025-08-30 08:36:12,395 - ERROR - Erro durante processo de limpeza: ERRO:  permissão negada ao definir parâmetro "session_replication_role"

2025-08-30 08:36:12,395 - ERROR - Erro durante a migração: ERRO:  permissão negada ao definir parâmetro "session_replication_role"

2025-08-30 08:43:21,801 - INFO - Iniciando migração de contas a pagar às 2025-08-30 08:43:21.801008
2025-08-30 08:43:21,801 - INFO - Estabelecendo conexões com os bancos de dados...
2025-08-30 08:43:22,191 - INFO - Iniciando limpeza das tabelas...
2025-08-30 08:43:22,200 - INFO - Limpando tabela contas_pagar...
2025-08-30 08:43:22,222 - INFO - Tabela contas_pagar limpa com sucesso
2025-08-30 08:43:22,235 - INFO - Limpeza de tabelas concluída com sucesso
2025-08-30 08:43:22,242 - INFO - Consultando dados do Access...
2025-08-30 08:43:22,363 - INFO - Iniciando migração dos registros...
2025-08-30 08:43:22,532 - INFO - Migradas 100 contas...
2025-08-30 08:43:22,610 - INFO - Migradas 200 contas...
2025-08-30 08:43:22,713 - INFO - Migradas 300 contas...
2025-08-30 08:43:22,806 - INFO - Migradas 400 contas...
2025-08-30 08:43:22,885 - INFO - Migradas 500 contas...
2025-08-30 08:43:22,972 - INFO - Migradas 600 contas...
2025-08-30 08:43:23,051 - INFO - Migradas 700 contas...
2025-08-30 08:43:23,132 - INFO - Migradas 800 contas...
2025-08-30 08:43:23,210 - INFO - Migradas 900 contas...
2025-08-30 08:43:23,313 - INFO - Migradas 1000 contas...
2025-08-30 08:43:23,479 - INFO - Migradas 1100 contas...
2025-08-30 08:43:23,578 - INFO - Migradas 1200 contas...
2025-08-30 08:43:23,678 - INFO - Migradas 1300 contas...
2025-08-30 08:43:23,760 - INFO - Migradas 1400 contas...
2025-08-30 08:43:23,844 - INFO - Migradas 1500 contas...
2025-08-30 08:43:23,978 - INFO - Migradas 1600 contas...
2025-08-30 08:43:24,061 - INFO - Migradas 1700 contas...
2025-08-30 08:43:24,144 - INFO - Migradas 1800 contas...
2025-08-30 08:43:24,227 - INFO - Migradas 1900 contas...
2025-08-30 08:43:24,260 - INFO - 
        Migração concluída em 0:00:02.459746:
        - Total de contas migradas: 1940
        - Total de erros: 0
        
2025-08-30 08:43:24,260 - WARNING - 
Contas bancárias não encontradas:
2025-08-30 08:43:24,260 - WARNING - - Conta 1
2025-08-30 08:43:24,260 - WARNING - - Conta 11
2025-08-30 08:43:24,260 - WARNING - - Conta 15
2025-08-30 08:43:24,260 - WARNING - - Conta 16
2025-08-30 08:48:05,911 - INFO - Iniciando migração de contas a pagar às 2025-08-30 08:48:05.910771
2025-08-30 08:48:05,911 - INFO - Estabelecendo conexões com os bancos de dados...
2025-08-30 08:48:06,400 - INFO - Iniciando limpeza das tabelas...
2025-08-30 08:48:06,408 - INFO - Limpando tabela contas_pagar...
2025-08-30 08:48:06,426 - INFO - Tabela contas_pagar limpa com sucesso
2025-08-30 08:48:06,435 - INFO - Limpeza de tabelas concluída com sucesso
2025-08-30 08:48:06,442 - INFO - Consultando dados do Access...
2025-08-30 08:48:06,502 - INFO - Iniciando migração dos registros...
2025-08-30 08:48:06,801 - INFO - Migradas 100 contas...
2025-08-30 08:48:06,977 - INFO - Migradas 200 contas...
2025-08-30 08:48:07,066 - INFO - Migradas 300 contas...
2025-08-30 08:48:07,153 - INFO - Migradas 400 contas...
2025-08-30 08:48:07,318 - INFO - Migradas 500 contas...
2025-08-30 08:48:07,436 - INFO - Migradas 600 contas...
2025-08-30 08:48:07,538 - INFO - Migradas 700 contas...
2025-08-30 08:48:07,708 - INFO - Migradas 800 contas...
2025-08-30 08:48:07,818 - INFO - Migradas 900 contas...
2025-08-30 08:48:07,975 - INFO - Migradas 1000 contas...
2025-08-30 08:48:08,151 - INFO - Migradas 1100 contas...
2025-08-30 08:48:08,345 - INFO - Migradas 1200 contas...
2025-08-30 08:48:08,466 - INFO - Migradas 1300 contas...
2025-08-30 08:48:08,589 - INFO - Migradas 1400 contas...
2025-08-30 08:48:08,792 - INFO - Migradas 1500 contas...
2025-08-30 08:48:09,074 - INFO - Migradas 1600 contas...
2025-08-30 08:48:10,153 - INFO - Migradas 1700 contas...
2025-08-30 08:48:10,301 - INFO - Migradas 1800 contas...
2025-08-30 08:48:10,380 - INFO - Migradas 1900 contas...
2025-08-30 08:48:10,415 - INFO - 
        Migração concluída em 0:00:04.504310:
        - Total de contas migradas: 1940
        - Total de erros: 0
        
2025-08-30 08:48:10,415 - WARNING - 
Contas bancárias não encontradas:
2025-08-30 08:48:10,415 - WARNING - - Conta 1
2025-08-30 08:48:10,416 - WARNING - - Conta 11
2025-08-30 08:48:10,416 - WARNING - - Conta 15
2025-08-30 08:48:10,416 - WARNING - - Conta 16
2025-08-31 07:09:23,875 - INFO - Iniciando migração de contas a pagar às 2025-08-31 07:09:23.875591
2025-08-31 07:09:23,875 - INFO - Estabelecendo conexões com os bancos de dados...
2025-08-31 07:09:24,331 - INFO - Iniciando limpeza das tabelas...
2025-08-31 07:09:24,339 - INFO - Limpando tabela contas_pagar...
2025-08-31 07:09:24,352 - INFO - Tabela contas_pagar limpa com sucesso
2025-08-31 07:09:24,363 - INFO - Limpeza de tabelas concluída com sucesso
2025-08-31 07:09:24,373 - INFO - Consultando dados do Access...
2025-08-31 07:09:24,492 - INFO - Iniciando migração dos registros...
2025-08-31 07:09:24,664 - INFO - Migradas 100 contas...
2025-08-31 07:09:24,745 - INFO - Migradas 200 contas...
2025-08-31 07:09:24,819 - INFO - Migradas 300 contas...
2025-08-31 07:09:24,905 - INFO - Migradas 400 contas...
2025-08-31 07:09:24,979 - INFO - Migradas 500 contas...
2025-08-31 07:09:25,057 - INFO - Migradas 600 contas...
2025-08-31 07:09:25,130 - INFO - Migradas 700 contas...
2025-08-31 07:09:25,200 - INFO - Migradas 800 contas...
2025-08-31 07:09:25,279 - INFO - Migradas 900 contas...
2025-08-31 07:09:25,363 - INFO - Migradas 1000 contas...
2025-08-31 07:09:25,440 - INFO - Migradas 1100 contas...
2025-08-31 07:09:25,515 - INFO - Migradas 1200 contas...
2025-08-31 07:09:25,649 - INFO - Migradas 1300 contas...
2025-08-31 07:09:25,771 - INFO - Migradas 1400 contas...
2025-08-31 07:09:25,875 - INFO - Migradas 1500 contas...
2025-08-31 07:09:25,972 - INFO - Migradas 1600 contas...
2025-08-31 07:09:26,077 - INFO - Migradas 1700 contas...
2025-08-31 07:09:26,185 - INFO - Migradas 1800 contas...
2025-08-31 07:09:26,273 - INFO - Migradas 1900 contas...
2025-08-31 07:09:26,351 - INFO - Migradas 2000 contas...
2025-08-31 07:09:26,431 - INFO - Migradas 2100 contas...
2025-08-31 07:09:26,541 - INFO - Migradas 2200 contas...
2025-08-31 07:09:26,712 - INFO - Migradas 2300 contas...
2025-08-31 07:09:26,903 - INFO - Migradas 2400 contas...
2025-08-31 07:09:27,039 - INFO - Migradas 2500 contas...
2025-08-31 07:09:27,121 - INFO - Migradas 2600 contas...
2025-08-31 07:09:27,190 - INFO - 
        Migração concluída em 0:00:03.314675:
        - Total de contas migradas: 2699
        - Total de erros: 0
        
2025-08-31 07:09:27,191 - WARNING - 
Contas bancárias não encontradas:
2025-08-31 07:09:27,191 - WARNING - - Conta 1
2025-08-31 07:09:27,191 - WARNING - - Conta 11
2025-08-31 07:09:27,191 - WARNING - - Conta 15
2025-08-31 07:09:27,191 - WARNING - - Conta 16
2025-08-31 08:25:24,672 - INFO - Iniciando migração de contas a pagar às 2025-08-31 08:25:24.672112
2025-08-31 08:25:24,673 - INFO - Estabelecendo conexões com os bancos de dados...
2025-08-31 08:25:25,104 - INFO - Iniciando limpeza das tabelas...
2025-08-31 08:25:25,113 - INFO - Limpando tabela contas_pagar...
2025-08-31 08:25:25,128 - INFO - Tabela contas_pagar limpa com sucesso
2025-08-31 08:25:25,142 - INFO - Limpeza de tabelas concluída com sucesso
2025-08-31 08:25:25,150 - INFO - Consultando dados do Access...
2025-08-31 08:25:25,269 - INFO - Iniciando migração dos registros...
2025-08-31 08:25:25,483 - INFO - Migradas 100 contas...
2025-08-31 08:25:25,591 - INFO - Migradas 200 contas...
2025-08-31 08:25:25,684 - INFO - Migradas 300 contas...
2025-08-31 08:25:25,802 - INFO - Migradas 400 contas...
2025-08-31 08:25:25,896 - INFO - Migradas 500 contas...
2025-08-31 08:25:25,984 - INFO - Migradas 600 contas...
2025-08-31 08:25:26,098 - INFO - Migradas 700 contas...
2025-08-31 08:25:26,193 - INFO - Migradas 800 contas...
2025-08-31 08:25:26,275 - INFO - Migradas 900 contas...
2025-08-31 08:25:26,353 - INFO - Migradas 1000 contas...
2025-08-31 08:25:26,427 - INFO - Migradas 1100 contas...
2025-08-31 08:25:26,508 - INFO - Migradas 1200 contas...
2025-08-31 08:25:26,597 - INFO - Migradas 1300 contas...
2025-08-31 08:25:26,675 - INFO - Migradas 1400 contas...
2025-08-31 08:25:26,753 - INFO - Migradas 1500 contas...
2025-08-31 08:25:26,839 - INFO - Migradas 1600 contas...
2025-08-31 08:25:26,920 - INFO - Migradas 1700 contas...
2025-08-31 08:25:27,002 - INFO - Migradas 1800 contas...
2025-08-31 08:25:27,081 - INFO - Migradas 1900 contas...
2025-08-31 08:25:27,211 - INFO - Migradas 2000 contas...
2025-08-31 08:25:27,312 - INFO - Migradas 2100 contas...
2025-08-31 08:25:27,391 - INFO - Migradas 2200 contas...
2025-08-31 08:25:27,487 - INFO - Migradas 2300 contas...
2025-08-31 08:25:27,569 - INFO - Migradas 2400 contas...
2025-08-31 08:25:27,664 - INFO - Migradas 2500 contas...
2025-08-31 08:25:27,799 - INFO - Migradas 2600 contas...
2025-08-31 08:25:27,944 - INFO - 
        Migração concluída em 0:00:03.272756:
        - Total de contas migradas: 2699
        - Total de erros: 0
        
2025-08-31 08:25:27,944 - WARNING - 
Contas bancárias não encontradas:
2025-08-31 08:25:27,944 - WARNING - - Conta 1
2025-08-31 08:25:27,944 - WARNING - - Conta 11
2025-08-31 08:25:27,944 - WARNING - - Conta 15
2025-08-31 08:25:27,945 - WARNING - - Conta 16
2025-08-31 08:34:54,609 - INFO - Iniciando migração de contas a pagar às 2025-08-31 08:34:54.609659
2025-08-31 08:34:54,610 - INFO - Estabelecendo conexões com os bancos de dados...
2025-08-31 08:34:54,984 - INFO - Iniciando limpeza das tabelas...
2025-08-31 08:34:54,994 - INFO - Limpando tabela contas_pagar...
2025-08-31 08:34:55,011 - INFO - Tabela contas_pagar limpa com sucesso
2025-08-31 08:34:55,029 - INFO - Limpeza de tabelas concluída com sucesso
2025-08-31 08:34:55,039 - INFO - Consultando dados do Access...
2025-08-31 08:34:55,106 - INFO - Iniciando migração dos registros...
2025-08-31 08:34:55,280 - INFO - Migradas 100 contas...
2025-08-31 08:34:55,369 - INFO - Migradas 200 contas...
2025-08-31 08:34:55,473 - INFO - Migradas 300 contas...
2025-08-31 08:34:55,554 - INFO - Migradas 400 contas...
2025-08-31 08:34:55,629 - INFO - Migradas 500 contas...
2025-08-31 08:34:55,707 - INFO - Migradas 600 contas...
2025-08-31 08:34:55,786 - INFO - Migradas 700 contas...
2025-08-31 08:34:55,877 - INFO - Migradas 800 contas...
2025-08-31 08:34:55,986 - INFO - Migradas 900 contas...
2025-08-31 08:34:56,076 - INFO - Migradas 1000 contas...
2025-08-31 08:34:56,173 - INFO - Migradas 1100 contas...
2025-08-31 08:34:56,265 - INFO - Migradas 1200 contas...
2025-08-31 08:34:56,345 - INFO - Migradas 1300 contas...
2025-08-31 08:34:56,426 - INFO - Migradas 1400 contas...
2025-08-31 08:34:56,501 - INFO - Migradas 1500 contas...
2025-08-31 08:34:56,582 - INFO - Migradas 1600 contas...
2025-08-31 08:34:56,690 - INFO - Migradas 1700 contas...
2025-08-31 08:34:56,799 - INFO - Migradas 1800 contas...
2025-08-31 08:34:56,893 - INFO - Migradas 1900 contas...
2025-08-31 08:34:57,009 - INFO - Migradas 2000 contas...
2025-08-31 08:34:57,096 - INFO - Migradas 2100 contas...
2025-08-31 08:34:57,191 - INFO - Migradas 2200 contas...
2025-08-31 08:34:57,271 - INFO - Migradas 2300 contas...
2025-08-31 08:34:57,356 - INFO - Migradas 2400 contas...
2025-08-31 08:34:57,437 - INFO - Migradas 2500 contas...
2025-08-31 08:34:57,515 - INFO - Migradas 2600 contas...
2025-08-31 08:34:57,593 - INFO - 
        Migração concluída em 0:00:02.983841:
        - Total de contas migradas: 2699
        - Total de erros: 0
        
2025-08-31 08:34:57,593 - WARNING - 
Contas bancárias não encontradas:
2025-08-31 08:34:57,593 - WARNING - - Conta 1
2025-08-31 08:34:57,593 - WARNING - - Conta 11
2025-08-31 08:34:57,593 - WARNING - - Conta 15
2025-08-31 08:34:57,593 - WARNING - - Conta 16
2025-09-01 00:51:40,036 - INFO - Iniciando migração de contas a pagar às 2025-09-01 00:51:40.036300
2025-09-01 00:51:40,036 - INFO - Estabelecendo conexões com os bancos de dados...
2025-09-01 00:51:40,451 - INFO - Iniciando limpeza das tabelas...
2025-09-01 00:51:40,461 - INFO - Limpando tabela contas_pagar...
2025-09-01 00:51:40,478 - INFO - Tabela contas_pagar limpa com sucesso
2025-09-01 00:51:40,495 - INFO - Limpeza de tabelas concluída com sucesso
2025-09-01 00:51:40,504 - INFO - Consultando dados do Access...
2025-09-01 00:51:40,650 - INFO - Iniciando migração dos registros...
2025-09-01 00:51:40,901 - INFO - Migradas 100 contas...
2025-09-01 00:51:41,050 - INFO - Migradas 200 contas...
2025-09-01 00:51:41,150 - INFO - Migradas 300 contas...
2025-09-01 00:51:41,257 - INFO - Migradas 400 contas...
2025-09-01 00:51:41,400 - INFO - Migradas 500 contas...
2025-09-01 00:51:41,500 - INFO - Migradas 600 contas...
2025-09-01 00:51:41,667 - INFO - Migradas 700 contas...
2025-09-01 00:51:41,767 - INFO - Migradas 800 contas...
2025-09-01 00:51:41,850 - INFO - Migradas 900 contas...
2025-09-01 00:51:42,017 - INFO - Migradas 1000 contas...
2025-09-01 00:51:42,234 - INFO - Migradas 1100 contas...
2025-09-01 00:51:42,351 - INFO - Migradas 1200 contas...
2025-09-01 00:51:42,523 - INFO - Migradas 1300 contas...
2025-09-01 00:51:42,636 - INFO - Migradas 1400 contas...
2025-09-01 00:51:42,823 - INFO - Migradas 1500 contas...
2025-09-01 00:51:42,917 - INFO - Migradas 1600 contas...
2025-09-01 00:51:43,012 - INFO - Migradas 1700 contas...
2025-09-01 00:51:43,175 - INFO - Migradas 1800 contas...
2025-09-01 00:51:43,275 - INFO - Migradas 1900 contas...
2025-09-01 00:51:43,371 - INFO - Migradas 2000 contas...
2025-09-01 00:51:43,534 - INFO - Migradas 2100 contas...
2025-09-01 00:51:43,630 - INFO - Migradas 2200 contas...
2025-09-01 00:51:43,788 - INFO - Migradas 2300 contas...
2025-09-01 00:51:43,887 - INFO - Migradas 2400 contas...
2025-09-01 00:51:43,981 - INFO - Migradas 2500 contas...
2025-09-01 00:51:44,089 - INFO - Migradas 2600 contas...
2025-09-01 00:51:44,175 - INFO - 
        Migração concluída em 0:00:04.139484:
        - Total de contas migradas: 2699
        - Total de erros: 0
        
2025-09-01 00:51:44,176 - WARNING - 
Contas bancárias não encontradas:
2025-09-01 00:51:44,176 - WARNING - - Conta 1
2025-09-01 00:51:44,176 - WARNING - - Conta 11
2025-09-01 00:51:44,176 - WARNING - - Conta 15
2025-09-01 00:51:44,176 - WARNING - - Conta 16
2025-09-02 03:47:34,627 - INFO - Iniciando migração de contas a pagar às 2025-09-02 03:47:34.627893
2025-09-02 03:47:34,628 - INFO - Estabelecendo conexões com os bancos de dados...
2025-09-02 03:47:35,169 - INFO - Iniciando limpeza das tabelas...
2025-09-02 03:47:35,181 - INFO - Limpando tabela contas_pagar...
2025-09-02 03:47:35,198 - INFO - Tabela contas_pagar limpa com sucesso
2025-09-02 03:47:35,211 - INFO - Limpeza de tabelas concluída com sucesso
2025-09-02 03:47:35,223 - INFO - Consultando dados do Access...
2025-09-02 03:47:35,306 - INFO - Iniciando migração dos registros...
2025-09-02 03:47:35,632 - INFO - Migradas 100 contas...
2025-09-02 03:47:35,802 - INFO - Migradas 200 contas...
2025-09-02 03:47:35,908 - INFO - Migradas 300 contas...
2025-09-02 03:47:35,992 - INFO - Migradas 400 contas...
2025-09-02 03:47:36,075 - INFO - Migradas 500 contas...
2025-09-02 03:47:36,150 - INFO - Migradas 600 contas...
2025-09-02 03:47:36,230 - INFO - Migradas 700 contas...
2025-09-02 03:47:36,312 - INFO - Migradas 800 contas...
2025-09-02 03:47:36,410 - INFO - Migradas 900 contas...
2025-09-02 03:47:36,509 - INFO - Migradas 1000 contas...
2025-09-02 03:47:36,590 - INFO - Migradas 1100 contas...
2025-09-02 03:47:36,666 - INFO - Migradas 1200 contas...
2025-09-02 03:47:36,746 - INFO - Migradas 1300 contas...
2025-09-02 03:47:36,832 - INFO - Migradas 1400 contas...
2025-09-02 03:47:36,935 - INFO - Migradas 1500 contas...
2025-09-02 03:47:37,032 - INFO - Migradas 1600 contas...
2025-09-02 03:47:37,121 - INFO - Migradas 1700 contas...
2025-09-02 03:47:37,202 - INFO - Migradas 1800 contas...
2025-09-02 03:47:37,283 - INFO - Migradas 1900 contas...
2025-09-02 03:47:37,365 - INFO - Migradas 2000 contas...
2025-09-02 03:47:37,449 - INFO - Migradas 2100 contas...
2025-09-02 03:47:37,535 - INFO - Migradas 2200 contas...
2025-09-02 03:47:37,599 - INFO - Migradas 2300 contas...
2025-09-02 03:47:37,682 - INFO - Migradas 2400 contas...
2025-09-02 03:47:37,754 - INFO - Migradas 2500 contas...
2025-09-02 03:47:37,854 - INFO - Migradas 2600 contas...
2025-09-02 03:47:37,938 - INFO - 
        Migração concluída em 0:00:03.311012:
        - Total de contas migradas: 2699
        - Total de erros: 0
        
2025-09-02 03:47:37,938 - WARNING - 
Contas bancárias não encontradas:
2025-09-02 03:47:37,938 - WARNING - - Conta 1
2025-09-02 03:47:37,938 - WARNING - - Conta 11
2025-09-02 03:47:37,939 - WARNING - - Conta 15
2025-09-02 03:47:37,939 - WARNING - - Conta 16
2025-09-08 02:02:50,146 - INFO - Iniciando migração de contas a pagar às 2025-09-08 02:02:50.146348
2025-09-08 02:02:50,147 - INFO - Estabelecendo conexões com os bancos de dados...
2025-09-08 02:02:50,661 - INFO - Iniciando limpeza das tabelas...
2025-09-08 02:02:50,671 - INFO - Limpando tabela contas_pagar...
2025-09-08 02:02:50,683 - INFO - Tabela contas_pagar limpa com sucesso
2025-09-08 02:02:50,698 - INFO - Limpeza de tabelas concluída com sucesso
2025-09-08 02:02:50,711 - INFO - Consultando dados do Access...
2025-09-08 02:02:50,815 - INFO - Iniciando migração dos registros...
2025-09-08 02:02:51,015 - INFO - Migradas 100 contas...
2025-09-08 02:02:51,080 - INFO - Migradas 200 contas...
2025-09-08 02:02:51,157 - INFO - Migradas 300 contas...
2025-09-08 02:02:51,230 - INFO - Migradas 400 contas...
2025-09-08 02:02:51,314 - INFO - Migradas 500 contas...
2025-09-08 02:02:51,383 - INFO - Migradas 600 contas...
2025-09-08 02:02:51,457 - INFO - Migradas 700 contas...
2025-09-08 02:02:51,526 - INFO - Migradas 800 contas...
2025-09-08 02:02:51,614 - INFO - Migradas 900 contas...
2025-09-08 02:02:51,691 - INFO - Migradas 1000 contas...
2025-09-08 02:02:51,772 - INFO - Migradas 1100 contas...
2025-09-08 02:02:51,854 - INFO - Migradas 1200 contas...
2025-09-08 02:02:51,935 - INFO - Migradas 1300 contas...
2025-09-08 02:02:52,024 - INFO - Migradas 1400 contas...
2025-09-08 02:02:52,136 - INFO - Migradas 1500 contas...
2025-09-08 02:02:52,219 - INFO - Migradas 1600 contas...
2025-09-08 02:02:52,287 - INFO - Migradas 1700 contas...
2025-09-08 02:02:52,353 - INFO - Migradas 1800 contas...
2025-09-08 02:02:52,437 - INFO - Migradas 1900 contas...
2025-09-08 02:02:52,525 - INFO - Migradas 2000 contas...
2025-09-08 02:02:52,641 - INFO - Migradas 2100 contas...
2025-09-08 02:02:52,755 - INFO - Migradas 2200 contas...
2025-09-08 02:02:52,851 - INFO - Migradas 2300 contas...
2025-09-08 02:02:52,928 - INFO - Migradas 2400 contas...
2025-09-08 02:02:52,998 - INFO - Migradas 2500 contas...
2025-09-08 02:02:53,069 - INFO - Migradas 2600 contas...
2025-09-08 02:02:53,150 - INFO - 
        Migração concluída em 0:00:03.004308:
        - Total de contas migradas: 2699
        - Total de erros: 0
        
2025-09-08 02:02:53,150 - WARNING - 
Contas bancárias não encontradas:
2025-09-08 02:02:53,150 - WARNING - - Conta 1
2025-09-08 02:02:53,151 - WARNING - - Conta 11
2025-09-08 02:02:53,151 - WARNING - - Conta 15
2025-09-08 02:02:53,151 - WARNING - - Conta 16
