2025-01-10 15:59:58,551 - INFO - Iniciando migração de notas fiscais de serviço às 2025-01-10 15:59:58.551278
2025-01-10 15:59:58,552 - INFO - Estabelecendo conexões com os bancos de dados...
2025-01-10 15:59:59,017 - INFO - Iniciando limpeza das tabelas...
2025-01-10 15:59:59,028 - INFO - Limpando tabela itens_nf_servico...
2025-01-10 15:59:59,038 - INFO - Tabela itens_nf_servico limpa com sucesso
2025-01-10 15:59:59,040 - INFO - Limpando tabela notas_fiscais_servico...
2025-01-10 15:59:59,071 - INFO - Tabela notas_fiscais_servico limpa com sucesso
2025-01-10 15:59:59,092 - INFO - Limpeza de tabelas concluída com sucesso
2025-01-10 15:59:59,099 - INFO - Consultando dados do Access...
2025-01-10 15:59:59,113 - INFO - Iniciando migração dos registros...
2025-01-10 15:59:59,267 - INFO - Migradas 100 notas fiscais de serviço...
2025-01-10 15:59:59,351 - INFO - Migradas 200 notas fiscais de serviço...
2025-01-10 15:59:59,429 - INFO - Migradas 300 notas fiscais de serviço...
2025-01-10 15:59:59,507 - INFO - 
        Migração concluída em 0:00:00.955780:
        - Total de notas fiscais de serviço migradas: 387
        - Total de erros: 0
        
2025-01-10 15:59:59,507 - WARNING - 
Vendedores não encontrados:
2025-01-10 15:59:59,507 - WARNING - - Vendedor 79
2025-01-10 15:59:59,507 - WARNING - - Vendedor 80
2025-01-13 20:38:48,125 - INFO - Iniciando migração de notas fiscais de serviço às 2025-01-13 20:38:48.125264
2025-01-13 20:38:48,126 - INFO - Estabelecendo conexões com os bancos de dados...
2025-01-13 20:38:48,514 - INFO - Iniciando limpeza das tabelas...
2025-01-13 20:38:48,523 - INFO - Limpando tabela itens_nf_servico...
2025-01-13 20:38:48,532 - INFO - Tabela itens_nf_servico limpa com sucesso
2025-01-13 20:38:48,533 - INFO - Limpando tabela notas_fiscais_servico...
2025-01-13 20:38:48,562 - INFO - Tabela notas_fiscais_servico limpa com sucesso
2025-01-13 20:38:48,582 - INFO - Limpeza de tabelas concluída com sucesso
2025-01-13 20:38:48,591 - INFO - Consultando dados do Access...
2025-01-13 20:38:48,607 - INFO - Iniciando migração dos registros...
2025-01-13 20:38:48,740 - INFO - Migradas 100 notas fiscais de serviço...
2025-01-13 20:38:48,821 - INFO - Migradas 200 notas fiscais de serviço...
2025-01-13 20:38:48,901 - INFO - Migradas 300 notas fiscais de serviço...
2025-01-13 20:38:48,968 - INFO - 
        Migração concluída em 0:00:00.842964:
        - Total de notas fiscais de serviço migradas: 387
        - Total de erros: 0
        
2025-01-13 20:38:48,968 - WARNING - 
Vendedores não encontrados:
2025-01-13 20:38:48,969 - WARNING - - Vendedor 79
2025-01-13 20:38:48,969 - WARNING - - Vendedor 80
2025-01-13 20:52:12,883 - INFO - Iniciando migração de notas fiscais de serviço às 2025-01-13 20:52:12.883678
2025-01-13 20:52:12,883 - INFO - Estabelecendo conexões com os bancos de dados...
2025-01-13 20:52:13,281 - INFO - Iniciando limpeza das tabelas...
2025-01-13 20:52:13,291 - INFO - Limpando tabela itens_nf_servico...
2025-01-13 20:52:13,308 - INFO - Tabela itens_nf_servico limpa com sucesso
2025-01-13 20:52:13,309 - INFO - Limpando tabela notas_fiscais_servico...
2025-01-13 20:52:13,337 - INFO - Tabela notas_fiscais_servico limpa com sucesso
2025-01-13 20:52:13,361 - INFO - Limpeza de tabelas concluída com sucesso
2025-01-13 20:52:13,369 - INFO - Consultando dados do Access...
2025-01-13 20:52:13,384 - INFO - Iniciando migração dos registros...
2025-01-13 20:52:13,518 - INFO - Migradas 100 notas fiscais de serviço...
2025-01-13 20:52:13,602 - INFO - Migradas 200 notas fiscais de serviço...
2025-01-13 20:52:13,686 - INFO - Migradas 300 notas fiscais de serviço...
2025-01-13 20:52:13,761 - INFO - 
        Migração concluída em 0:00:00.877703:
        - Total de notas fiscais de serviço migradas: 387
        - Total de erros: 0
        
2025-01-13 20:52:13,761 - WARNING - 
Vendedores não encontrados:
2025-01-13 20:52:13,761 - WARNING - - Vendedor 79
2025-01-13 20:52:13,761 - WARNING - - Vendedor 80
2025-01-13 20:55:37,702 - INFO - Iniciando migração de notas fiscais de serviço às 2025-01-13 20:55:37.702938
2025-01-13 20:55:37,702 - INFO - Estabelecendo conexões com os bancos de dados...
2025-01-13 20:55:38,094 - INFO - Iniciando limpeza das tabelas...
2025-01-13 20:55:38,102 - INFO - Limpando tabela itens_nf_servico...
2025-01-13 20:55:38,109 - INFO - Tabela itens_nf_servico limpa com sucesso
2025-01-13 20:55:38,111 - INFO - Limpando tabela notas_fiscais_servico...
2025-01-13 20:55:38,139 - INFO - Tabela notas_fiscais_servico limpa com sucesso
2025-01-13 20:55:38,162 - INFO - Limpeza de tabelas concluída com sucesso
2025-01-13 20:55:38,172 - INFO - Consultando dados do Access...
2025-01-13 20:55:38,181 - INFO - Iniciando migração dos registros...
2025-01-13 20:55:38,284 - INFO - Migradas 100 notas fiscais de serviço...
2025-01-13 20:55:38,354 - INFO - Migradas 200 notas fiscais de serviço...
2025-01-13 20:55:38,422 - INFO - Migradas 300 notas fiscais de serviço...
2025-01-13 20:55:38,486 - INFO - 
        Migração concluída em 0:00:00.783791:
        - Total de notas fiscais de serviço migradas: 387
        - Total de erros: 0
        
2025-01-13 20:55:38,486 - WARNING - 
Vendedores não encontrados:
2025-01-13 20:55:38,486 - WARNING - - Vendedor 79
2025-01-13 20:55:38,486 - WARNING - - Vendedor 80
2025-01-13 20:59:22,802 - INFO - Iniciando migração de notas fiscais de serviço às 2025-01-13 20:59:22.802044
2025-01-13 20:59:22,802 - INFO - Estabelecendo conexões com os bancos de dados...
2025-01-13 20:59:23,194 - INFO - Iniciando limpeza das tabelas...
2025-01-13 20:59:23,203 - INFO - Limpando tabela itens_nf_servico...
2025-01-13 20:59:23,211 - INFO - Tabela itens_nf_servico limpa com sucesso
2025-01-13 20:59:23,213 - INFO - Limpando tabela notas_fiscais_servico...
2025-01-13 20:59:23,241 - INFO - Tabela notas_fiscais_servico limpa com sucesso
2025-01-13 20:59:23,263 - INFO - Limpeza de tabelas concluída com sucesso
2025-01-13 20:59:23,273 - INFO - Consultando dados do Access...
2025-01-13 20:59:23,282 - INFO - Iniciando migração dos registros...
2025-01-13 20:59:23,389 - INFO - Migradas 100 notas fiscais de serviço...
2025-01-13 20:59:23,476 - INFO - Migradas 200 notas fiscais de serviço...
2025-01-13 20:59:23,566 - INFO - Migradas 300 notas fiscais de serviço...
2025-01-13 20:59:23,637 - INFO - 
        Migração concluída em 0:00:00.835750:
        - Total de notas fiscais de serviço migradas: 387
        - Total de erros: 0
        
2025-01-13 20:59:23,637 - WARNING - 
Vendedores não encontrados:
2025-01-13 20:59:23,637 - WARNING - - Vendedor 79
2025-01-13 20:59:23,637 - WARNING - - Vendedor 80
2025-01-13 21:03:55,620 - INFO - Iniciando migração de notas fiscais de serviço às 2025-01-13 21:03:55.620044
2025-01-13 21:03:55,621 - INFO - Estabelecendo conexões com os bancos de dados...
2025-01-13 21:03:56,015 - INFO - Iniciando limpeza das tabelas...
2025-01-13 21:03:56,023 - INFO - Limpando tabela itens_nf_servico...
2025-01-13 21:03:56,032 - INFO - Tabela itens_nf_servico limpa com sucesso
2025-01-13 21:03:56,034 - INFO - Limpando tabela notas_fiscais_servico...
2025-01-13 21:03:56,060 - INFO - Tabela notas_fiscais_servico limpa com sucesso
2025-01-13 21:03:56,077 - INFO - Limpeza de tabelas concluída com sucesso
2025-01-13 21:03:56,087 - INFO - Consultando dados do Access...
2025-01-13 21:03:56,101 - INFO - Iniciando migração dos registros...
2025-01-13 21:03:56,209 - INFO - Migradas 100 notas fiscais de serviço...
2025-01-13 21:03:56,289 - INFO - Migradas 200 notas fiscais de serviço...
2025-01-13 21:03:56,369 - INFO - Migradas 300 notas fiscais de serviço...
2025-01-13 21:03:56,447 - INFO - 
        Migração concluída em 0:00:00.826999:
        - Total de notas fiscais de serviço migradas: 387
        - Total de erros: 0
        
2025-01-13 21:03:56,447 - WARNING - 
Vendedores não encontrados:
2025-01-13 21:03:56,447 - WARNING - - Vendedor 79
2025-01-13 21:03:56,447 - WARNING - - Vendedor 80
2025-01-13 21:08:02,845 - INFO - Iniciando migração de notas fiscais de serviço às 2025-01-13 21:08:02.845341
2025-01-13 21:08:02,845 - INFO - Estabelecendo conexões com os bancos de dados...
2025-01-13 21:08:03,295 - INFO - Iniciando limpeza das tabelas...
2025-01-13 21:08:03,303 - INFO - Limpando tabela itens_nf_servico...
2025-01-13 21:08:03,313 - INFO - Tabela itens_nf_servico limpa com sucesso
2025-01-13 21:08:03,315 - INFO - Limpando tabela notas_fiscais_servico...
2025-01-13 21:08:03,345 - INFO - Tabela notas_fiscais_servico limpa com sucesso
2025-01-13 21:08:03,365 - INFO - Limpeza de tabelas concluída com sucesso
2025-01-13 21:08:03,375 - INFO - Consultando dados do Access...
2025-01-13 21:08:03,385 - INFO - Iniciando migração dos registros...
2025-01-13 21:08:03,515 - INFO - Migradas 100 notas fiscais de serviço...
2025-01-13 21:08:03,613 - INFO - Migradas 200 notas fiscais de serviço...
2025-01-13 21:08:03,715 - INFO - Migradas 300 notas fiscais de serviço...
2025-01-13 21:08:03,804 - INFO - 
        Migração concluída em 0:00:00.959127:
        - Total de notas fiscais de serviço migradas: 387
        - Total de erros: 0
        
2025-01-13 21:08:03,804 - WARNING - 
Vendedores não encontrados:
2025-01-13 21:08:03,805 - WARNING - - Vendedor 79
2025-01-13 21:08:03,805 - WARNING - - Vendedor 80
2025-08-30 08:12:45,055 - INFO - Iniciando migração de notas fiscais de serviço às 2025-08-30 08:12:45.055714
2025-08-30 08:12:45,056 - INFO - Estabelecendo conexões com os bancos de dados...
2025-08-30 08:12:45,493 - INFO - Iniciando limpeza das tabelas...
2025-08-30 08:12:45,496 - ERROR - Erro durante processo de limpeza: ERRO:  permissão negada ao definir parâmetro "session_replication_role"

2025-08-30 08:12:45,497 - ERROR - Erro durante a migração: ERRO:  permissão negada ao definir parâmetro "session_replication_role"

2025-08-30 08:36:10,864 - INFO - Iniciando migração de notas fiscais de serviço às 2025-08-30 08:36:10.864960
2025-08-30 08:36:10,864 - INFO - Estabelecendo conexões com os bancos de dados...
2025-08-30 08:36:11,204 - INFO - Iniciando limpeza das tabelas...
2025-08-30 08:36:11,206 - ERROR - Erro durante processo de limpeza: ERRO:  permissão negada ao definir parâmetro "session_replication_role"

2025-08-30 08:36:11,207 - ERROR - Erro durante a migração: ERRO:  permissão negada ao definir parâmetro "session_replication_role"

2025-08-30 08:43:19,573 - INFO - Iniciando migração de notas fiscais de serviço às 2025-08-30 08:43:19.573500
2025-08-30 08:43:19,573 - INFO - Estabelecendo conexões com os bancos de dados...
2025-08-30 08:43:19,997 - INFO - Iniciando limpeza das tabelas...
2025-08-30 08:43:20,007 - INFO - Limpando tabela itens_nf_servico...
2025-08-30 08:43:20,019 - INFO - Tabela itens_nf_servico limpa com sucesso
2025-08-30 08:43:20,020 - INFO - Limpando tabela notas_fiscais_servico...
2025-08-30 08:43:20,057 - INFO - Tabela notas_fiscais_servico limpa com sucesso
2025-08-30 08:43:20,082 - INFO - Limpeza de tabelas concluída com sucesso
2025-08-30 08:43:20,092 - INFO - Consultando dados do Access...
2025-08-30 08:43:20,108 - INFO - Iniciando migração dos registros...
2025-08-30 08:43:20,241 - INFO - Migradas 100 notas fiscais de serviço...
2025-08-30 08:43:20,336 - INFO - Migradas 200 notas fiscais de serviço...
2025-08-30 08:43:20,420 - INFO - Migradas 300 notas fiscais de serviço...
2025-08-30 08:43:20,497 - INFO - 
        Migração concluída em 0:00:00.923704:
        - Total de notas fiscais de serviço migradas: 387
        - Total de erros: 0
        
2025-08-30 08:43:20,497 - WARNING - 
Vendedores não encontrados:
2025-08-30 08:43:20,497 - WARNING - - Vendedor 79
2025-08-30 08:43:20,498 - WARNING - - Vendedor 80
2025-08-30 08:48:03,489 - INFO - Iniciando migração de notas fiscais de serviço às 2025-08-30 08:48:03.489682
2025-08-30 08:48:03,489 - INFO - Estabelecendo conexões com os bancos de dados...
2025-08-30 08:48:03,858 - INFO - Iniciando limpeza das tabelas...
2025-08-30 08:48:03,858 - INFO - Limpando tabela itens_nf_servico...
2025-08-30 08:48:03,858 - INFO - Tabela itens_nf_servico limpa com sucesso
2025-08-30 08:48:03,874 - INFO - Limpando tabela notas_fiscais_servico...
2025-08-30 08:48:03,891 - INFO - Tabela notas_fiscais_servico limpa com sucesso
2025-08-30 08:48:03,908 - INFO - Limpeza de tabelas concluída com sucesso
2025-08-30 08:48:03,924 - INFO - Consultando dados do Access...
2025-08-30 08:48:03,935 - INFO - Iniciando migração dos registros...
2025-08-30 08:48:04,041 - INFO - Migradas 100 notas fiscais de serviço...
2025-08-30 08:48:04,208 - INFO - Migradas 200 notas fiscais de serviço...
2025-08-30 08:48:04,307 - INFO - Migradas 300 notas fiscais de serviço...
2025-08-30 08:48:04,387 - INFO - 
        Migração concluída em 0:00:00.898096:
        - Total de notas fiscais de serviço migradas: 387
        - Total de erros: 0
        
2025-08-30 08:48:04,387 - WARNING - 
Vendedores não encontrados:
2025-08-30 08:48:04,387 - WARNING - - Vendedor 79
2025-08-30 08:48:04,387 - WARNING - - Vendedor 80
2025-08-31 07:09:21,149 - INFO - Iniciando migração de notas fiscais de serviço às 2025-08-31 07:09:21.149576
2025-08-31 07:09:21,150 - INFO - Estabelecendo conexões com os bancos de dados...
2025-08-31 07:09:21,510 - INFO - Iniciando limpeza das tabelas...
2025-08-31 07:09:21,517 - INFO - Limpando tabela itens_nf_servico...
2025-08-31 07:09:21,526 - INFO - Tabela itens_nf_servico limpa com sucesso
2025-08-31 07:09:21,527 - INFO - Limpando tabela notas_fiscais_servico...
2025-08-31 07:09:21,551 - INFO - Tabela notas_fiscais_servico limpa com sucesso
2025-08-31 07:09:21,568 - INFO - Limpeza de tabelas concluída com sucesso
2025-08-31 07:09:21,575 - INFO - Consultando dados do Access...
2025-08-31 07:09:21,591 - INFO - Iniciando migração dos registros...
2025-08-31 07:09:21,792 - INFO - Migradas 100 notas fiscais de serviço...
2025-08-31 07:09:21,914 - INFO - Migradas 200 notas fiscais de serviço...
2025-08-31 07:09:21,992 - INFO - Migradas 300 notas fiscais de serviço...
2025-08-31 07:09:22,069 - INFO - Migradas 400 notas fiscais de serviço...
2025-08-31 07:09:22,147 - INFO - Migradas 500 notas fiscais de serviço...
2025-08-31 07:09:22,248 - INFO - Migradas 600 notas fiscais de serviço...
2025-08-31 07:09:22,266 - INFO - 
        Migração concluída em 0:00:01.116459:
        - Total de notas fiscais de serviço migradas: 615
        - Total de erros: 0
        
2025-08-31 07:09:22,267 - WARNING - 
Vendedores não encontrados:
2025-08-31 07:09:22,267 - WARNING - - Vendedor 79
2025-08-31 07:09:22,267 - WARNING - - Vendedor 80
2025-08-31 08:25:21,687 - INFO - Iniciando migração de notas fiscais de serviço às 2025-08-31 08:25:21.687726
2025-08-31 08:25:21,687 - INFO - Estabelecendo conexões com os bancos de dados...
2025-08-31 08:25:22,195 - INFO - Iniciando limpeza das tabelas...
2025-08-31 08:25:22,207 - INFO - Limpando tabela itens_nf_servico...
2025-08-31 08:25:22,217 - INFO - Tabela itens_nf_servico limpa com sucesso
2025-08-31 08:25:22,218 - INFO - Limpando tabela notas_fiscais_servico...
2025-08-31 08:25:22,250 - INFO - Tabela notas_fiscais_servico limpa com sucesso
2025-08-31 08:25:22,271 - INFO - Limpeza de tabelas concluída com sucesso
2025-08-31 08:25:22,272 - INFO - Consultando dados do Access...
2025-08-31 08:25:22,299 - INFO - Iniciando migração dos registros...
2025-08-31 08:25:22,539 - INFO - Migradas 100 notas fiscais de serviço...
2025-08-31 08:25:22,648 - INFO - Migradas 200 notas fiscais de serviço...
2025-08-31 08:25:22,746 - INFO - Migradas 300 notas fiscais de serviço...
2025-08-31 08:25:22,844 - INFO - Migradas 400 notas fiscais de serviço...
2025-08-31 08:25:22,939 - INFO - Migradas 500 notas fiscais de serviço...
2025-08-31 08:25:23,031 - INFO - Migradas 600 notas fiscais de serviço...
2025-08-31 08:25:23,053 - INFO - 
        Migração concluída em 0:00:01.365514:
        - Total de notas fiscais de serviço migradas: 615
        - Total de erros: 0
        
2025-08-31 08:25:23,053 - WARNING - 
Vendedores não encontrados:
2025-08-31 08:25:23,053 - WARNING - - Vendedor 79
2025-08-31 08:25:23,053 - WARNING - - Vendedor 80
2025-08-31 08:34:51,796 - INFO - Iniciando migração de notas fiscais de serviço às 2025-08-31 08:34:51.796460
2025-08-31 08:34:51,796 - INFO - Estabelecendo conexões com os bancos de dados...
2025-08-31 08:34:52,261 - INFO - Iniciando limpeza das tabelas...
2025-08-31 08:34:52,271 - INFO - Limpando tabela itens_nf_servico...
2025-08-31 08:34:52,278 - INFO - Tabela itens_nf_servico limpa com sucesso
2025-08-31 08:34:52,278 - INFO - Limpando tabela notas_fiscais_servico...
2025-08-31 08:34:52,296 - INFO - Tabela notas_fiscais_servico limpa com sucesso
2025-08-31 08:34:52,328 - INFO - Limpeza de tabelas concluída com sucesso
2025-08-31 08:34:52,328 - INFO - Consultando dados do Access...
2025-08-31 08:34:52,345 - INFO - Iniciando migração dos registros...
2025-08-31 08:34:52,478 - INFO - Migradas 100 notas fiscais de serviço...
2025-08-31 08:34:52,562 - INFO - Migradas 200 notas fiscais de serviço...
2025-08-31 08:34:52,652 - INFO - Migradas 300 notas fiscais de serviço...
2025-08-31 08:34:52,744 - INFO - Migradas 400 notas fiscais de serviço...
2025-08-31 08:34:52,830 - INFO - Migradas 500 notas fiscais de serviço...
2025-08-31 08:34:52,917 - INFO - Migradas 600 notas fiscais de serviço...
2025-08-31 08:34:52,931 - INFO - 
        Migração concluída em 0:00:01.135292:
        - Total de notas fiscais de serviço migradas: 615
        - Total de erros: 0
        
2025-08-31 08:34:52,932 - WARNING - 
Vendedores não encontrados:
2025-08-31 08:34:52,932 - WARNING - - Vendedor 79
2025-08-31 08:34:52,932 - WARNING - - Vendedor 80
2025-09-01 00:51:36,239 - INFO - Iniciando migração de notas fiscais de serviço às 2025-09-01 00:51:36.239901
2025-09-01 00:51:36,239 - INFO - Estabelecendo conexões com os bancos de dados...
2025-09-01 00:51:36,710 - INFO - Iniciando limpeza das tabelas...
2025-09-01 00:51:36,726 - INFO - Limpando tabela itens_nf_servico...
2025-09-01 00:51:36,812 - INFO - Tabela itens_nf_servico limpa com sucesso
2025-09-01 00:51:36,814 - INFO - Limpando tabela notas_fiscais_servico...
2025-09-01 00:51:36,862 - INFO - Tabela notas_fiscais_servico limpa com sucesso
2025-09-01 00:51:36,898 - INFO - Limpeza de tabelas concluída com sucesso
2025-09-01 00:51:36,915 - INFO - Consultando dados do Access...
2025-09-01 00:51:36,940 - INFO - Iniciando migração dos registros...
2025-09-01 00:51:37,169 - INFO - Migradas 100 notas fiscais de serviço...
2025-09-01 00:51:37,313 - INFO - Migradas 200 notas fiscais de serviço...
2025-09-01 00:51:37,497 - INFO - Migradas 300 notas fiscais de serviço...
2025-09-01 00:51:37,595 - INFO - Migradas 400 notas fiscais de serviço...
2025-09-01 00:51:37,775 - INFO - Migradas 500 notas fiscais de serviço...
2025-09-01 00:51:37,877 - INFO - Migradas 600 notas fiscais de serviço...
2025-09-01 00:51:37,892 - INFO - 
        Migração concluída em 0:00:01.652854:
        - Total de notas fiscais de serviço migradas: 615
        - Total de erros: 0
        
2025-09-01 00:51:37,893 - WARNING - 
Vendedores não encontrados:
2025-09-01 00:51:37,893 - WARNING - - Vendedor 79
2025-09-01 00:51:37,893 - WARNING - - Vendedor 80
2025-09-02 03:47:31,486 - INFO - Iniciando migração de notas fiscais de serviço às 2025-09-02 03:47:31.486551
2025-09-02 03:47:31,486 - INFO - Estabelecendo conexões com os bancos de dados...
2025-09-02 03:47:31,975 - INFO - Iniciando limpeza das tabelas...
2025-09-02 03:47:31,985 - INFO - Limpando tabela itens_nf_servico...
2025-09-02 03:47:31,995 - INFO - Tabela itens_nf_servico limpa com sucesso
2025-09-02 03:47:31,996 - INFO - Limpando tabela notas_fiscais_servico...
2025-09-02 03:47:32,029 - INFO - Tabela notas_fiscais_servico limpa com sucesso
2025-09-02 03:47:32,049 - INFO - Limpeza de tabelas concluída com sucesso
2025-09-02 03:47:32,057 - INFO - Consultando dados do Access...
2025-09-02 03:47:32,068 - INFO - Iniciando migração dos registros...
2025-09-02 03:47:32,260 - INFO - Migradas 100 notas fiscais de serviço...
2025-09-02 03:47:32,350 - INFO - Migradas 200 notas fiscais de serviço...
2025-09-02 03:47:32,444 - INFO - Migradas 300 notas fiscais de serviço...
2025-09-02 03:47:32,529 - INFO - Migradas 400 notas fiscais de serviço...
2025-09-02 03:47:32,624 - INFO - Migradas 500 notas fiscais de serviço...
2025-09-02 03:47:32,720 - INFO - Migradas 600 notas fiscais de serviço...
2025-09-02 03:47:32,734 - INFO - 
        Migração concluída em 0:00:01.248305:
        - Total de notas fiscais de serviço migradas: 615
        - Total de erros: 0
        
2025-09-02 03:47:32,734 - WARNING - 
Vendedores não encontrados:
2025-09-02 03:47:32,734 - WARNING - - Vendedor 79
2025-09-02 03:47:32,734 - WARNING - - Vendedor 80
2025-09-08 02:02:47,220 - INFO - Iniciando migração de notas fiscais de serviço às 2025-09-08 02:02:47.220686
2025-09-08 02:02:47,220 - INFO - Estabelecendo conexões com os bancos de dados...
2025-09-08 02:02:47,602 - INFO - Iniciando limpeza das tabelas...
2025-09-08 02:02:47,602 - INFO - Limpando tabela itens_nf_servico...
2025-09-08 02:02:47,620 - INFO - Tabela itens_nf_servico limpa com sucesso
2025-09-08 02:02:47,620 - INFO - Limpando tabela notas_fiscais_servico...
2025-09-08 02:02:47,669 - INFO - Tabela notas_fiscais_servico limpa com sucesso
2025-09-08 02:02:47,685 - INFO - Limpeza de tabelas concluída com sucesso
2025-09-08 02:02:47,702 - INFO - Consultando dados do Access...
2025-09-08 02:02:47,718 - INFO - Iniciando migração dos registros...
2025-09-08 02:02:47,885 - INFO - Migradas 100 notas fiscais de serviço...
2025-09-08 02:02:47,971 - INFO - Migradas 200 notas fiscais de serviço...
2025-09-08 02:02:48,052 - INFO - Migradas 300 notas fiscais de serviço...
2025-09-08 02:02:48,135 - INFO - Migradas 400 notas fiscais de serviço...
2025-09-08 02:02:48,239 - INFO - Migradas 500 notas fiscais de serviço...
2025-09-08 02:02:48,342 - INFO - Migradas 600 notas fiscais de serviço...
2025-09-08 02:02:48,372 - INFO - 
        Migração concluída em 0:00:01.151400:
        - Total de notas fiscais de serviço migradas: 615
        - Total de erros: 0
        
2025-09-08 02:02:48,372 - WARNING - 
Vendedores não encontrados:
2025-09-08 02:02:48,372 - WARNING - - Vendedor 79
2025-09-08 02:02:48,373 - WARNING - - Vendedor 80
2025-09-09 04:13:59,889 - INFO - Iniciando migração de notas fiscais de serviço às 2025-09-09 04:13:59.889091
2025-09-09 04:13:59,890 - INFO - Estabelecendo conexões com os bancos de dados...
2025-09-09 04:14:00,381 - INFO - Iniciando limpeza das tabelas...
2025-09-09 04:14:00,391 - INFO - Limpando tabela itens_nf_servico...
2025-09-09 04:14:00,403 - INFO - Tabela itens_nf_servico limpa com sucesso
2025-09-09 04:14:00,404 - INFO - Limpando tabela notas_fiscais_servico...
2025-09-09 04:14:00,453 - INFO - Tabela notas_fiscais_servico limpa com sucesso
2025-09-09 04:14:00,484 - INFO - Limpeza de tabelas concluída com sucesso
2025-09-09 04:14:00,498 - INFO - Consultando dados do Access...
2025-09-09 04:14:00,516 - INFO - Iniciando migração dos registros...
2025-09-09 04:14:00,770 - INFO - Migradas 100 notas fiscais de serviço...
2025-09-09 04:14:00,897 - INFO - Migradas 200 notas fiscais de serviço...
2025-09-09 04:14:00,998 - INFO - Migradas 300 notas fiscais de serviço...
2025-09-09 04:14:01,128 - INFO - Migradas 400 notas fiscais de serviço...
2025-09-09 04:14:01,234 - INFO - Migradas 500 notas fiscais de serviço...
2025-09-09 04:14:01,339 - INFO - Migradas 600 notas fiscais de serviço...
2025-09-09 04:14:01,353 - INFO - 
        Migração concluída em 0:00:01.464297:
        - Total de notas fiscais de serviço migradas: 615
        - Total de erros: 0
        
2025-09-09 04:14:01,353 - WARNING - 
Vendedores não encontrados:
2025-09-09 04:14:01,353 - WARNING - - Vendedor 79
2025-09-09 04:14:01,353 - WARNING - - Vendedor 80
2025-09-09 04:47:15,794 - INFO - Iniciando migração de notas fiscais de serviço às 2025-09-09 04:47:15.794874
2025-09-09 04:47:15,794 - INFO - Estabelecendo conexões com os bancos de dados...
2025-09-09 04:47:16,204 - INFO - Iniciando limpeza das tabelas...
2025-09-09 04:47:16,217 - INFO - Limpando tabela itens_nf_servico...
2025-09-09 04:47:16,231 - INFO - Tabela itens_nf_servico limpa com sucesso
2025-09-09 04:47:16,233 - INFO - Limpando tabela notas_fiscais_servico...
2025-09-09 04:47:16,276 - INFO - Tabela notas_fiscais_servico limpa com sucesso
2025-09-09 04:47:16,298 - INFO - Limpeza de tabelas concluída com sucesso
2025-09-09 04:47:16,309 - INFO - Consultando dados do Access...
2025-09-09 04:47:16,320 - INFO - Iniciando migração dos registros...
2025-09-09 04:47:16,483 - INFO - Migradas 100 notas fiscais de serviço...
2025-09-09 04:47:16,575 - INFO - Migradas 200 notas fiscais de serviço...
2025-09-09 04:47:16,670 - INFO - Migradas 300 notas fiscais de serviço...
2025-09-09 04:47:16,762 - INFO - Migradas 400 notas fiscais de serviço...
2025-09-09 04:47:16,862 - INFO - Migradas 500 notas fiscais de serviço...
2025-09-09 04:47:16,959 - INFO - Migradas 600 notas fiscais de serviço...
2025-09-09 04:47:16,976 - INFO - 
        Migração concluída em 0:00:01.181895:
        - Total de notas fiscais de serviço migradas: 615
        - Total de erros: 0
        
2025-09-09 04:47:16,976 - WARNING - 
Vendedores não encontrados:
2025-09-09 04:47:16,976 - WARNING - - Vendedor 79
2025-09-09 04:47:16,976 - WARNING - - Vendedor 80
