2025-01-10 15:59:34,427 - INFO - Iniciando migração de marcas às 2025-01-10 15:59:34.427590
2025-01-10 15:59:34,428 - INFO - Estabelecendo conexões com os bancos de dados...
2025-01-10 15:59:34,970 - INFO - Iniciando limpeza das tabelas...
2025-01-10 15:59:34,981 - INFO - Limpando tabela produtos...
2025-01-10 15:59:35,087 - INFO - Tabela produtos limpa com sucesso
2025-01-10 15:59:35,089 - INFO - Limpando tabela marcas...
2025-01-10 15:59:35,096 - INFO - Tabela marcas limpa com sucesso
2025-01-10 15:59:35,216 - INFO - Limpeza de tabelas concluída com sucesso
2025-01-10 15:59:35,218 - INFO - Estrutura da tabela marcas verificada/criada com sucesso
2025-01-10 15:59:35,218 - INFO - Consultando dados do Access...
2025-01-10 15:59:35,230 - INFO - Iniciando migração dos registros...
2025-01-10 15:59:35,248 - INFO - 
        Migração concluída em 0:00:00.820703:
        - Total de marcas migradas: 11
        - Total de erros: 0
        
2025-01-13 20:38:25,994 - INFO - Iniciando migração de marcas às 2025-01-13 20:38:25.994550
2025-01-13 20:38:25,995 - INFO - Estabelecendo conexões com os bancos de dados...
2025-01-13 20:38:26,437 - INFO - Iniciando limpeza das tabelas...
2025-01-13 20:38:26,448 - INFO - Limpando tabela produtos...
2025-01-13 20:38:26,545 - INFO - Tabela produtos limpa com sucesso
2025-01-13 20:38:26,546 - INFO - Limpando tabela marcas...
2025-01-13 20:38:26,550 - INFO - Tabela marcas limpa com sucesso
2025-01-13 20:38:26,617 - INFO - Limpeza de tabelas concluída com sucesso
2025-01-13 20:38:26,618 - INFO - Estrutura da tabela marcas verificada/criada com sucesso
2025-01-13 20:38:26,618 - INFO - Consultando dados do Access...
2025-01-13 20:38:26,627 - INFO - Iniciando migração dos registros...
2025-01-13 20:38:26,637 - INFO - 
        Migração concluída em 0:00:00.643150:
        - Total de marcas migradas: 11
        - Total de erros: 0
        
2025-01-13 20:50:15,769 - INFO - Iniciando migração de marcas às 2025-01-13 20:50:15.769201
2025-01-13 20:50:15,769 - INFO - Estabelecendo conexões com os bancos de dados...
2025-01-13 20:51:40,225 - INFO - Iniciando migração de marcas às 2025-01-13 20:51:40.225197
2025-01-13 20:51:40,225 - INFO - Estabelecendo conexões com os bancos de dados...
2025-01-13 20:51:40,629 - INFO - Iniciando limpeza das tabelas...
2025-01-13 20:51:40,641 - INFO - Limpando tabela produtos...
2025-01-13 20:51:40,755 - INFO - Tabela produtos limpa com sucesso
2025-01-13 20:51:40,756 - INFO - Limpando tabela marcas...
2025-01-13 20:51:40,762 - INFO - Tabela marcas limpa com sucesso
2025-01-13 20:51:40,858 - INFO - Limpeza de tabelas concluída com sucesso
2025-01-13 20:51:40,859 - INFO - Estrutura da tabela marcas verificada/criada com sucesso
2025-01-13 20:51:40,859 - INFO - Consultando dados do Access...
2025-01-13 20:51:40,868 - INFO - Iniciando migração dos registros...
2025-01-13 20:51:40,884 - INFO - 
        Migração concluída em 0:00:00.659594:
        - Total de marcas migradas: 11
        - Total de erros: 0
        
2025-01-13 20:55:13,483 - INFO - Iniciando migração de marcas às 2025-01-13 20:55:13.483272
2025-01-13 20:55:13,483 - INFO - Estabelecendo conexões com os bancos de dados...
2025-01-13 20:55:13,899 - INFO - Iniciando limpeza das tabelas...
2025-01-13 20:55:13,907 - INFO - Limpando tabela produtos...
2025-01-13 20:55:13,999 - INFO - Tabela produtos limpa com sucesso
2025-01-13 20:55:14,000 - INFO - Limpando tabela marcas...
2025-01-13 20:55:14,005 - INFO - Tabela marcas limpa com sucesso
2025-01-13 20:55:14,068 - INFO - Limpeza de tabelas concluída com sucesso
2025-01-13 20:55:14,070 - INFO - Estrutura da tabela marcas verificada/criada com sucesso
2025-01-13 20:55:14,070 - INFO - Consultando dados do Access...
2025-01-13 20:55:14,076 - INFO - Iniciando migração dos registros...
2025-01-13 20:55:14,086 - INFO - 
        Migração concluída em 0:00:00.602927:
        - Total de marcas migradas: 11
        - Total de erros: 0
        
2025-01-13 20:59:00,395 - INFO - Iniciando migração de marcas às 2025-01-13 20:59:00.395550
2025-01-13 20:59:00,395 - INFO - Estabelecendo conexões com os bancos de dados...
2025-01-13 20:59:00,786 - INFO - Iniciando limpeza das tabelas...
2025-01-13 20:59:00,795 - INFO - Limpando tabela produtos...
2025-01-13 20:59:00,871 - INFO - Tabela produtos limpa com sucesso
2025-01-13 20:59:00,873 - INFO - Limpando tabela marcas...
2025-01-13 20:59:00,876 - INFO - Tabela marcas limpa com sucesso
2025-01-13 20:59:00,936 - INFO - Limpeza de tabelas concluída com sucesso
2025-01-13 20:59:00,938 - INFO - Estrutura da tabela marcas verificada/criada com sucesso
2025-01-13 20:59:00,938 - INFO - Consultando dados do Access...
2025-01-13 20:59:00,944 - INFO - Iniciando migração dos registros...
2025-01-13 20:59:00,958 - INFO - 
        Migração concluída em 0:00:00.562372:
        - Total de marcas migradas: 11
        - Total de erros: 0
        
2025-01-13 21:03:34,759 - INFO - Iniciando migração de marcas às 2025-01-13 21:03:34.758812
2025-01-13 21:03:34,759 - INFO - Estabelecendo conexões com os bancos de dados...
2025-01-13 21:03:35,147 - INFO - Iniciando limpeza das tabelas...
2025-01-13 21:03:35,158 - INFO - Limpando tabela produtos...
2025-01-13 21:03:35,227 - INFO - Tabela produtos limpa com sucesso
2025-01-13 21:03:35,229 - INFO - Limpando tabela marcas...
2025-01-13 21:03:35,232 - INFO - Tabela marcas limpa com sucesso
2025-01-13 21:03:35,287 - INFO - Limpeza de tabelas concluída com sucesso
2025-01-13 21:03:35,288 - INFO - Estrutura da tabela marcas verificada/criada com sucesso
2025-01-13 21:03:35,288 - INFO - Consultando dados do Access...
2025-01-13 21:03:35,296 - INFO - Iniciando migração dos registros...
2025-01-13 21:03:35,306 - INFO - 
        Migração concluída em 0:00:00.547720:
        - Total de marcas migradas: 11
        - Total de erros: 0
        
2025-01-13 21:07:40,883 - INFO - Iniciando migração de marcas às 2025-01-13 21:07:40.883375
2025-01-13 21:07:40,883 - INFO - Estabelecendo conexões com os bancos de dados...
2025-01-13 21:07:41,293 - INFO - Iniciando limpeza das tabelas...
2025-01-13 21:07:41,304 - INFO - Limpando tabela produtos...
2025-01-13 21:07:41,393 - INFO - Tabela produtos limpa com sucesso
2025-01-13 21:07:41,394 - INFO - Limpando tabela marcas...
2025-01-13 21:07:41,398 - INFO - Tabela marcas limpa com sucesso
2025-01-13 21:07:41,481 - INFO - Limpeza de tabelas concluída com sucesso
2025-01-13 21:07:41,482 - INFO - Estrutura da tabela marcas verificada/criada com sucesso
2025-01-13 21:07:41,483 - INFO - Consultando dados do Access...
2025-01-13 21:07:41,490 - INFO - Iniciando migração dos registros...
2025-01-13 21:07:41,503 - INFO - 
        Migração concluída em 0:00:00.620332:
        - Total de marcas migradas: 11
        - Total de erros: 0
        
2025-08-30 08:12:36,437 - INFO - Iniciando migração de marcas às 2025-08-30 08:12:36.437878
2025-08-30 08:12:36,439 - INFO - Estabelecendo conexões com os bancos de dados...
2025-08-30 08:12:36,750 - INFO - Iniciando limpeza das tabelas...
2025-08-30 08:12:36,750 - ERROR - Erro durante processo de limpeza: ERRO:  permissão negada ao definir parâmetro "session_replication_role"

2025-08-30 08:12:36,750 - ERROR - Erro durante a migração: ERRO:  permissão negada ao definir parâmetro "session_replication_role"

2025-08-30 08:36:02,790 - INFO - Iniciando migração de marcas às 2025-08-30 08:36:02.790937
2025-08-30 08:36:02,791 - INFO - Estabelecendo conexões com os bancos de dados...
2025-08-30 08:36:03,167 - INFO - Iniciando limpeza das tabelas...
2025-08-30 08:36:03,170 - ERROR - Erro durante processo de limpeza: ERRO:  permissão negada ao definir parâmetro "session_replication_role"

2025-08-30 08:36:03,171 - ERROR - Erro durante a migração: ERRO:  permissão negada ao definir parâmetro "session_replication_role"

2025-08-30 08:42:57,343 - INFO - Iniciando migração de marcas às 2025-08-30 08:42:57.343066
2025-08-30 08:42:57,343 - INFO - Estabelecendo conexões com os bancos de dados...
2025-08-30 08:42:57,689 - INFO - Iniciando limpeza das tabelas...
2025-08-30 08:42:57,700 - INFO - Limpando tabela produtos...
2025-08-30 08:42:57,786 - INFO - Tabela produtos limpa com sucesso
2025-08-30 08:42:57,787 - INFO - Limpando tabela marcas...
2025-08-30 08:42:57,790 - INFO - Tabela marcas limpa com sucesso
2025-08-30 08:42:57,854 - INFO - Limpeza de tabelas concluída com sucesso
2025-08-30 08:42:57,861 - INFO - Estrutura da tabela marcas verificada/criada com sucesso
2025-08-30 08:42:57,861 - INFO - Consultando dados do Access...
2025-08-30 08:42:57,866 - INFO - Iniciando migração dos registros...
2025-08-30 08:42:57,879 - INFO - 
        Migração concluída em 0:00:00.536689:
        - Total de marcas migradas: 11
        - Total de erros: 0
        
2025-08-30 08:47:42,940 - INFO - Iniciando migração de marcas às 2025-08-30 08:47:42.940610
2025-08-30 08:47:42,940 - INFO - Estabelecendo conexões com os bancos de dados...
2025-08-30 08:47:43,307 - INFO - Iniciando limpeza das tabelas...
2025-08-30 08:47:43,307 - INFO - Limpando tabela produtos...
2025-08-30 08:47:43,373 - INFO - Tabela produtos limpa com sucesso
2025-08-30 08:47:43,373 - INFO - Limpando tabela marcas...
2025-08-30 08:47:43,390 - INFO - Tabela marcas limpa com sucesso
2025-08-30 08:47:43,439 - INFO - Limpeza de tabelas concluída com sucesso
2025-08-30 08:47:43,440 - INFO - Estrutura da tabela marcas verificada/criada com sucesso
2025-08-30 08:47:43,440 - INFO - Consultando dados do Access...
2025-08-30 08:47:43,440 - INFO - Iniciando migração dos registros...
2025-08-30 08:47:43,456 - INFO - 
        Migração concluída em 0:00:00.516189:
        - Total de marcas migradas: 11
        - Total de erros: 0
        
2025-08-31 07:08:59,186 - INFO - Iniciando migração de marcas às 2025-08-31 07:08:59.186496
2025-08-31 07:08:59,187 - INFO - Estabelecendo conexões com os bancos de dados...
2025-08-31 07:08:59,532 - INFO - Iniciando limpeza das tabelas...
2025-08-31 07:08:59,542 - INFO - Limpando tabela produtos...
2025-08-31 07:08:59,626 - INFO - Tabela produtos limpa com sucesso
2025-08-31 07:08:59,627 - INFO - Limpando tabela marcas...
2025-08-31 07:08:59,631 - INFO - Tabela marcas limpa com sucesso
2025-08-31 07:08:59,686 - INFO - Limpeza de tabelas concluída com sucesso
2025-08-31 07:08:59,688 - INFO - Estrutura da tabela marcas verificada/criada com sucesso
2025-08-31 07:08:59,688 - INFO - Consultando dados do Access...
2025-08-31 07:08:59,694 - INFO - Iniciando migração dos registros...
2025-08-31 07:08:59,706 - INFO - 
        Migração concluída em 0:00:00.519901:
        - Total de marcas migradas: 11
        - Total de erros: 0
        
2025-08-31 08:24:57,050 - INFO - Iniciando migração de marcas às 2025-08-31 08:24:57.050855
2025-08-31 08:24:57,050 - INFO - Estabelecendo conexões com os bancos de dados...
2025-08-31 08:24:57,380 - INFO - Iniciando limpeza das tabelas...
2025-08-31 08:24:57,388 - INFO - Limpando tabela produtos...
2025-08-31 08:24:57,487 - INFO - Tabela produtos limpa com sucesso
2025-08-31 08:24:57,489 - INFO - Limpando tabela marcas...
2025-08-31 08:24:57,493 - INFO - Tabela marcas limpa com sucesso
2025-08-31 08:24:57,551 - INFO - Limpeza de tabelas concluída com sucesso
2025-08-31 08:24:57,552 - INFO - Estrutura da tabela marcas verificada/criada com sucesso
2025-08-31 08:24:57,552 - INFO - Consultando dados do Access...
2025-08-31 08:24:57,557 - INFO - Iniciando migração dos registros...
2025-08-31 08:24:57,567 - INFO - 
        Migração concluída em 0:00:00.516414:
        - Total de marcas migradas: 11
        - Total de erros: 0
        
2025-08-31 08:34:30,694 - INFO - Iniciando migração de marcas às 2025-08-31 08:34:30.694076
2025-08-31 08:34:30,694 - INFO - Estabelecendo conexões com os bancos de dados...
2025-08-31 08:34:31,162 - INFO - Iniciando limpeza das tabelas...
2025-08-31 08:34:31,177 - INFO - Limpando tabela produtos...
2025-08-31 08:34:31,244 - INFO - Tabela produtos limpa com sucesso
2025-08-31 08:34:31,244 - INFO - Limpando tabela marcas...
2025-08-31 08:34:31,244 - INFO - Tabela marcas limpa com sucesso
2025-08-31 08:34:31,327 - INFO - Limpeza de tabelas concluída com sucesso
2025-08-31 08:34:31,327 - INFO - Estrutura da tabela marcas verificada/criada com sucesso
2025-08-31 08:34:31,327 - INFO - Consultando dados do Access...
2025-08-31 08:34:31,327 - INFO - Iniciando migração dos registros...
2025-08-31 08:34:31,344 - INFO - 
        Migração concluída em 0:00:00.650173:
        - Total de marcas migradas: 11
        - Total de erros: 0
        
2025-09-01 00:51:09,204 - INFO - Iniciando migração de marcas às 2025-09-01 00:51:09.204424
2025-09-01 00:51:09,204 - INFO - Estabelecendo conexões com os bancos de dados...
2025-09-01 00:51:09,549 - INFO - Iniciando limpeza das tabelas...
2025-09-01 00:51:09,566 - INFO - Limpando tabela produtos...
2025-09-01 00:51:09,666 - INFO - Tabela produtos limpa com sucesso
2025-09-01 00:51:09,681 - INFO - Limpando tabela marcas...
2025-09-01 00:51:09,682 - INFO - Tabela marcas limpa com sucesso
2025-09-01 00:51:09,749 - INFO - Limpeza de tabelas concluída com sucesso
2025-09-01 00:51:09,749 - INFO - Estrutura da tabela marcas verificada/criada com sucesso
2025-09-01 00:51:09,749 - INFO - Consultando dados do Access...
2025-09-01 00:51:09,749 - INFO - Iniciando migração dos registros...
2025-09-01 00:51:09,767 - INFO - 
        Migração concluída em 0:00:00.563401:
        - Total de marcas migradas: 11
        - Total de erros: 0
        
