2025-01-10 15:59:33,289 - INFO - Iniciando migração de categorias às 2025-01-10 15:59:33.289260
2025-01-10 15:59:33,289 - INFO - Estabelecendo conexões com os bancos de dados...
2025-01-10 15:59:33,827 - INFO - Iniciando limpeza das tabelas...
2025-01-10 15:59:33,836 - INFO - Limpando tabela itens_contrato_locacao...
2025-01-10 15:59:33,845 - INFO - Tabela itens_contrato_locacao limpa com sucesso
2025-01-10 15:59:33,847 - INFO - Limpando tabela categorias_produtos...
2025-01-10 15:59:33,861 - INFO - Tabela categorias_produtos limpa com sucesso
2025-01-10 15:59:33,877 - INFO - Limpeza de tabelas concluída com sucesso
2025-01-10 15:59:33,880 - INFO - Estrutura da tabela categorias_produtos verificada/criada com sucesso
2025-01-10 15:59:33,880 - INFO - Consultando dados do Access...
2025-01-10 15:59:33,886 - INFO - Iniciando migração dos registros...
2025-01-10 15:59:33,900 - INFO - 
        Migração concluída em 0:00:00.610008:
        - Total de categorias migradas: 6
        - Total de erros: 0
        
2025-01-13 20:38:25,118 - INFO - Iniciando migração de categorias às 2025-01-13 20:38:25.118187
2025-01-13 20:38:25,119 - INFO - Estabelecendo conexões com os bancos de dados...
2025-01-13 20:38:25,564 - INFO - Iniciando limpeza das tabelas...
2025-01-13 20:38:25,576 - INFO - Limpando tabela itens_contrato_locacao...
2025-01-13 20:38:25,585 - INFO - Tabela itens_contrato_locacao limpa com sucesso
2025-01-13 20:38:25,587 - INFO - Limpando tabela categorias_produtos...
2025-01-13 20:38:25,599 - INFO - Tabela categorias_produtos limpa com sucesso
2025-01-13 20:38:25,611 - INFO - Limpeza de tabelas concluída com sucesso
2025-01-13 20:38:25,613 - INFO - Estrutura da tabela categorias_produtos verificada/criada com sucesso
2025-01-13 20:38:25,613 - INFO - Consultando dados do Access...
2025-01-13 20:38:25,619 - INFO - Iniciando migração dos registros...
2025-01-13 20:38:25,627 - INFO - 
        Migração concluída em 0:00:00.508998:
        - Total de categorias migradas: 6
        - Total de erros: 0
        
2025-01-13 20:50:14,885 - INFO - Iniciando migração de categorias às 2025-01-13 20:50:14.885541
2025-01-13 20:50:14,886 - INFO - Estabelecendo conexões com os bancos de dados...
2025-01-13 20:50:15,334 - INFO - Iniciando limpeza das tabelas...
2025-01-13 20:50:15,345 - INFO - Limpando tabela itens_contrato_locacao...
2025-01-13 20:50:15,352 - INFO - Tabela itens_contrato_locacao limpa com sucesso
2025-01-13 20:50:15,353 - INFO - Limpando tabela categorias_produtos...
2025-01-13 20:50:15,365 - INFO - Tabela categorias_produtos limpa com sucesso
2025-01-13 20:50:15,375 - INFO - Limpeza de tabelas concluída com sucesso
2025-01-13 20:50:15,376 - INFO - Estrutura da tabela categorias_produtos verificada/criada com sucesso
2025-01-13 20:50:15,377 - INFO - Consultando dados do Access...
2025-01-13 20:50:15,383 - INFO - Iniciando migração dos registros...
2025-01-13 20:50:15,393 - INFO - 
        Migração concluída em 0:00:00.507661:
        - Total de categorias migradas: 6
        - Total de erros: 0
        
2025-01-13 20:51:39,418 - INFO - Iniciando migração de categorias às 2025-01-13 20:51:39.418660
2025-01-13 20:51:39,418 - INFO - Estabelecendo conexões com os bancos de dados...
2025-01-13 20:51:39,829 - INFO - Iniciando limpeza das tabelas...
2025-01-13 20:51:39,838 - INFO - Limpando tabela itens_contrato_locacao...
2025-01-13 20:51:39,844 - INFO - Tabela itens_contrato_locacao limpa com sucesso
2025-01-13 20:51:39,846 - INFO - Limpando tabela categorias_produtos...
2025-01-13 20:51:39,856 - INFO - Tabela categorias_produtos limpa com sucesso
2025-01-13 20:51:39,865 - INFO - Limpeza de tabelas concluída com sucesso
2025-01-13 20:51:39,866 - INFO - Estrutura da tabela categorias_produtos verificada/criada com sucesso
2025-01-13 20:51:39,866 - INFO - Consultando dados do Access...
2025-01-13 20:51:39,872 - INFO - Iniciando migração dos registros...
2025-01-13 20:51:39,881 - INFO - 
        Migração concluída em 0:00:00.462868:
        - Total de categorias migradas: 6
        - Total de erros: 0
        
2025-01-13 20:55:12,665 - INFO - Iniciando migração de categorias às 2025-01-13 20:55:12.665843
2025-01-13 20:55:12,665 - INFO - Estabelecendo conexões com os bancos de dados...
2025-01-13 20:55:13,084 - INFO - Iniciando limpeza das tabelas...
2025-01-13 20:55:13,093 - INFO - Limpando tabela itens_contrato_locacao...
2025-01-13 20:55:13,099 - INFO - Tabela itens_contrato_locacao limpa com sucesso
2025-01-13 20:55:13,101 - INFO - Limpando tabela categorias_produtos...
2025-01-13 20:55:13,113 - INFO - Tabela categorias_produtos limpa com sucesso
2025-01-13 20:55:13,122 - INFO - Limpeza de tabelas concluída com sucesso
2025-01-13 20:55:13,123 - INFO - Estrutura da tabela categorias_produtos verificada/criada com sucesso
2025-01-13 20:55:13,123 - INFO - Consultando dados do Access...
2025-01-13 20:55:13,130 - INFO - Iniciando migração dos registros...
2025-01-13 20:55:13,138 - INFO - 
        Migração concluída em 0:00:00.472252:
        - Total de categorias migradas: 6
        - Total de erros: 0
        
2025-01-13 20:58:59,530 - INFO - Iniciando migração de categorias às 2025-01-13 20:58:59.530851
2025-01-13 20:58:59,530 - INFO - Estabelecendo conexões com os bancos de dados...
2025-01-13 20:58:59,961 - INFO - Iniciando limpeza das tabelas...
2025-01-13 20:58:59,969 - INFO - Limpando tabela itens_contrato_locacao...
2025-01-13 20:58:59,977 - INFO - Tabela itens_contrato_locacao limpa com sucesso
2025-01-13 20:58:59,979 - INFO - Limpando tabela categorias_produtos...
2025-01-13 20:58:59,991 - INFO - Tabela categorias_produtos limpa com sucesso
2025-01-13 20:59:00,006 - INFO - Limpeza de tabelas concluída com sucesso
2025-01-13 20:59:00,008 - INFO - Estrutura da tabela categorias_produtos verificada/criada com sucesso
2025-01-13 20:59:00,008 - INFO - Consultando dados do Access...
2025-01-13 20:59:00,017 - INFO - Iniciando migração dos registros...
2025-01-13 20:59:00,027 - INFO - 
        Migração concluída em 0:00:00.496595:
        - Total de categorias migradas: 6
        - Total de erros: 0
        
2025-01-13 21:03:33,919 - INFO - Iniciando migração de categorias às 2025-01-13 21:03:33.919371
2025-01-13 21:03:33,919 - INFO - Estabelecendo conexões com os bancos de dados...
2025-01-13 21:03:34,350 - INFO - Iniciando limpeza das tabelas...
2025-01-13 21:03:34,361 - INFO - Limpando tabela itens_contrato_locacao...
2025-01-13 21:03:34,368 - INFO - Tabela itens_contrato_locacao limpa com sucesso
2025-01-13 21:03:34,369 - INFO - Limpando tabela categorias_produtos...
2025-01-13 21:03:34,383 - INFO - Tabela categorias_produtos limpa com sucesso
2025-01-13 21:03:34,394 - INFO - Limpeza de tabelas concluída com sucesso
2025-01-13 21:03:34,395 - INFO - Estrutura da tabela categorias_produtos verificada/criada com sucesso
2025-01-13 21:03:34,396 - INFO - Consultando dados do Access...
2025-01-13 21:03:34,404 - INFO - Iniciando migração dos registros...
2025-01-13 21:03:34,413 - INFO - 
        Migração concluída em 0:00:00.494163:
        - Total de categorias migradas: 6
        - Total de erros: 0
        
2025-01-13 21:07:40,087 - INFO - Iniciando migração de categorias às 2025-01-13 21:07:40.087361
2025-01-13 21:07:40,087 - INFO - Estabelecendo conexões com os bancos de dados...
2025-01-13 21:07:40,493 - INFO - Iniciando limpeza das tabelas...
2025-01-13 21:07:40,502 - INFO - Limpando tabela itens_contrato_locacao...
2025-01-13 21:07:40,509 - INFO - Tabela itens_contrato_locacao limpa com sucesso
2025-01-13 21:07:40,510 - INFO - Limpando tabela categorias_produtos...
2025-01-13 21:07:40,522 - INFO - Tabela categorias_produtos limpa com sucesso
2025-01-13 21:07:40,535 - INFO - Limpeza de tabelas concluída com sucesso
2025-01-13 21:07:40,536 - INFO - Estrutura da tabela categorias_produtos verificada/criada com sucesso
2025-01-13 21:07:40,536 - INFO - Consultando dados do Access...
2025-01-13 21:07:40,542 - INFO - Iniciando migração dos registros...
2025-01-13 21:07:40,550 - INFO - 
        Migração concluída em 0:00:00.462934:
        - Total de categorias migradas: 6
        - Total de erros: 0
        
2025-08-30 08:12:35,782 - INFO - Iniciando migração de categorias às 2025-08-30 08:12:35.782702
2025-08-30 08:12:35,783 - INFO - Estabelecendo conexões com os bancos de dados...
2025-08-30 08:12:36,150 - INFO - Iniciando limpeza das tabelas...
2025-08-30 08:12:36,166 - ERROR - Erro durante processo de limpeza: ERRO:  permissão negada ao definir parâmetro "session_replication_role"

2025-08-30 08:12:36,166 - ERROR - Erro durante a migração: ERRO:  permissão negada ao definir parâmetro "session_replication_role"

2025-08-30 08:36:02,202 - INFO - Iniciando migração de categorias às 2025-08-30 08:36:02.202010
2025-08-30 08:36:02,202 - INFO - Estabelecendo conexões com os bancos de dados...
2025-08-30 08:36:02,532 - INFO - Iniciando limpeza das tabelas...
2025-08-30 08:36:02,534 - ERROR - Erro durante processo de limpeza: ERRO:  permissão negada ao definir parâmetro "session_replication_role"

2025-08-30 08:36:02,535 - ERROR - Erro durante a migração: ERRO:  permissão negada ao definir parâmetro "session_replication_role"

2025-08-30 08:42:56,710 - INFO - Iniciando migração de categorias às 2025-08-30 08:42:56.710183
2025-08-30 08:42:56,710 - INFO - Estabelecendo conexões com os bancos de dados...
2025-08-30 08:42:57,043 - INFO - Iniciando limpeza das tabelas...
2025-08-30 08:42:57,043 - INFO - Limpando tabela itens_contrato_locacao...
2025-08-30 08:42:57,058 - INFO - Tabela itens_contrato_locacao limpa com sucesso
2025-08-30 08:42:57,059 - INFO - Limpando tabela categorias_produtos...
2025-08-30 08:42:57,059 - INFO - Tabela categorias_produtos limpa com sucesso
2025-08-30 08:42:57,074 - INFO - Limpeza de tabelas concluída com sucesso
2025-08-30 08:42:57,076 - INFO - Estrutura da tabela categorias_produtos verificada/criada com sucesso
2025-08-30 08:42:57,076 - INFO - Consultando dados do Access...
2025-08-30 08:42:57,076 - INFO - Iniciando migração dos registros...
2025-08-30 08:42:57,092 - INFO - 
        Migração concluída em 0:00:00.382717:
        - Total de categorias migradas: 6
        - Total de erros: 0
        
2025-08-30 08:47:42,240 - INFO - Iniciando migração de categorias às 2025-08-30 08:47:42.240564
2025-08-30 08:47:42,240 - INFO - Estabelecendo conexões com os bancos de dados...
2025-08-30 08:47:42,623 - INFO - Iniciando limpeza das tabelas...
2025-08-30 08:47:42,640 - INFO - Limpando tabela itens_contrato_locacao...
2025-08-30 08:47:42,640 - INFO - Tabela itens_contrato_locacao limpa com sucesso
2025-08-30 08:47:42,640 - INFO - Limpando tabela categorias_produtos...
2025-08-30 08:47:42,656 - INFO - Tabela categorias_produtos limpa com sucesso
2025-08-30 08:47:42,663 - INFO - Limpeza de tabelas concluída com sucesso
2025-08-30 08:47:42,663 - INFO - Estrutura da tabela categorias_produtos verificada/criada com sucesso
2025-08-30 08:47:42,663 - INFO - Consultando dados do Access...
2025-08-30 08:47:42,673 - INFO - Iniciando migração dos registros...
2025-08-30 08:47:42,673 - INFO - 
        Migração concluída em 0:00:00.433056:
        - Total de categorias migradas: 6
        - Total de erros: 0
        
2025-08-31 07:08:58,090 - INFO - Iniciando migração de categorias às 2025-08-31 07:08:58.090200
2025-08-31 07:08:58,090 - INFO - Estabelecendo conexões com os bancos de dados...
2025-08-31 07:08:58,410 - INFO - Iniciando limpeza das tabelas...
2025-08-31 07:08:58,419 - INFO - Limpando tabela itens_contrato_locacao...
2025-08-31 07:08:58,426 - INFO - Tabela itens_contrato_locacao limpa com sucesso
2025-08-31 07:08:58,427 - INFO - Limpando tabela categorias_produtos...
2025-08-31 07:08:58,440 - INFO - Tabela categorias_produtos limpa com sucesso
2025-08-31 07:08:58,450 - INFO - Limpeza de tabelas concluída com sucesso
2025-08-31 07:08:58,453 - INFO - Estrutura da tabela categorias_produtos verificada/criada com sucesso
2025-08-31 07:08:58,453 - INFO - Consultando dados do Access...
2025-08-31 07:08:58,460 - INFO - Iniciando migração dos registros...
2025-08-31 07:08:58,470 - INFO - 
        Migração concluída em 0:00:00.379898:
        - Total de categorias migradas: 6
        - Total de erros: 0
        
2025-08-31 08:24:56,027 - INFO - Iniciando migração de categorias às 2025-08-31 08:24:56.026682
2025-08-31 08:24:56,027 - INFO - Estabelecendo conexões com os bancos de dados...
2025-08-31 08:24:56,374 - INFO - Iniciando limpeza das tabelas...
2025-08-31 08:24:56,383 - INFO - Limpando tabela itens_contrato_locacao...
2025-08-31 08:24:56,389 - INFO - Tabela itens_contrato_locacao limpa com sucesso
2025-08-31 08:24:56,391 - INFO - Limpando tabela categorias_produtos...
2025-08-31 08:24:56,403 - INFO - Tabela categorias_produtos limpa com sucesso
2025-08-31 08:24:56,409 - INFO - Limpeza de tabelas concluída com sucesso
2025-08-31 08:24:56,411 - INFO - Estrutura da tabela categorias_produtos verificada/criada com sucesso
2025-08-31 08:24:56,411 - INFO - Consultando dados do Access...
2025-08-31 08:24:56,418 - INFO - Iniciando migração dos registros...
2025-08-31 08:24:56,430 - INFO - 
        Migração concluída em 0:00:00.403732:
        - Total de categorias migradas: 6
        - Total de erros: 0
        
2025-08-31 08:34:29,972 - INFO - Iniciando migração de categorias às 2025-08-31 08:34:29.972225
2025-08-31 08:34:29,973 - INFO - Estabelecendo conexões com os bancos de dados...
2025-08-31 08:34:30,377 - INFO - Iniciando limpeza das tabelas...
2025-08-31 08:34:30,377 - INFO - Limpando tabela itens_contrato_locacao...
2025-08-31 08:34:30,377 - INFO - Tabela itens_contrato_locacao limpa com sucesso
2025-08-31 08:34:30,377 - INFO - Limpando tabela categorias_produtos...
2025-08-31 08:34:30,400 - INFO - Tabela categorias_produtos limpa com sucesso
2025-08-31 08:34:30,411 - INFO - Limpeza de tabelas concluída com sucesso
2025-08-31 08:34:30,411 - INFO - Estrutura da tabela categorias_produtos verificada/criada com sucesso
2025-08-31 08:34:30,411 - INFO - Consultando dados do Access...
2025-08-31 08:34:30,411 - INFO - Iniciando migração dos registros...
2025-08-31 08:34:30,411 - INFO - 
        Migração concluída em 0:00:00.439335:
        - Total de categorias migradas: 6
        - Total de erros: 0
        
2025-09-01 00:51:08,439 - INFO - Iniciando migração de categorias às 2025-09-01 00:51:08.439611
2025-09-01 00:51:08,440 - INFO - Estabelecendo conexões com os bancos de dados...
2025-09-01 00:51:08,833 - INFO - Iniciando limpeza das tabelas...
2025-09-01 00:51:08,849 - INFO - Limpando tabela itens_contrato_locacao...
2025-09-01 00:51:08,849 - INFO - Tabela itens_contrato_locacao limpa com sucesso
2025-09-01 00:51:08,849 - INFO - Limpando tabela categorias_produtos...
2025-09-01 00:51:08,866 - INFO - Tabela categorias_produtos limpa com sucesso
2025-09-01 00:51:08,882 - INFO - Limpeza de tabelas concluída com sucesso
2025-09-01 00:51:08,882 - INFO - Estrutura da tabela categorias_produtos verificada/criada com sucesso
2025-09-01 00:51:08,882 - INFO - Consultando dados do Access...
2025-09-01 00:51:08,882 - INFO - Iniciando migração dos registros...
2025-09-01 00:51:08,899 - INFO - 
        Migração concluída em 0:00:00.460004:
        - Total de categorias migradas: 6
        - Total de erros: 0
        
