2025-01-10 15:59:54,965 - INFO - Iniciando migração de itens de NFE às 2025-01-10 15:59:54.965535
2025-01-10 15:59:54,965 - INFO - Estabelecendo conexões com os bancos de dados...
2025-01-10 15:59:55,506 - INFO - Iniciando limpeza das tabelas...
2025-01-10 15:59:55,514 - INFO - Limpando tabela itens_nf_entrada...
2025-01-10 15:59:55,531 - INFO - Tabela itens_nf_entrada limpa com sucesso
2025-01-10 15:59:55,538 - INFO - Limpeza de tabelas concluída com sucesso
2025-01-10 15:59:55,550 - INFO - Consultando dados do Access...
2025-01-10 15:59:55,574 - INFO - Iniciando migração dos itens...
2025-01-10 15:59:55,605 - INFO - 
        Migração concluída em 0:00:00.640338:
        - Total de itens migrados: 0
        - Total de erros: 0
        
2025-01-10 15:59:55,605 - WARNING - 
Notas fiscais não encontradas:
2025-01-10 15:59:55,605 - WARNING - - NF 7636
2025-01-10 15:59:55,605 - WARNING - - NF 7637
2025-01-10 15:59:55,605 - WARNING - - NF 7638
2025-01-10 15:59:55,605 - WARNING - - NF 7639
2025-01-10 15:59:55,605 - WARNING - - NF 7653
2025-01-10 15:59:55,605 - WARNING - - NF 7659
2025-01-10 15:59:55,605 - WARNING - - NF 7666
2025-01-10 15:59:55,606 - WARNING - - NF 7669
2025-01-10 15:59:55,606 - WARNING - - NF 7671
2025-01-10 15:59:55,606 - WARNING - - NF 7681
2025-01-10 15:59:55,606 - WARNING - - NF 7682
2025-01-10 15:59:55,606 - WARNING - - NF 7686
2025-01-10 15:59:55,606 - WARNING - - NF 7687
2025-01-10 15:59:55,606 - WARNING - - NF 7688
2025-01-10 15:59:55,606 - WARNING - - NF 7689
2025-01-10 15:59:55,606 - WARNING - - NF 7690
2025-01-10 15:59:55,606 - WARNING - - NF 7691
2025-01-10 15:59:55,606 - WARNING - - NF 7692
2025-01-10 15:59:55,606 - WARNING - - NF 7693
2025-01-10 15:59:55,606 - WARNING - - NF 7694
2025-01-10 15:59:55,606 - WARNING - - NF 7695
2025-01-10 15:59:55,606 - WARNING - - NF 7697
2025-01-10 15:59:55,606 - WARNING - - NF 7698
2025-01-10 15:59:55,606 - WARNING - - NF 7699
2025-01-10 15:59:55,606 - WARNING - - NF 7700
2025-01-10 15:59:55,607 - WARNING - - NF 7701
2025-01-10 15:59:55,607 - WARNING - - NF 7703
2025-01-10 15:59:55,607 - WARNING - - NF 7704
2025-01-10 15:59:55,607 - WARNING - - NF 7705
2025-01-10 15:59:55,607 - WARNING - - NF 7706
2025-01-10 15:59:55,607 - WARNING - - NF 7708
2025-01-10 15:59:55,607 - WARNING - - NF 7709
2025-01-10 15:59:55,607 - WARNING - - NF 7710
2025-01-10 15:59:55,607 - WARNING - - NF 7711
2025-01-10 15:59:55,607 - WARNING - - NF 7712
2025-01-10 15:59:55,607 - WARNING - - NF 7713
2025-01-10 15:59:55,607 - WARNING - - NF 7714
2025-01-10 15:59:55,607 - WARNING - - NF 7715
2025-01-10 15:59:55,607 - WARNING - - NF 7716
2025-01-10 15:59:55,607 - WARNING - - NF 7717
2025-01-10 15:59:55,607 - WARNING - - NF 7718
2025-01-10 15:59:55,607 - WARNING - - NF 7719
2025-01-10 15:59:55,607 - WARNING - - NF 7721
2025-01-10 15:59:55,607 - WARNING - - NF 7723
2025-01-10 15:59:55,607 - WARNING - - NF 7724
2025-01-10 15:59:55,607 - WARNING - - NF 7726
2025-01-10 15:59:55,608 - WARNING - - NF 7727
2025-01-10 15:59:55,608 - WARNING - - NF 7728
2025-01-10 15:59:55,608 - WARNING - - NF 7729
2025-01-10 15:59:55,608 - WARNING - - NF 7731
2025-01-10 15:59:55,608 - WARNING - - NF 7732
2025-01-10 15:59:55,608 - WARNING - - NF 7733
2025-01-10 15:59:55,608 - WARNING - - NF 7734
2025-01-10 15:59:55,608 - WARNING - - NF 7735
2025-01-10 15:59:55,608 - WARNING - - NF 7736
2025-01-10 15:59:55,608 - WARNING - - NF 7737
2025-01-10 15:59:55,608 - WARNING - - NF 7738
2025-01-10 15:59:55,608 - WARNING - - NF 7739
2025-01-10 15:59:55,608 - WARNING - - NF 7740
2025-01-10 15:59:55,608 - WARNING - - NF 7741
2025-01-10 15:59:55,608 - WARNING - - NF 7742
2025-01-10 15:59:55,608 - WARNING - - NF 7743
2025-01-10 15:59:55,608 - WARNING - - NF 7744
2025-01-10 15:59:55,608 - WARNING - - NF 7745
2025-01-10 15:59:55,608 - WARNING - - NF 7746
2025-01-10 15:59:55,608 - WARNING - - NF 7747
2025-01-10 15:59:55,608 - WARNING - - NF 7748
2025-01-10 15:59:55,609 - WARNING - - NF 7749
2025-01-10 15:59:55,609 - WARNING - - NF 7750
2025-01-10 15:59:55,609 - WARNING - - NF 7751
2025-01-10 15:59:55,609 - WARNING - - NF 7752
2025-01-10 15:59:55,609 - WARNING - - NF 7753
2025-01-10 15:59:55,609 - WARNING - - NF 7754
2025-01-10 15:59:55,609 - WARNING - - NF 7755
2025-01-10 15:59:55,609 - WARNING - - NF 7756
2025-01-10 15:59:55,609 - WARNING - - NF 7758
2025-01-10 15:59:55,609 - WARNING - - NF 7759
2025-01-10 15:59:55,609 - WARNING - - NF 7760
2025-01-10 15:59:55,609 - WARNING - - NF 7761
2025-01-10 15:59:55,609 - WARNING - - NF 7762
2025-01-10 15:59:55,609 - WARNING - - NF 7764
2025-01-10 15:59:55,609 - WARNING - - NF 7765
2025-01-10 15:59:55,609 - WARNING - - NF 7766
2025-01-10 15:59:55,609 - WARNING - - NF 7767
2025-01-10 15:59:55,609 - WARNING - - NF 7768
2025-01-10 15:59:55,609 - WARNING - - NF 7769
2025-01-10 15:59:55,609 - WARNING - - NF 7770
2025-01-10 15:59:55,610 - WARNING - - NF 7771
2025-01-10 15:59:55,610 - WARNING - - NF 7772
2025-01-10 15:59:55,610 - WARNING - - NF 7773
2025-01-10 15:59:55,610 - WARNING - - NF 7774
2025-01-10 15:59:55,610 - WARNING - - NF 7775
2025-01-10 15:59:55,610 - WARNING - - NF 7776
2025-01-10 15:59:55,610 - WARNING - - NF 7777
2025-01-10 15:59:55,610 - WARNING - - NF 7778
2025-01-10 15:59:55,610 - WARNING - - NF 7779
2025-01-10 15:59:55,610 - WARNING - - NF 7780
2025-01-10 15:59:55,610 - WARNING - - NF 7781
2025-01-10 15:59:55,610 - WARNING - - NF 7782
2025-01-10 15:59:55,610 - WARNING - - NF 7783
2025-01-10 15:59:55,610 - WARNING - - NF 7784
2025-01-10 15:59:55,610 - WARNING - - NF 7785
2025-01-10 15:59:55,610 - WARNING - - NF 7786
2025-01-10 15:59:55,610 - WARNING - - NF 7787
2025-01-10 15:59:55,610 - WARNING - - NF 7788
2025-01-10 15:59:55,610 - WARNING - - NF 7789
2025-01-10 15:59:55,610 - WARNING - - NF 7790
2025-01-10 15:59:55,610 - WARNING - - NF 7791
2025-01-10 15:59:55,611 - WARNING - - NF 7792
2025-01-10 15:59:55,611 - WARNING - - NF 7793
2025-01-10 15:59:55,611 - WARNING - - NF 7794
2025-01-10 15:59:55,611 - WARNING - - NF 7795
2025-01-10 15:59:55,611 - WARNING - - NF 7796
2025-01-10 15:59:55,611 - WARNING - - NF 7797
2025-01-10 15:59:55,611 - WARNING - - NF 7798
2025-01-10 15:59:55,611 - WARNING - - NF 7799
2025-01-10 15:59:55,611 - WARNING - - NF 7800
2025-01-10 15:59:55,611 - WARNING - - NF 7801
2025-01-10 15:59:55,611 - WARNING - - NF 7802
2025-01-10 15:59:55,611 - WARNING - - NF 7803
2025-01-10 15:59:55,611 - WARNING - - NF 7804
2025-01-10 15:59:55,611 - WARNING - - NF 7805
2025-01-10 15:59:55,611 - WARNING - - NF 7806
2025-01-10 15:59:55,611 - WARNING - - NF 7810
2025-01-10 15:59:55,611 - WARNING - - NF 7811
2025-01-10 15:59:55,611 - WARNING - - NF 7812
2025-01-10 15:59:55,611 - WARNING - - NF 7813
2025-01-10 15:59:55,611 - WARNING - - NF 7815
2025-01-10 15:59:55,611 - WARNING - - NF 7816
2025-01-10 15:59:55,611 - WARNING - - NF 7818
2025-01-10 15:59:55,612 - WARNING - - NF 7820
2025-01-10 15:59:55,612 - WARNING - - NF 7821
2025-01-10 15:59:55,612 - WARNING - - NF 7822
2025-01-10 15:59:55,612 - WARNING - - NF 7824
2025-01-10 15:59:55,612 - WARNING - - NF 7827
2025-01-10 15:59:55,612 - WARNING - - NF 7828
2025-01-10 15:59:55,612 - WARNING - - NF 7829
2025-01-10 15:59:55,612 - WARNING - - NF 7832
2025-01-10 15:59:55,612 - WARNING - - NF 7833
2025-01-10 15:59:55,612 - WARNING - - NF 7834
2025-01-10 15:59:55,612 - WARNING - - NF 7836
2025-01-10 15:59:55,612 - WARNING - - NF 7837
2025-01-10 15:59:55,612 - WARNING - - NF 7838
2025-01-10 15:59:55,612 - WARNING - - NF 7839
2025-01-10 15:59:55,612 - WARNING - - NF 7840
2025-01-10 15:59:55,612 - WARNING - - NF 7841
2025-01-10 15:59:55,612 - WARNING - - NF 7842
2025-01-10 15:59:55,612 - WARNING - - NF 7843
2025-01-10 15:59:55,612 - WARNING - - NF 7844
2025-01-10 15:59:55,612 - WARNING - - NF 7846
2025-01-10 15:59:55,613 - WARNING - - NF 7847
2025-01-10 15:59:55,613 - WARNING - - NF 7848
2025-01-10 15:59:55,613 - WARNING - - NF 7850
2025-01-10 15:59:55,613 - WARNING - - NF 7851
2025-01-10 15:59:55,613 - WARNING - - NF 7852
2025-01-10 15:59:55,613 - WARNING - - NF 7854
2025-01-10 15:59:55,613 - WARNING - - NF 7855
2025-01-10 15:59:55,613 - WARNING - - NF 7856
2025-01-10 15:59:55,613 - WARNING - - NF 7857
2025-01-10 15:59:55,613 - WARNING - - NF 7858
2025-01-10 15:59:55,613 - WARNING - - NF 7859
2025-01-10 15:59:55,613 - WARNING - - NF 7860
2025-01-10 15:59:55,613 - WARNING - - NF 7861
2025-01-10 15:59:55,613 - WARNING - - NF 7862
2025-01-10 15:59:55,613 - WARNING - - NF 7863
2025-01-10 15:59:55,613 - WARNING - - NF 7864
2025-01-10 15:59:55,613 - WARNING - - NF 7865
2025-01-10 15:59:55,613 - WARNING - - NF 7867
2025-01-10 15:59:55,613 - WARNING - - NF 7869
2025-01-10 15:59:55,613 - WARNING - - NF 7870
2025-01-10 15:59:55,613 - WARNING - - NF 7871
2025-01-10 15:59:55,614 - WARNING - - NF 7872
2025-01-10 15:59:55,614 - WARNING - - NF 7873
2025-01-10 15:59:55,614 - WARNING - - NF 7875
2025-01-10 15:59:55,614 - WARNING - - NF 7877
2025-01-10 15:59:55,614 - WARNING - - NF 7878
2025-01-10 15:59:55,614 - WARNING - - NF 7880
2025-01-10 15:59:55,614 - WARNING - - NF 7881
2025-01-13 20:38:45,311 - INFO - Iniciando migração de itens de NFE às 2025-01-13 20:38:45.311880
2025-01-13 20:38:45,311 - INFO - Estabelecendo conexões com os bancos de dados...
2025-01-13 20:38:45,722 - INFO - Iniciando limpeza das tabelas...
2025-01-13 20:38:45,731 - INFO - Limpando tabela itens_nf_entrada...
2025-01-13 20:38:45,746 - INFO - Tabela itens_nf_entrada limpa com sucesso
2025-01-13 20:38:45,754 - INFO - Limpeza de tabelas concluída com sucesso
2025-01-13 20:38:45,767 - INFO - Consultando dados do Access...
2025-01-13 20:38:45,792 - INFO - Iniciando migração dos itens...
2025-01-13 20:38:45,811 - INFO - 
        Migração concluída em 0:00:00.499948:
        - Total de itens migrados: 0
        - Total de erros: 0
        
2025-01-13 20:38:45,811 - WARNING - 
Notas fiscais não encontradas:
2025-01-13 20:38:45,811 - WARNING - - NF 7636
2025-01-13 20:38:45,811 - WARNING - - NF 7637
2025-01-13 20:38:45,812 - WARNING - - NF 7638
2025-01-13 20:38:45,812 - WARNING - - NF 7639
2025-01-13 20:38:45,812 - WARNING - - NF 7653
2025-01-13 20:38:45,812 - WARNING - - NF 7659
2025-01-13 20:38:45,812 - WARNING - - NF 7666
2025-01-13 20:38:45,812 - WARNING - - NF 7669
2025-01-13 20:38:45,812 - WARNING - - NF 7671
2025-01-13 20:38:45,812 - WARNING - - NF 7681
2025-01-13 20:38:45,812 - WARNING - - NF 7682
2025-01-13 20:38:45,812 - WARNING - - NF 7686
2025-01-13 20:38:45,812 - WARNING - - NF 7687
2025-01-13 20:38:45,812 - WARNING - - NF 7688
2025-01-13 20:38:45,812 - WARNING - - NF 7689
2025-01-13 20:38:45,812 - WARNING - - NF 7690
2025-01-13 20:38:45,812 - WARNING - - NF 7691
2025-01-13 20:38:45,812 - WARNING - - NF 7692
2025-01-13 20:38:45,812 - WARNING - - NF 7693
2025-01-13 20:38:45,812 - WARNING - - NF 7694
2025-01-13 20:38:45,812 - WARNING - - NF 7695
2025-01-13 20:38:45,812 - WARNING - - NF 7697
2025-01-13 20:38:45,812 - WARNING - - NF 7698
2025-01-13 20:38:45,813 - WARNING - - NF 7699
2025-01-13 20:38:45,813 - WARNING - - NF 7700
2025-01-13 20:38:45,813 - WARNING - - NF 7701
2025-01-13 20:38:45,813 - WARNING - - NF 7703
2025-01-13 20:38:45,813 - WARNING - - NF 7704
2025-01-13 20:38:45,813 - WARNING - - NF 7705
2025-01-13 20:38:45,813 - WARNING - - NF 7706
2025-01-13 20:38:45,813 - WARNING - - NF 7708
2025-01-13 20:38:45,813 - WARNING - - NF 7709
2025-01-13 20:38:45,813 - WARNING - - NF 7710
2025-01-13 20:38:45,813 - WARNING - - NF 7711
2025-01-13 20:38:45,813 - WARNING - - NF 7712
2025-01-13 20:38:45,813 - WARNING - - NF 7713
2025-01-13 20:38:45,813 - WARNING - - NF 7714
2025-01-13 20:38:45,813 - WARNING - - NF 7715
2025-01-13 20:38:45,813 - WARNING - - NF 7716
2025-01-13 20:38:45,813 - WARNING - - NF 7717
2025-01-13 20:38:45,813 - WARNING - - NF 7718
2025-01-13 20:38:45,813 - WARNING - - NF 7719
2025-01-13 20:38:45,813 - WARNING - - NF 7721
2025-01-13 20:38:45,813 - WARNING - - NF 7723
2025-01-13 20:38:45,814 - WARNING - - NF 7724
2025-01-13 20:38:45,814 - WARNING - - NF 7726
2025-01-13 20:38:45,814 - WARNING - - NF 7727
2025-01-13 20:38:45,814 - WARNING - - NF 7728
2025-01-13 20:38:45,814 - WARNING - - NF 7729
2025-01-13 20:38:45,814 - WARNING - - NF 7731
2025-01-13 20:38:45,814 - WARNING - - NF 7732
2025-01-13 20:38:45,814 - WARNING - - NF 7733
2025-01-13 20:38:45,814 - WARNING - - NF 7734
2025-01-13 20:38:45,814 - WARNING - - NF 7735
2025-01-13 20:38:45,814 - WARNING - - NF 7736
2025-01-13 20:38:45,814 - WARNING - - NF 7737
2025-01-13 20:38:45,814 - WARNING - - NF 7738
2025-01-13 20:38:45,814 - WARNING - - NF 7739
2025-01-13 20:38:45,814 - WARNING - - NF 7740
2025-01-13 20:38:45,814 - WARNING - - NF 7741
2025-01-13 20:38:45,814 - WARNING - - NF 7742
2025-01-13 20:38:45,814 - WARNING - - NF 7743
2025-01-13 20:38:45,814 - WARNING - - NF 7744
2025-01-13 20:38:45,815 - WARNING - - NF 7745
2025-01-13 20:38:45,815 - WARNING - - NF 7746
2025-01-13 20:38:45,815 - WARNING - - NF 7747
2025-01-13 20:38:45,815 - WARNING - - NF 7748
2025-01-13 20:38:45,815 - WARNING - - NF 7749
2025-01-13 20:38:45,815 - WARNING - - NF 7750
2025-01-13 20:38:45,815 - WARNING - - NF 7751
2025-01-13 20:38:45,815 - WARNING - - NF 7752
2025-01-13 20:38:45,815 - WARNING - - NF 7753
2025-01-13 20:38:45,815 - WARNING - - NF 7754
2025-01-13 20:38:45,815 - WARNING - - NF 7755
2025-01-13 20:38:45,815 - WARNING - - NF 7756
2025-01-13 20:38:45,815 - WARNING - - NF 7758
2025-01-13 20:38:45,815 - WARNING - - NF 7759
2025-01-13 20:38:45,815 - WARNING - - NF 7760
2025-01-13 20:38:45,815 - WARNING - - NF 7761
2025-01-13 20:38:45,815 - WARNING - - NF 7762
2025-01-13 20:38:45,815 - WARNING - - NF 7764
2025-01-13 20:38:45,815 - WARNING - - NF 7765
2025-01-13 20:38:45,815 - WARNING - - NF 7766
2025-01-13 20:38:45,815 - WARNING - - NF 7767
2025-01-13 20:38:45,815 - WARNING - - NF 7768
2025-01-13 20:38:45,816 - WARNING - - NF 7769
2025-01-13 20:38:45,816 - WARNING - - NF 7770
2025-01-13 20:38:45,816 - WARNING - - NF 7771
2025-01-13 20:38:45,816 - WARNING - - NF 7772
2025-01-13 20:38:45,816 - WARNING - - NF 7773
2025-01-13 20:38:45,816 - WARNING - - NF 7774
2025-01-13 20:38:45,816 - WARNING - - NF 7775
2025-01-13 20:38:45,816 - WARNING - - NF 7776
2025-01-13 20:38:45,816 - WARNING - - NF 7777
2025-01-13 20:38:45,816 - WARNING - - NF 7778
2025-01-13 20:38:45,816 - WARNING - - NF 7779
2025-01-13 20:38:45,816 - WARNING - - NF 7780
2025-01-13 20:38:45,816 - WARNING - - NF 7781
2025-01-13 20:38:45,816 - WARNING - - NF 7782
2025-01-13 20:38:45,816 - WARNING - - NF 7783
2025-01-13 20:38:45,816 - WARNING - - NF 7784
2025-01-13 20:38:45,816 - WARNING - - NF 7785
2025-01-13 20:38:45,816 - WARNING - - NF 7786
2025-01-13 20:38:45,816 - WARNING - - NF 7787
2025-01-13 20:38:45,816 - WARNING - - NF 7788
2025-01-13 20:38:45,816 - WARNING - - NF 7789
2025-01-13 20:38:45,817 - WARNING - - NF 7790
2025-01-13 20:38:45,817 - WARNING - - NF 7791
2025-01-13 20:38:45,817 - WARNING - - NF 7792
2025-01-13 20:38:45,817 - WARNING - - NF 7793
2025-01-13 20:38:45,817 - WARNING - - NF 7794
2025-01-13 20:38:45,817 - WARNING - - NF 7795
2025-01-13 20:38:45,817 - WARNING - - NF 7796
2025-01-13 20:38:45,817 - WARNING - - NF 7797
2025-01-13 20:38:45,817 - WARNING - - NF 7798
2025-01-13 20:38:45,817 - WARNING - - NF 7799
2025-01-13 20:38:45,817 - WARNING - - NF 7800
2025-01-13 20:38:45,817 - WARNING - - NF 7801
2025-01-13 20:38:45,817 - WARNING - - NF 7802
2025-01-13 20:38:45,817 - WARNING - - NF 7803
2025-01-13 20:38:45,817 - WARNING - - NF 7804
2025-01-13 20:38:45,817 - WARNING - - NF 7805
2025-01-13 20:38:45,817 - WARNING - - NF 7806
2025-01-13 20:38:45,817 - WARNING - - NF 7810
2025-01-13 20:38:45,817 - WARNING - - NF 7811
2025-01-13 20:38:45,817 - WARNING - - NF 7812
2025-01-13 20:38:45,817 - WARNING - - NF 7813
2025-01-13 20:38:45,817 - WARNING - - NF 7815
2025-01-13 20:38:45,818 - WARNING - - NF 7816
2025-01-13 20:38:45,818 - WARNING - - NF 7818
2025-01-13 20:38:45,818 - WARNING - - NF 7820
2025-01-13 20:38:45,818 - WARNING - - NF 7821
2025-01-13 20:38:45,818 - WARNING - - NF 7822
2025-01-13 20:38:45,818 - WARNING - - NF 7824
2025-01-13 20:38:45,818 - WARNING - - NF 7827
2025-01-13 20:38:45,818 - WARNING - - NF 7828
2025-01-13 20:38:45,818 - WARNING - - NF 7829
2025-01-13 20:38:45,818 - WARNING - - NF 7832
2025-01-13 20:38:45,818 - WARNING - - NF 7833
2025-01-13 20:38:45,818 - WARNING - - NF 7834
2025-01-13 20:38:45,818 - WARNING - - NF 7836
2025-01-13 20:38:45,819 - WARNING - - NF 7837
2025-01-13 20:38:45,819 - WARNING - - NF 7838
2025-01-13 20:38:45,819 - WARNING - - NF 7839
2025-01-13 20:38:45,819 - WARNING - - NF 7840
2025-01-13 20:38:45,819 - WARNING - - NF 7841
2025-01-13 20:38:45,819 - WARNING - - NF 7842
2025-01-13 20:38:45,819 - WARNING - - NF 7843
2025-01-13 20:38:45,819 - WARNING - - NF 7844
2025-01-13 20:38:45,819 - WARNING - - NF 7846
2025-01-13 20:38:45,819 - WARNING - - NF 7847
2025-01-13 20:38:45,819 - WARNING - - NF 7848
2025-01-13 20:38:45,819 - WARNING - - NF 7850
2025-01-13 20:38:45,819 - WARNING - - NF 7851
2025-01-13 20:38:45,819 - WARNING - - NF 7852
2025-01-13 20:38:45,819 - WARNING - - NF 7854
2025-01-13 20:38:45,819 - WARNING - - NF 7855
2025-01-13 20:38:45,819 - WARNING - - NF 7856
2025-01-13 20:38:45,820 - WARNING - - NF 7857
2025-01-13 20:38:45,820 - WARNING - - NF 7858
2025-01-13 20:38:45,820 - WARNING - - NF 7859
2025-01-13 20:38:45,820 - WARNING - - NF 7860
2025-01-13 20:38:45,820 - WARNING - - NF 7861
2025-01-13 20:38:45,820 - WARNING - - NF 7862
2025-01-13 20:38:45,820 - WARNING - - NF 7863
2025-01-13 20:38:45,820 - WARNING - - NF 7864
2025-01-13 20:38:45,820 - WARNING - - NF 7865
2025-01-13 20:38:45,820 - WARNING - - NF 7867
2025-01-13 20:38:45,820 - WARNING - - NF 7869
2025-01-13 20:38:45,820 - WARNING - - NF 7870
2025-01-13 20:38:45,820 - WARNING - - NF 7871
2025-01-13 20:38:45,820 - WARNING - - NF 7872
2025-01-13 20:38:45,820 - WARNING - - NF 7873
2025-01-13 20:38:45,820 - WARNING - - NF 7875
2025-01-13 20:38:45,820 - WARNING - - NF 7877
2025-01-13 20:38:45,820 - WARNING - - NF 7878
2025-01-13 20:38:45,821 - WARNING - - NF 7880
2025-01-13 20:38:45,821 - WARNING - - NF 7881
2025-01-13 20:52:09,668 - INFO - Iniciando migração de itens de NFE às 2025-01-13 20:52:09.668836
2025-01-13 20:52:09,669 - INFO - Estabelecendo conexões com os bancos de dados...
2025-01-13 20:52:10,110 - INFO - Iniciando limpeza das tabelas...
2025-01-13 20:52:10,121 - INFO - Limpando tabela itens_nf_entrada...
2025-01-13 20:52:10,135 - INFO - Tabela itens_nf_entrada limpa com sucesso
2025-01-13 20:52:10,145 - INFO - Limpeza de tabelas concluída com sucesso
2025-01-13 20:52:10,160 - INFO - Consultando dados do Access...
2025-01-13 20:52:10,188 - INFO - Iniciando migração dos itens...
2025-01-13 20:52:10,206 - INFO - 
        Migração concluída em 0:00:00.538003:
        - Total de itens migrados: 0
        - Total de erros: 0
        
2025-01-13 20:52:10,206 - WARNING - 
Notas fiscais não encontradas:
2025-01-13 20:52:10,206 - WARNING - - NF 7636
2025-01-13 20:52:10,206 - WARNING - - NF 7637
2025-01-13 20:52:10,206 - WARNING - - NF 7638
2025-01-13 20:52:10,206 - WARNING - - NF 7639
2025-01-13 20:52:10,206 - WARNING - - NF 7653
2025-01-13 20:52:10,207 - WARNING - - NF 7659
2025-01-13 20:52:10,207 - WARNING - - NF 7666
2025-01-13 20:52:10,207 - WARNING - - NF 7669
2025-01-13 20:52:10,207 - WARNING - - NF 7671
2025-01-13 20:52:10,207 - WARNING - - NF 7681
2025-01-13 20:52:10,207 - WARNING - - NF 7682
2025-01-13 20:52:10,207 - WARNING - - NF 7686
2025-01-13 20:52:10,207 - WARNING - - NF 7687
2025-01-13 20:52:10,207 - WARNING - - NF 7688
2025-01-13 20:52:10,207 - WARNING - - NF 7689
2025-01-13 20:52:10,207 - WARNING - - NF 7690
2025-01-13 20:52:10,207 - WARNING - - NF 7691
2025-01-13 20:52:10,207 - WARNING - - NF 7692
2025-01-13 20:52:10,207 - WARNING - - NF 7693
2025-01-13 20:52:10,207 - WARNING - - NF 7694
2025-01-13 20:52:10,207 - WARNING - - NF 7695
2025-01-13 20:52:10,208 - WARNING - - NF 7697
2025-01-13 20:52:10,208 - WARNING - - NF 7698
2025-01-13 20:52:10,208 - WARNING - - NF 7699
2025-01-13 20:52:10,208 - WARNING - - NF 7700
2025-01-13 20:52:10,208 - WARNING - - NF 7701
2025-01-13 20:52:10,208 - WARNING - - NF 7703
2025-01-13 20:52:10,208 - WARNING - - NF 7704
2025-01-13 20:52:10,208 - WARNING - - NF 7705
2025-01-13 20:52:10,208 - WARNING - - NF 7706
2025-01-13 20:52:10,208 - WARNING - - NF 7708
2025-01-13 20:52:10,208 - WARNING - - NF 7709
2025-01-13 20:52:10,208 - WARNING - - NF 7710
2025-01-13 20:52:10,208 - WARNING - - NF 7711
2025-01-13 20:52:10,208 - WARNING - - NF 7712
2025-01-13 20:52:10,208 - WARNING - - NF 7713
2025-01-13 20:52:10,208 - WARNING - - NF 7714
2025-01-13 20:52:10,209 - WARNING - - NF 7715
2025-01-13 20:52:10,209 - WARNING - - NF 7716
2025-01-13 20:52:10,209 - WARNING - - NF 7717
2025-01-13 20:52:10,209 - WARNING - - NF 7718
2025-01-13 20:52:10,209 - WARNING - - NF 7719
2025-01-13 20:52:10,209 - WARNING - - NF 7721
2025-01-13 20:52:10,209 - WARNING - - NF 7723
2025-01-13 20:52:10,209 - WARNING - - NF 7724
2025-01-13 20:52:10,209 - WARNING - - NF 7726
2025-01-13 20:52:10,209 - WARNING - - NF 7727
2025-01-13 20:52:10,209 - WARNING - - NF 7728
2025-01-13 20:52:10,209 - WARNING - - NF 7729
2025-01-13 20:52:10,209 - WARNING - - NF 7731
2025-01-13 20:52:10,209 - WARNING - - NF 7732
2025-01-13 20:52:10,209 - WARNING - - NF 7733
2025-01-13 20:52:10,209 - WARNING - - NF 7734
2025-01-13 20:52:10,209 - WARNING - - NF 7735
2025-01-13 20:52:10,209 - WARNING - - NF 7736
2025-01-13 20:52:10,210 - WARNING - - NF 7737
2025-01-13 20:52:10,210 - WARNING - - NF 7738
2025-01-13 20:52:10,210 - WARNING - - NF 7739
2025-01-13 20:52:10,210 - WARNING - - NF 7740
2025-01-13 20:52:10,210 - WARNING - - NF 7741
2025-01-13 20:52:10,210 - WARNING - - NF 7742
2025-01-13 20:52:10,210 - WARNING - - NF 7743
2025-01-13 20:52:10,210 - WARNING - - NF 7744
2025-01-13 20:52:10,210 - WARNING - - NF 7745
2025-01-13 20:52:10,210 - WARNING - - NF 7746
2025-01-13 20:52:10,210 - WARNING - - NF 7747
2025-01-13 20:52:10,210 - WARNING - - NF 7748
2025-01-13 20:52:10,210 - WARNING - - NF 7749
2025-01-13 20:52:10,210 - WARNING - - NF 7750
2025-01-13 20:52:10,210 - WARNING - - NF 7751
2025-01-13 20:52:10,210 - WARNING - - NF 7752
2025-01-13 20:52:10,210 - WARNING - - NF 7753
2025-01-13 20:52:10,210 - WARNING - - NF 7754
2025-01-13 20:52:10,210 - WARNING - - NF 7755
2025-01-13 20:52:10,210 - WARNING - - NF 7756
2025-01-13 20:52:10,211 - WARNING - - NF 7758
2025-01-13 20:52:10,211 - WARNING - - NF 7759
2025-01-13 20:52:10,211 - WARNING - - NF 7760
2025-01-13 20:52:10,211 - WARNING - - NF 7761
2025-01-13 20:52:10,211 - WARNING - - NF 7762
2025-01-13 20:52:10,211 - WARNING - - NF 7764
2025-01-13 20:52:10,211 - WARNING - - NF 7765
2025-01-13 20:52:10,211 - WARNING - - NF 7766
2025-01-13 20:52:10,211 - WARNING - - NF 7767
2025-01-13 20:52:10,211 - WARNING - - NF 7768
2025-01-13 20:52:10,211 - WARNING - - NF 7769
2025-01-13 20:52:10,211 - WARNING - - NF 7770
2025-01-13 20:52:10,211 - WARNING - - NF 7771
2025-01-13 20:52:10,211 - WARNING - - NF 7772
2025-01-13 20:52:10,211 - WARNING - - NF 7773
2025-01-13 20:52:10,211 - WARNING - - NF 7774
2025-01-13 20:52:10,211 - WARNING - - NF 7775
2025-01-13 20:52:10,211 - WARNING - - NF 7776
2025-01-13 20:52:10,211 - WARNING - - NF 7777
2025-01-13 20:52:10,211 - WARNING - - NF 7778
2025-01-13 20:52:10,212 - WARNING - - NF 7779
2025-01-13 20:52:10,212 - WARNING - - NF 7780
2025-01-13 20:52:10,212 - WARNING - - NF 7781
2025-01-13 20:52:10,212 - WARNING - - NF 7782
2025-01-13 20:52:10,212 - WARNING - - NF 7783
2025-01-13 20:52:10,212 - WARNING - - NF 7784
2025-01-13 20:52:10,212 - WARNING - - NF 7785
2025-01-13 20:52:10,212 - WARNING - - NF 7786
2025-01-13 20:52:10,212 - WARNING - - NF 7787
2025-01-13 20:52:10,212 - WARNING - - NF 7788
2025-01-13 20:52:10,212 - WARNING - - NF 7789
2025-01-13 20:52:10,212 - WARNING - - NF 7790
2025-01-13 20:52:10,212 - WARNING - - NF 7791
2025-01-13 20:52:10,212 - WARNING - - NF 7792
2025-01-13 20:52:10,212 - WARNING - - NF 7793
2025-01-13 20:52:10,212 - WARNING - - NF 7794
2025-01-13 20:52:10,212 - WARNING - - NF 7795
2025-01-13 20:52:10,212 - WARNING - - NF 7796
2025-01-13 20:52:10,212 - WARNING - - NF 7797
2025-01-13 20:52:10,213 - WARNING - - NF 7798
2025-01-13 20:52:10,213 - WARNING - - NF 7799
2025-01-13 20:52:10,213 - WARNING - - NF 7800
2025-01-13 20:52:10,213 - WARNING - - NF 7801
2025-01-13 20:52:10,213 - WARNING - - NF 7802
2025-01-13 20:52:10,213 - WARNING - - NF 7803
2025-01-13 20:52:10,213 - WARNING - - NF 7804
2025-01-13 20:52:10,213 - WARNING - - NF 7805
2025-01-13 20:52:10,213 - WARNING - - NF 7806
2025-01-13 20:52:10,213 - WARNING - - NF 7810
2025-01-13 20:52:10,213 - WARNING - - NF 7811
2025-01-13 20:52:10,213 - WARNING - - NF 7812
2025-01-13 20:52:10,213 - WARNING - - NF 7813
2025-01-13 20:52:10,213 - WARNING - - NF 7815
2025-01-13 20:52:10,213 - WARNING - - NF 7816
2025-01-13 20:52:10,213 - WARNING - - NF 7818
2025-01-13 20:52:10,213 - WARNING - - NF 7820
2025-01-13 20:52:10,213 - WARNING - - NF 7821
2025-01-13 20:52:10,213 - WARNING - - NF 7822
2025-01-13 20:52:10,213 - WARNING - - NF 7824
2025-01-13 20:52:10,214 - WARNING - - NF 7827
2025-01-13 20:52:10,214 - WARNING - - NF 7828
2025-01-13 20:52:10,214 - WARNING - - NF 7829
2025-01-13 20:52:10,214 - WARNING - - NF 7832
2025-01-13 20:52:10,214 - WARNING - - NF 7833
2025-01-13 20:52:10,214 - WARNING - - NF 7834
2025-01-13 20:52:10,214 - WARNING - - NF 7836
2025-01-13 20:52:10,214 - WARNING - - NF 7837
2025-01-13 20:52:10,214 - WARNING - - NF 7838
2025-01-13 20:52:10,214 - WARNING - - NF 7839
2025-01-13 20:52:10,214 - WARNING - - NF 7840
2025-01-13 20:52:10,214 - WARNING - - NF 7841
2025-01-13 20:52:10,214 - WARNING - - NF 7842
2025-01-13 20:52:10,214 - WARNING - - NF 7843
2025-01-13 20:52:10,214 - WARNING - - NF 7844
2025-01-13 20:52:10,214 - WARNING - - NF 7846
2025-01-13 20:52:10,214 - WARNING - - NF 7847
2025-01-13 20:52:10,214 - WARNING - - NF 7848
2025-01-13 20:52:10,214 - WARNING - - NF 7850
2025-01-13 20:52:10,214 - WARNING - - NF 7851
2025-01-13 20:52:10,214 - WARNING - - NF 7852
2025-01-13 20:52:10,215 - WARNING - - NF 7854
2025-01-13 20:52:10,215 - WARNING - - NF 7855
2025-01-13 20:52:10,215 - WARNING - - NF 7856
2025-01-13 20:52:10,215 - WARNING - - NF 7857
2025-01-13 20:52:10,215 - WARNING - - NF 7858
2025-01-13 20:52:10,215 - WARNING - - NF 7859
2025-01-13 20:52:10,215 - WARNING - - NF 7860
2025-01-13 20:52:10,215 - WARNING - - NF 7861
2025-01-13 20:52:10,215 - WARNING - - NF 7862
2025-01-13 20:52:10,215 - WARNING - - NF 7863
2025-01-13 20:52:10,215 - WARNING - - NF 7864
2025-01-13 20:52:10,215 - WARNING - - NF 7865
2025-01-13 20:52:10,215 - WARNING - - NF 7867
2025-01-13 20:52:10,215 - WARNING - - NF 7869
2025-01-13 20:52:10,215 - WARNING - - NF 7870
2025-01-13 20:52:10,215 - WARNING - - NF 7871
2025-01-13 20:52:10,215 - WARNING - - NF 7872
2025-01-13 20:52:10,215 - WARNING - - NF 7873
2025-01-13 20:52:10,215 - WARNING - - NF 7875
2025-01-13 20:52:10,215 - WARNING - - NF 7877
2025-01-13 20:52:10,216 - WARNING - - NF 7878
2025-01-13 20:52:10,216 - WARNING - - NF 7880
2025-01-13 20:52:10,216 - WARNING - - NF 7881
2025-01-13 20:55:34,663 - INFO - Iniciando migração de itens de NFE às 2025-01-13 20:55:34.663495
2025-01-13 20:55:34,663 - INFO - Estabelecendo conexões com os bancos de dados...
2025-01-13 20:55:35,075 - INFO - Iniciando limpeza das tabelas...
2025-01-13 20:55:35,083 - INFO - Limpando tabela itens_nf_entrada...
2025-01-13 20:55:35,092 - INFO - Tabela itens_nf_entrada limpa com sucesso
2025-01-13 20:55:35,101 - INFO - Limpeza de tabelas concluída com sucesso
2025-01-13 20:55:35,115 - INFO - Consultando dados do Access...
2025-01-13 20:55:35,135 - INFO - Iniciando migração dos itens...
2025-01-13 20:55:35,246 - INFO - Migrados 100 itens...
2025-01-13 20:55:35,325 - INFO - Migrados 200 itens...
2025-01-13 20:55:35,398 - INFO - Migrados 300 itens...
2025-01-13 20:55:35,470 - INFO - 
        Migração concluída em 0:00:00.806817:
        - Total de itens migrados: 396
        - Total de erros: 0
        
2025-01-13 20:55:35,470 - WARNING - 
Produtos não encontrados:
2025-01-13 20:55:35,470 - WARNING - - Produto 6291
2025-01-13 20:59:19,480 - INFO - Iniciando migração de itens de NFE às 2025-01-13 20:59:19.480410
2025-01-13 20:59:19,480 - INFO - Estabelecendo conexões com os bancos de dados...
2025-01-13 20:59:19,898 - INFO - Iniciando limpeza das tabelas...
2025-01-13 20:59:19,910 - INFO - Limpando tabela itens_nf_entrada...
2025-01-13 20:59:19,923 - INFO - Tabela itens_nf_entrada limpa com sucesso
2025-01-13 20:59:19,935 - INFO - Limpeza de tabelas concluída com sucesso
2025-01-13 20:59:19,951 - INFO - Consultando dados do Access...
2025-01-13 20:59:19,975 - INFO - Iniciando migração dos itens...
2025-01-13 20:59:20,110 - INFO - Migrados 100 itens...
2025-01-13 20:59:20,205 - INFO - Migrados 200 itens...
2025-01-13 20:59:20,292 - INFO - Migrados 300 itens...
2025-01-13 20:59:20,372 - INFO - 
        Migração concluída em 0:00:00.892004:
        - Total de itens migrados: 396
        - Total de erros: 0
        
2025-01-13 20:59:20,372 - WARNING - 
Produtos não encontrados:
2025-01-13 20:59:20,372 - WARNING - - Produto 6291
2025-01-13 21:03:51,909 - INFO - Iniciando migração de itens de NFE às 2025-01-13 21:03:51.909462
2025-01-13 21:03:51,909 - INFO - Estabelecendo conexões com os bancos de dados...
2025-01-13 21:03:52,296 - INFO - Iniciando limpeza das tabelas...
2025-01-13 21:03:52,305 - INFO - Limpando tabela itens_nf_entrada...
2025-01-13 21:03:52,313 - INFO - Tabela itens_nf_entrada limpa com sucesso
2025-01-13 21:03:52,328 - INFO - Limpeza de tabelas concluída com sucesso
2025-01-13 21:03:52,345 - INFO - Consultando dados do Access...
2025-01-13 21:03:52,380 - INFO - Iniciando migração dos itens...
2025-01-13 21:03:52,477 - INFO - Migrados 100 itens...
2025-01-13 21:03:52,548 - INFO - Migrados 200 itens...
2025-01-13 21:03:52,616 - INFO - Migrados 300 itens...
2025-01-13 21:03:52,684 - INFO - 
        Migração concluída em 0:00:00.774778:
        - Total de itens migrados: 396
        - Total de erros: 0
        
2025-01-13 21:03:52,685 - WARNING - 
Produtos não encontrados:
2025-01-13 21:03:52,685 - WARNING - - Produto 6291
2025-01-13 21:07:58,725 - INFO - Iniciando migração de itens de NFE às 2025-01-13 21:07:58.725538
2025-01-13 21:07:58,725 - INFO - Estabelecendo conexões com os bancos de dados...
2025-01-13 21:07:59,216 - INFO - Iniciando limpeza das tabelas...
2025-01-13 21:07:59,225 - INFO - Limpando tabela itens_nf_entrada...
2025-01-13 21:07:59,235 - INFO - Tabela itens_nf_entrada limpa com sucesso
2025-01-13 21:07:59,250 - INFO - Limpeza de tabelas concluída com sucesso
2025-01-13 21:07:59,265 - INFO - Consultando dados do Access...
2025-01-13 21:07:59,284 - INFO - Iniciando migração dos itens...
2025-01-13 21:07:59,390 - INFO - Migrados 100 itens...
2025-01-13 21:07:59,469 - INFO - Migrados 200 itens...
2025-01-13 21:07:59,547 - INFO - Migrados 300 itens...
2025-01-13 21:07:59,624 - INFO - 
        Migração concluída em 0:00:00.899392:
        - Total de itens migrados: 396
        - Total de erros: 0
        
2025-01-13 21:07:59,624 - WARNING - 
Produtos não encontrados:
2025-01-13 21:07:59,624 - WARNING - - Produto 6291
2025-08-30 08:12:42,233 - INFO - Iniciando migração de itens de NFE às 2025-08-30 08:12:42.233872
2025-08-30 08:12:42,249 - INFO - Estabelecendo conexões com os bancos de dados...
2025-08-30 08:12:42,667 - INFO - Iniciando limpeza das tabelas...
2025-08-30 08:12:42,674 - ERROR - Erro durante processo de limpeza: ERRO:  permissão negada ao definir parâmetro "session_replication_role"

2025-08-30 08:12:42,674 - ERROR - Erro durante a migração: ERRO:  permissão negada ao definir parâmetro "session_replication_role"

2025-08-30 08:36:08,825 - INFO - Iniciando migração de itens de NFE às 2025-08-30 08:36:08.825288
2025-08-30 08:36:08,866 - INFO - Estabelecendo conexões com os bancos de dados...
2025-08-30 08:36:09,227 - INFO - Iniciando limpeza das tabelas...
2025-08-30 08:36:09,229 - ERROR - Erro durante processo de limpeza: ERRO:  permissão negada ao definir parâmetro "session_replication_role"

2025-08-30 08:36:09,230 - ERROR - Erro durante a migração: ERRO:  permissão negada ao definir parâmetro "session_replication_role"

2025-08-30 08:43:15,860 - INFO - Iniciando migração de itens de NFE às 2025-08-30 08:43:15.860468
2025-08-30 08:43:15,860 - INFO - Estabelecendo conexões com os bancos de dados...
2025-08-30 08:43:16,260 - INFO - Iniciando limpeza das tabelas...
2025-08-30 08:43:16,280 - INFO - Limpando tabela itens_nf_entrada...
2025-08-30 08:43:16,282 - INFO - Tabela itens_nf_entrada limpa com sucesso
2025-08-30 08:43:16,294 - INFO - Limpeza de tabelas concluída com sucesso
2025-08-30 08:43:16,310 - INFO - Consultando dados do Access...
2025-08-30 08:43:16,353 - INFO - Iniciando migração dos itens...
2025-08-30 08:43:16,493 - INFO - Migrados 100 itens...
2025-08-30 08:43:16,627 - INFO - Migrados 200 itens...
2025-08-30 08:43:16,727 - INFO - Migrados 300 itens...
2025-08-30 08:43:16,810 - INFO - 
        Migração concluída em 0:00:00.950217:
        - Total de itens migrados: 396
        - Total de erros: 0
        
2025-08-30 08:43:16,810 - WARNING - 
Produtos não encontrados:
2025-08-30 08:43:16,810 - WARNING - - Produto 6291
2025-08-30 08:47:59,756 - INFO - Iniciando migração de itens de NFE às 2025-08-30 08:47:59.756928
2025-08-30 08:47:59,756 - INFO - Estabelecendo conexões com os bancos de dados...
2025-08-30 08:48:00,141 - INFO - Iniciando limpeza das tabelas...
2025-08-30 08:48:00,141 - INFO - Limpando tabela itens_nf_entrada...
2025-08-30 08:48:00,157 - INFO - Tabela itens_nf_entrada limpa com sucesso
2025-08-30 08:48:00,157 - INFO - Limpeza de tabelas concluída com sucesso
2025-08-30 08:48:00,174 - INFO - Consultando dados do Access...
2025-08-30 08:48:00,191 - INFO - Iniciando migração dos itens...
2025-08-30 08:48:00,305 - INFO - Migrados 100 itens...
2025-08-30 08:48:00,374 - INFO - Migrados 200 itens...
2025-08-30 08:48:00,491 - INFO - Migrados 300 itens...
2025-08-30 08:48:00,591 - INFO - 
        Migração concluída em 0:00:00.834725:
        - Total de itens migrados: 396
        - Total de erros: 0
        
2025-08-30 08:48:00,591 - WARNING - 
Produtos não encontrados:
2025-08-30 08:48:00,591 - WARNING - - Produto 6291
2025-08-31 07:09:16,862 - INFO - Iniciando migração de itens de NFE às 2025-08-31 07:09:16.862639
2025-08-31 07:09:16,873 - INFO - Estabelecendo conexões com os bancos de dados...
2025-08-31 07:09:17,313 - INFO - Iniciando limpeza das tabelas...
2025-08-31 07:09:17,325 - INFO - Limpando tabela itens_nf_entrada...
2025-08-31 07:09:17,325 - INFO - Tabela itens_nf_entrada limpa com sucesso
2025-08-31 07:09:17,341 - INFO - Limpeza de tabelas concluída com sucesso
2025-08-31 07:09:17,358 - INFO - Consultando dados do Access...
2025-08-31 07:09:17,389 - INFO - Iniciando migração dos itens...
2025-08-31 07:09:17,507 - INFO - Migrados 100 itens...
2025-08-31 07:09:17,592 - INFO - Migrados 200 itens...
2025-08-31 07:09:17,687 - INFO - Migrados 300 itens...
2025-08-31 07:09:17,811 - INFO - Migrados 400 itens...
2025-08-31 07:09:17,899 - INFO - Migrados 500 itens...
2025-08-31 07:09:17,991 - INFO - Migrados 600 itens...
2025-08-31 07:09:18,040 - INFO - 
        Migração concluída em 0:00:01.178215:
        - Total de itens migrados: 658
        - Total de erros: 0
        
2025-08-31 07:09:18,040 - WARNING - 
Produtos não encontrados:
2025-08-31 07:09:18,040 - WARNING - - Produto 6291
2025-08-31 08:25:16,995 - INFO - Iniciando migração de itens de NFE às 2025-08-31 08:25:16.995882
2025-08-31 08:25:16,995 - INFO - Estabelecendo conexões com os bancos de dados...
2025-08-31 08:25:17,537 - INFO - Iniciando limpeza das tabelas...
2025-08-31 08:25:17,545 - INFO - Limpando tabela itens_nf_entrada...
2025-08-31 08:25:17,563 - INFO - Tabela itens_nf_entrada limpa com sucesso
2025-08-31 08:25:17,579 - INFO - Limpeza de tabelas concluída com sucesso
2025-08-31 08:25:17,609 - INFO - Consultando dados do Access...
2025-08-31 08:25:17,641 - INFO - Iniciando migração dos itens...
2025-08-31 08:25:17,787 - INFO - Migrados 100 itens...
2025-08-31 08:25:17,886 - INFO - Migrados 200 itens...
2025-08-31 08:25:17,968 - INFO - Migrados 300 itens...
2025-08-31 08:25:18,077 - INFO - Migrados 400 itens...
2025-08-31 08:25:18,187 - INFO - Migrados 500 itens...
2025-08-31 08:25:18,298 - INFO - Migrados 600 itens...
2025-08-31 08:25:18,398 - INFO - 
        Migração concluída em 0:00:01.402475:
        - Total de itens migrados: 658
        - Total de erros: 0
        
2025-08-31 08:25:18,398 - WARNING - 
Produtos não encontrados:
2025-08-31 08:25:18,398 - WARNING - - Produto 6291
2025-08-31 08:34:47,428 - INFO - Iniciando migração de itens de NFE às 2025-08-31 08:34:47.428444
2025-08-31 08:34:47,428 - INFO - Estabelecendo conexões com os bancos de dados...
2025-08-31 08:34:47,897 - INFO - Iniciando limpeza das tabelas...
2025-08-31 08:34:47,897 - INFO - Limpando tabela itens_nf_entrada...
2025-08-31 08:34:47,912 - INFO - Tabela itens_nf_entrada limpa com sucesso
2025-08-31 08:34:47,912 - INFO - Limpeza de tabelas concluída com sucesso
2025-08-31 08:34:47,928 - INFO - Consultando dados do Access...
2025-08-31 08:34:47,961 - INFO - Iniciando migração dos itens...
2025-08-31 08:34:48,079 - INFO - Migrados 100 itens...
2025-08-31 08:34:48,161 - INFO - Migrados 200 itens...
2025-08-31 08:34:48,244 - INFO - Migrados 300 itens...
2025-08-31 08:34:48,332 - INFO - Migrados 400 itens...
2025-08-31 08:34:48,414 - INFO - Migrados 500 itens...
2025-08-31 08:34:48,530 - INFO - Migrados 600 itens...
2025-08-31 08:34:48,616 - INFO - 
        Migração concluída em 0:00:01.187920:
        - Total de itens migrados: 658
        - Total de erros: 0
        
2025-08-31 08:34:48,616 - WARNING - 
Produtos não encontrados:
2025-08-31 08:34:48,616 - WARNING - - Produto 6291
2025-09-01 00:51:30,623 - INFO - Iniciando migração de itens de NFE às 2025-09-01 00:51:30.622889
2025-09-01 00:51:30,623 - INFO - Estabelecendo conexões com os bancos de dados...
2025-09-01 00:51:31,101 - INFO - Iniciando limpeza das tabelas...
2025-09-01 00:51:31,116 - INFO - Limpando tabela itens_nf_entrada...
2025-09-01 00:51:31,116 - INFO - Tabela itens_nf_entrada limpa com sucesso
2025-09-01 00:51:31,133 - INFO - Limpeza de tabelas concluída com sucesso
2025-09-01 00:51:31,150 - INFO - Consultando dados do Access...
2025-09-01 00:51:31,184 - INFO - Iniciando migração dos itens...
2025-09-01 00:51:31,349 - INFO - Migrados 100 itens...
2025-09-01 00:51:31,517 - INFO - Migrados 200 itens...
2025-09-01 00:51:31,659 - INFO - Migrados 300 itens...
2025-09-01 00:51:31,750 - INFO - Migrados 400 itens...
2025-09-01 00:51:31,859 - INFO - Migrados 500 itens...
2025-09-01 00:51:31,933 - INFO - Migrados 600 itens...
2025-09-01 00:51:31,995 - INFO - 
        Migração concluída em 0:00:01.371633:
        - Total de itens migrados: 658
        - Total de erros: 0
        
2025-09-01 00:51:31,995 - WARNING - 
Produtos não encontrados:
2025-09-01 00:51:31,995 - WARNING - - Produto 6291
2025-09-02 03:47:25,848 - INFO - Iniciando migração de itens de NFE às 2025-09-02 03:47:25.848898
2025-09-02 03:47:25,849 - INFO - Estabelecendo conexões com os bancos de dados...
2025-09-02 03:47:26,285 - INFO - Iniciando limpeza das tabelas...
2025-09-02 03:47:26,297 - INFO - Limpando tabela itens_nf_entrada...
2025-09-02 03:47:26,310 - INFO - Tabela itens_nf_entrada limpa com sucesso
2025-09-02 03:47:26,325 - INFO - Limpeza de tabelas concluída com sucesso
2025-09-02 03:47:26,351 - INFO - Consultando dados do Access...
2025-09-02 03:47:26,381 - INFO - Iniciando migração dos itens...
2025-09-02 03:47:26,568 - INFO - Migrados 100 itens...
2025-09-02 03:47:26,665 - INFO - Migrados 200 itens...
2025-09-02 03:47:26,755 - INFO - Migrados 300 itens...
2025-09-02 03:47:26,863 - INFO - Migrados 400 itens...
2025-09-02 03:47:26,976 - INFO - Migrados 500 itens...
2025-09-02 03:47:27,088 - INFO - Migrados 600 itens...
2025-09-02 03:47:27,149 - INFO - 
        Migração concluída em 0:00:01.300976:
        - Total de itens migrados: 658
        - Total de erros: 0
        
2025-09-02 03:47:27,150 - WARNING - 
Produtos não encontrados:
2025-09-02 03:47:27,150 - WARNING - - Produto 6291
