2025-01-10 15:59:45,456 - INFO - Iniciando migração de produtos às 2025-01-10 15:59:45.456925
2025-01-10 15:59:45,456 - INFO - Estabelecendo conexões com os bancos de dados...
2025-01-10 15:59:45,892 - INFO - Iniciando limpeza das tabelas...
2025-01-10 15:59:45,901 - INFO - Limpando tabela itens_nf_entrada...
2025-01-10 15:59:45,910 - INFO - Tabela itens_nf_entrada limpa com sucesso
2025-01-10 15:59:45,912 - INFO - Limpando tabela itens_nf_saida...
2025-01-10 15:59:45,923 - INFO - Tabela itens_nf_saida limpa com sucesso
2025-01-10 15:59:45,924 - INFO - Limpando tabela itens_contrato_locacao...
2025-01-10 15:59:45,929 - INFO - Tabela itens_contrato_locacao limpa com sucesso
2025-01-10 15:59:45,930 - INFO - Limpando tabela movimentacoes_estoque...
2025-01-10 15:59:45,944 - INFO - Tabela movimentacoes_estoque limpa com sucesso
2025-01-10 15:59:45,945 - INFO - Limpando tabela saldos_estoque...
2025-01-10 15:59:45,951 - INFO - Tabela saldos_estoque limpa com sucesso
2025-01-10 15:59:45,953 - INFO - Limpando tabela produtos...
2025-01-10 15:59:46,035 - INFO - Tabela produtos limpa com sucesso
2025-01-10 15:59:46,093 - INFO - Limpeza de tabelas concluída com sucesso
2025-01-10 15:59:46,102 - INFO - Estrutura da tabela produtos verificada/criada com sucesso
2025-01-10 15:59:46,105 - INFO - Consultando dados do Access...
2025-01-10 15:59:46,130 - INFO - Iniciando migração dos registros...
2025-01-10 15:59:46,382 - INFO - Migrados 100 produtos...
2025-01-10 15:59:46,448 - INFO - Migrados 200 produtos...
2025-01-10 15:59:46,529 - INFO - Migrados 300 produtos...
2025-01-10 15:59:46,591 - INFO - Migrados 400 produtos...
2025-01-10 15:59:46,665 - INFO - Migrados 500 produtos...
2025-01-10 15:59:46,739 - INFO - Migrados 600 produtos...
2025-01-10 15:59:46,821 - INFO - Migrados 700 produtos...
2025-01-10 15:59:46,896 - INFO - Migrados 800 produtos...
2025-01-10 15:59:46,963 - INFO - Migrados 900 produtos...
2025-01-10 15:59:47,034 - INFO - Migrados 1000 produtos...
2025-01-10 15:59:47,112 - INFO - Migrados 1100 produtos...
2025-01-10 15:59:47,225 - INFO - Migrados 1200 produtos...
2025-01-10 15:59:47,337 - INFO - Migrados 1300 produtos...
2025-01-10 15:59:47,460 - INFO - Migrados 1400 produtos...
2025-01-10 15:59:47,562 - INFO - Migrados 1500 produtos...
2025-01-10 15:59:47,637 - INFO - Migrados 1600 produtos...
2025-01-10 15:59:47,703 - INFO - Migrados 1700 produtos...
2025-01-10 15:59:47,769 - INFO - Migrados 1800 produtos...
2025-01-10 15:59:47,838 - INFO - Migrados 1900 produtos...
2025-01-10 15:59:47,902 - INFO - Migrados 2000 produtos...
2025-01-10 15:59:47,967 - INFO - Migrados 2100 produtos...
2025-01-10 15:59:48,032 - INFO - Migrados 2200 produtos...
2025-01-10 15:59:48,094 - INFO - Migrados 2300 produtos...
2025-01-10 15:59:48,161 - INFO - Migrados 2400 produtos...
2025-01-10 15:59:48,225 - INFO - Migrados 2500 produtos...
2025-01-10 15:59:48,315 - INFO - Migrados 2600 produtos...
2025-01-10 15:59:48,401 - INFO - Migrados 2700 produtos...
2025-01-10 15:59:48,478 - INFO - Migrados 2800 produtos...
2025-01-10 15:59:48,581 - INFO - Migrados 2900 produtos...
2025-01-10 15:59:48,667 - INFO - Migrados 3000 produtos...
2025-01-10 15:59:48,748 - INFO - Migrados 3100 produtos...
2025-01-10 15:59:48,843 - INFO - Migrados 3200 produtos...
2025-01-10 15:59:48,929 - INFO - Migrados 3300 produtos...
2025-01-10 15:59:49,013 - INFO - Migrados 3400 produtos...
2025-01-10 15:59:49,095 - INFO - Migrados 3500 produtos...
2025-01-10 15:59:49,169 - INFO - Migrados 3600 produtos...
2025-01-10 15:59:49,233 - INFO - Migrados 3700 produtos...
2025-01-10 15:59:49,311 - INFO - Migrados 3800 produtos...
2025-01-10 15:59:49,379 - INFO - Migrados 3900 produtos...
2025-01-10 15:59:49,451 - INFO - Migrados 4000 produtos...
2025-01-10 15:59:49,558 - INFO - Migrados 4100 produtos...
2025-01-10 15:59:49,650 - INFO - Migrados 4200 produtos...
2025-01-10 15:59:49,735 - INFO - Migrados 4300 produtos...
2025-01-10 15:59:49,827 - INFO - Migrados 4400 produtos...
2025-01-10 15:59:49,924 - INFO - Migrados 4500 produtos...
2025-01-10 15:59:50,010 - INFO - Migrados 4600 produtos...
2025-01-10 15:59:50,093 - INFO - Migrados 4700 produtos...
2025-01-10 15:59:50,177 - INFO - Migrados 4800 produtos...
2025-01-10 15:59:50,257 - INFO - Migrados 4900 produtos...
2025-01-10 15:59:50,340 - INFO - Migrados 5000 produtos...
2025-01-10 15:59:50,428 - INFO - Migrados 5100 produtos...
2025-01-10 15:59:50,447 - WARNING - Produto 5956 ignorado: nome vazio
2025-01-10 15:59:50,475 - WARNING - Produto 6011 ignorado: nome vazio
2025-01-10 15:59:50,510 - INFO - Migrados 5200 produtos...
2025-01-10 15:59:50,579 - WARNING - Produto 6184 ignorado: nome vazio
2025-01-10 15:59:50,596 - INFO - Migrados 5300 produtos...
2025-01-10 15:59:50,654 - WARNING - Produto 6290 ignorado: nome vazio
2025-01-10 15:59:50,655 - WARNING - Produto 6292 ignorado: nome vazio
2025-01-10 15:59:50,656 - WARNING - Produto 6295 ignorado: nome vazio
2025-01-10 15:59:50,659 - WARNING - Produto 6298 ignorado: nome vazio
2025-01-10 15:59:50,687 - INFO - Migrados 5400 produtos...
2025-01-10 15:59:50,712 - WARNING - Produto 6363 ignorado: nome vazio
2025-01-10 15:59:50,713 - WARNING - Produto 6366 ignorado: nome vazio
2025-01-10 15:59:50,717 - WARNING - Produto 6373 ignorado: nome vazio
2025-01-10 15:59:50,717 - WARNING - Produto 6374 ignorado: nome vazio
2025-01-10 15:59:50,727 - INFO - 
        Migração concluída em 0:00:05.270497:
        - Total de produtos migrados: 5437
        - Total de erros: 0
        
2025-01-10 15:59:50,727 - WARNING - Grupos não encontrados:
2025-01-10 15:59:50,727 - WARNING - - Grupo 99
2025-01-10 15:59:50,728 - WARNING - - Grupo 200
2025-01-10 15:59:50,728 - WARNING - - Grupo 201
2025-01-10 15:59:50,728 - WARNING - - Grupo 202
2025-01-10 15:59:50,728 - WARNING - - Grupo 203
2025-01-10 15:59:50,728 - WARNING - - Grupo 204
2025-01-10 15:59:50,728 - WARNING - - Grupo 400
2025-01-10 15:59:50,728 - WARNING - - Grupo 600
2025-01-10 15:59:50,728 - WARNING - - Grupo 701
2025-01-10 15:59:50,728 - WARNING - - Grupo 901
2025-01-10 15:59:50,728 - WARNING - - Grupo 999
2025-01-10 15:59:50,728 - WARNING - - Grupo 2000
2025-01-13 20:38:36,544 - INFO - Iniciando migração de produtos às 2025-01-13 20:38:36.544339
2025-01-13 20:38:36,544 - INFO - Estabelecendo conexões com os bancos de dados...
2025-01-13 20:38:37,088 - INFO - Iniciando limpeza das tabelas...
2025-01-13 20:38:37,098 - INFO - Limpando tabela itens_nf_entrada...
2025-01-13 20:38:37,109 - INFO - Tabela itens_nf_entrada limpa com sucesso
2025-01-13 20:38:37,111 - INFO - Limpando tabela itens_nf_saida...
2025-01-13 20:38:37,119 - INFO - Tabela itens_nf_saida limpa com sucesso
2025-01-13 20:38:37,121 - INFO - Limpando tabela itens_contrato_locacao...
2025-01-13 20:38:37,126 - INFO - Tabela itens_contrato_locacao limpa com sucesso
2025-01-13 20:38:37,128 - INFO - Limpando tabela movimentacoes_estoque...
2025-01-13 20:38:37,143 - INFO - Tabela movimentacoes_estoque limpa com sucesso
2025-01-13 20:38:37,145 - INFO - Limpando tabela saldos_estoque...
2025-01-13 20:38:37,151 - INFO - Tabela saldos_estoque limpa com sucesso
2025-01-13 20:38:37,154 - INFO - Limpando tabela produtos...
2025-01-13 20:38:37,240 - INFO - Tabela produtos limpa com sucesso
2025-01-13 20:38:37,305 - INFO - Limpeza de tabelas concluída com sucesso
2025-01-13 20:38:37,307 - INFO - Estrutura da tabela produtos verificada/criada com sucesso
2025-01-13 20:38:37,309 - INFO - Consultando dados do Access...
2025-01-13 20:38:37,336 - INFO - Iniciando migração dos registros...
2025-01-13 20:38:37,749 - INFO - Migrados 100 produtos...
2025-01-13 20:38:37,814 - INFO - Migrados 200 produtos...
2025-01-13 20:38:37,884 - INFO - Migrados 300 produtos...
2025-01-13 20:38:37,953 - INFO - Migrados 400 produtos...
2025-01-13 20:38:38,020 - INFO - Migrados 500 produtos...
2025-01-13 20:38:38,090 - INFO - Migrados 600 produtos...
2025-01-13 20:38:38,152 - INFO - Migrados 700 produtos...
2025-01-13 20:38:38,216 - INFO - Migrados 800 produtos...
2025-01-13 20:38:38,284 - INFO - Migrados 900 produtos...
2025-01-13 20:38:38,351 - INFO - Migrados 1000 produtos...
2025-01-13 20:38:38,414 - INFO - Migrados 1100 produtos...
2025-01-13 20:38:38,485 - INFO - Migrados 1200 produtos...
2025-01-13 20:38:38,555 - INFO - Migrados 1300 produtos...
2025-01-13 20:38:38,620 - INFO - Migrados 1400 produtos...
2025-01-13 20:38:38,686 - INFO - Migrados 1500 produtos...
2025-01-13 20:38:38,759 - INFO - Migrados 1600 produtos...
2025-01-13 20:38:38,823 - INFO - Migrados 1700 produtos...
2025-01-13 20:38:38,893 - INFO - Migrados 1800 produtos...
2025-01-13 20:38:38,958 - INFO - Migrados 1900 produtos...
2025-01-13 20:38:39,033 - INFO - Migrados 2000 produtos...
2025-01-13 20:38:39,105 - INFO - Migrados 2100 produtos...
2025-01-13 20:38:39,179 - INFO - Migrados 2200 produtos...
2025-01-13 20:38:39,247 - INFO - Migrados 2300 produtos...
2025-01-13 20:38:39,314 - INFO - Migrados 2400 produtos...
2025-01-13 20:38:39,383 - INFO - Migrados 2500 produtos...
2025-01-13 20:38:39,451 - INFO - Migrados 2600 produtos...
2025-01-13 20:38:39,515 - INFO - Migrados 2700 produtos...
2025-01-13 20:38:39,578 - INFO - Migrados 2800 produtos...
2025-01-13 20:38:39,643 - INFO - Migrados 2900 produtos...
2025-01-13 20:38:39,709 - INFO - Migrados 3000 produtos...
2025-01-13 20:38:39,773 - INFO - Migrados 3100 produtos...
2025-01-13 20:38:39,837 - INFO - Migrados 3200 produtos...
2025-01-13 20:38:39,934 - INFO - Migrados 3300 produtos...
2025-01-13 20:38:40,036 - INFO - Migrados 3400 produtos...
2025-01-13 20:38:40,149 - INFO - Migrados 3500 produtos...
2025-01-13 20:38:40,268 - INFO - Migrados 3600 produtos...
2025-01-13 20:38:40,372 - INFO - Migrados 3700 produtos...
2025-01-13 20:38:40,461 - INFO - Migrados 3800 produtos...
2025-01-13 20:38:40,551 - INFO - Migrados 3900 produtos...
2025-01-13 20:38:40,634 - INFO - Migrados 4000 produtos...
2025-01-13 20:38:40,718 - INFO - Migrados 4100 produtos...
2025-01-13 20:38:40,803 - INFO - Migrados 4200 produtos...
2025-01-13 20:38:40,883 - INFO - Migrados 4300 produtos...
2025-01-13 20:38:40,964 - INFO - Migrados 4400 produtos...
2025-01-13 20:38:41,045 - INFO - Migrados 4500 produtos...
2025-01-13 20:38:41,127 - INFO - Migrados 4600 produtos...
2025-01-13 20:38:41,212 - INFO - Migrados 4700 produtos...
2025-01-13 20:38:41,290 - INFO - Migrados 4800 produtos...
2025-01-13 20:38:41,361 - INFO - Migrados 4900 produtos...
2025-01-13 20:38:41,435 - INFO - Migrados 5000 produtos...
2025-01-13 20:38:41,512 - INFO - Migrados 5100 produtos...
2025-01-13 20:38:41,528 - WARNING - Produto 5956 ignorado: nome vazio
2025-01-13 20:38:41,553 - WARNING - Produto 6011 ignorado: nome vazio
2025-01-13 20:38:41,587 - INFO - Migrados 5200 produtos...
2025-01-13 20:38:41,646 - WARNING - Produto 6184 ignorado: nome vazio
2025-01-13 20:38:41,660 - INFO - Migrados 5300 produtos...
2025-01-13 20:38:41,709 - WARNING - Produto 6290 ignorado: nome vazio
2025-01-13 20:38:41,709 - WARNING - Produto 6292 ignorado: nome vazio
2025-01-13 20:38:41,711 - WARNING - Produto 6295 ignorado: nome vazio
2025-01-13 20:38:41,713 - WARNING - Produto 6298 ignorado: nome vazio
2025-01-13 20:38:41,738 - INFO - Migrados 5400 produtos...
2025-01-13 20:38:41,764 - WARNING - Produto 6363 ignorado: nome vazio
2025-01-13 20:38:41,766 - WARNING - Produto 6366 ignorado: nome vazio
2025-01-13 20:38:41,770 - WARNING - Produto 6373 ignorado: nome vazio
2025-01-13 20:38:41,770 - WARNING - Produto 6374 ignorado: nome vazio
2025-01-13 20:38:41,778 - INFO - 
        Migração concluída em 0:00:05.233816:
        - Total de produtos migrados: 5437
        - Total de erros: 0
        
2025-01-13 20:38:41,779 - WARNING - Grupos não encontrados:
2025-01-13 20:38:41,779 - WARNING - - Grupo 99
2025-01-13 20:38:41,779 - WARNING - - Grupo 200
2025-01-13 20:38:41,779 - WARNING - - Grupo 201
2025-01-13 20:38:41,779 - WARNING - - Grupo 202
2025-01-13 20:38:41,779 - WARNING - - Grupo 203
2025-01-13 20:38:41,779 - WARNING - - Grupo 204
2025-01-13 20:38:41,779 - WARNING - - Grupo 400
2025-01-13 20:38:41,779 - WARNING - - Grupo 600
2025-01-13 20:38:41,779 - WARNING - - Grupo 701
2025-01-13 20:38:41,780 - WARNING - - Grupo 901
2025-01-13 20:38:41,780 - WARNING - - Grupo 999
2025-01-13 20:38:41,780 - WARNING - - Grupo 2000
2025-01-13 20:51:50,403 - INFO - Iniciando migração de produtos às 2025-01-13 20:51:50.403571
2025-01-13 20:51:50,404 - INFO - Estabelecendo conexões com os bancos de dados...
2025-01-13 20:51:50,853 - INFO - Iniciando limpeza das tabelas...
2025-01-13 20:51:50,865 - INFO - Limpando tabela itens_nf_entrada...
2025-01-13 20:51:50,877 - INFO - Tabela itens_nf_entrada limpa com sucesso
2025-01-13 20:51:50,878 - INFO - Limpando tabela itens_nf_saida...
2025-01-13 20:51:50,888 - INFO - Tabela itens_nf_saida limpa com sucesso
2025-01-13 20:51:50,889 - INFO - Limpando tabela itens_contrato_locacao...
2025-01-13 20:51:50,896 - INFO - Tabela itens_contrato_locacao limpa com sucesso
2025-01-13 20:51:50,897 - INFO - Limpando tabela movimentacoes_estoque...
2025-01-13 20:51:50,913 - INFO - Tabela movimentacoes_estoque limpa com sucesso
2025-01-13 20:51:50,914 - INFO - Limpando tabela saldos_estoque...
2025-01-13 20:51:50,923 - INFO - Tabela saldos_estoque limpa com sucesso
2025-01-13 20:51:50,925 - INFO - Limpando tabela produtos...
2025-01-13 20:51:51,025 - INFO - Tabela produtos limpa com sucesso
2025-01-13 20:51:51,092 - INFO - Limpeza de tabelas concluída com sucesso
2025-01-13 20:51:51,094 - INFO - Estrutura da tabela produtos verificada/criada com sucesso
2025-01-13 20:51:51,097 - INFO - Consultando dados do Access...
2025-01-13 20:51:51,127 - INFO - Iniciando migração dos registros...
2025-01-13 20:51:51,585 - INFO - Migrados 100 produtos...
2025-01-13 20:51:51,661 - INFO - Migrados 200 produtos...
2025-01-13 20:51:51,729 - INFO - Migrados 300 produtos...
2025-01-13 20:51:51,801 - INFO - Migrados 400 produtos...
2025-01-13 20:51:51,868 - INFO - Migrados 500 produtos...
2025-01-13 20:51:51,935 - INFO - Migrados 600 produtos...
2025-01-13 20:51:52,003 - INFO - Migrados 700 produtos...
2025-01-13 20:51:52,070 - INFO - Migrados 800 produtos...
2025-01-13 20:51:52,135 - INFO - Migrados 900 produtos...
2025-01-13 20:51:52,211 - INFO - Migrados 1000 produtos...
2025-01-13 20:51:52,288 - INFO - Migrados 1100 produtos...
2025-01-13 20:51:52,398 - INFO - Migrados 1200 produtos...
2025-01-13 20:51:52,508 - INFO - Migrados 1300 produtos...
2025-01-13 20:51:52,635 - INFO - Migrados 1400 produtos...
2025-01-13 20:51:52,744 - INFO - Migrados 1500 produtos...
2025-01-13 20:51:52,824 - INFO - Migrados 1600 produtos...
2025-01-13 20:51:52,895 - INFO - Migrados 1700 produtos...
2025-01-13 20:51:52,964 - INFO - Migrados 1800 produtos...
2025-01-13 20:51:53,033 - INFO - Migrados 1900 produtos...
2025-01-13 20:51:53,109 - INFO - Migrados 2000 produtos...
2025-01-13 20:51:53,177 - INFO - Migrados 2100 produtos...
2025-01-13 20:51:53,244 - INFO - Migrados 2200 produtos...
2025-01-13 20:51:53,312 - INFO - Migrados 2300 produtos...
2025-01-13 20:51:53,386 - INFO - Migrados 2400 produtos...
2025-01-13 20:51:53,456 - INFO - Migrados 2500 produtos...
2025-01-13 20:51:53,525 - INFO - Migrados 2600 produtos...
2025-01-13 20:51:53,590 - INFO - Migrados 2700 produtos...
2025-01-13 20:51:53,665 - INFO - Migrados 2800 produtos...
2025-01-13 20:51:53,752 - INFO - Migrados 2900 produtos...
2025-01-13 20:51:53,821 - INFO - Migrados 3000 produtos...
2025-01-13 20:51:53,893 - INFO - Migrados 3100 produtos...
2025-01-13 20:51:53,963 - INFO - Migrados 3200 produtos...
2025-01-13 20:51:54,030 - INFO - Migrados 3300 produtos...
2025-01-13 20:51:54,101 - INFO - Migrados 3400 produtos...
2025-01-13 20:51:54,167 - INFO - Migrados 3500 produtos...
2025-01-13 20:51:54,236 - INFO - Migrados 3600 produtos...
2025-01-13 20:51:54,305 - INFO - Migrados 3700 produtos...
2025-01-13 20:51:54,378 - INFO - Migrados 3800 produtos...
2025-01-13 20:51:54,445 - INFO - Migrados 3900 produtos...
2025-01-13 20:51:54,512 - INFO - Migrados 4000 produtos...
2025-01-13 20:51:54,578 - INFO - Migrados 4100 produtos...
2025-01-13 20:51:54,646 - INFO - Migrados 4200 produtos...
2025-01-13 20:51:54,715 - INFO - Migrados 4300 produtos...
2025-01-13 20:51:54,782 - INFO - Migrados 4400 produtos...
2025-01-13 20:51:54,859 - INFO - Migrados 4500 produtos...
2025-01-13 20:51:54,927 - INFO - Migrados 4600 produtos...
2025-01-13 20:51:54,992 - INFO - Migrados 4700 produtos...
2025-01-13 20:51:55,062 - INFO - Migrados 4800 produtos...
2025-01-13 20:51:55,128 - INFO - Migrados 4900 produtos...
2025-01-13 20:51:55,192 - INFO - Migrados 5000 produtos...
2025-01-13 20:51:55,257 - INFO - Migrados 5100 produtos...
2025-01-13 20:51:55,274 - WARNING - Produto 5956 ignorado: nome vazio
2025-01-13 20:51:55,300 - WARNING - Produto 6011 ignorado: nome vazio
2025-01-13 20:51:55,330 - INFO - Migrados 5200 produtos...
2025-01-13 20:51:55,385 - WARNING - Produto 6184 ignorado: nome vazio
2025-01-13 20:51:55,398 - INFO - Migrados 5300 produtos...
2025-01-13 20:51:55,444 - WARNING - Produto 6290 ignorado: nome vazio
2025-01-13 20:51:55,445 - WARNING - Produto 6292 ignorado: nome vazio
2025-01-13 20:51:55,446 - WARNING - Produto 6295 ignorado: nome vazio
2025-01-13 20:51:55,448 - WARNING - Produto 6298 ignorado: nome vazio
2025-01-13 20:51:55,468 - INFO - Migrados 5400 produtos...
2025-01-13 20:51:55,486 - WARNING - Produto 6363 ignorado: nome vazio
2025-01-13 20:51:55,488 - WARNING - Produto 6366 ignorado: nome vazio
2025-01-13 20:51:55,491 - WARNING - Produto 6373 ignorado: nome vazio
2025-01-13 20:51:55,492 - WARNING - Produto 6374 ignorado: nome vazio
2025-01-13 20:51:55,499 - INFO - 
        Migração concluída em 0:00:05.095950:
        - Total de produtos migrados: 5437
        - Total de erros: 0
        
2025-01-13 20:51:55,499 - WARNING - Grupos não encontrados:
2025-01-13 20:51:55,500 - WARNING - - Grupo 99
2025-01-13 20:51:55,500 - WARNING - - Grupo 200
2025-01-13 20:51:55,500 - WARNING - - Grupo 201
2025-01-13 20:51:55,500 - WARNING - - Grupo 202
2025-01-13 20:51:55,500 - WARNING - - Grupo 203
2025-01-13 20:51:55,500 - WARNING - - Grupo 204
2025-01-13 20:51:55,500 - WARNING - - Grupo 400
2025-01-13 20:51:55,500 - WARNING - - Grupo 600
2025-01-13 20:51:55,500 - WARNING - - Grupo 701
2025-01-13 20:51:55,500 - WARNING - - Grupo 901
2025-01-13 20:51:55,500 - WARNING - - Grupo 999
2025-01-13 20:51:55,500 - WARNING - - Grupo 2000
2025-01-13 20:55:22,648 - INFO - Iniciando migração de produtos às 2025-01-13 20:55:22.648209
2025-01-13 20:55:22,649 - INFO - Estabelecendo conexões com os bancos de dados...
2025-01-13 20:55:23,161 - INFO - Iniciando limpeza das tabelas...
2025-01-13 20:55:23,170 - INFO - Limpando tabela itens_nf_entrada...
2025-01-13 20:55:23,180 - INFO - Tabela itens_nf_entrada limpa com sucesso
2025-01-13 20:55:23,181 - INFO - Limpando tabela itens_nf_saida...
2025-01-13 20:55:23,191 - INFO - Tabela itens_nf_saida limpa com sucesso
2025-01-13 20:55:23,192 - INFO - Limpando tabela itens_contrato_locacao...
2025-01-13 20:55:23,198 - INFO - Tabela itens_contrato_locacao limpa com sucesso
2025-01-13 20:55:23,200 - INFO - Limpando tabela movimentacoes_estoque...
2025-01-13 20:55:23,216 - INFO - Tabela movimentacoes_estoque limpa com sucesso
2025-01-13 20:55:23,217 - INFO - Limpando tabela saldos_estoque...
2025-01-13 20:55:23,224 - INFO - Tabela saldos_estoque limpa com sucesso
2025-01-13 20:55:23,226 - INFO - Limpando tabela produtos...
2025-01-13 20:55:23,312 - INFO - Tabela produtos limpa com sucesso
2025-01-13 20:55:23,376 - INFO - Limpeza de tabelas concluída com sucesso
2025-01-13 20:55:23,377 - INFO - Estrutura da tabela produtos verificada/criada com sucesso
2025-01-13 20:55:23,380 - INFO - Consultando dados do Access...
2025-01-13 20:55:23,404 - INFO - Iniciando migração dos registros...
2025-01-13 20:55:23,893 - INFO - Migrados 100 produtos...
2025-01-13 20:55:24,036 - INFO - Migrados 200 produtos...
2025-01-13 20:55:24,184 - INFO - Migrados 300 produtos...
2025-01-13 20:55:24,329 - INFO - Migrados 400 produtos...
2025-01-13 20:55:24,487 - INFO - Migrados 500 produtos...
2025-01-13 20:55:24,626 - INFO - Migrados 600 produtos...
2025-01-13 20:55:24,769 - INFO - Migrados 700 produtos...
2025-01-13 20:55:24,911 - INFO - Migrados 800 produtos...
2025-01-13 20:55:25,057 - INFO - Migrados 900 produtos...
2025-01-13 20:55:25,215 - INFO - Migrados 1000 produtos...
2025-01-13 20:55:25,311 - INFO - Migrados 1100 produtos...
2025-01-13 20:55:25,413 - INFO - Migrados 1200 produtos...
2025-01-13 20:55:25,500 - INFO - Migrados 1300 produtos...
2025-01-13 20:55:25,577 - INFO - Migrados 1400 produtos...
2025-01-13 20:55:25,639 - INFO - Migrados 1500 produtos...
2025-01-13 20:55:25,705 - INFO - Migrados 1600 produtos...
2025-01-13 20:55:25,773 - INFO - Migrados 1700 produtos...
2025-01-13 20:55:25,845 - INFO - Migrados 1800 produtos...
2025-01-13 20:55:25,923 - INFO - Migrados 1900 produtos...
2025-01-13 20:55:25,986 - INFO - Migrados 2000 produtos...
2025-01-13 20:55:26,047 - INFO - Migrados 2100 produtos...
2025-01-13 20:55:26,113 - INFO - Migrados 2200 produtos...
2025-01-13 20:55:26,181 - INFO - Migrados 2300 produtos...
2025-01-13 20:55:26,249 - INFO - Migrados 2400 produtos...
2025-01-13 20:55:26,318 - INFO - Migrados 2500 produtos...
2025-01-13 20:55:26,383 - INFO - Migrados 2600 produtos...
2025-01-13 20:55:26,451 - INFO - Migrados 2700 produtos...
2025-01-13 20:55:26,531 - INFO - Migrados 2800 produtos...
2025-01-13 20:55:26,603 - INFO - Migrados 2900 produtos...
2025-01-13 20:55:26,668 - INFO - Migrados 3000 produtos...
2025-01-13 20:55:26,731 - INFO - Migrados 3100 produtos...
2025-01-13 20:55:26,804 - INFO - Migrados 3200 produtos...
2025-01-13 20:55:26,873 - INFO - Migrados 3300 produtos...
2025-01-13 20:55:26,937 - INFO - Migrados 3400 produtos...
2025-01-13 20:55:27,000 - INFO - Migrados 3500 produtos...
2025-01-13 20:55:27,061 - INFO - Migrados 3600 produtos...
2025-01-13 20:55:27,131 - INFO - Migrados 3700 produtos...
2025-01-13 20:55:27,199 - INFO - Migrados 3800 produtos...
2025-01-13 20:55:27,268 - INFO - Migrados 3900 produtos...
2025-01-13 20:55:27,337 - INFO - Migrados 4000 produtos...
2025-01-13 20:55:27,406 - INFO - Migrados 4100 produtos...
2025-01-13 20:55:27,471 - INFO - Migrados 4200 produtos...
2025-01-13 20:55:27,537 - INFO - Migrados 4300 produtos...
2025-01-13 20:55:27,605 - INFO - Migrados 4400 produtos...
2025-01-13 20:55:27,678 - INFO - Migrados 4500 produtos...
2025-01-13 20:55:27,745 - INFO - Migrados 4600 produtos...
2025-01-13 20:55:27,812 - INFO - Migrados 4700 produtos...
2025-01-13 20:55:27,878 - INFO - Migrados 4800 produtos...
2025-01-13 20:55:27,949 - INFO - Migrados 4900 produtos...
2025-01-13 20:55:28,017 - INFO - Migrados 5000 produtos...
2025-01-13 20:55:28,086 - INFO - Migrados 5100 produtos...
2025-01-13 20:55:28,101 - WARNING - Produto 5956 ignorado: nome vazio
2025-01-13 20:55:28,127 - WARNING - Produto 6011 ignorado: nome vazio
2025-01-13 20:55:28,159 - INFO - Migrados 5200 produtos...
2025-01-13 20:55:28,209 - WARNING - Produto 6184 ignorado: nome vazio
2025-01-13 20:55:28,221 - INFO - Migrados 5300 produtos...
2025-01-13 20:55:28,262 - WARNING - Produto 6290 ignorado: nome vazio
2025-01-13 20:55:28,263 - WARNING - Produto 6292 ignorado: nome vazio
2025-01-13 20:55:28,264 - WARNING - Produto 6295 ignorado: nome vazio
2025-01-13 20:55:28,265 - WARNING - Produto 6298 ignorado: nome vazio
2025-01-13 20:55:28,283 - INFO - Migrados 5400 produtos...
2025-01-13 20:55:28,299 - WARNING - Produto 6363 ignorado: nome vazio
2025-01-13 20:55:28,302 - WARNING - Produto 6366 ignorado: nome vazio
2025-01-13 20:55:28,305 - WARNING - Produto 6373 ignorado: nome vazio
2025-01-13 20:55:28,305 - WARNING - Produto 6374 ignorado: nome vazio
2025-01-13 20:55:28,312 - INFO - 
        Migração concluída em 0:00:05.663988:
        - Total de produtos migrados: 5437
        - Total de erros: 0
        
2025-01-13 20:55:28,313 - WARNING - Grupos não encontrados:
2025-01-13 20:55:28,313 - WARNING - - Grupo 99
2025-01-13 20:55:28,313 - WARNING - - Grupo 200
2025-01-13 20:55:28,313 - WARNING - - Grupo 201
2025-01-13 20:55:28,313 - WARNING - - Grupo 202
2025-01-13 20:55:28,313 - WARNING - - Grupo 203
2025-01-13 20:55:28,313 - WARNING - - Grupo 204
2025-01-13 20:55:28,313 - WARNING - - Grupo 400
2025-01-13 20:55:28,313 - WARNING - - Grupo 600
2025-01-13 20:55:28,313 - WARNING - - Grupo 701
2025-01-13 20:55:28,313 - WARNING - - Grupo 901
2025-01-13 20:55:28,313 - WARNING - - Grupo 999
2025-01-13 20:55:28,313 - WARNING - - Grupo 2000
2025-01-13 20:59:10,802 - INFO - Iniciando migração de produtos às 2025-01-13 20:59:10.802091
2025-01-13 20:59:10,802 - INFO - Estabelecendo conexões com os bancos de dados...
2025-01-13 20:59:11,269 - INFO - Iniciando limpeza das tabelas...
2025-01-13 20:59:11,278 - INFO - Limpando tabela itens_nf_entrada...
2025-01-13 20:59:11,290 - INFO - Tabela itens_nf_entrada limpa com sucesso
2025-01-13 20:59:11,291 - INFO - Limpando tabela itens_nf_saida...
2025-01-13 20:59:11,304 - INFO - Tabela itens_nf_saida limpa com sucesso
2025-01-13 20:59:11,305 - INFO - Limpando tabela itens_contrato_locacao...
2025-01-13 20:59:11,311 - INFO - Tabela itens_contrato_locacao limpa com sucesso
2025-01-13 20:59:11,313 - INFO - Limpando tabela movimentacoes_estoque...
2025-01-13 20:59:11,328 - INFO - Tabela movimentacoes_estoque limpa com sucesso
2025-01-13 20:59:11,329 - INFO - Limpando tabela saldos_estoque...
2025-01-13 20:59:11,336 - INFO - Tabela saldos_estoque limpa com sucesso
2025-01-13 20:59:11,337 - INFO - Limpando tabela produtos...
2025-01-13 20:59:11,438 - INFO - Tabela produtos limpa com sucesso
2025-01-13 20:59:11,516 - INFO - Limpeza de tabelas concluída com sucesso
2025-01-13 20:59:11,518 - INFO - Estrutura da tabela produtos verificada/criada com sucesso
2025-01-13 20:59:11,520 - INFO - Consultando dados do Access...
2025-01-13 20:59:11,554 - INFO - Iniciando migração dos registros...
2025-01-13 20:59:11,825 - INFO - Migrados 100 produtos...
2025-01-13 20:59:11,890 - INFO - Migrados 200 produtos...
2025-01-13 20:59:11,957 - INFO - Migrados 300 produtos...
2025-01-13 20:59:12,019 - INFO - Migrados 400 produtos...
2025-01-13 20:59:12,085 - INFO - Migrados 500 produtos...
2025-01-13 20:59:12,156 - INFO - Migrados 600 produtos...
2025-01-13 20:59:12,224 - INFO - Migrados 700 produtos...
2025-01-13 20:59:12,292 - INFO - Migrados 800 produtos...
2025-01-13 20:59:12,399 - INFO - Migrados 900 produtos...
2025-01-13 20:59:12,502 - INFO - Migrados 1000 produtos...
2025-01-13 20:59:12,630 - INFO - Migrados 1100 produtos...
2025-01-13 20:59:12,759 - INFO - Migrados 1200 produtos...
2025-01-13 20:59:12,863 - INFO - Migrados 1300 produtos...
2025-01-13 20:59:12,950 - INFO - Migrados 1400 produtos...
2025-01-13 20:59:13,030 - INFO - Migrados 1500 produtos...
2025-01-13 20:59:13,114 - INFO - Migrados 1600 produtos...
2025-01-13 20:59:13,197 - INFO - Migrados 1700 produtos...
2025-01-13 20:59:13,286 - INFO - Migrados 1800 produtos...
2025-01-13 20:59:13,368 - INFO - Migrados 1900 produtos...
2025-01-13 20:59:13,448 - INFO - Migrados 2000 produtos...
2025-01-13 20:59:13,515 - INFO - Migrados 2100 produtos...
2025-01-13 20:59:13,589 - INFO - Migrados 2200 produtos...
2025-01-13 20:59:13,656 - INFO - Migrados 2300 produtos...
2025-01-13 20:59:13,730 - INFO - Migrados 2400 produtos...
2025-01-13 20:59:13,800 - INFO - Migrados 2500 produtos...
2025-01-13 20:59:13,889 - INFO - Migrados 2600 produtos...
2025-01-13 20:59:13,970 - INFO - Migrados 2700 produtos...
2025-01-13 20:59:14,057 - INFO - Migrados 2800 produtos...
2025-01-13 20:59:14,144 - INFO - Migrados 2900 produtos...
2025-01-13 20:59:14,230 - INFO - Migrados 3000 produtos...
2025-01-13 20:59:14,318 - INFO - Migrados 3100 produtos...
2025-01-13 20:59:14,407 - INFO - Migrados 3200 produtos...
2025-01-13 20:59:14,492 - INFO - Migrados 3300 produtos...
2025-01-13 20:59:14,570 - INFO - Migrados 3400 produtos...
2025-01-13 20:59:14,653 - INFO - Migrados 3500 produtos...
2025-01-13 20:59:14,740 - INFO - Migrados 3600 produtos...
2025-01-13 20:59:14,825 - INFO - Migrados 3700 produtos...
2025-01-13 20:59:14,905 - INFO - Migrados 3800 produtos...
2025-01-13 20:59:14,993 - INFO - Migrados 3900 produtos...
2025-01-13 20:59:15,076 - INFO - Migrados 4000 produtos...
2025-01-13 20:59:15,163 - INFO - Migrados 4100 produtos...
2025-01-13 20:59:15,244 - INFO - Migrados 4200 produtos...
2025-01-13 20:59:15,331 - INFO - Migrados 4300 produtos...
2025-01-13 20:59:15,426 - INFO - Migrados 4400 produtos...
2025-01-13 20:59:15,513 - INFO - Migrados 4500 produtos...
2025-01-13 20:59:15,597 - INFO - Migrados 4600 produtos...
2025-01-13 20:59:15,678 - INFO - Migrados 4700 produtos...
2025-01-13 20:59:15,766 - INFO - Migrados 4800 produtos...
2025-01-13 20:59:15,840 - INFO - Migrados 4900 produtos...
2025-01-13 20:59:15,921 - INFO - Migrados 5000 produtos...
2025-01-13 20:59:16,000 - INFO - Migrados 5100 produtos...
2025-01-13 20:59:16,015 - WARNING - Produto 5956 ignorado: nome vazio
2025-01-13 20:59:16,040 - WARNING - Produto 6011 ignorado: nome vazio
2025-01-13 20:59:16,071 - INFO - Migrados 5200 produtos...
2025-01-13 20:59:16,132 - WARNING - Produto 6184 ignorado: nome vazio
2025-01-13 20:59:16,144 - INFO - Migrados 5300 produtos...
2025-01-13 20:59:16,193 - WARNING - Produto 6290 ignorado: nome vazio
2025-01-13 20:59:16,193 - WARNING - Produto 6292 ignorado: nome vazio
2025-01-13 20:59:16,196 - WARNING - Produto 6295 ignorado: nome vazio
2025-01-13 20:59:16,198 - WARNING - Produto 6298 ignorado: nome vazio
2025-01-13 20:59:16,226 - INFO - Migrados 5400 produtos...
2025-01-13 20:59:16,253 - WARNING - Produto 6363 ignorado: nome vazio
2025-01-13 20:59:16,255 - WARNING - Produto 6366 ignorado: nome vazio
2025-01-13 20:59:16,259 - WARNING - Produto 6373 ignorado: nome vazio
2025-01-13 20:59:16,259 - WARNING - Produto 6374 ignorado: nome vazio
2025-01-13 20:59:16,269 - INFO - 
        Migração concluída em 0:00:05.467805:
        - Total de produtos migrados: 5437
        - Total de erros: 0
        
2025-01-13 20:59:16,269 - WARNING - Grupos não encontrados:
2025-01-13 20:59:16,269 - WARNING - - Grupo 99
2025-01-13 20:59:16,270 - WARNING - - Grupo 200
2025-01-13 20:59:16,270 - WARNING - - Grupo 201
2025-01-13 20:59:16,270 - WARNING - - Grupo 202
2025-01-13 20:59:16,270 - WARNING - - Grupo 203
2025-01-13 20:59:16,270 - WARNING - - Grupo 204
2025-01-13 20:59:16,270 - WARNING - - Grupo 400
2025-01-13 20:59:16,270 - WARNING - - Grupo 600
2025-01-13 20:59:16,270 - WARNING - - Grupo 701
2025-01-13 20:59:16,270 - WARNING - - Grupo 901
2025-01-13 20:59:16,270 - WARNING - - Grupo 999
2025-01-13 20:59:16,270 - WARNING - - Grupo 2000
2025-01-13 21:03:43,671 - INFO - Iniciando migração de produtos às 2025-01-13 21:03:43.671057
2025-01-13 21:03:43,672 - INFO - Estabelecendo conexões com os bancos de dados...
2025-01-13 21:03:44,110 - INFO - Iniciando limpeza das tabelas...
2025-01-13 21:03:44,119 - INFO - Limpando tabela itens_nf_entrada...
2025-01-13 21:03:44,129 - INFO - Tabela itens_nf_entrada limpa com sucesso
2025-01-13 21:03:44,131 - INFO - Limpando tabela itens_nf_saida...
2025-01-13 21:03:44,141 - INFO - Tabela itens_nf_saida limpa com sucesso
2025-01-13 21:03:44,143 - INFO - Limpando tabela itens_contrato_locacao...
2025-01-13 21:03:44,148 - INFO - Tabela itens_contrato_locacao limpa com sucesso
2025-01-13 21:03:44,149 - INFO - Limpando tabela movimentacoes_estoque...
2025-01-13 21:03:44,163 - INFO - Tabela movimentacoes_estoque limpa com sucesso
2025-01-13 21:03:44,165 - INFO - Limpando tabela saldos_estoque...
2025-01-13 21:03:44,171 - INFO - Tabela saldos_estoque limpa com sucesso
2025-01-13 21:03:44,172 - INFO - Limpando tabela produtos...
2025-01-13 21:03:44,258 - INFO - Tabela produtos limpa com sucesso
2025-01-13 21:03:44,312 - INFO - Limpeza de tabelas concluída com sucesso
2025-01-13 21:03:44,313 - INFO - Estrutura da tabela produtos verificada/criada com sucesso
2025-01-13 21:03:44,316 - INFO - Consultando dados do Access...
2025-01-13 21:03:44,348 - INFO - Iniciando migração dos registros...
2025-01-13 21:03:44,587 - INFO - Migrados 100 produtos...
2025-01-13 21:03:44,681 - INFO - Migrados 200 produtos...
2025-01-13 21:03:44,770 - INFO - Migrados 300 produtos...
2025-01-13 21:03:44,846 - INFO - Migrados 400 produtos...
2025-01-13 21:03:44,931 - INFO - Migrados 500 produtos...
2025-01-13 21:03:45,016 - INFO - Migrados 600 produtos...
2025-01-13 21:03:45,096 - INFO - Migrados 700 produtos...
2025-01-13 21:03:45,173 - INFO - Migrados 800 produtos...
2025-01-13 21:03:45,262 - INFO - Migrados 900 produtos...
2025-01-13 21:03:45,343 - INFO - Migrados 1000 produtos...
2025-01-13 21:03:45,424 - INFO - Migrados 1100 produtos...
2025-01-13 21:03:45,503 - INFO - Migrados 1200 produtos...
2025-01-13 21:03:45,581 - INFO - Migrados 1300 produtos...
2025-01-13 21:03:45,666 - INFO - Migrados 1400 produtos...
2025-01-13 21:03:45,740 - INFO - Migrados 1500 produtos...
2025-01-13 21:03:45,828 - INFO - Migrados 1600 produtos...
2025-01-13 21:03:45,921 - INFO - Migrados 1700 produtos...
2025-01-13 21:03:46,005 - INFO - Migrados 1800 produtos...
2025-01-13 21:03:46,090 - INFO - Migrados 1900 produtos...
2025-01-13 21:03:46,174 - INFO - Migrados 2000 produtos...
2025-01-13 21:03:46,253 - INFO - Migrados 2100 produtos...
2025-01-13 21:03:46,334 - INFO - Migrados 2200 produtos...
2025-01-13 21:03:46,421 - INFO - Migrados 2300 produtos...
2025-01-13 21:03:46,500 - INFO - Migrados 2400 produtos...
2025-01-13 21:03:46,577 - INFO - Migrados 2500 produtos...
2025-01-13 21:03:46,666 - INFO - Migrados 2600 produtos...
2025-01-13 21:03:46,754 - INFO - Migrados 2700 produtos...
2025-01-13 21:03:46,833 - INFO - Migrados 2800 produtos...
2025-01-13 21:03:46,921 - INFO - Migrados 2900 produtos...
2025-01-13 21:03:47,007 - INFO - Migrados 3000 produtos...
2025-01-13 21:03:47,091 - INFO - Migrados 3100 produtos...
2025-01-13 21:03:47,170 - INFO - Migrados 3200 produtos...
2025-01-13 21:03:47,262 - INFO - Migrados 3300 produtos...
2025-01-13 21:03:47,338 - INFO - Migrados 3400 produtos...
2025-01-13 21:03:47,417 - INFO - Migrados 3500 produtos...
2025-01-13 21:03:47,498 - INFO - Migrados 3600 produtos...
2025-01-13 21:03:47,578 - INFO - Migrados 3700 produtos...
2025-01-13 21:03:47,663 - INFO - Migrados 3800 produtos...
2025-01-13 21:03:47,759 - INFO - Migrados 3900 produtos...
2025-01-13 21:03:47,856 - INFO - Migrados 4000 produtos...
2025-01-13 21:03:47,940 - INFO - Migrados 4100 produtos...
2025-01-13 21:03:48,011 - INFO - Migrados 4200 produtos...
2025-01-13 21:03:48,083 - INFO - Migrados 4300 produtos...
2025-01-13 21:03:48,160 - INFO - Migrados 4400 produtos...
2025-01-13 21:03:48,235 - INFO - Migrados 4500 produtos...
2025-01-13 21:03:48,322 - INFO - Migrados 4600 produtos...
2025-01-13 21:03:48,408 - INFO - Migrados 4700 produtos...
2025-01-13 21:03:48,489 - INFO - Migrados 4800 produtos...
2025-01-13 21:03:48,569 - INFO - Migrados 4900 produtos...
2025-01-13 21:03:48,663 - INFO - Migrados 5000 produtos...
2025-01-13 21:03:48,742 - INFO - Migrados 5100 produtos...
2025-01-13 21:03:48,765 - WARNING - Produto 5956 ignorado: nome vazio
2025-01-13 21:03:48,797 - WARNING - Produto 6011 ignorado: nome vazio
2025-01-13 21:03:48,833 - INFO - Migrados 5200 produtos...
2025-01-13 21:03:48,898 - WARNING - Produto 6184 ignorado: nome vazio
2025-01-13 21:03:48,916 - INFO - Migrados 5300 produtos...
2025-01-13 21:03:48,966 - WARNING - Produto 6290 ignorado: nome vazio
2025-01-13 21:03:48,966 - WARNING - Produto 6292 ignorado: nome vazio
2025-01-13 21:03:48,969 - WARNING - Produto 6295 ignorado: nome vazio
2025-01-13 21:03:48,971 - WARNING - Produto 6298 ignorado: nome vazio
2025-01-13 21:03:48,994 - INFO - Migrados 5400 produtos...
2025-01-13 21:03:49,016 - WARNING - Produto 6363 ignorado: nome vazio
2025-01-13 21:03:49,018 - WARNING - Produto 6366 ignorado: nome vazio
2025-01-13 21:03:49,022 - WARNING - Produto 6373 ignorado: nome vazio
2025-01-13 21:03:49,022 - WARNING - Produto 6374 ignorado: nome vazio
2025-01-13 21:03:49,032 - INFO - 
        Migração concluída em 0:00:05.361570:
        - Total de produtos migrados: 5437
        - Total de erros: 0
        
2025-01-13 21:03:49,033 - WARNING - Grupos não encontrados:
2025-01-13 21:03:49,033 - WARNING - - Grupo 99
2025-01-13 21:03:49,033 - WARNING - - Grupo 200
2025-01-13 21:03:49,033 - WARNING - - Grupo 201
2025-01-13 21:03:49,033 - WARNING - - Grupo 202
2025-01-13 21:03:49,033 - WARNING - - Grupo 203
2025-01-13 21:03:49,033 - WARNING - - Grupo 204
2025-01-13 21:03:49,033 - WARNING - - Grupo 400
2025-01-13 21:03:49,033 - WARNING - - Grupo 600
2025-01-13 21:03:49,033 - WARNING - - Grupo 701
2025-01-13 21:03:49,034 - WARNING - - Grupo 901
2025-01-13 21:03:49,034 - WARNING - - Grupo 999
2025-01-13 21:03:49,034 - WARNING - - Grupo 2000
2025-01-13 21:07:51,039 - INFO - Iniciando migração de produtos às 2025-01-13 21:07:51.039987
2025-01-13 21:07:51,039 - INFO - Estabelecendo conexões com os bancos de dados...
2025-01-13 21:07:51,494 - INFO - Iniciando limpeza das tabelas...
2025-01-13 21:07:51,503 - INFO - Limpando tabela itens_nf_entrada...
2025-01-13 21:07:51,515 - INFO - Tabela itens_nf_entrada limpa com sucesso
2025-01-13 21:07:51,516 - INFO - Limpando tabela itens_nf_saida...
2025-01-13 21:07:51,526 - INFO - Tabela itens_nf_saida limpa com sucesso
2025-01-13 21:07:51,527 - INFO - Limpando tabela itens_contrato_locacao...
2025-01-13 21:07:51,533 - INFO - Tabela itens_contrato_locacao limpa com sucesso
2025-01-13 21:07:51,535 - INFO - Limpando tabela movimentacoes_estoque...
2025-01-13 21:07:51,547 - INFO - Tabela movimentacoes_estoque limpa com sucesso
2025-01-13 21:07:51,549 - INFO - Limpando tabela saldos_estoque...
2025-01-13 21:07:51,554 - INFO - Tabela saldos_estoque limpa com sucesso
2025-01-13 21:07:51,555 - INFO - Limpando tabela produtos...
2025-01-13 21:07:51,637 - INFO - Tabela produtos limpa com sucesso
2025-01-13 21:07:51,688 - INFO - Limpeza de tabelas concluída com sucesso
2025-01-13 21:07:51,690 - INFO - Estrutura da tabela produtos verificada/criada com sucesso
2025-01-13 21:07:51,691 - INFO - Consultando dados do Access...
2025-01-13 21:07:51,715 - INFO - Iniciando migração dos registros...
2025-01-13 21:07:51,963 - INFO - Migrados 100 produtos...
2025-01-13 21:07:52,029 - INFO - Migrados 200 produtos...
2025-01-13 21:07:52,098 - INFO - Migrados 300 produtos...
2025-01-13 21:07:52,158 - INFO - Migrados 400 produtos...
2025-01-13 21:07:52,227 - INFO - Migrados 500 produtos...
2025-01-13 21:07:52,292 - INFO - Migrados 600 produtos...
2025-01-13 21:07:52,361 - INFO - Migrados 700 produtos...
2025-01-13 21:07:52,444 - INFO - Migrados 800 produtos...
2025-01-13 21:07:52,532 - INFO - Migrados 900 produtos...
2025-01-13 21:07:52,622 - INFO - Migrados 1000 produtos...
2025-01-13 21:07:52,721 - INFO - Migrados 1100 produtos...
2025-01-13 21:07:52,804 - INFO - Migrados 1200 produtos...
2025-01-13 21:07:52,873 - INFO - Migrados 1300 produtos...
2025-01-13 21:07:52,944 - INFO - Migrados 1400 produtos...
2025-01-13 21:07:53,024 - INFO - Migrados 1500 produtos...
2025-01-13 21:07:53,094 - INFO - Migrados 1600 produtos...
2025-01-13 21:07:53,162 - INFO - Migrados 1700 produtos...
2025-01-13 21:07:53,227 - INFO - Migrados 1800 produtos...
2025-01-13 21:07:53,291 - INFO - Migrados 1900 produtos...
2025-01-13 21:07:53,352 - INFO - Migrados 2000 produtos...
2025-01-13 21:07:53,422 - INFO - Migrados 2100 produtos...
2025-01-13 21:07:53,497 - INFO - Migrados 2200 produtos...
2025-01-13 21:07:53,569 - INFO - Migrados 2300 produtos...
2025-01-13 21:07:53,643 - INFO - Migrados 2400 produtos...
2025-01-13 21:07:53,714 - INFO - Migrados 2500 produtos...
2025-01-13 21:07:53,782 - INFO - Migrados 2600 produtos...
2025-01-13 21:07:53,861 - INFO - Migrados 2700 produtos...
2025-01-13 21:07:53,946 - INFO - Migrados 2800 produtos...
2025-01-13 21:07:54,037 - INFO - Migrados 2900 produtos...
2025-01-13 21:07:54,127 - INFO - Migrados 3000 produtos...
2025-01-13 21:07:54,213 - INFO - Migrados 3100 produtos...
2025-01-13 21:07:54,281 - INFO - Migrados 3200 produtos...
2025-01-13 21:07:54,347 - INFO - Migrados 3300 produtos...
2025-01-13 21:07:54,412 - INFO - Migrados 3400 produtos...
2025-01-13 21:07:54,480 - INFO - Migrados 3500 produtos...
2025-01-13 21:07:54,545 - INFO - Migrados 3600 produtos...
2025-01-13 21:07:54,611 - INFO - Migrados 3700 produtos...
2025-01-13 21:07:54,688 - INFO - Migrados 3800 produtos...
2025-01-13 21:07:54,755 - INFO - Migrados 3900 produtos...
2025-01-13 21:07:54,824 - INFO - Migrados 4000 produtos...
2025-01-13 21:07:54,891 - INFO - Migrados 4100 produtos...
2025-01-13 21:07:54,960 - INFO - Migrados 4200 produtos...
2025-01-13 21:07:55,029 - INFO - Migrados 4300 produtos...
2025-01-13 21:07:55,097 - INFO - Migrados 4400 produtos...
2025-01-13 21:07:55,178 - INFO - Migrados 4500 produtos...
2025-01-13 21:07:55,241 - INFO - Migrados 4600 produtos...
2025-01-13 21:07:55,303 - INFO - Migrados 4700 produtos...
2025-01-13 21:07:55,366 - INFO - Migrados 4800 produtos...
2025-01-13 21:07:55,435 - INFO - Migrados 4900 produtos...
2025-01-13 21:07:55,507 - INFO - Migrados 5000 produtos...
2025-01-13 21:07:55,569 - INFO - Migrados 5100 produtos...
2025-01-13 21:07:55,582 - WARNING - Produto 5956 ignorado: nome vazio
2025-01-13 21:07:55,609 - WARNING - Produto 6011 ignorado: nome vazio
2025-01-13 21:07:55,640 - INFO - Migrados 5200 produtos...
2025-01-13 21:07:55,697 - WARNING - Produto 6184 ignorado: nome vazio
2025-01-13 21:07:55,709 - INFO - Migrados 5300 produtos...
2025-01-13 21:07:55,757 - WARNING - Produto 6290 ignorado: nome vazio
2025-01-13 21:07:55,757 - WARNING - Produto 6292 ignorado: nome vazio
2025-01-13 21:07:55,758 - WARNING - Produto 6295 ignorado: nome vazio
2025-01-13 21:07:55,760 - WARNING - Produto 6298 ignorado: nome vazio
2025-01-13 21:07:55,780 - INFO - Migrados 5400 produtos...
2025-01-13 21:07:55,796 - WARNING - Produto 6363 ignorado: nome vazio
2025-01-13 21:07:55,797 - WARNING - Produto 6366 ignorado: nome vazio
2025-01-13 21:07:55,800 - WARNING - Produto 6373 ignorado: nome vazio
2025-01-13 21:07:55,801 - WARNING - Produto 6374 ignorado: nome vazio
2025-01-13 21:07:55,809 - INFO - 
        Migração concluída em 0:00:04.769340:
        - Total de produtos migrados: 5437
        - Total de erros: 0
        
2025-01-13 21:07:55,810 - WARNING - Grupos não encontrados:
2025-01-13 21:07:55,810 - WARNING - - Grupo 99
2025-01-13 21:07:55,810 - WARNING - - Grupo 200
2025-01-13 21:07:55,810 - WARNING - - Grupo 201
2025-01-13 21:07:55,810 - WARNING - - Grupo 202
2025-01-13 21:07:55,810 - WARNING - - Grupo 203
2025-01-13 21:07:55,810 - WARNING - - Grupo 204
2025-01-13 21:07:55,810 - WARNING - - Grupo 400
2025-01-13 21:07:55,810 - WARNING - - Grupo 600
2025-01-13 21:07:55,810 - WARNING - - Grupo 701
2025-01-13 21:07:55,810 - WARNING - - Grupo 901
2025-01-13 21:07:55,811 - WARNING - - Grupo 999
2025-01-13 21:07:55,811 - WARNING - - Grupo 2000
2025-08-30 08:12:39,629 - INFO - Iniciando migração de produtos às 2025-08-30 08:12:39.629000
2025-08-30 08:12:39,629 - INFO - Estabelecendo conexões com os bancos de dados...
2025-08-30 08:12:40,000 - INFO - Iniciando limpeza das tabelas...
2025-08-30 08:12:40,003 - ERROR - Erro durante processo de limpeza: ERRO:  permissão negada ao definir parâmetro "session_replication_role"

2025-08-30 08:12:40,004 - ERROR - Erro durante a migração: ERRO:  permissão negada ao definir parâmetro "session_replication_role"

2025-08-30 08:36:05,863 - INFO - Iniciando migração de produtos às 2025-08-30 08:36:05.863587
2025-08-30 08:36:05,863 - INFO - Estabelecendo conexões com os bancos de dados...
2025-08-30 08:36:06,200 - INFO - Iniciando limpeza das tabelas...
2025-08-30 08:36:06,203 - ERROR - Erro durante processo de limpeza: ERRO:  permissão negada ao definir parâmetro "session_replication_role"

2025-08-30 08:36:06,203 - ERROR - Erro durante a migração: ERRO:  permissão negada ao definir parâmetro "session_replication_role"

2025-08-30 08:43:07,651 - INFO - Iniciando migração de produtos às 2025-08-30 08:43:07.651373
2025-08-30 08:43:07,651 - INFO - Estabelecendo conexões com os bancos de dados...
2025-08-30 08:43:08,249 - INFO - Iniciando limpeza das tabelas...
2025-08-30 08:43:08,261 - INFO - Limpando tabela itens_nf_entrada...
2025-08-30 08:43:08,272 - INFO - Tabela itens_nf_entrada limpa com sucesso
2025-08-30 08:43:08,274 - INFO - Limpando tabela itens_nf_saida...
2025-08-30 08:43:08,287 - INFO - Tabela itens_nf_saida limpa com sucesso
2025-08-30 08:43:08,289 - INFO - Limpando tabela itens_contrato_locacao...
2025-08-30 08:43:08,296 - INFO - Tabela itens_contrato_locacao limpa com sucesso
2025-08-30 08:43:08,298 - INFO - Limpando tabela movimentacoes_estoque...
2025-08-30 08:43:08,316 - INFO - Tabela movimentacoes_estoque limpa com sucesso
2025-08-30 08:43:08,317 - INFO - Limpando tabela saldos_estoque...
2025-08-30 08:43:08,325 - INFO - Tabela saldos_estoque limpa com sucesso
2025-08-30 08:43:08,327 - INFO - Limpando tabela produtos...
2025-08-30 08:43:08,450 - INFO - Tabela produtos limpa com sucesso
2025-08-30 08:43:08,541 - INFO - Limpeza de tabelas concluída com sucesso
2025-08-30 08:43:08,554 - INFO - Estrutura da tabela produtos verificada/criada com sucesso
2025-08-30 08:43:08,557 - INFO - Consultando dados do Access...
2025-08-30 08:43:08,596 - INFO - Iniciando migração dos registros...
2025-08-30 08:43:09,089 - INFO - Migrados 100 produtos...
2025-08-30 08:43:09,171 - INFO - Migrados 200 produtos...
2025-08-30 08:43:09,258 - INFO - Migrados 300 produtos...
2025-08-30 08:43:09,332 - INFO - Migrados 400 produtos...
2025-08-30 08:43:09,413 - INFO - Migrados 500 produtos...
2025-08-30 08:43:09,490 - INFO - Migrados 600 produtos...
2025-08-30 08:43:09,552 - INFO - Migrados 700 produtos...
2025-08-30 08:43:09,609 - INFO - Migrados 800 produtos...
2025-08-30 08:43:09,659 - INFO - Migrados 900 produtos...
2025-08-30 08:43:09,726 - INFO - Migrados 1000 produtos...
2025-08-30 08:43:09,860 - INFO - Migrados 1100 produtos...
2025-08-30 08:43:09,926 - INFO - Migrados 1200 produtos...
2025-08-30 08:43:09,993 - INFO - Migrados 1300 produtos...
2025-08-30 08:43:10,076 - INFO - Migrados 1400 produtos...
2025-08-30 08:43:10,143 - INFO - Migrados 1500 produtos...
2025-08-30 08:43:10,210 - INFO - Migrados 1600 produtos...
2025-08-30 08:43:10,277 - INFO - Migrados 1700 produtos...
2025-08-30 08:43:10,359 - INFO - Migrados 1800 produtos...
2025-08-30 08:43:10,426 - INFO - Migrados 1900 produtos...
2025-08-30 08:43:10,493 - INFO - Migrados 2000 produtos...
2025-08-30 08:43:10,558 - INFO - Migrados 2100 produtos...
2025-08-30 08:43:10,627 - INFO - Migrados 2200 produtos...
2025-08-30 08:43:10,693 - INFO - Migrados 2300 produtos...
2025-08-30 08:43:10,759 - INFO - Migrados 2400 produtos...
2025-08-30 08:43:10,893 - INFO - Migrados 2500 produtos...
2025-08-30 08:43:10,993 - INFO - Migrados 2600 produtos...
2025-08-30 08:43:11,060 - INFO - Migrados 2700 produtos...
2025-08-30 08:43:11,143 - INFO - Migrados 2800 produtos...
2025-08-30 08:43:11,210 - INFO - Migrados 2900 produtos...
2025-08-30 08:43:11,276 - INFO - Migrados 3000 produtos...
2025-08-30 08:43:11,360 - INFO - Migrados 3100 produtos...
2025-08-30 08:43:11,448 - INFO - Migrados 3200 produtos...
2025-08-30 08:43:11,509 - INFO - Migrados 3300 produtos...
2025-08-30 08:43:11,608 - INFO - Migrados 3400 produtos...
2025-08-30 08:43:11,686 - INFO - Migrados 3500 produtos...
2025-08-30 08:43:11,759 - INFO - Migrados 3600 produtos...
2025-08-30 08:43:11,832 - INFO - Migrados 3700 produtos...
2025-08-30 08:43:11,913 - INFO - Migrados 3800 produtos...
2025-08-30 08:43:11,984 - INFO - Migrados 3900 produtos...
2025-08-30 08:43:12,054 - INFO - Migrados 4000 produtos...
2025-08-30 08:43:12,123 - INFO - Migrados 4100 produtos...
2025-08-30 08:43:12,190 - INFO - Migrados 4200 produtos...
2025-08-30 08:43:12,260 - INFO - Migrados 4300 produtos...
2025-08-30 08:43:12,322 - INFO - Migrados 4400 produtos...
2025-08-30 08:43:12,390 - INFO - Migrados 4500 produtos...
2025-08-30 08:43:12,466 - INFO - Migrados 4600 produtos...
2025-08-30 08:43:12,535 - INFO - Migrados 4700 produtos...
2025-08-30 08:43:12,600 - INFO - Migrados 4800 produtos...
2025-08-30 08:43:12,670 - INFO - Migrados 4900 produtos...
2025-08-30 08:43:12,736 - INFO - Migrados 5000 produtos...
2025-08-30 08:43:12,802 - INFO - Migrados 5100 produtos...
2025-08-30 08:43:12,816 - WARNING - Produto 5956 ignorado: nome vazio
2025-08-30 08:43:12,840 - WARNING - Produto 6011 ignorado: nome vazio
2025-08-30 08:43:12,869 - INFO - Migrados 5200 produtos...
2025-08-30 08:43:12,929 - WARNING - Produto 6184 ignorado: nome vazio
2025-08-30 08:43:12,944 - INFO - Migrados 5300 produtos...
2025-08-30 08:43:12,990 - WARNING - Produto 6290 ignorado: nome vazio
2025-08-30 08:43:12,990 - WARNING - Produto 6292 ignorado: nome vazio
2025-08-30 08:43:12,991 - WARNING - Produto 6295 ignorado: nome vazio
2025-08-30 08:43:12,994 - WARNING - Produto 6298 ignorado: nome vazio
2025-08-30 08:43:13,014 - INFO - Migrados 5400 produtos...
2025-08-30 08:43:13,031 - WARNING - Produto 6363 ignorado: nome vazio
2025-08-30 08:43:13,032 - WARNING - Produto 6366 ignorado: nome vazio
2025-08-30 08:43:13,035 - WARNING - Produto 6373 ignorado: nome vazio
2025-08-30 08:43:13,035 - WARNING - Produto 6374 ignorado: nome vazio
2025-08-30 08:43:13,043 - INFO - 
        Migração concluída em 0:00:05.392069:
        - Total de produtos migrados: 5437
        - Total de erros: 0
        
2025-08-30 08:43:13,043 - WARNING - Grupos não encontrados:
2025-08-30 08:43:13,044 - WARNING - - Grupo 99
2025-08-30 08:43:13,044 - WARNING - - Grupo 200
2025-08-30 08:43:13,044 - WARNING - - Grupo 201
2025-08-30 08:43:13,044 - WARNING - - Grupo 202
2025-08-30 08:43:13,044 - WARNING - - Grupo 203
2025-08-30 08:43:13,044 - WARNING - - Grupo 204
2025-08-30 08:43:13,044 - WARNING - - Grupo 400
2025-08-30 08:43:13,044 - WARNING - - Grupo 600
2025-08-30 08:43:13,044 - WARNING - - Grupo 701
2025-08-30 08:43:13,044 - WARNING - - Grupo 901
2025-08-30 08:43:13,044 - WARNING - - Grupo 999
2025-08-30 08:43:13,044 - WARNING - - Grupo 2000
2025-08-30 08:47:52,157 - INFO - Iniciando migração de produtos às 2025-08-30 08:47:52.157292
2025-08-30 08:47:52,157 - INFO - Estabelecendo conexões com os bancos de dados...
2025-08-30 08:47:52,590 - INFO - Iniciando limpeza das tabelas...
2025-08-30 08:47:52,590 - INFO - Limpando tabela itens_nf_entrada...
2025-08-30 08:47:52,609 - INFO - Tabela itens_nf_entrada limpa com sucesso
2025-08-30 08:47:52,610 - INFO - Limpando tabela itens_nf_saida...
2025-08-30 08:47:52,618 - INFO - Tabela itens_nf_saida limpa com sucesso
2025-08-30 08:47:52,619 - INFO - Limpando tabela itens_contrato_locacao...
2025-08-30 08:47:52,624 - INFO - Tabela itens_contrato_locacao limpa com sucesso
2025-08-30 08:47:52,624 - INFO - Limpando tabela movimentacoes_estoque...
2025-08-30 08:47:52,624 - INFO - Tabela movimentacoes_estoque limpa com sucesso
2025-08-30 08:47:52,624 - INFO - Limpando tabela saldos_estoque...
2025-08-30 08:47:52,644 - INFO - Tabela saldos_estoque limpa com sucesso
2025-08-30 08:47:52,645 - INFO - Limpando tabela produtos...
2025-08-30 08:47:52,724 - INFO - Tabela produtos limpa com sucesso
2025-08-30 08:47:52,791 - INFO - Limpeza de tabelas concluída com sucesso
2025-08-30 08:47:52,791 - INFO - Estrutura da tabela produtos verificada/criada com sucesso
2025-08-30 08:47:52,791 - INFO - Consultando dados do Access...
2025-08-30 08:47:52,824 - INFO - Iniciando migração dos registros...
2025-08-30 08:47:53,136 - INFO - Migrados 100 produtos...
2025-08-30 08:47:53,190 - INFO - Migrados 200 produtos...
2025-08-30 08:47:53,257 - INFO - Migrados 300 produtos...
2025-08-30 08:47:53,330 - INFO - Migrados 400 produtos...
2025-08-30 08:47:53,393 - INFO - Migrados 500 produtos...
2025-08-30 08:47:53,462 - INFO - Migrados 600 produtos...
2025-08-30 08:47:53,524 - INFO - Migrados 700 produtos...
2025-08-30 08:47:53,593 - INFO - Migrados 800 produtos...
2025-08-30 08:47:53,665 - INFO - Migrados 900 produtos...
2025-08-30 08:47:53,732 - INFO - Migrados 1000 produtos...
2025-08-30 08:47:53,798 - INFO - Migrados 1100 produtos...
2025-08-30 08:47:53,862 - INFO - Migrados 1200 produtos...
2025-08-30 08:47:53,929 - INFO - Migrados 1300 produtos...
2025-08-30 08:47:53,996 - INFO - Migrados 1400 produtos...
2025-08-30 08:47:54,076 - INFO - Migrados 1500 produtos...
2025-08-30 08:47:54,166 - INFO - Migrados 1600 produtos...
2025-08-30 08:47:54,240 - INFO - Migrados 1700 produtos...
2025-08-30 08:47:54,311 - INFO - Migrados 1800 produtos...
2025-08-30 08:47:54,376 - INFO - Migrados 1900 produtos...
2025-08-30 08:47:54,443 - INFO - Migrados 2000 produtos...
2025-08-30 08:47:54,513 - INFO - Migrados 2100 produtos...
2025-08-30 08:47:54,609 - INFO - Migrados 2200 produtos...
2025-08-30 08:47:54,710 - INFO - Migrados 2300 produtos...
2025-08-30 08:47:54,796 - INFO - Migrados 2400 produtos...
2025-08-30 08:47:54,890 - INFO - Migrados 2500 produtos...
2025-08-30 08:47:54,953 - INFO - Migrados 2600 produtos...
2025-08-30 08:47:55,019 - INFO - Migrados 2700 produtos...
2025-08-30 08:47:55,088 - INFO - Migrados 2800 produtos...
2025-08-30 08:47:55,153 - INFO - Migrados 2900 produtos...
2025-08-30 08:47:55,225 - INFO - Migrados 3000 produtos...
2025-08-30 08:47:55,300 - INFO - Migrados 3100 produtos...
2025-08-30 08:47:55,420 - INFO - Migrados 3200 produtos...
2025-08-30 08:47:55,549 - INFO - Migrados 3300 produtos...
2025-08-30 08:47:55,624 - INFO - Migrados 3400 produtos...
2025-08-30 08:47:55,707 - INFO - Migrados 3500 produtos...
2025-08-30 08:47:55,790 - INFO - Migrados 3600 produtos...
2025-08-30 08:47:55,865 - INFO - Migrados 3700 produtos...
2025-08-30 08:47:55,940 - INFO - Migrados 3800 produtos...
2025-08-30 08:47:56,024 - INFO - Migrados 3900 produtos...
2025-08-30 08:47:56,107 - INFO - Migrados 4000 produtos...
2025-08-30 08:47:56,207 - INFO - Migrados 4100 produtos...
2025-08-30 08:47:56,294 - INFO - Migrados 4200 produtos...
2025-08-30 08:47:56,374 - INFO - Migrados 4300 produtos...
2025-08-30 08:47:56,457 - INFO - Migrados 4400 produtos...
2025-08-30 08:47:56,542 - INFO - Migrados 4500 produtos...
2025-08-30 08:47:56,625 - INFO - Migrados 4600 produtos...
2025-08-30 08:47:56,712 - INFO - Migrados 4700 produtos...
2025-08-30 08:47:56,807 - INFO - Migrados 4800 produtos...
2025-08-30 08:47:56,908 - INFO - Migrados 4900 produtos...
2025-08-30 08:47:56,968 - INFO - Migrados 5000 produtos...
2025-08-30 08:47:57,037 - INFO - Migrados 5100 produtos...
2025-08-30 08:47:57,050 - WARNING - Produto 5956 ignorado: nome vazio
2025-08-30 08:47:57,074 - WARNING - Produto 6011 ignorado: nome vazio
2025-08-30 08:47:57,100 - INFO - Migrados 5200 produtos...
2025-08-30 08:47:57,151 - WARNING - Produto 6184 ignorado: nome vazio
2025-08-30 08:47:57,161 - INFO - Migrados 5300 produtos...
2025-08-30 08:47:57,212 - WARNING - Produto 6290 ignorado: nome vazio
2025-08-30 08:47:57,212 - WARNING - Produto 6292 ignorado: nome vazio
2025-08-30 08:47:57,212 - WARNING - Produto 6295 ignorado: nome vazio
2025-08-30 08:47:57,212 - WARNING - Produto 6298 ignorado: nome vazio
2025-08-30 08:47:57,232 - INFO - Migrados 5400 produtos...
2025-08-30 08:47:57,242 - WARNING - Produto 6363 ignorado: nome vazio
2025-08-30 08:47:57,250 - WARNING - Produto 6366 ignorado: nome vazio
2025-08-30 08:47:57,252 - WARNING - Produto 6373 ignorado: nome vazio
2025-08-30 08:47:57,252 - WARNING - Produto 6374 ignorado: nome vazio
2025-08-30 08:47:57,260 - INFO - 
        Migração concluída em 0:00:05.103468:
        - Total de produtos migrados: 5437
        - Total de erros: 0
        
2025-08-30 08:47:57,260 - WARNING - Grupos não encontrados:
2025-08-30 08:47:57,260 - WARNING - - Grupo 99
2025-08-30 08:47:57,260 - WARNING - - Grupo 200
2025-08-30 08:47:57,260 - WARNING - - Grupo 201
2025-08-30 08:47:57,260 - WARNING - - Grupo 202
2025-08-30 08:47:57,260 - WARNING - - Grupo 203
2025-08-30 08:47:57,260 - WARNING - - Grupo 204
2025-08-30 08:47:57,260 - WARNING - - Grupo 400
2025-08-30 08:47:57,260 - WARNING - - Grupo 600
2025-08-30 08:47:57,260 - WARNING - - Grupo 701
2025-08-30 08:47:57,260 - WARNING - - Grupo 901
2025-08-30 08:47:57,260 - WARNING - - Grupo 999
2025-08-30 08:47:57,260 - WARNING - - Grupo 2000
2025-08-31 07:09:09,223 - INFO - Iniciando migração de produtos às 2025-08-31 07:09:09.223893
2025-08-31 07:09:09,223 - INFO - Estabelecendo conexões com os bancos de dados...
2025-08-31 07:09:09,590 - INFO - Iniciando limpeza das tabelas...
2025-08-31 07:09:09,607 - INFO - Limpando tabela itens_nf_entrada...
2025-08-31 07:09:09,623 - INFO - Tabela itens_nf_entrada limpa com sucesso
2025-08-31 07:09:09,623 - INFO - Limpando tabela itens_nf_saida...
2025-08-31 07:09:09,640 - INFO - Tabela itens_nf_saida limpa com sucesso
2025-08-31 07:09:09,640 - INFO - Limpando tabela itens_contrato_locacao...
2025-08-31 07:09:09,640 - INFO - Tabela itens_contrato_locacao limpa com sucesso
2025-08-31 07:09:09,640 - INFO - Limpando tabela movimentacoes_estoque...
2025-08-31 07:09:09,674 - INFO - Tabela movimentacoes_estoque limpa com sucesso
2025-08-31 07:09:09,674 - INFO - Limpando tabela saldos_estoque...
2025-08-31 07:09:09,674 - INFO - Tabela saldos_estoque limpa com sucesso
2025-08-31 07:09:09,674 - INFO - Limpando tabela produtos...
2025-08-31 07:09:09,824 - INFO - Tabela produtos limpa com sucesso
2025-08-31 07:09:09,873 - INFO - Limpeza de tabelas concluída com sucesso
2025-08-31 07:09:09,873 - INFO - Estrutura da tabela produtos verificada/criada com sucesso
2025-08-31 07:09:09,873 - INFO - Consultando dados do Access...
2025-08-31 07:09:09,923 - INFO - Iniciando migração dos registros...
2025-08-31 07:09:10,157 - INFO - Migrados 100 produtos...
2025-08-31 07:09:10,218 - INFO - Migrados 200 produtos...
2025-08-31 07:09:10,289 - INFO - Migrados 300 produtos...
2025-08-31 07:09:10,355 - INFO - Migrados 400 produtos...
2025-08-31 07:09:10,421 - INFO - Migrados 500 produtos...
2025-08-31 07:09:10,493 - INFO - Migrados 600 produtos...
2025-08-31 07:09:10,566 - INFO - Migrados 700 produtos...
2025-08-31 07:09:10,634 - INFO - Migrados 800 produtos...
2025-08-31 07:09:10,697 - INFO - Migrados 900 produtos...
2025-08-31 07:09:10,763 - INFO - Migrados 1000 produtos...
2025-08-31 07:09:10,828 - INFO - Migrados 1100 produtos...
2025-08-31 07:09:10,891 - INFO - Migrados 1200 produtos...
2025-08-31 07:09:10,953 - INFO - Migrados 1300 produtos...
2025-08-31 07:09:11,025 - INFO - Migrados 1400 produtos...
2025-08-31 07:09:11,088 - INFO - Migrados 1500 produtos...
2025-08-31 07:09:11,150 - INFO - Migrados 1600 produtos...
2025-08-31 07:09:11,212 - INFO - Migrados 1700 produtos...
2025-08-31 07:09:11,274 - INFO - Migrados 1800 produtos...
2025-08-31 07:09:11,340 - INFO - Migrados 1900 produtos...
2025-08-31 07:09:11,408 - INFO - Migrados 2000 produtos...
2025-08-31 07:09:11,500 - INFO - Migrados 2100 produtos...
2025-08-31 07:09:11,567 - INFO - Migrados 2200 produtos...
2025-08-31 07:09:11,630 - INFO - Migrados 2300 produtos...
2025-08-31 07:09:11,713 - INFO - Migrados 2400 produtos...
2025-08-31 07:09:11,813 - INFO - Migrados 2500 produtos...
2025-08-31 07:09:11,879 - INFO - Migrados 2600 produtos...
2025-08-31 07:09:11,942 - INFO - Migrados 2700 produtos...
2025-08-31 07:09:12,009 - INFO - Migrados 2800 produtos...
2025-08-31 07:09:12,078 - INFO - Migrados 2900 produtos...
2025-08-31 07:09:12,151 - INFO - Migrados 3000 produtos...
2025-08-31 07:09:12,244 - INFO - Migrados 3100 produtos...
2025-08-31 07:09:12,349 - INFO - Migrados 3200 produtos...
2025-08-31 07:09:12,449 - INFO - Migrados 3300 produtos...
2025-08-31 07:09:12,513 - INFO - Migrados 3400 produtos...
2025-08-31 07:09:12,589 - INFO - Migrados 3500 produtos...
2025-08-31 07:09:12,658 - INFO - Migrados 3600 produtos...
2025-08-31 07:09:12,727 - INFO - Migrados 3700 produtos...
2025-08-31 07:09:12,793 - INFO - Migrados 3800 produtos...
2025-08-31 07:09:12,860 - INFO - Migrados 3900 produtos...
2025-08-31 07:09:12,927 - INFO - Migrados 4000 produtos...
2025-08-31 07:09:13,000 - INFO - Migrados 4100 produtos...
2025-08-31 07:09:13,071 - INFO - Migrados 4200 produtos...
2025-08-31 07:09:13,141 - INFO - Migrados 4300 produtos...
2025-08-31 07:09:13,209 - INFO - Migrados 4400 produtos...
2025-08-31 07:09:13,320 - INFO - Migrados 4500 produtos...
2025-08-31 07:09:13,404 - INFO - Migrados 4600 produtos...
2025-08-31 07:09:13,544 - INFO - Migrados 4700 produtos...
2025-08-31 07:09:13,633 - INFO - Migrados 4800 produtos...
2025-08-31 07:09:13,708 - INFO - Migrados 4900 produtos...
2025-08-31 07:09:13,779 - INFO - Migrados 5000 produtos...
2025-08-31 07:09:13,854 - INFO - Migrados 5100 produtos...
2025-08-31 07:09:13,868 - WARNING - Produto 5956 ignorado: nome vazio
2025-08-31 07:09:13,892 - WARNING - Produto 6011 ignorado: nome vazio
2025-08-31 07:09:13,925 - INFO - Migrados 5200 produtos...
2025-08-31 07:09:13,980 - WARNING - Produto 6184 ignorado: nome vazio
2025-08-31 07:09:13,995 - INFO - Migrados 5300 produtos...
2025-08-31 07:09:14,042 - WARNING - Produto 6290 ignorado: nome vazio
2025-08-31 07:09:14,042 - WARNING - Produto 6292 ignorado: nome vazio
2025-08-31 07:09:14,043 - WARNING - Produto 6295 ignorado: nome vazio
2025-08-31 07:09:14,045 - WARNING - Produto 6298 ignorado: nome vazio
2025-08-31 07:09:14,067 - INFO - Migrados 5400 produtos...
2025-08-31 07:09:14,087 - WARNING - Produto 6363 ignorado: nome vazio
2025-08-31 07:09:14,089 - WARNING - Produto 6366 ignorado: nome vazio
2025-08-31 07:09:14,092 - WARNING - Produto 6373 ignorado: nome vazio
2025-08-31 07:09:14,092 - WARNING - Produto 6374 ignorado: nome vazio
2025-08-31 07:09:14,100 - WARNING - Produto 6385 ignorado: nome vazio
2025-08-31 07:09:14,103 - WARNING - Produto 6392 ignorado: nome vazio
2025-08-31 07:09:14,106 - WARNING - Produto 6399 ignorado: nome vazio
2025-08-31 07:09:14,107 - WARNING - Produto 6401 ignorado: nome vazio
2025-08-31 07:09:14,108 - WARNING - Produto 6403 ignorado: nome vazio
2025-08-31 07:09:14,113 - WARNING - Produto 6411 ignorado: nome vazio
2025-08-31 07:09:14,115 - WARNING - Produto 6414 ignorado: nome vazio
2025-08-31 07:09:14,120 - WARNING - Produto 6425 ignorado: nome vazio
2025-08-31 07:09:14,145 - INFO - 
        Migração concluída em 0:00:04.921899:
        - Total de produtos migrados: 5496
        - Total de erros: 0
        
2025-08-31 07:09:14,145 - WARNING - Grupos não encontrados:
2025-08-31 07:09:14,145 - WARNING - - Grupo 99
2025-08-31 07:09:14,145 - WARNING - - Grupo 200
2025-08-31 07:09:14,146 - WARNING - - Grupo 201
2025-08-31 07:09:14,146 - WARNING - - Grupo 202
2025-08-31 07:09:14,146 - WARNING - - Grupo 203
2025-08-31 07:09:14,146 - WARNING - - Grupo 204
2025-08-31 07:09:14,146 - WARNING - - Grupo 400
2025-08-31 07:09:14,146 - WARNING - - Grupo 600
2025-08-31 07:09:14,146 - WARNING - - Grupo 701
2025-08-31 07:09:14,146 - WARNING - - Grupo 901
2025-08-31 07:09:14,146 - WARNING - - Grupo 999
2025-08-31 07:09:14,146 - WARNING - - Grupo 2000
2025-08-31 08:25:06,981 - INFO - Iniciando migração de produtos às 2025-08-31 08:25:06.981093
2025-08-31 08:25:06,981 - INFO - Estabelecendo conexões com os bancos de dados...
2025-08-31 08:25:07,515 - INFO - Iniciando limpeza das tabelas...
2025-08-31 08:25:07,531 - INFO - Limpando tabela itens_nf_entrada...
2025-08-31 08:25:07,548 - INFO - Tabela itens_nf_entrada limpa com sucesso
2025-08-31 08:25:07,548 - INFO - Limpando tabela itens_nf_saida...
2025-08-31 08:25:07,565 - INFO - Tabela itens_nf_saida limpa com sucesso
2025-08-31 08:25:07,565 - INFO - Limpando tabela itens_contrato_locacao...
2025-08-31 08:25:07,580 - INFO - Tabela itens_contrato_locacao limpa com sucesso
2025-08-31 08:25:07,581 - INFO - Limpando tabela movimentacoes_estoque...
2025-08-31 08:25:07,600 - INFO - Tabela movimentacoes_estoque limpa com sucesso
2025-08-31 08:25:07,602 - INFO - Limpando tabela saldos_estoque...
2025-08-31 08:25:07,608 - INFO - Tabela saldos_estoque limpa com sucesso
2025-08-31 08:25:07,615 - INFO - Limpando tabela produtos...
2025-08-31 08:25:07,748 - INFO - Tabela produtos limpa com sucesso
2025-08-31 08:25:07,864 - INFO - Limpeza de tabelas concluída com sucesso
2025-08-31 08:25:07,864 - INFO - Estrutura da tabela produtos verificada/criada com sucesso
2025-08-31 08:25:07,874 - INFO - Consultando dados do Access...
2025-08-31 08:25:07,914 - INFO - Iniciando migração dos registros...
2025-08-31 08:25:08,601 - INFO - Migrados 100 produtos...
2025-08-31 08:25:08,793 - INFO - Migrados 200 produtos...
2025-08-31 08:25:08,941 - INFO - Migrados 300 produtos...
2025-08-31 08:25:09,120 - INFO - Migrados 400 produtos...
2025-08-31 08:25:09,253 - INFO - Migrados 500 produtos...
2025-08-31 08:25:09,386 - INFO - Migrados 600 produtos...
2025-08-31 08:25:09,529 - INFO - Migrados 700 produtos...
2025-08-31 08:25:09,648 - INFO - Migrados 800 produtos...
2025-08-31 08:25:09,771 - INFO - Migrados 900 produtos...
2025-08-31 08:25:10,011 - INFO - Migrados 1000 produtos...
2025-08-31 08:25:10,235 - INFO - Migrados 1100 produtos...
2025-08-31 08:25:10,396 - INFO - Migrados 1200 produtos...
2025-08-31 08:25:10,500 - INFO - Migrados 1300 produtos...
2025-08-31 08:25:10,619 - INFO - Migrados 1400 produtos...
2025-08-31 08:25:10,684 - INFO - Migrados 1500 produtos...
2025-08-31 08:25:10,753 - INFO - Migrados 1600 produtos...
2025-08-31 08:25:10,837 - INFO - Migrados 1700 produtos...
2025-08-31 08:25:10,920 - INFO - Migrados 1800 produtos...
2025-08-31 08:25:10,991 - INFO - Migrados 1900 produtos...
2025-08-31 08:25:11,068 - INFO - Migrados 2000 produtos...
2025-08-31 08:25:11,170 - INFO - Migrados 2100 produtos...
2025-08-31 08:25:11,240 - INFO - Migrados 2200 produtos...
2025-08-31 08:25:11,317 - INFO - Migrados 2300 produtos...
2025-08-31 08:25:11,393 - INFO - Migrados 2400 produtos...
2025-08-31 08:25:11,465 - INFO - Migrados 2500 produtos...
2025-08-31 08:25:11,527 - INFO - Migrados 2600 produtos...
2025-08-31 08:25:11,597 - INFO - Migrados 2700 produtos...
2025-08-31 08:25:11,682 - INFO - Migrados 2800 produtos...
2025-08-31 08:25:11,815 - INFO - Migrados 2900 produtos...
2025-08-31 08:25:11,935 - INFO - Migrados 3000 produtos...
2025-08-31 08:25:12,033 - INFO - Migrados 3100 produtos...
2025-08-31 08:25:12,114 - INFO - Migrados 3200 produtos...
2025-08-31 08:25:12,200 - INFO - Migrados 3300 produtos...
2025-08-31 08:25:12,285 - INFO - Migrados 3400 produtos...
2025-08-31 08:25:12,373 - INFO - Migrados 3500 produtos...
2025-08-31 08:25:12,452 - INFO - Migrados 3600 produtos...
2025-08-31 08:25:12,541 - INFO - Migrados 3700 produtos...
2025-08-31 08:25:12,641 - INFO - Migrados 3800 produtos...
2025-08-31 08:25:12,721 - INFO - Migrados 3900 produtos...
2025-08-31 08:25:12,794 - INFO - Migrados 4000 produtos...
2025-08-31 08:25:12,860 - INFO - Migrados 4100 produtos...
2025-08-31 08:25:12,938 - INFO - Migrados 4200 produtos...
2025-08-31 08:25:13,021 - INFO - Migrados 4300 produtos...
2025-08-31 08:25:13,149 - INFO - Migrados 4400 produtos...
2025-08-31 08:25:13,269 - INFO - Migrados 4500 produtos...
2025-08-31 08:25:13,338 - INFO - Migrados 4600 produtos...
2025-08-31 08:25:13,416 - INFO - Migrados 4700 produtos...
2025-08-31 08:25:13,487 - INFO - Migrados 4800 produtos...
2025-08-31 08:25:13,564 - INFO - Migrados 4900 produtos...
2025-08-31 08:25:13,638 - INFO - Migrados 5000 produtos...
2025-08-31 08:25:13,716 - INFO - Migrados 5100 produtos...
2025-08-31 08:25:13,731 - WARNING - Produto 5956 ignorado: nome vazio
2025-08-31 08:25:13,757 - WARNING - Produto 6011 ignorado: nome vazio
2025-08-31 08:25:13,791 - INFO - Migrados 5200 produtos...
2025-08-31 08:25:13,857 - WARNING - Produto 6184 ignorado: nome vazio
2025-08-31 08:25:13,870 - INFO - Migrados 5300 produtos...
2025-08-31 08:25:13,917 - WARNING - Produto 6290 ignorado: nome vazio
2025-08-31 08:25:13,917 - WARNING - Produto 6292 ignorado: nome vazio
2025-08-31 08:25:13,919 - WARNING - Produto 6295 ignorado: nome vazio
2025-08-31 08:25:13,920 - WARNING - Produto 6298 ignorado: nome vazio
2025-08-31 08:25:13,941 - INFO - Migrados 5400 produtos...
2025-08-31 08:25:13,961 - WARNING - Produto 6363 ignorado: nome vazio
2025-08-31 08:25:13,964 - WARNING - Produto 6366 ignorado: nome vazio
2025-08-31 08:25:13,966 - WARNING - Produto 6373 ignorado: nome vazio
2025-08-31 08:25:13,967 - WARNING - Produto 6374 ignorado: nome vazio
2025-08-31 08:25:13,973 - WARNING - Produto 6385 ignorado: nome vazio
2025-08-31 08:25:13,977 - WARNING - Produto 6392 ignorado: nome vazio
2025-08-31 08:25:13,982 - WARNING - Produto 6399 ignorado: nome vazio
2025-08-31 08:25:13,983 - WARNING - Produto 6401 ignorado: nome vazio
2025-08-31 08:25:13,983 - WARNING - Produto 6403 ignorado: nome vazio
2025-08-31 08:25:13,988 - WARNING - Produto 6411 ignorado: nome vazio
2025-08-31 08:25:13,990 - WARNING - Produto 6414 ignorado: nome vazio
2025-08-31 08:25:13,996 - WARNING - Produto 6425 ignorado: nome vazio
2025-08-31 08:25:14,021 - INFO - 
        Migração concluída em 0:00:07.040060:
        - Total de produtos migrados: 5496
        - Total de erros: 0
        
2025-08-31 08:25:14,022 - WARNING - Grupos não encontrados:
2025-08-31 08:25:14,022 - WARNING - - Grupo 99
2025-08-31 08:25:14,022 - WARNING - - Grupo 200
2025-08-31 08:25:14,022 - WARNING - - Grupo 201
2025-08-31 08:25:14,022 - WARNING - - Grupo 202
2025-08-31 08:25:14,022 - WARNING - - Grupo 203
2025-08-31 08:25:14,022 - WARNING - - Grupo 204
2025-08-31 08:25:14,022 - WARNING - - Grupo 400
2025-08-31 08:25:14,022 - WARNING - - Grupo 600
2025-08-31 08:25:14,022 - WARNING - - Grupo 701
2025-08-31 08:25:14,022 - WARNING - - Grupo 901
2025-08-31 08:25:14,022 - WARNING - - Grupo 999
2025-08-31 08:25:14,022 - WARNING - - Grupo 2000
2025-08-31 08:34:39,800 - INFO - Iniciando migração de produtos às 2025-08-31 08:34:39.800696
2025-08-31 08:34:39,801 - INFO - Estabelecendo conexões com os bancos de dados...
2025-08-31 08:34:40,220 - INFO - Iniciando limpeza das tabelas...
2025-08-31 08:34:40,230 - INFO - Limpando tabela itens_nf_entrada...
2025-08-31 08:34:40,241 - INFO - Tabela itens_nf_entrada limpa com sucesso
2025-08-31 08:34:40,242 - INFO - Limpando tabela itens_nf_saida...
2025-08-31 08:34:40,254 - INFO - Tabela itens_nf_saida limpa com sucesso
2025-08-31 08:34:40,255 - INFO - Limpando tabela itens_contrato_locacao...
2025-08-31 08:34:40,261 - INFO - Tabela itens_contrato_locacao limpa com sucesso
2025-08-31 08:34:40,263 - INFO - Limpando tabela movimentacoes_estoque...
2025-08-31 08:34:40,280 - INFO - Tabela movimentacoes_estoque limpa com sucesso
2025-08-31 08:34:40,282 - INFO - Limpando tabela saldos_estoque...
2025-08-31 08:34:40,290 - INFO - Tabela saldos_estoque limpa com sucesso
2025-08-31 08:34:40,291 - INFO - Limpando tabela produtos...
2025-08-31 08:34:40,390 - INFO - Tabela produtos limpa com sucesso
2025-08-31 08:34:40,463 - INFO - Limpeza de tabelas concluída com sucesso
2025-08-31 08:34:40,464 - INFO - Estrutura da tabela produtos verificada/criada com sucesso
2025-08-31 08:34:40,467 - INFO - Consultando dados do Access...
2025-08-31 08:34:40,502 - INFO - Iniciando migração dos registros...
2025-08-31 08:34:40,769 - INFO - Migrados 100 produtos...
2025-08-31 08:34:40,858 - INFO - Migrados 200 produtos...
2025-08-31 08:34:40,933 - INFO - Migrados 300 produtos...
2025-08-31 08:34:41,013 - INFO - Migrados 400 produtos...
2025-08-31 08:34:41,078 - INFO - Migrados 500 produtos...
2025-08-31 08:34:41,145 - INFO - Migrados 600 produtos...
2025-08-31 08:34:41,236 - INFO - Migrados 700 produtos...
2025-08-31 08:34:41,350 - INFO - Migrados 800 produtos...
2025-08-31 08:34:41,412 - INFO - Migrados 900 produtos...
2025-08-31 08:34:41,469 - INFO - Migrados 1000 produtos...
2025-08-31 08:34:41,528 - INFO - Migrados 1100 produtos...
2025-08-31 08:34:41,591 - INFO - Migrados 1200 produtos...
2025-08-31 08:34:41,652 - INFO - Migrados 1300 produtos...
2025-08-31 08:34:41,723 - INFO - Migrados 1400 produtos...
2025-08-31 08:34:41,790 - INFO - Migrados 1500 produtos...
2025-08-31 08:34:41,855 - INFO - Migrados 1600 produtos...
2025-08-31 08:34:41,915 - INFO - Migrados 1700 produtos...
2025-08-31 08:34:41,974 - INFO - Migrados 1800 produtos...
2025-08-31 08:34:42,038 - INFO - Migrados 1900 produtos...
2025-08-31 08:34:42,104 - INFO - Migrados 2000 produtos...
2025-08-31 08:34:42,166 - INFO - Migrados 2100 produtos...
2025-08-31 08:34:42,234 - INFO - Migrados 2200 produtos...
2025-08-31 08:34:42,294 - INFO - Migrados 2300 produtos...
2025-08-31 08:34:42,361 - INFO - Migrados 2400 produtos...
2025-08-31 08:34:42,411 - INFO - Migrados 2500 produtos...
2025-08-31 08:34:42,478 - INFO - Migrados 2600 produtos...
2025-08-31 08:34:42,561 - INFO - Migrados 2700 produtos...
2025-08-31 08:34:42,628 - INFO - Migrados 2800 produtos...
2025-08-31 08:34:42,700 - INFO - Migrados 2900 produtos...
2025-08-31 08:34:42,761 - INFO - Migrados 3000 produtos...
2025-08-31 08:34:42,811 - INFO - Migrados 3100 produtos...
2025-08-31 08:34:42,878 - INFO - Migrados 3200 produtos...
2025-08-31 08:34:42,948 - INFO - Migrados 3300 produtos...
2025-08-31 08:34:43,013 - INFO - Migrados 3400 produtos...
2025-08-31 08:34:43,083 - INFO - Migrados 3500 produtos...
2025-08-31 08:34:43,154 - INFO - Migrados 3600 produtos...
2025-08-31 08:34:43,261 - INFO - Migrados 3700 produtos...
2025-08-31 08:34:43,378 - INFO - Migrados 3800 produtos...
2025-08-31 08:34:43,461 - INFO - Migrados 3900 produtos...
2025-08-31 08:34:43,528 - INFO - Migrados 4000 produtos...
2025-08-31 08:34:43,596 - INFO - Migrados 4100 produtos...
2025-08-31 08:34:43,678 - INFO - Migrados 4200 produtos...
2025-08-31 08:34:43,744 - INFO - Migrados 4300 produtos...
2025-08-31 08:34:43,810 - INFO - Migrados 4400 produtos...
2025-08-31 08:34:43,861 - INFO - Migrados 4500 produtos...
2025-08-31 08:34:43,927 - INFO - Migrados 4600 produtos...
2025-08-31 08:34:43,993 - INFO - Migrados 4700 produtos...
2025-08-31 08:34:44,057 - INFO - Migrados 4800 produtos...
2025-08-31 08:34:44,116 - INFO - Migrados 4900 produtos...
2025-08-31 08:34:44,187 - INFO - Migrados 5000 produtos...
2025-08-31 08:34:44,245 - INFO - Migrados 5100 produtos...
2025-08-31 08:34:44,261 - WARNING - Produto 5956 ignorado: nome vazio
2025-08-31 08:34:44,292 - WARNING - Produto 6011 ignorado: nome vazio
2025-08-31 08:34:44,322 - INFO - Migrados 5200 produtos...
2025-08-31 08:34:44,381 - WARNING - Produto 6184 ignorado: nome vazio
2025-08-31 08:34:44,392 - INFO - Migrados 5300 produtos...
2025-08-31 08:34:44,437 - WARNING - Produto 6290 ignorado: nome vazio
2025-08-31 08:34:44,438 - WARNING - Produto 6292 ignorado: nome vazio
2025-08-31 08:34:44,439 - WARNING - Produto 6295 ignorado: nome vazio
2025-08-31 08:34:44,440 - WARNING - Produto 6298 ignorado: nome vazio
2025-08-31 08:34:44,459 - INFO - Migrados 5400 produtos...
2025-08-31 08:34:44,478 - WARNING - Produto 6363 ignorado: nome vazio
2025-08-31 08:34:44,480 - WARNING - Produto 6366 ignorado: nome vazio
2025-08-31 08:34:44,483 - WARNING - Produto 6373 ignorado: nome vazio
2025-08-31 08:34:44,483 - WARNING - Produto 6374 ignorado: nome vazio
2025-08-31 08:34:44,489 - WARNING - Produto 6385 ignorado: nome vazio
2025-08-31 08:34:44,492 - WARNING - Produto 6392 ignorado: nome vazio
2025-08-31 08:34:44,496 - WARNING - Produto 6399 ignorado: nome vazio
2025-08-31 08:34:44,497 - WARNING - Produto 6401 ignorado: nome vazio
2025-08-31 08:34:44,498 - WARNING - Produto 6403 ignorado: nome vazio
2025-08-31 08:34:44,503 - WARNING - Produto 6411 ignorado: nome vazio
2025-08-31 08:34:44,504 - WARNING - Produto 6414 ignorado: nome vazio
2025-08-31 08:34:44,508 - WARNING - Produto 6425 ignorado: nome vazio
2025-08-31 08:34:44,528 - INFO - 
        Migração concluída em 0:00:04.727832:
        - Total de produtos migrados: 5496
        - Total de erros: 0
        
2025-08-31 08:34:44,528 - WARNING - Grupos não encontrados:
2025-08-31 08:34:44,528 - WARNING - - Grupo 99
2025-08-31 08:34:44,529 - WARNING - - Grupo 200
2025-08-31 08:34:44,529 - WARNING - - Grupo 201
2025-08-31 08:34:44,529 - WARNING - - Grupo 202
2025-08-31 08:34:44,529 - WARNING - - Grupo 203
2025-08-31 08:34:44,529 - WARNING - - Grupo 204
2025-08-31 08:34:44,529 - WARNING - - Grupo 400
2025-08-31 08:34:44,529 - WARNING - - Grupo 600
2025-08-31 08:34:44,529 - WARNING - - Grupo 701
2025-08-31 08:34:44,529 - WARNING - - Grupo 901
2025-08-31 08:34:44,529 - WARNING - - Grupo 999
2025-08-31 08:34:44,529 - WARNING - - Grupo 2000
2025-09-01 00:51:19,935 - INFO - Iniciando migração de produtos às 2025-09-01 00:51:19.934452
2025-09-01 00:51:19,935 - INFO - Estabelecendo conexões com os bancos de dados...
2025-09-01 00:51:20,484 - INFO - Iniciando limpeza das tabelas...
2025-09-01 00:51:20,505 - INFO - Limpando tabela itens_nf_entrada...
2025-09-01 00:51:20,525 - INFO - Tabela itens_nf_entrada limpa com sucesso
2025-09-01 00:51:20,525 - INFO - Limpando tabela itens_nf_saida...
2025-09-01 00:51:20,544 - INFO - Tabela itens_nf_saida limpa com sucesso
2025-09-01 00:51:20,546 - INFO - Limpando tabela itens_contrato_locacao...
2025-09-01 00:51:20,556 - INFO - Tabela itens_contrato_locacao limpa com sucesso
2025-09-01 00:51:20,556 - INFO - Limpando tabela movimentacoes_estoque...
2025-09-01 00:51:20,585 - INFO - Tabela movimentacoes_estoque limpa com sucesso
2025-09-01 00:51:20,587 - INFO - Limpando tabela saldos_estoque...
2025-09-01 00:51:20,597 - INFO - Tabela saldos_estoque limpa com sucesso
2025-09-01 00:51:20,600 - INFO - Limpando tabela produtos...
2025-09-01 00:51:20,771 - INFO - Tabela produtos limpa com sucesso
2025-09-01 00:51:20,883 - INFO - Limpeza de tabelas concluída com sucesso
2025-09-01 00:51:20,900 - INFO - Estrutura da tabela produtos verificada/criada com sucesso
2025-09-01 00:51:20,902 - INFO - Consultando dados do Access...
2025-09-01 00:51:20,966 - INFO - Iniciando migração dos registros...
2025-09-01 00:51:21,336 - INFO - Migrados 100 produtos...
2025-09-01 00:51:21,487 - INFO - Migrados 200 produtos...
2025-09-01 00:51:21,640 - INFO - Migrados 300 produtos...
2025-09-01 00:51:21,871 - INFO - Migrados 400 produtos...
2025-09-01 00:51:21,970 - INFO - Migrados 500 produtos...
2025-09-01 00:51:22,050 - INFO - Migrados 600 produtos...
2025-09-01 00:51:22,116 - INFO - Migrados 700 produtos...
2025-09-01 00:51:22,200 - INFO - Migrados 800 produtos...
2025-09-01 00:51:22,286 - INFO - Migrados 900 produtos...
2025-09-01 00:51:22,382 - INFO - Migrados 1000 produtos...
2025-09-01 00:51:22,471 - INFO - Migrados 1100 produtos...
2025-09-01 00:51:22,550 - INFO - Migrados 1200 produtos...
2025-09-01 00:51:22,633 - INFO - Migrados 1300 produtos...
2025-09-01 00:51:22,702 - INFO - Migrados 1400 produtos...
2025-09-01 00:51:22,766 - INFO - Migrados 1500 produtos...
2025-09-01 00:51:22,850 - INFO - Migrados 1600 produtos...
2025-09-01 00:51:22,933 - INFO - Migrados 1700 produtos...
2025-09-01 00:51:23,002 - INFO - Migrados 1800 produtos...
2025-09-01 00:51:23,083 - INFO - Migrados 1900 produtos...
2025-09-01 00:51:23,149 - INFO - Migrados 2000 produtos...
2025-09-01 00:51:23,233 - INFO - Migrados 2100 produtos...
2025-09-01 00:51:23,329 - INFO - Migrados 2200 produtos...
2025-09-01 00:51:23,400 - INFO - Migrados 2300 produtos...
2025-09-01 00:51:23,466 - INFO - Migrados 2400 produtos...
2025-09-01 00:51:23,554 - INFO - Migrados 2500 produtos...
2025-09-01 00:51:23,616 - INFO - Migrados 2600 produtos...
2025-09-01 00:51:23,689 - INFO - Migrados 2700 produtos...
2025-09-01 00:51:23,833 - INFO - Migrados 2800 produtos...
2025-09-01 00:51:23,917 - INFO - Migrados 2900 produtos...
2025-09-01 00:51:24,036 - INFO - Migrados 3000 produtos...
2025-09-01 00:51:24,134 - INFO - Migrados 3100 produtos...
2025-09-01 00:51:24,233 - INFO - Migrados 3200 produtos...
2025-09-01 00:51:24,367 - INFO - Migrados 3300 produtos...
2025-09-01 00:51:24,483 - INFO - Migrados 3400 produtos...
2025-09-01 00:51:24,583 - INFO - Migrados 3500 produtos...
2025-09-01 00:51:24,666 - INFO - Migrados 3600 produtos...
2025-09-01 00:51:24,793 - INFO - Migrados 3700 produtos...
2025-09-01 00:51:24,983 - INFO - Migrados 3800 produtos...
2025-09-01 00:51:25,173 - INFO - Migrados 3900 produtos...
2025-09-01 00:51:25,360 - INFO - Migrados 4000 produtos...
2025-09-01 00:51:25,569 - INFO - Migrados 4100 produtos...
2025-09-01 00:51:25,683 - INFO - Migrados 4200 produtos...
2025-09-01 00:51:25,801 - INFO - Migrados 4300 produtos...
2025-09-01 00:51:25,936 - INFO - Migrados 4400 produtos...
2025-09-01 00:51:26,083 - INFO - Migrados 4500 produtos...
2025-09-01 00:51:26,225 - INFO - Migrados 4600 produtos...
2025-09-01 00:51:26,333 - INFO - Migrados 4700 produtos...
2025-09-01 00:51:26,438 - INFO - Migrados 4800 produtos...
2025-09-01 00:51:26,583 - INFO - Migrados 4900 produtos...
2025-09-01 00:51:26,676 - INFO - Migrados 5000 produtos...
2025-09-01 00:51:26,756 - INFO - Migrados 5100 produtos...
2025-09-01 00:51:26,778 - WARNING - Produto 5956 ignorado: nome vazio
2025-09-01 00:51:26,827 - WARNING - Produto 6011 ignorado: nome vazio
2025-09-01 00:51:26,850 - INFO - Migrados 5200 produtos...
2025-09-01 00:51:26,916 - WARNING - Produto 6184 ignorado: nome vazio
2025-09-01 00:51:26,933 - INFO - Migrados 5300 produtos...
2025-09-01 00:51:27,000 - WARNING - Produto 6290 ignorado: nome vazio
2025-09-01 00:51:27,000 - WARNING - Produto 6292 ignorado: nome vazio
2025-09-01 00:51:27,000 - WARNING - Produto 6295 ignorado: nome vazio
2025-09-01 00:51:27,000 - WARNING - Produto 6298 ignorado: nome vazio
2025-09-01 00:51:27,017 - INFO - Migrados 5400 produtos...
2025-09-01 00:51:27,033 - WARNING - Produto 6363 ignorado: nome vazio
2025-09-01 00:51:27,033 - WARNING - Produto 6366 ignorado: nome vazio
2025-09-01 00:51:27,050 - WARNING - Produto 6373 ignorado: nome vazio
2025-09-01 00:51:27,050 - WARNING - Produto 6374 ignorado: nome vazio
2025-09-01 00:51:27,066 - WARNING - Produto 6385 ignorado: nome vazio
2025-09-01 00:51:27,066 - WARNING - Produto 6392 ignorado: nome vazio
2025-09-01 00:51:27,066 - WARNING - Produto 6399 ignorado: nome vazio
2025-09-01 00:51:27,066 - WARNING - Produto 6401 ignorado: nome vazio
2025-09-01 00:51:27,066 - WARNING - Produto 6403 ignorado: nome vazio
2025-09-01 00:51:27,066 - WARNING - Produto 6411 ignorado: nome vazio
2025-09-01 00:51:27,066 - WARNING - Produto 6414 ignorado: nome vazio
2025-09-01 00:51:27,083 - WARNING - Produto 6425 ignorado: nome vazio
2025-09-01 00:51:27,112 - INFO - 
        Migração concluída em 0:00:07.178206:
        - Total de produtos migrados: 5496
        - Total de erros: 0
        
2025-09-01 00:51:27,112 - WARNING - Grupos não encontrados:
2025-09-01 00:51:27,112 - WARNING - - Grupo 99
2025-09-01 00:51:27,112 - WARNING - - Grupo 200
2025-09-01 00:51:27,112 - WARNING - - Grupo 201
2025-09-01 00:51:27,112 - WARNING - - Grupo 202
2025-09-01 00:51:27,112 - WARNING - - Grupo 203
2025-09-01 00:51:27,112 - WARNING - - Grupo 204
2025-09-01 00:51:27,112 - WARNING - - Grupo 400
2025-09-01 00:51:27,112 - WARNING - - Grupo 600
2025-09-01 00:51:27,112 - WARNING - - Grupo 701
2025-09-01 00:51:27,112 - WARNING - - Grupo 901
2025-09-01 00:51:27,112 - WARNING - - Grupo 999
2025-09-01 00:51:27,112 - WARNING - - Grupo 2000
