2025-01-10 15:59:29,458 - INFO - Iniciando migração de grupos às 2025-01-10 15:59:29.458576
2025-01-10 15:59:29,458 - INFO - Estabelecendo conexões com os bancos de dados...
2025-01-10 15:59:30,438 - INFO - Iniciando limpeza das tabelas...
2025-01-10 15:59:30,464 - INFO - Limpando tabela produtos...
2025-01-10 15:59:30,569 - INFO - Tabela produtos limpa com sucesso
2025-01-10 15:59:30,571 - INFO - Limpando tabela grupos...
2025-01-10 15:59:30,578 - INFO - Tabela grupos limpa com sucesso
2025-01-10 15:59:30,655 - INFO - Limpeza de tabelas concluída com sucesso
2025-01-10 15:59:30,660 - INFO - Estrutura da tabela grupos verificada/criada com sucesso
2025-01-10 15:59:30,661 - INFO - Consultando dados do Access...
2025-01-10 15:59:30,691 - INFO - Iniciando migração dos registros...
2025-01-10 15:59:30,710 - INFO - 
        Migração concluída em 0:00:01.252260:
        - Total de grupos migrados: 18
        - Total de erros: 0
        
2025-01-13 20:38:23,252 - INFO - Iniciando migração de grupos às 2025-01-13 20:38:23.252867
2025-01-13 20:38:23,252 - INFO - Estabelecendo conexões com os bancos de dados...
2025-01-13 20:38:24,265 - INFO - Iniciando limpeza das tabelas...
2025-01-13 20:38:24,283 - INFO - Limpando tabela produtos...
2025-01-13 20:38:24,377 - INFO - Tabela produtos limpa com sucesso
2025-01-13 20:38:24,378 - INFO - Limpando tabela grupos...
2025-01-13 20:38:24,384 - INFO - Tabela grupos limpa com sucesso
2025-01-13 20:38:24,466 - INFO - Limpeza de tabelas concluída com sucesso
2025-01-13 20:38:24,471 - INFO - Estrutura da tabela grupos verificada/criada com sucesso
2025-01-13 20:38:24,472 - INFO - Consultando dados do Access...
2025-01-13 20:38:24,504 - INFO - Iniciando migração dos registros...
2025-01-13 20:38:24,524 - INFO - 
        Migração concluída em 0:00:01.271967:
        - Total de grupos migrados: 18
        - Total de erros: 0
        
2025-01-13 20:50:13,573 - INFO - Iniciando migração de grupos às 2025-01-13 20:50:13.573302
2025-01-13 20:50:13,573 - INFO - Estabelecendo conexões com os bancos de dados...
2025-01-13 20:50:14,279 - INFO - Iniciando limpeza das tabelas...
2025-01-13 20:50:14,293 - INFO - Limpando tabela produtos...
2025-01-13 20:50:14,395 - INFO - Tabela produtos limpa com sucesso
2025-01-13 20:50:14,397 - INFO - Limpando tabela grupos...
2025-01-13 20:50:14,401 - INFO - Tabela grupos limpa com sucesso
2025-01-13 20:50:14,471 - INFO - Limpeza de tabelas concluída com sucesso
2025-01-13 20:50:14,475 - INFO - Estrutura da tabela grupos verificada/criada com sucesso
2025-01-13 20:50:14,476 - INFO - Consultando dados do Access...
2025-01-13 20:50:14,483 - INFO - Iniciando migração dos registros...
2025-01-13 20:50:14,507 - INFO - 
        Migração concluída em 0:00:00.934568:
        - Total de grupos migrados: 18
        - Total de erros: 0
        
2025-01-13 20:51:38,504 - INFO - Iniciando migração de grupos às 2025-01-13 20:51:38.504164
2025-01-13 20:51:38,504 - INFO - Estabelecendo conexões com os bancos de dados...
2025-01-13 20:51:38,902 - INFO - Iniciando limpeza das tabelas...
2025-01-13 20:51:38,912 - INFO - Limpando tabela produtos...
2025-01-13 20:51:38,994 - INFO - Tabela produtos limpa com sucesso
2025-01-13 20:51:38,995 - INFO - Limpando tabela grupos...
2025-01-13 20:51:38,999 - INFO - Tabela grupos limpa com sucesso
2025-01-13 20:51:39,058 - INFO - Limpeza de tabelas concluída com sucesso
2025-01-13 20:51:39,059 - INFO - Estrutura da tabela grupos verificada/criada com sucesso
2025-01-13 20:51:39,060 - INFO - Consultando dados do Access...
2025-01-13 20:51:39,066 - INFO - Iniciando migração dos registros...
2025-01-13 20:51:39,083 - INFO - 
        Migração concluída em 0:00:00.578692:
        - Total de grupos migrados: 18
        - Total de erros: 0
        
2025-01-13 20:55:11,692 - INFO - Iniciando migração de grupos às 2025-01-13 20:55:11.692838
2025-01-13 20:55:11,692 - INFO - Estabelecendo conexões com os bancos de dados...
2025-01-13 20:55:12,086 - INFO - Iniciando limpeza das tabelas...
2025-01-13 20:55:12,096 - INFO - Limpando tabela produtos...
2025-01-13 20:55:12,171 - INFO - Tabela produtos limpa com sucesso
2025-01-13 20:55:12,172 - INFO - Limpando tabela grupos...
2025-01-13 20:55:12,176 - INFO - Tabela grupos limpa com sucesso
2025-01-13 20:55:12,241 - INFO - Limpeza de tabelas concluída com sucesso
2025-01-13 20:55:12,242 - INFO - Estrutura da tabela grupos verificada/criada com sucesso
2025-01-13 20:55:12,242 - INFO - Consultando dados do Access...
2025-01-13 20:55:12,248 - INFO - Iniciando migração dos registros...
2025-01-13 20:55:12,266 - INFO - 
        Migração concluída em 0:00:00.573555:
        - Total de grupos migrados: 18
        - Total de erros: 0
        
2025-01-13 20:58:55,871 - INFO - Iniciando migração de grupos às 2025-01-13 20:58:55.871501
2025-01-13 20:58:55,871 - INFO - Estabelecendo conexões com os bancos de dados...
2025-01-13 20:58:56,520 - INFO - Iniciando limpeza das tabelas...
2025-01-13 20:58:56,534 - INFO - Limpando tabela produtos...
2025-01-13 20:58:56,644 - INFO - Tabela produtos limpa com sucesso
2025-01-13 20:58:56,645 - INFO - Limpando tabela grupos...
2025-01-13 20:58:56,650 - INFO - Tabela grupos limpa com sucesso
2025-01-13 20:58:56,726 - INFO - Limpeza de tabelas concluída com sucesso
2025-01-13 20:58:56,728 - INFO - Estrutura da tabela grupos verificada/criada com sucesso
2025-01-13 20:58:56,728 - INFO - Consultando dados do Access...
2025-01-13 20:58:56,735 - INFO - Iniciando migração dos registros...
2025-01-13 20:58:56,751 - INFO - 
        Migração concluída em 0:00:00.879863:
        - Total de grupos migrados: 18
        - Total de erros: 0
        
2025-01-13 21:03:32,509 - INFO - Iniciando migração de grupos às 2025-01-13 21:03:32.509407
2025-01-13 21:03:32,510 - INFO - Estabelecendo conexões com os bancos de dados...
2025-01-13 21:03:33,285 - INFO - Iniciando limpeza das tabelas...
2025-01-13 21:03:33,297 - INFO - Limpando tabela produtos...
2025-01-13 21:03:33,378 - INFO - Tabela produtos limpa com sucesso
2025-01-13 21:03:33,380 - INFO - Limpando tabela grupos...
2025-01-13 21:03:33,383 - INFO - Tabela grupos limpa com sucesso
2025-01-13 21:03:33,451 - INFO - Limpeza de tabelas concluída com sucesso
2025-01-13 21:03:33,456 - INFO - Estrutura da tabela grupos verificada/criada com sucesso
2025-01-13 21:03:33,456 - INFO - Consultando dados do Access...
2025-01-13 21:03:33,480 - INFO - Iniciando migração dos registros...
2025-01-13 21:03:33,498 - INFO - 
        Migração concluída em 0:00:00.989278:
        - Total de grupos migrados: 18
        - Total de erros: 0
        
2025-01-13 21:07:39,155 - INFO - Iniciando migração de grupos às 2025-01-13 21:07:39.155038
2025-01-13 21:07:39,155 - INFO - Estabelecendo conexões com os bancos de dados...
2025-01-13 21:07:39,552 - INFO - Iniciando limpeza das tabelas...
2025-01-13 21:07:39,562 - INFO - Limpando tabela produtos...
2025-01-13 21:07:39,637 - INFO - Tabela produtos limpa com sucesso
2025-01-13 21:07:39,639 - INFO - Limpando tabela grupos...
2025-01-13 21:07:39,642 - INFO - Tabela grupos limpa com sucesso
2025-01-13 21:07:39,701 - INFO - Limpeza de tabelas concluída com sucesso
2025-01-13 21:07:39,702 - INFO - Estrutura da tabela grupos verificada/criada com sucesso
2025-01-13 21:07:39,702 - INFO - Consultando dados do Access...
2025-01-13 21:07:39,709 - INFO - Iniciando migração dos registros...
2025-01-13 21:07:39,726 - INFO - 
        Migração concluída em 0:00:00.571748:
        - Total de grupos migrados: 18
        - Total de erros: 0
        
2025-08-30 08:12:32,619 - INFO - Iniciando migração de grupos às 2025-08-30 08:12:32.619001
2025-08-30 08:12:32,619 - INFO - Estabelecendo conexões com os bancos de dados...
2025-08-30 08:12:34,556 - INFO - Iniciando limpeza das tabelas...
2025-08-30 08:12:34,566 - ERROR - Erro durante processo de limpeza: ERRO:  permissão negada ao definir parâmetro "session_replication_role"

2025-08-30 08:12:34,567 - ERROR - Erro durante a migração: ERRO:  permissão negada ao definir parâmetro "session_replication_role"

2025-08-30 08:36:01,001 - INFO - Iniciando migração de grupos às 2025-08-30 08:36:01.001956
2025-08-30 08:36:01,002 - INFO - Estabelecendo conexões com os bancos de dados...
2025-08-30 08:36:01,860 - INFO - Iniciando limpeza das tabelas...
2025-08-30 08:36:01,868 - ERROR - Erro durante processo de limpeza: ERRO:  permissão negada ao definir parâmetro "session_replication_role"

2025-08-30 08:36:01,868 - ERROR - Erro durante a migração: ERRO:  permissão negada ao definir parâmetro "session_replication_role"

2025-08-30 08:42:55,294 - INFO - Iniciando migração de grupos às 2025-08-30 08:42:55.294485
2025-08-30 08:42:55,294 - INFO - Estabelecendo conexões com os bancos de dados...
2025-08-30 08:42:55,681 - INFO - Iniciando limpeza das tabelas...
2025-08-30 08:42:55,681 - INFO - Limpando tabela produtos...
2025-08-30 08:42:55,776 - INFO - Tabela produtos limpa com sucesso
2025-08-30 08:42:55,776 - INFO - Limpando tabela grupos...
2025-08-30 08:42:55,776 - INFO - Tabela grupos limpa com sucesso
2025-08-30 08:42:55,826 - INFO - Limpeza de tabelas concluída com sucesso
2025-08-30 08:42:55,826 - INFO - Estrutura da tabela grupos verificada/criada com sucesso
2025-08-30 08:42:55,826 - INFO - Consultando dados do Access...
2025-08-30 08:42:55,843 - INFO - Iniciando migração dos registros...
2025-08-30 08:42:55,859 - INFO - 
        Migração concluída em 0:00:00.565171:
        - Total de grupos migrados: 18
        - Total de erros: 0
        
2025-08-30 08:47:41,432 - INFO - Iniciando migração de grupos às 2025-08-30 08:47:41.432280
2025-08-30 08:47:41,432 - INFO - Estabelecendo conexões com os bancos de dados...
2025-08-30 08:47:41,823 - INFO - Iniciando limpeza das tabelas...
2025-08-30 08:47:41,823 - INFO - Limpando tabela produtos...
2025-08-30 08:47:41,890 - INFO - Tabela produtos limpa com sucesso
2025-08-30 08:47:41,890 - INFO - Limpando tabela grupos...
2025-08-30 08:47:41,899 - INFO - Tabela grupos limpa com sucesso
2025-08-30 08:47:41,956 - INFO - Limpeza de tabelas concluída com sucesso
2025-08-30 08:47:41,956 - INFO - Estrutura da tabela grupos verificada/criada com sucesso
2025-08-30 08:47:41,956 - INFO - Consultando dados do Access...
2025-08-30 08:47:41,956 - INFO - Iniciando migração dos registros...
2025-08-30 08:47:41,982 - INFO - 
        Migração concluída em 0:00:00.550331:
        - Total de grupos migrados: 18
        - Total de erros: 0
        
2025-08-31 07:08:57,040 - INFO - Iniciando migração de grupos às 2025-08-31 07:08:57.040878
2025-08-31 07:08:57,040 - INFO - Estabelecendo conexões com os bancos de dados...
2025-08-31 07:08:57,506 - INFO - Iniciando limpeza das tabelas...
2025-08-31 07:08:57,523 - INFO - Limpando tabela produtos...
2025-08-31 07:08:57,622 - INFO - Tabela produtos limpa com sucesso
2025-08-31 07:08:57,622 - INFO - Limpando tabela grupos...
2025-08-31 07:08:57,639 - INFO - Tabela grupos limpa com sucesso
2025-08-31 07:08:57,723 - INFO - Limpeza de tabelas concluída com sucesso
2025-08-31 07:08:57,740 - INFO - Estrutura da tabela grupos verificada/criada com sucesso
2025-08-31 07:08:57,741 - INFO - Consultando dados do Access...
2025-08-31 07:08:57,755 - INFO - Iniciando migração dos registros...
2025-08-31 07:08:57,773 - INFO - 
        Migração concluída em 0:00:00.732302:
        - Total de grupos migrados: 18
        - Total de erros: 0
        
2025-08-31 08:24:54,622 - INFO - Iniciando migração de grupos às 2025-08-31 08:24:54.622780
2025-08-31 08:24:54,623 - INFO - Estabelecendo conexões com os bancos de dados...
2025-08-31 08:24:55,265 - INFO - Iniciando limpeza das tabelas...
2025-08-31 08:24:55,275 - INFO - Limpando tabela produtos...
2025-08-31 08:24:55,359 - INFO - Tabela produtos limpa com sucesso
2025-08-31 08:24:55,361 - INFO - Limpando tabela grupos...
2025-08-31 08:24:55,367 - INFO - Tabela grupos limpa com sucesso
2025-08-31 08:24:55,424 - INFO - Limpeza de tabelas concluída com sucesso
2025-08-31 08:24:55,429 - INFO - Estrutura da tabela grupos verificada/criada com sucesso
2025-08-31 08:24:55,429 - INFO - Consultando dados do Access...
2025-08-31 08:24:55,444 - INFO - Iniciando migração dos registros...
2025-08-31 08:24:55,467 - INFO - 
        Migração concluída em 0:00:00.844421:
        - Total de grupos migrados: 18
        - Total de erros: 0
        
2025-08-31 08:34:29,052 - INFO - Iniciando migração de grupos às 2025-08-31 08:34:29.052238
2025-08-31 08:34:29,053 - INFO - Estabelecendo conexões com os bancos de dados...
2025-08-31 08:34:29,563 - INFO - Iniciando limpeza das tabelas...
2025-08-31 08:34:29,571 - INFO - Limpando tabela produtos...
2025-08-31 08:34:29,636 - INFO - Tabela produtos limpa com sucesso
2025-08-31 08:34:29,637 - INFO - Limpando tabela grupos...
2025-08-31 08:34:29,640 - INFO - Tabela grupos limpa com sucesso
2025-08-31 08:34:29,700 - INFO - Limpeza de tabelas concluída com sucesso
2025-08-31 08:34:29,703 - INFO - Estrutura da tabela grupos verificada/criada com sucesso
2025-08-31 08:34:29,704 - INFO - Consultando dados do Access...
2025-08-31 08:34:29,709 - INFO - Iniciando migração dos registros...
2025-08-31 08:34:29,726 - INFO - 
        Migração concluída em 0:00:00.674401:
        - Total de grupos migrados: 18
        - Total de erros: 0
        
2025-09-01 00:51:06,765 - INFO - Iniciando migração de grupos às 2025-09-01 00:51:06.765598
2025-09-01 00:51:06,765 - INFO - Estabelecendo conexões com os bancos de dados...
2025-09-01 00:51:07,252 - INFO - Iniciando limpeza das tabelas...
2025-09-01 00:51:07,262 - INFO - Limpando tabela produtos...
2025-09-01 00:51:07,362 - INFO - Tabela produtos limpa com sucesso
2025-09-01 00:51:07,363 - INFO - Limpando tabela grupos...
2025-09-01 00:51:07,369 - INFO - Tabela grupos limpa com sucesso
2025-09-01 00:51:07,425 - INFO - Limpeza de tabelas concluída com sucesso
2025-09-01 00:51:07,428 - INFO - Estrutura da tabela grupos verificada/criada com sucesso
2025-09-01 00:51:07,429 - INFO - Consultando dados do Access...
2025-09-01 00:51:07,455 - INFO - Iniciando migração dos registros...
2025-09-01 00:51:07,476 - INFO - 
        Migração concluída em 0:00:00.711230:
        - Total de grupos migrados: 18
        - Total de erros: 0
        
2025-09-02 03:38:31,419 - INFO - Iniciando migração de grupos às 2025-09-02 03:38:31.405763
2025-09-02 03:38:31,419 - INFO - Estabelecendo conexões com os bancos de dados...
2025-09-02 03:38:32,039 - INFO - Iniciando limpeza das tabelas...
2025-09-02 03:38:32,055 - INFO - Limpando tabela produtos...
2025-09-02 03:38:32,139 - INFO - Tabela produtos limpa com sucesso
2025-09-02 03:38:32,139 - INFO - Limpando tabela grupos...
2025-09-02 03:38:32,139 - INFO - Tabela grupos limpa com sucesso
2025-09-02 03:38:32,205 - INFO - Limpeza de tabelas concluída com sucesso
2025-09-02 03:38:32,205 - INFO - Estrutura da tabela grupos verificada/criada com sucesso
2025-09-02 03:38:32,205 - INFO - Consultando dados do Access...
2025-09-02 03:38:32,223 - INFO - Iniciando migração dos registros...
2025-09-02 03:38:32,239 - INFO - 
        Migração concluída em 0:00:00.833672:
        - Total de grupos migrados: 18
        - Total de erros: 0
        
