2025-01-10 15:59:39,440 - INFO - Iniciando migração de funcionários às 2025-01-10 15:59:39.439957
2025-01-10 15:59:39,440 - INFO - Estabelecendo conexões com os bancos de dados...
2025-01-10 15:59:39,846 - INFO - Iniciando limpeza das tabelas...
2025-01-10 15:59:39,853 - INFO - Limpando tabela pagamentos_funcionarios...
2025-01-10 15:59:39,860 - INFO - Tabela pagamentos_funcionarios limpa com sucesso
2025-01-10 15:59:39,861 - INFO - Limpando tabela notas_fiscais_saida...
2025-01-10 15:59:39,898 - INFO - Tabela notas_fiscais_saida limpa com sucesso
2025-01-10 15:59:39,899 - INFO - Limpando tabela notas_fiscais_servico...
2025-01-10 15:59:39,930 - INFO - Tabela notas_fiscais_servico limpa com sucesso
2025-01-10 15:59:39,931 - INFO - Limpando tabela funcionarios...
2025-01-10 15:59:39,992 - INFO - Tabela funcionarios limpa com sucesso
2025-01-10 15:59:40,036 - INFO - Limpeza de tabelas concluída com sucesso
2025-01-10 15:59:40,041 - INFO - Estrutura da tabela funcionarios verificada/criada com sucesso
2025-01-10 15:59:40,041 - INFO - Consultando dados do Access...
2025-01-10 15:59:40,050 - ERROR - Erro durante a migração: ('07002', '[07002] [Microsoft][Driver ODBC Microsoft Access] Parâmetros insuficientes. Eram esperados 1. (-3010) (SQLExecDirectW)')
2025-01-13 20:38:30,513 - INFO - Iniciando migração de funcionários às 2025-01-13 20:38:30.512967
2025-01-13 20:38:30,513 - INFO - Estabelecendo conexões com os bancos de dados...
2025-01-13 20:38:30,908 - INFO - Iniciando limpeza das tabelas...
2025-01-13 20:38:30,919 - INFO - Limpando tabela pagamentos_funcionarios...
2025-01-13 20:38:30,926 - INFO - Tabela pagamentos_funcionarios limpa com sucesso
2025-01-13 20:38:30,928 - INFO - Limpando tabela notas_fiscais_saida...
2025-01-13 20:38:30,971 - INFO - Tabela notas_fiscais_saida limpa com sucesso
2025-01-13 20:38:30,972 - INFO - Limpando tabela notas_fiscais_servico...
2025-01-13 20:38:30,999 - INFO - Tabela notas_fiscais_servico limpa com sucesso
2025-01-13 20:38:31,001 - INFO - Limpando tabela funcionarios...
2025-01-13 20:38:31,079 - INFO - Tabela funcionarios limpa com sucesso
2025-01-13 20:38:31,138 - INFO - Limpeza de tabelas concluída com sucesso
2025-01-13 20:38:31,145 - INFO - Estrutura da tabela funcionarios verificada/criada com sucesso
2025-01-13 20:38:31,145 - INFO - Consultando dados do Access...
2025-01-13 20:38:31,153 - ERROR - Erro durante a migração: ('07002', '[07002] [Microsoft][Driver ODBC Microsoft Access] Parâmetros insuficientes. Eram esperados 1. (-3010) (SQLExecDirectW)')
2025-01-13 20:51:44,028 - INFO - Iniciando migração de funcionários às 2025-01-13 20:51:44.028326
2025-01-13 20:51:44,029 - INFO - Estabelecendo conexões com os bancos de dados...
2025-01-13 20:51:44,431 - INFO - Iniciando limpeza das tabelas...
2025-01-13 20:51:44,439 - INFO - Limpando tabela pagamentos_funcionarios...
2025-01-13 20:51:44,445 - INFO - Tabela pagamentos_funcionarios limpa com sucesso
2025-01-13 20:51:44,446 - INFO - Limpando tabela notas_fiscais_saida...
2025-01-13 20:51:44,489 - INFO - Tabela notas_fiscais_saida limpa com sucesso
2025-01-13 20:51:44,491 - INFO - Limpando tabela notas_fiscais_servico...
2025-01-13 20:51:44,524 - INFO - Tabela notas_fiscais_servico limpa com sucesso
2025-01-13 20:51:44,525 - INFO - Limpando tabela funcionarios...
2025-01-13 20:51:44,626 - INFO - Tabela funcionarios limpa com sucesso
2025-01-13 20:51:44,684 - INFO - Limpeza de tabelas concluída com sucesso
2025-01-13 20:51:44,689 - INFO - Estrutura da tabela funcionarios verificada/criada com sucesso
2025-01-13 20:51:44,690 - INFO - Consultando dados do Access...
2025-01-13 20:51:44,699 - ERROR - Erro durante a migração: ('07002', '[07002] [Microsoft][Driver ODBC Microsoft Access] Parâmetros insuficientes. Eram esperados 1. (-3010) (SQLExecDirectW)')
2025-01-13 20:55:17,244 - INFO - Iniciando migração de funcionários às 2025-01-13 20:55:17.244906
2025-01-13 20:55:17,244 - INFO - Estabelecendo conexões com os bancos de dados...
2025-01-13 20:55:17,632 - INFO - Iniciando limpeza das tabelas...
2025-01-13 20:55:17,641 - INFO - Limpando tabela pagamentos_funcionarios...
2025-01-13 20:55:17,648 - INFO - Tabela pagamentos_funcionarios limpa com sucesso
2025-01-13 20:55:17,649 - INFO - Limpando tabela notas_fiscais_saida...
2025-01-13 20:55:17,689 - INFO - Tabela notas_fiscais_saida limpa com sucesso
2025-01-13 20:55:17,691 - INFO - Limpando tabela notas_fiscais_servico...
2025-01-13 20:55:17,720 - INFO - Tabela notas_fiscais_servico limpa com sucesso
2025-01-13 20:55:17,722 - INFO - Limpando tabela funcionarios...
2025-01-13 20:55:17,794 - INFO - Tabela funcionarios limpa com sucesso
2025-01-13 20:55:17,839 - INFO - Limpeza de tabelas concluída com sucesso
2025-01-13 20:55:17,845 - INFO - Estrutura da tabela funcionarios verificada/criada com sucesso
2025-01-13 20:55:17,845 - INFO - Consultando dados do Access...
2025-01-13 20:55:17,852 - ERROR - Erro durante a migração: ('07002', '[07002] [Microsoft][Driver ODBC Microsoft Access] Parâmetros insuficientes. Eram esperados 1. (-3010) (SQLExecDirectW)')
2025-01-13 20:59:04,116 - INFO - Iniciando migração de funcionários às 2025-01-13 20:59:04.116168
2025-01-13 20:59:04,116 - INFO - Estabelecendo conexões com os bancos de dados...
2025-01-13 20:59:04,515 - INFO - Iniciando limpeza das tabelas...
2025-01-13 20:59:04,525 - INFO - Limpando tabela pagamentos_funcionarios...
2025-01-13 20:59:04,532 - INFO - Tabela pagamentos_funcionarios limpa com sucesso
2025-01-13 20:59:04,534 - INFO - Limpando tabela notas_fiscais_saida...
2025-01-13 20:59:04,566 - INFO - Tabela notas_fiscais_saida limpa com sucesso
2025-01-13 20:59:04,567 - INFO - Limpando tabela notas_fiscais_servico...
2025-01-13 20:59:04,593 - INFO - Tabela notas_fiscais_servico limpa com sucesso
2025-01-13 20:59:04,595 - INFO - Limpando tabela funcionarios...
2025-01-13 20:59:04,658 - INFO - Tabela funcionarios limpa com sucesso
2025-01-13 20:59:04,703 - INFO - Limpeza de tabelas concluída com sucesso
2025-01-13 20:59:04,709 - INFO - Estrutura da tabela funcionarios verificada/criada com sucesso
2025-01-13 20:59:04,709 - INFO - Consultando dados do Access...
2025-01-13 20:59:04,716 - ERROR - Erro durante a migração: ('07002', '[07002] [Microsoft][Driver ODBC Microsoft Access] Parâmetros insuficientes. Eram esperados 1. (-3010) (SQLExecDirectW)')
2025-01-13 21:03:38,279 - INFO - Iniciando migração de funcionários às 2025-01-13 21:03:38.279447
2025-01-13 21:03:38,280 - INFO - Estabelecendo conexões com os bancos de dados...
2025-01-13 21:03:38,671 - INFO - Iniciando limpeza das tabelas...
2025-01-13 21:03:38,678 - INFO - Limpando tabela pagamentos_funcionarios...
2025-01-13 21:03:38,684 - INFO - Tabela pagamentos_funcionarios limpa com sucesso
2025-01-13 21:03:38,686 - INFO - Limpando tabela notas_fiscais_saida...
2025-01-13 21:03:38,725 - INFO - Tabela notas_fiscais_saida limpa com sucesso
2025-01-13 21:03:38,727 - INFO - Limpando tabela notas_fiscais_servico...
2025-01-13 21:03:38,750 - INFO - Tabela notas_fiscais_servico limpa com sucesso
2025-01-13 21:03:38,751 - INFO - Limpando tabela funcionarios...
2025-01-13 21:03:38,833 - INFO - Tabela funcionarios limpa com sucesso
2025-01-13 21:03:38,878 - INFO - Limpeza de tabelas concluída com sucesso
2025-01-13 21:03:38,883 - INFO - Estrutura da tabela funcionarios verificada/criada com sucesso
2025-01-13 21:03:38,883 - INFO - Consultando dados do Access...
2025-01-13 21:03:38,894 - ERROR - Erro durante a migração: ('07002', '[07002] [Microsoft][Driver ODBC Microsoft Access] Parâmetros insuficientes. Eram esperados 1. (-3010) (SQLExecDirectW)')
2025-01-13 21:07:44,560 - INFO - Iniciando migração de funcionários às 2025-01-13 21:07:44.560427
2025-01-13 21:07:44,560 - INFO - Estabelecendo conexões com os bancos de dados...
2025-01-13 21:07:44,992 - INFO - Iniciando limpeza das tabelas...
2025-01-13 21:07:45,000 - INFO - Limpando tabela pagamentos_funcionarios...
2025-01-13 21:07:45,007 - INFO - Tabela pagamentos_funcionarios limpa com sucesso
2025-01-13 21:07:45,008 - INFO - Limpando tabela notas_fiscais_saida...
2025-01-13 21:07:45,050 - INFO - Tabela notas_fiscais_saida limpa com sucesso
2025-01-13 21:07:45,051 - INFO - Limpando tabela notas_fiscais_servico...
2025-01-13 21:07:45,082 - INFO - Tabela notas_fiscais_servico limpa com sucesso
2025-01-13 21:07:45,083 - INFO - Limpando tabela funcionarios...
2025-01-13 21:07:45,164 - INFO - Tabela funcionarios limpa com sucesso
2025-01-13 21:07:45,220 - INFO - Limpeza de tabelas concluída com sucesso
2025-01-13 21:07:45,226 - INFO - Estrutura da tabela funcionarios verificada/criada com sucesso
2025-01-13 21:07:45,226 - INFO - Consultando dados do Access...
2025-01-13 21:07:45,237 - ERROR - Erro durante a migração: ('07002', '[07002] [Microsoft][Driver ODBC Microsoft Access] Parâmetros insuficientes. Eram esperados 1. (-3010) (SQLExecDirectW)')
2025-08-30 08:12:38,404 - INFO - Iniciando migração de funcionários às 2025-08-30 08:12:38.404287
2025-08-30 08:12:38,405 - INFO - Estabelecendo conexões com os bancos de dados...
2025-08-30 08:12:38,748 - INFO - Iniciando limpeza das tabelas...
2025-08-30 08:12:38,751 - ERROR - Erro durante processo de limpeza: ERRO:  permissão negada ao definir parâmetro "session_replication_role"

2025-08-30 08:12:38,752 - ERROR - Erro durante a migração: ERRO:  permissão negada ao definir parâmetro "session_replication_role"

2025-08-30 08:36:04,677 - INFO - Iniciando migração de funcionários às 2025-08-30 08:36:04.677123
2025-08-30 08:36:04,678 - INFO - Estabelecendo conexões com os bancos de dados...
2025-08-30 08:36:04,996 - INFO - Iniciando limpeza das tabelas...
2025-08-30 08:36:04,999 - ERROR - Erro durante processo de limpeza: ERRO:  permissão negada ao definir parâmetro "session_replication_role"

2025-08-30 08:36:04,999 - ERROR - Erro durante a migração: ERRO:  permissão negada ao definir parâmetro "session_replication_role"

2025-08-30 08:43:01,495 - INFO - Iniciando migração de funcionários às 2025-08-30 08:43:01.495642
2025-08-30 08:43:01,495 - INFO - Estabelecendo conexões com os bancos de dados...
2025-08-30 08:43:01,894 - INFO - Iniciando limpeza das tabelas...
2025-08-30 08:43:01,902 - INFO - Limpando tabela pagamentos_funcionarios...
2025-08-30 08:43:01,910 - INFO - Tabela pagamentos_funcionarios limpa com sucesso
2025-08-30 08:43:01,911 - INFO - Limpando tabela notas_fiscais_saida...
2025-08-30 08:43:01,951 - INFO - Tabela notas_fiscais_saida limpa com sucesso
2025-08-30 08:43:01,952 - INFO - Limpando tabela notas_fiscais_servico...
2025-08-30 08:43:01,976 - INFO - Tabela notas_fiscais_servico limpa com sucesso
2025-08-30 08:43:01,977 - INFO - Limpando tabela funcionarios...
2025-08-30 08:43:02,061 - INFO - Tabela funcionarios limpa com sucesso
2025-08-30 08:43:02,117 - INFO - Limpeza de tabelas concluída com sucesso
2025-08-30 08:43:02,129 - INFO - Estrutura da tabela funcionarios verificada/criada com sucesso
2025-08-30 08:43:02,129 - INFO - Consultando dados do Access...
2025-08-30 08:43:02,138 - ERROR - Erro durante a migração: ('07002', '[07002] [Microsoft][Driver ODBC Microsoft Access] Parâmetros insuficientes. Eram esperados 1. (-3010) (SQLExecDirectW)')
2025-08-30 08:47:46,574 - INFO - Iniciando migração de funcionários às 2025-08-30 08:47:46.574821
2025-08-30 08:47:46,574 - INFO - Estabelecendo conexões com os bancos de dados...
2025-08-30 08:47:47,023 - INFO - Iniciando limpeza das tabelas...
2025-08-30 08:47:47,041 - INFO - Limpando tabela pagamentos_funcionarios...
2025-08-30 08:47:47,041 - INFO - Tabela pagamentos_funcionarios limpa com sucesso
2025-08-30 08:47:47,041 - INFO - Limpando tabela notas_fiscais_saida...
2025-08-30 08:47:47,090 - INFO - Tabela notas_fiscais_saida limpa com sucesso
2025-08-30 08:47:47,090 - INFO - Limpando tabela notas_fiscais_servico...
2025-08-30 08:47:47,111 - INFO - Tabela notas_fiscais_servico limpa com sucesso
2025-08-30 08:47:47,111 - INFO - Limpando tabela funcionarios...
2025-08-30 08:47:47,190 - INFO - Tabela funcionarios limpa com sucesso
2025-08-30 08:47:47,223 - INFO - Limpeza de tabelas concluída com sucesso
2025-08-30 08:47:47,240 - INFO - Estrutura da tabela funcionarios verificada/criada com sucesso
2025-08-30 08:47:47,240 - INFO - Consultando dados do Access...
2025-08-30 08:47:47,252 - ERROR - Erro durante a migração: ('07002', '[07002] [Microsoft][Driver ODBC Microsoft Access] Parâmetros insuficientes. Eram esperados 1. (-3010) (SQLExecDirectW)')
2025-08-31 07:09:02,736 - INFO - Iniciando migração de funcionários às 2025-08-31 07:09:02.736055
2025-08-31 07:09:02,736 - INFO - Estabelecendo conexões com os bancos de dados...
2025-08-31 07:09:03,100 - INFO - Iniciando limpeza das tabelas...
2025-08-31 07:09:03,110 - INFO - Limpando tabela pagamentos_funcionarios...
2025-08-31 07:09:03,116 - INFO - Tabela pagamentos_funcionarios limpa com sucesso
2025-08-31 07:09:03,117 - INFO - Limpando tabela notas_fiscais_saida...
2025-08-31 07:09:03,170 - INFO - Tabela notas_fiscais_saida limpa com sucesso
2025-08-31 07:09:03,172 - INFO - Limpando tabela notas_fiscais_servico...
2025-08-31 07:09:03,199 - INFO - Tabela notas_fiscais_servico limpa com sucesso
2025-08-31 07:09:03,201 - INFO - Limpando tabela funcionarios...
2025-08-31 07:09:03,287 - INFO - Tabela funcionarios limpa com sucesso
2025-08-31 07:09:03,349 - INFO - Limpeza de tabelas concluída com sucesso
2025-08-31 07:09:03,357 - INFO - Estrutura da tabela funcionarios verificada/criada com sucesso
2025-08-31 07:09:03,357 - INFO - Consultando dados do Access...
2025-08-31 07:09:03,364 - ERROR - Erro durante a migração: ('07002', '[07002] [Microsoft][Driver ODBC Microsoft Access] Parâmetros insuficientes. Eram esperados 1. (-3010) (SQLExecDirectW)')
2025-08-31 08:25:00,896 - INFO - Iniciando migração de funcionários às 2025-08-31 08:25:00.896711
2025-08-31 08:25:00,897 - INFO - Estabelecendo conexões com os bancos de dados...
2025-08-31 08:25:01,391 - INFO - Iniciando limpeza das tabelas...
2025-08-31 08:25:01,406 - INFO - Limpando tabela pagamentos_funcionarios...
2025-08-31 08:25:01,416 - INFO - Tabela pagamentos_funcionarios limpa com sucesso
2025-08-31 08:25:01,417 - INFO - Limpando tabela notas_fiscais_saida...
2025-08-31 08:25:01,476 - INFO - Tabela notas_fiscais_saida limpa com sucesso
2025-08-31 08:25:01,477 - INFO - Limpando tabela notas_fiscais_servico...
2025-08-31 08:25:01,505 - INFO - Tabela notas_fiscais_servico limpa com sucesso
2025-08-31 08:25:01,506 - INFO - Limpando tabela funcionarios...
2025-08-31 08:25:01,595 - INFO - Tabela funcionarios limpa com sucesso
2025-08-31 08:25:01,644 - INFO - Limpeza de tabelas concluída com sucesso
2025-08-31 08:25:01,655 - INFO - Estrutura da tabela funcionarios verificada/criada com sucesso
2025-08-31 08:25:01,655 - INFO - Consultando dados do Access...
2025-08-31 08:25:01,667 - ERROR - Erro durante a migração: ('07002', '[07002] [Microsoft][Driver ODBC Microsoft Access] Parâmetros insuficientes. Eram esperados 1. (-3010) (SQLExecDirectW)')
2025-08-31 08:34:34,390 - INFO - Iniciando migração de funcionários às 2025-08-31 08:34:34.390031
2025-08-31 08:34:34,391 - INFO - Estabelecendo conexões com os bancos de dados...
2025-08-31 08:34:34,780 - INFO - Iniciando limpeza das tabelas...
2025-08-31 08:34:34,787 - INFO - Limpando tabela pagamentos_funcionarios...
2025-08-31 08:34:34,794 - INFO - Tabela pagamentos_funcionarios limpa com sucesso
2025-08-31 08:34:34,795 - INFO - Limpando tabela notas_fiscais_saida...
2025-08-31 08:34:34,828 - INFO - Tabela notas_fiscais_saida limpa com sucesso
2025-08-31 08:34:34,829 - INFO - Limpando tabela notas_fiscais_servico...
2025-08-31 08:34:34,848 - INFO - Tabela notas_fiscais_servico limpa com sucesso
2025-08-31 08:34:34,849 - INFO - Limpando tabela funcionarios...
2025-08-31 08:34:34,927 - INFO - Tabela funcionarios limpa com sucesso
2025-08-31 08:34:34,983 - INFO - Limpeza de tabelas concluída com sucesso
2025-08-31 08:34:34,992 - INFO - Estrutura da tabela funcionarios verificada/criada com sucesso
2025-08-31 08:34:34,992 - INFO - Consultando dados do Access...
2025-08-31 08:34:35,001 - ERROR - Erro durante a migração: ('07002', '[07002] [Microsoft][Driver ODBC Microsoft Access] Parâmetros insuficientes. Eram esperados 1. (-3010) (SQLExecDirectW)')
2025-09-01 00:51:13,449 - INFO - Iniciando migração de funcionários às 2025-09-01 00:51:13.449282
2025-09-01 00:51:13,449 - INFO - Estabelecendo conexões com os bancos de dados...
2025-09-01 00:51:13,882 - INFO - Iniciando limpeza das tabelas...
2025-09-01 00:51:13,899 - INFO - Limpando tabela pagamentos_funcionarios...
2025-09-01 00:51:13,899 - INFO - Tabela pagamentos_funcionarios limpa com sucesso
2025-09-01 00:51:13,899 - INFO - Limpando tabela notas_fiscais_saida...
2025-09-01 00:51:13,953 - INFO - Tabela notas_fiscais_saida limpa com sucesso
2025-09-01 00:51:13,953 - INFO - Limpando tabela notas_fiscais_servico...
2025-09-01 00:51:13,966 - INFO - Tabela notas_fiscais_servico limpa com sucesso
2025-09-01 00:51:13,966 - INFO - Limpando tabela funcionarios...
2025-09-01 00:51:14,066 - INFO - Tabela funcionarios limpa com sucesso
2025-09-01 00:51:14,121 - INFO - Limpeza de tabelas concluída com sucesso
2025-09-01 00:51:14,132 - INFO - Estrutura da tabela funcionarios verificada/criada com sucesso
2025-09-01 00:51:14,132 - INFO - Consultando dados do Access...
2025-09-01 00:51:14,132 - ERROR - Erro durante a migração: ('07002', '[07002] [Microsoft][Driver ODBC Microsoft Access] Parâmetros insuficientes. Eram esperados 1. (-3010) (SQLExecDirectW)')
2025-09-02 03:38:36,978 - INFO - Iniciando migração de funcionários às 2025-09-02 03:38:36.978173
2025-09-02 03:38:36,979 - INFO - Estabelecendo conexões com os bancos de dados...
2025-09-02 03:38:37,351 - INFO - Iniciando limpeza das tabelas...
2025-09-02 03:38:37,361 - INFO - Limpando tabela pagamentos_funcionarios...
2025-09-02 03:38:37,370 - INFO - Tabela pagamentos_funcionarios limpa com sucesso
2025-09-02 03:38:37,371 - INFO - Limpando tabela notas_fiscais_saida...
2025-09-02 03:38:37,427 - INFO - Tabela notas_fiscais_saida limpa com sucesso
2025-09-02 03:38:37,428 - INFO - Limpando tabela notas_fiscais_servico...
2025-09-02 03:38:37,453 - INFO - Tabela notas_fiscais_servico limpa com sucesso
2025-09-02 03:38:37,454 - INFO - Limpando tabela funcionarios...
2025-09-02 03:38:37,540 - INFO - Tabela funcionarios limpa com sucesso
2025-09-02 03:38:37,595 - INFO - Limpeza de tabelas concluída com sucesso
2025-09-02 03:38:37,606 - INFO - Estrutura da tabela funcionarios verificada/criada com sucesso
2025-09-02 03:38:37,606 - INFO - Consultando dados do Access...
2025-09-02 03:38:37,614 - ERROR - Erro durante a migração: ('07002', '[07002] [Microsoft][Driver ODBC Microsoft Access] Parâmetros insuficientes. Eram esperados 1. (-3010) (SQLExecDirectW)')
2025-09-08 01:54:48,584 - INFO - Iniciando migração de funcionários às 2025-09-08 01:54:48.584123
2025-09-08 01:54:48,584 - INFO - Estabelecendo conexões com os bancos de dados...
2025-09-08 01:54:48,967 - INFO - Iniciando limpeza das tabelas...
2025-09-08 01:54:48,977 - INFO - Limpando tabela pagamentos_funcionarios...
2025-09-08 01:54:48,983 - INFO - Tabela pagamentos_funcionarios limpa com sucesso
2025-09-08 01:54:48,984 - INFO - Limpando tabela notas_fiscais_saida...
2025-09-08 01:54:49,024 - INFO - Tabela notas_fiscais_saida limpa com sucesso
2025-09-08 01:54:49,025 - INFO - Limpando tabela notas_fiscais_servico...
2025-09-08 01:54:49,049 - INFO - Tabela notas_fiscais_servico limpa com sucesso
2025-09-08 01:54:49,051 - INFO - Limpando tabela funcionarios...
2025-09-08 01:54:49,159 - INFO - Tabela funcionarios limpa com sucesso
2025-09-08 01:54:49,206 - INFO - Limpeza de tabelas concluída com sucesso
2025-09-08 01:54:49,213 - INFO - Estrutura da tabela funcionarios verificada/criada com sucesso
2025-09-08 01:54:49,213 - INFO - Consultando dados do Access...
2025-09-08 01:54:49,219 - ERROR - Erro durante a migração: ('07002', '[07002] [Microsoft][Driver ODBC Microsoft Access] Parâmetros insuficientes. Eram esperados 1. (-3010) (SQLExecDirectW)')
